#
# There is insufficient memory for the Java Runtime Environment to continue.
# Native memory allocation (malloc) failed to allocate 33696 bytes for Chunk::new
# Possible reasons:
#   The system is out of physical RAM or swap space
#   The process is running with CompressedOops enabled, and the Java Heap may be blocking the growth of the native heap
# Possible solutions:
#   Reduce memory load on the system
#   Increase physical memory or swap space
#   Check if swap backing store is full
#   Decrease Java heap size (-Xmx/-Xms)
#   Decrease number of Java threads
#   Decrease Java thread stack sizes (-Xss)
#   Set larger code cache with -XX:ReservedCodeCacheSize=
#   JVM is running with Unscaled Compressed Oops mode in which the Java heap is
#     placed in the first 4GB address space. The Java Heap base address is the
#     maximum limit for the native heap growth. Please use -XX:HeapBaseMinAddress
#     to set the Java Heap base and to place the Java Heap above 4GB virtual address.
# This output file may be truncated or incomplete.
#
#  Out of Memory Error (arena.cpp:189), pid=29712, tid=20288
#
# JRE version: OpenJDK Runtime Environment Temurin-17.0.4.1+1 (17.0.4.1+1) (build 17.0.4.1+1)
# Java VM: OpenJDK 64-Bit Server VM Temurin-17.0.4.1+1 (17.0.4.1+1, mixed mode, tiered, compressed oops, compressed class ptrs, parallel gc, windows-amd64)
# No core dump will be written. Minidumps are not enabled by default on client versions of Windows
#

---------------  S U M M A R Y ------------

Command Line: --add-modules=ALL-SYSTEM --add-opens=java.base/java.util=ALL-UNNAMED --add-opens=java.base/java.lang=ALL-UNNAMED --add-opens=java.base/sun.nio.fs=ALL-UNNAMED -Declipse.application=org.eclipse.jdt.ls.core.id1 -Dosgi.bundles.defaultStartLevel=4 -Declipse.product=org.eclipse.jdt.ls.core.product -Djava.import.generatesMetadataFilesAtProjectRoot=false -Dfile.encoding=utf8 -DwatchParentProcess=false -XX:+UseParallelGC -XX:GCTimeRatio=4 -XX:AdaptiveSizePolicyWeight=90 -Dsun.zip.disableMemoryMapping=true -Xmx1G -Xms100m -Xlog:disable -javaagent:c:\Users\user\.vscode\extensions\redhat.java-1.11.0-win32-x64\lombok\lombok-1.18.24.jar c:\Users\user\.vscode\extensions\redhat.java-1.11.0-win32-x64\server\plugins\org.eclipse.equinox.launcher_1.6.400.v20210924-0641.jar -configuration c:\Users\user\AppData\Roaming\Code\User\globalStorage\redhat.java\1.11.0\config_ss_win -data c:\Users\user\AppData\Roaming\Code\User\workspaceStorage\d3b671f8dc7c26fd06258ae229a5d4ff\redhat.java\ss_ws

Host: 11th Gen Intel(R) Core(TM) i3-1115G4 @ 3.00GHz, 4 cores, 7G,  Windows 10 , 64 bit Build 19041 (10.0.19041.1741)
Time: Tue Oct 25 13:19:13 2022 West Bank Gaza Daylight Time elapsed time: 0.413368 seconds (0d 0h 0m 0s)

---------------  T H R E A D  ---------------

Current thread (0x000001b264c3ec50):  JavaThread "C2 CompilerThread0" daemon [_thread_in_native, id=20288, stack(0x0000008b43f00000,0x0000008b44000000)]


Current CompileTask:
C2:    413   14       4       java.lang.StringLatin1::hashCode (42 bytes)

Stack: [0x0000008b43f00000,0x0000008b44000000]
Native frames: (J=compiled Java code, j=interpreted, Vv=VM code, C=native code)
V  [jvm.dll+0x67731a]
V  [jvm.dll+0x832284]
V  [jvm.dll+0x833a2e]
V  [jvm.dll+0x834093]
V  [jvm.dll+0x245775]
V  [jvm.dll+0xabd7b]
V  [jvm.dll+0xac30c]
V  [jvm.dll+0x2ac80f]
V  [jvm.dll+0x57dd77]
V  [jvm.dll+0x220892]
V  [jvm.dll+0x220c6f]
V  [jvm.dll+0x21a4d5]
V  [jvm.dll+0x21799b]
V  [jvm.dll+0x1a3f8d]
V  [jvm.dll+0x227498]
V  [jvm.dll+0x2255e5]
V  [jvm.dll+0x7e7e9b]
V  [jvm.dll+0x7e240a]
V  [jvm.dll+0x6761a5]
C  [ucrtbase.dll+0x21bb2]
C  [KERNEL32.DLL+0x17034]
C  [ntdll.dll+0x52651]


---------------  P R O C E S S  ---------------

Threads class SMR info:
_java_thread_list=0x000001b264c1bed0, length=10, elements={
0x000001b250de0ef0, 0x000001b264bfd2b0, 0x000001b264bfde60, 0x000001b264c37130,
0x000001b264c39bf0, 0x000001b264c3b5b0, 0x000001b264c3bf60, 0x000001b264c3ec50,
0x000001b264c3f6f0, 0x000001b266623f10
}

Java Threads: ( => current thread )
  0x000001b250de0ef0 JavaThread "main" [_thread_in_vm, id=27896, stack(0x0000008b43600000,0x0000008b43700000)]
  0x000001b264bfd2b0 JavaThread "Reference Handler" daemon [_thread_blocked, id=10720, stack(0x0000008b43900000,0x0000008b43a00000)]
  0x000001b264bfde60 JavaThread "Finalizer" daemon [_thread_blocked, id=30824, stack(0x0000008b43a00000,0x0000008b43b00000)]
  0x000001b264c37130 JavaThread "Signal Dispatcher" daemon [_thread_blocked, id=28392, stack(0x0000008b43b00000,0x0000008b43c00000)]
  0x000001b264c39bf0 JavaThread "Attach Listener" daemon [_thread_blocked, id=30476, stack(0x0000008b43c00000,0x0000008b43d00000)]
  0x000001b264c3b5b0 JavaThread "Service Thread" daemon [_thread_blocked, id=30892, stack(0x0000008b43d00000,0x0000008b43e00000)]
  0x000001b264c3bf60 JavaThread "Monitor Deflation Thread" daemon [_thread_blocked, id=26352, stack(0x0000008b43e00000,0x0000008b43f00000)]
=>0x000001b264c3ec50 JavaThread "C2 CompilerThread0" daemon [_thread_in_native, id=20288, stack(0x0000008b43f00000,0x0000008b44000000)]
  0x000001b264c3f6f0 JavaThread "C1 CompilerThread0" daemon [_thread_blocked, id=30988, stack(0x0000008b44000000,0x0000008b44100000)]
  0x000001b266623f10 JavaThread "Sweeper thread" daemon [_thread_blocked, id=9052, stack(0x0000008b44100000,0x0000008b44200000)]

Other Threads:
  0x000001b264be7740 VMThread "VM Thread" [stack: 0x0000008b43800000,0x0000008b43900000] [id=27100]
  0x000001b250df6080 GCTaskThread "GC Thread#0" [stack: 0x0000008b43700000,0x0000008b43800000] [id=21580]

Threads with active compile tasks:
C2 CompilerThread0      438   14       4       java.lang.StringLatin1::hashCode (42 bytes)

VM state: not at safepoint (normal execution)

VM Mutex/Monitor currently owned by a thread:  ([mutex/lock_event])
[0x000001b24ebf9c50] Metaspace_lock - owner thread: 0x000001b250de0ef0

Heap address: 0x00000000c0000000, size: 1024 MB, Compressed Oops mode: 32-bit

CDS archive(s) not mapped
Compressed class space mapped at: 0x0000000100000000-0x0000000140000000, reserved size: 1073741824
Narrow klass base: 0x0000000000000000, Narrow klass shift: 3, Narrow klass range: 0x140000000

GC Precious Log:
 CPUs: 4 total, 4 available
 Memory: 7991M
 Large Page Support: Disabled
 NUMA Support: Disabled
 Compressed Oops: Enabled (32-bit)
 Alignments: Space 512K, Generation 512K, Heap 2M
 Heap Min Capacity: 100M
 Heap Initial Capacity: 100M
 Heap Max Capacity: 1G
 Pre-touch: Disabled
 Parallel Workers: 4

Heap:
 PSYoungGen      total 29696K, used 1024K [0x00000000eab00000, 0x00000000ecc00000, 0x0000000100000000)
  eden space 25600K, 4% used [0x00000000eab00000,0x00000000eac00138,0x00000000ec400000)
  from space 4096K, 0% used [0x00000000ec800000,0x00000000ec800000,0x00000000ecc00000)
  to   space 4096K, 0% used [0x00000000ec400000,0x00000000ec400000,0x00000000ec800000)
 ParOldGen       total 68608K, used 0K [0x00000000c0000000, 0x00000000c4300000, 0x00000000eab00000)
  object space 68608K, 0% used [0x00000000c0000000,0x00000000c0000000,0x00000000c4300000)
 Metaspace       used 2588K, committed 2624K, reserved 1056768K
  class space    used 221K, committed 256K, reserved 1048576K

Card table byte_map: [0x000001b250770000,0x000001b250980000] _byte_map_base: 0x000001b250170000

Marking Bits: (ParMarkBitMap*) 0x00007ffac8472cc0
 Begin Bits: [0x000001b262a50000, 0x000001b263a50000)
 End Bits:   [0x000001b263a50000, 0x000001b264a50000)

Polling page: 0x000001b24ed50000

Metaspace:

Usage:
  Non-class:      2.31 MB used.
      Class:    221.02 KB used.
       Both:      2.53 MB used.

Virtual space:
  Non-class space:        8.00 MB reserved,       2.31 MB ( 29%) committed,  1 nodes.
      Class space:        1.00 GB reserved,     256.00 KB ( <1%) committed,  1 nodes.
             Both:        1.01 GB reserved,       2.56 MB ( <1%) committed. 

Chunk freelists:
   Non-Class:  0 bytes
       Class:  3.75 MB
        Both:  3.75 MB

MaxMetaspaceSize: unlimited
CompressedClassSpaceSize: 1.00 GB
Initial GC threshold: 21.00 MB
Current GC threshold: 21.00 MB
CDS: off
MetaspaceReclaimPolicy: balanced
 - commit_granule_bytes: 65536.
 - commit_granule_words: 8192.
 - virtual_space_node_default_size: 1048576.
 - enlarge_chunks_in_place: 1.
 - new_chunks_are_fully_committed: 0.
 - uncommit_free_chunks: 1.
 - use_allocation_guard: 0.
 - handle_deallocations: 1.


Internal statistics:

num_allocs_failed_limit: 0.
num_arena_births: 2.
num_arena_deaths: 0.
num_vsnodes_births: 2.
num_vsnodes_deaths: 0.
num_space_committed: 41.
num_space_uncommitted: 0.
num_chunks_returned_to_freelist: 0.
num_chunks_taken_from_freelist: 3.
num_chunk_merges: 0.
num_chunk_splits: 1.
num_chunks_enlarged: 0.
num_purges: 0.
num_inconsistent_stats: 0.

CodeHeap 'non-profiled nmethods': size=120000Kb used=0Kb max_used=0Kb free=120000Kb
 bounds [0x000001b25b520000, 0x000001b25b790000, 0x000001b262a50000]
CodeHeap 'profiled nmethods': size=120000Kb used=24Kb max_used=24Kb free=119975Kb
 bounds [0x000001b253ff0000, 0x000001b254260000, 0x000001b25b520000]
CodeHeap 'non-nmethods': size=5760Kb used=1026Kb max_used=1026Kb free=4733Kb
 bounds [0x000001b253a50000, 0x000001b253cc0000, 0x000001b253ff0000]
 total_blobs=285 nmethods=18 adapters=182
 compilation: enabled
              stopped_count=0, restarted_count=0
 full_count=0

Compilation events (20 events):
Event: 0.407 Thread 0x000001b264c3f6f0    5       3       java.lang.Math::floorMod (20 bytes)
Event: 0.407 Thread 0x000001b264c3f6f0 nmethod 5 0x000001b253ff1190 code [0x000001b253ff1320, 0x000001b253ff14b8]
Event: 0.407 Thread 0x000001b264c3f6f0    6       3       java.util.ImmutableCollections$SetN::probe (56 bytes)
Event: 0.407 Thread 0x000001b264c3f6f0 nmethod 6 0x000001b253ff1590 code [0x000001b253ff1780, 0x000001b253ff1cd8]
Event: 0.409 Thread 0x000001b264c3f6f0    7       3       java.util.ImmutableCollections$SetN::hashCode (46 bytes)
Event: 0.409 Thread 0x000001b264c3f6f0 nmethod 7 0x000001b253ff1f10 code [0x000001b253ff20c0, 0x000001b253ff23a8]
Event: 0.409 Thread 0x000001b264c3f6f0    8       3       java.lang.String::equals (56 bytes)
Event: 0.409 Thread 0x000001b264c3f6f0 nmethod 8 0x000001b253ff2510 code [0x000001b253ff26e0, 0x000001b253ff2b48]
Event: 0.409 Thread 0x000001b264c3f6f0    9       3       java.lang.StringLatin1::equals (36 bytes)
Event: 0.409 Thread 0x000001b264c3f6f0 nmethod 9 0x000001b253ff2c10 code [0x000001b253ff2dc0, 0x000001b253ff3078]
Event: 0.410 Thread 0x000001b264c3f6f0   10       3       java.util.Objects::equals (23 bytes)
Event: 0.410 Thread 0x000001b264c3f6f0 nmethod 10 0x000001b253ff3190 code [0x000001b253ff3340, 0x000001b253ff35a8]
Event: 0.410 Thread 0x000001b264c3f6f0   11       3       java.util.Set::of (4 bytes)
Event: 0.410 Thread 0x000001b264c3f6f0 nmethod 11 0x000001b253ff3690 code [0x000001b253ff3820, 0x000001b253ff3918]
Event: 0.410 Thread 0x000001b264c3f6f0   12       3       java.lang.module.ModuleDescriptor$Exports::<init> (20 bytes)
Event: 0.410 Thread 0x000001b264c3f6f0 nmethod 12 0x000001b253ff3990 code [0x000001b253ff3b20, 0x000001b253ff3cd8]
Event: 0.410 Thread 0x000001b264c3f6f0   13       3       java.lang.module.ModuleDescriptor$Exports::hashCode (38 bytes)
Event: 0.411 Thread 0x000001b264c3f6f0 nmethod 13 0x000001b253ff3d90 code [0x000001b253ff3f60, 0x000001b253ff4268]
Event: 0.411 Thread 0x000001b264c3ec50   14       4       java.lang.StringLatin1::hashCode (42 bytes)
Event: 0.411 Thread 0x000001b264c3f6f0   15       3       java.util.Objects::requireNonNull (14 bytes)

GC Heap History (0 events):
No events

Deoptimization events (0 events):
No events

Classes unloaded (0 events):
No events

Classes redefined (0 events):
No events

Internal exceptions (0 events):
No events

VM Operations (0 events):
No events

Events (20 events):
Event: 0.405 loading class jdk/internal/module/Builder
Event: 0.405 loading class jdk/internal/module/Builder done
Event: 0.405 loading class java/lang/module/ModuleDescriptor$Requires
Event: 0.405 loading class java/lang/module/ModuleDescriptor$Requires done
Event: 0.405 loading class java/lang/module/ModuleDescriptor$Exports
Event: 0.405 loading class java/lang/module/ModuleDescriptor$Exports done
Event: 0.406 loading class java/lang/module/ModuleDescriptor$Opens
Event: 0.407 loading class java/lang/module/ModuleDescriptor$Opens done
Event: 0.407 loading class java/lang/module/ModuleDescriptor$Provides
Event: 0.408 loading class java/lang/module/ModuleDescriptor$Provides done
Event: 0.408 loading class java/util/ImmutableCollections$List12
Event: 0.408 loading class java/util/ImmutableCollections$List12 done
Event: 0.408 loading class java/lang/module/ModuleDescriptor$Version
Event: 0.408 loading class java/lang/module/ModuleDescriptor$Version done
Event: 0.408 loading class java/lang/module/ModuleDescriptor$Modifier
Event: 0.408 loading class java/lang/Enum
Event: 0.408 loading class java/lang/Enum done
Event: 0.408 loading class java/lang/module/ModuleDescriptor$Modifier done
Event: 0.408 loading class java/lang/module/ModuleDescriptor$Requires$Modifier
Event: 0.409 loading class java/lang/module/ModuleDescriptor$Requires$Modifier done


Dynamic libraries:
0x00007ff7f6ec0000 - 0x00007ff7f6ece000 	c:\Users\user\.vscode\extensions\redhat.java-1.11.0-win32-x64\jre\17.0.4.1-win32-x86_64\bin\java.exe
0x00007ffb19db0000 - 0x00007ffb19fa7000 	C:\Windows\SYSTEM32\ntdll.dll
0x00007ffb17f60000 - 0x00007ffb1801d000 	C:\Windows\System32\KERNEL32.DLL
0x00007ffb17820000 - 0x00007ffb17aed000 	C:\Windows\System32\KERNELBASE.dll
0x00007ffb148d0000 - 0x00007ffb14960000 	C:\Windows\SYSTEM32\apphelp.dll
0x00007ffb17af0000 - 0x00007ffb17bf0000 	C:\Windows\System32\ucrtbase.dll
0x00007ffb11350000 - 0x00007ffb11368000 	c:\Users\user\.vscode\extensions\redhat.java-1.11.0-win32-x64\jre\17.0.4.1-win32-x86_64\bin\jli.dll
0x00007ffb18260000 - 0x00007ffb18400000 	C:\Windows\System32\USER32.dll
0x00007ffb17d00000 - 0x00007ffb17d22000 	C:\Windows\System32\win32u.dll
0x00007ffb18230000 - 0x00007ffb1825a000 	C:\Windows\System32\GDI32.dll
0x00007ffb17bf0000 - 0x00007ffb17cfb000 	C:\Windows\System32\gdi32full.dll
0x00007ffb17630000 - 0x00007ffb176cd000 	C:\Windows\System32\msvcp_win.dll
0x00007ffb0ee70000 - 0x00007ffb0ee89000 	c:\Users\user\.vscode\extensions\redhat.java-1.11.0-win32-x64\jre\17.0.4.1-win32-x86_64\bin\VCRUNTIME140.dll
0x00007ffb04e60000 - 0x00007ffb050fa000 	C:\Windows\WinSxS\amd64_microsoft.windows.common-controls_6595b64144ccf1df_6.0.19041.1110_none_60b5254171f9507e\COMCTL32.dll
0x00007ffb18b90000 - 0x00007ffb18c2e000 	C:\Windows\System32\msvcrt.dll
0x00007ffb189b0000 - 0x00007ffb189e0000 	C:\Windows\System32\IMM32.DLL
0x000000006a7b0000 - 0x000000006a7bc000 	C:\Program Files (x86)\360\Total Security\safemon\SafeWrapper.dll
0x00007ffb17e30000 - 0x00007ffb17ede000 	C:\Windows\System32\ADVAPI32.dll
0x00007ffb188b0000 - 0x00007ffb1894c000 	C:\Windows\System32\sechost.dll
0x00007ffb184b0000 - 0x00007ffb185d5000 	C:\Windows\System32\RPCRT4.dll
0x00007ffaf9b10000 - 0x00007ffaf9ba2000 	C:\Program Files (x86)\360\Total Security\safemon\libzdtp64.dll
0x00007ffb19120000 - 0x00007ffb19864000 	C:\Windows\System32\SHELL32.dll
0x00007ffb18950000 - 0x00007ffb189a5000 	C:\Windows\System32\SHLWAPI.dll
0x00007ffb17080000 - 0x00007ffb1708a000 	C:\Windows\SYSTEM32\VERSION.dll
0x00007ffb12b90000 - 0x00007ffb12b9c000 	c:\Users\user\.vscode\extensions\redhat.java-1.11.0-win32-x64\jre\17.0.4.1-win32-x86_64\bin\vcruntime140_1.dll
0x00007ffaf7670000 - 0x00007ffaf7701000 	c:\Users\user\.vscode\extensions\redhat.java-1.11.0-win32-x64\jre\17.0.4.1-win32-x86_64\bin\msvcp140.dll
0x00007ffac78f0000 - 0x00007ffac8536000 	c:\Users\user\.vscode\extensions\redhat.java-1.11.0-win32-x64\jre\17.0.4.1-win32-x86_64\bin\server\jvm.dll
0x00007ffb188a0000 - 0x00007ffb188a8000 	C:\Windows\System32\PSAPI.DLL
0x00007ffb03050000 - 0x00007ffb03059000 	C:\Windows\SYSTEM32\WSOCK32.dll
0x00007ffb19000000 - 0x00007ffb1906b000 	C:\Windows\System32\WS2_32.dll
0x00007ffafd130000 - 0x00007ffafd157000 	C:\Windows\SYSTEM32\WINMM.dll
0x00007ffb15cf0000 - 0x00007ffb15d02000 	C:\Windows\SYSTEM32\kernel.appcore.dll
0x00007ffb12b40000 - 0x00007ffb12b4a000 	c:\Users\user\.vscode\extensions\redhat.java-1.11.0-win32-x64\jre\17.0.4.1-win32-x86_64\bin\jimage.dll
0x00007ffb150e0000 - 0x00007ffb152c4000 	C:\Windows\SYSTEM32\DBGHELP.DLL
0x00007ffafbfa0000 - 0x00007ffafbfcc000 	C:\Windows\SYSTEM32\dbgcore.DLL
0x00007ffb176d0000 - 0x00007ffb17752000 	C:\Windows\System32\bcryptPrimitives.dll
0x00007ffb0f440000 - 0x00007ffb0f44e000 	c:\Users\user\.vscode\extensions\redhat.java-1.11.0-win32-x64\jre\17.0.4.1-win32-x86_64\bin\instrument.dll
0x00007ffb0b7c0000 - 0x00007ffb0b7e5000 	c:\Users\user\.vscode\extensions\redhat.java-1.11.0-win32-x64\jre\17.0.4.1-win32-x86_64\bin\java.dll
0x00007ffb0d860000 - 0x00007ffb0d878000 	c:\Users\user\.vscode\extensions\redhat.java-1.11.0-win32-x64\jre\17.0.4.1-win32-x86_64\bin\zip.dll
0x00007ffb15540000 - 0x00007ffb15cd4000 	C:\Windows\SYSTEM32\windows.storage.dll
0x00007ffb18ca0000 - 0x00007ffb18ff4000 	C:\Windows\System32\combase.dll
0x00007ffb16ec0000 - 0x00007ffb16eec000 	C:\Windows\SYSTEM32\Wldp.dll
0x00007ffb19070000 - 0x00007ffb1911d000 	C:\Windows\System32\SHCORE.dll
0x00007ffb17410000 - 0x00007ffb1742f000 	C:\Windows\SYSTEM32\profapi.dll

dbghelp: loaded successfully - version: 4.0.5 - missing functions: none
symbol engine: initialized successfully - sym options: 0x614 - pdb path: .;c:\Users\user\.vscode\extensions\redhat.java-1.11.0-win32-x64\jre\17.0.4.1-win32-x86_64\bin;C:\Windows\SYSTEM32;C:\Windows\WinSxS\amd64_microsoft.windows.common-controls_6595b64144ccf1df_6.0.19041.1110_none_60b5254171f9507e;C:\Program Files (x86)\360\Total Security\safemon;c:\Users\user\.vscode\extensions\redhat.java-1.11.0-win32-x64\jre\17.0.4.1-win32-x86_64\bin\server

VM Arguments:
jvm_args: --add-modules=ALL-SYSTEM --add-opens=java.base/java.util=ALL-UNNAMED --add-opens=java.base/java.lang=ALL-UNNAMED --add-opens=java.base/sun.nio.fs=ALL-UNNAMED -Declipse.application=org.eclipse.jdt.ls.core.id1 -Dosgi.bundles.defaultStartLevel=4 -Declipse.product=org.eclipse.jdt.ls.core.product -Djava.import.generatesMetadataFilesAtProjectRoot=false -Dfile.encoding=utf8 -DwatchParentProcess=false -XX:+UseParallelGC -XX:GCTimeRatio=4 -XX:AdaptiveSizePolicyWeight=90 -Dsun.zip.disableMemoryMapping=true -Xmx1G -Xms100m -Xlog:disable -javaagent:c:\Users\user\.vscode\extensions\redhat.java-1.11.0-win32-x64\lombok\lombok-1.18.24.jar 
java_command: c:\Users\user\.vscode\extensions\redhat.java-1.11.0-win32-x64\server\plugins\org.eclipse.equinox.launcher_1.6.400.v20210924-0641.jar -configuration c:\Users\user\AppData\Roaming\Code\User\globalStorage\redhat.java\1.11.0\config_ss_win -data c:\Users\user\AppData\Roaming\Code\User\workspaceStorage\d3b671f8dc7c26fd06258ae229a5d4ff\redhat.java\ss_ws
java_class_path (initial): c:\Users\user\.vscode\extensions\redhat.java-1.11.0-win32-x64\server\plugins\org.eclipse.equinox.launcher_1.6.400.v20210924-0641.jar
Launcher Type: SUN_STANDARD

[Global flags]
    uintx AdaptiveSizePolicyWeight                 = 90                                        {product} {command line}
     intx CICompilerCount                          = 3                                         {product} {ergonomic}
    uintx GCTimeRatio                              = 4                                         {product} {command line}
   size_t InitialHeapSize                          = 104857600                                 {product} {command line}
   size_t MaxHeapSize                              = 1073741824                                {product} {command line}
   size_t MaxNewSize                               = 357564416                                 {product} {ergonomic}
   size_t MinHeapDeltaBytes                        = 524288                                    {product} {ergonomic}
   size_t MinHeapSize                              = 104857600                                 {product} {command line}
   size_t NewSize                                  = 34603008                                  {product} {ergonomic}
    uintx NonNMethodCodeHeapSize                   = 5832780                                {pd product} {ergonomic}
    uintx NonProfiledCodeHeapSize                  = 122912730                              {pd product} {ergonomic}
   size_t OldSize                                  = 70254592                                  {product} {ergonomic}
    uintx ProfiledCodeHeapSize                     = 122912730                              {pd product} {ergonomic}
    uintx ReservedCodeCacheSize                    = 251658240                              {pd product} {ergonomic}
     bool SegmentedCodeCache                       = true                                      {product} {ergonomic}
   size_t SoftMaxHeapSize                          = 1073741824                             {manageable} {ergonomic}
     bool UseCompressedClassPointers               = true                           {product lp64_product} {ergonomic}
     bool UseCompressedOops                        = true                           {product lp64_product} {ergonomic}
     bool UseLargePagesIndividualAllocation        = false                                  {pd product} {ergonomic}
     bool UseParallelGC                            = true                                      {product} {command line}

Logging:
Log output configuration:
 #0: stdout all=off uptime,level,tags
 #1: stderr all=off uptime,level,tags

Environment Variables:
PATH=C:\Program Files (x86)\Common Files\Oracle\Java\javapath;C:\ProgramData\Oracle\Java\javapath;C:\Windows\system32;C:\Windows;C:\Windows\System32\Wbem;C:\Windows\System32\WindowsPowerShell\v1.0\;C:\Windows\System32\OpenSSH\;C:\Program Files (x86)\nodejs\;C:\Program Files\Git\cmd;C:\Users\user\AppData\Local\Programs\Python\Python310\Scripts;C:\Users\user\AppData\Local\Programs\Python\Python310\Scripts\;C:\Users\user\AppData\Local\Programs\Python\Python310\;C:\Program Files\MySQL\MySQL Shell 8.0\bin\;C:\Users\user\AppData\Local\Microsoft\WindowsApps;C:\Users\user\AppData\Local\Programs\Microsoft VS Code\bin;C:\Users\user\AppData\Local\GitHubDesktop\bin;C:\Users\user\AppData\Roaming\npm;C:\Users\user\AppData\Local\Programs\Python\Python310\Scripts;C:\Windows\System32;C:\Users\user\AppData\Local\Programs\Python\Python310;C:\Program Files\Java\jdk1.8.0_351\bin;C:\Program Files\Java\jdk1.8.0_351\bin;
USERNAME=user
OS=Windows_NT
PROCESSOR_IDENTIFIER=Intel64 Family 6 Model 140 Stepping 1, GenuineIntel
TMP=C:\Users\user\AppData\Local\Temp
TEMP=C:\Users\user\AppData\Local\Temp



---------------  S Y S T E M  ---------------

OS:
 Windows 10 , 64 bit Build 19041 (10.0.19041.1741)
OS uptime: 2 days 4:43 hours

CPU: total 4 (initial active 4) (2 cores per cpu, 2 threads per core) family 6 model 140 stepping 1 microcode 0x66, cx8, cmov, fxsr, ht, mmx, 3dnowpref, sse, sse2, sse3, ssse3, sse4.1, sse4.2, popcnt, lzcnt, tsc, tscinvbit, avx, avx2, aes, erms, clmul, bmi1, bmi2, adx, avx512f, avx512dq, avx512cd, avx512bw, avx512vl, sha, fma, vzeroupper, avx512_vpopcntdq, avx512_vpclmulqdq, avx512_vaes, avx512_vnni, clflush, clflushopt, clwb, avx512_vbmi2, avx512_vbmi

Memory: 4k page, system-wide physical 7991M (1802M free)
TotalPageFile size 20414M (AvailPageFile size 0M)
current process WorkingSet (physical memory assigned to process): 25M, peak: 25M
current process commit charge ("private bytes"): 167M, peak: 167M

vm_info: OpenJDK 64-Bit Server VM (17.0.4.1+1) for windows-amd64 JRE (17.0.4.1+1), built on Aug 17 2022 07:42:43 by "temurin" with MS VC++ 16.7 (VS2019)

END.
