#
# There is insufficient memory for the Java Runtime Environment to continue.
# Native memory allocation (mmap) failed to map 65536 bytes for Failed to commit metaspace.
# Possible reasons:
#   The system is out of physical RAM or swap space
#   The process is running with CompressedOops enabled, and the Java Heap may be blocking the growth of the native heap
# Possible solutions:
#   Reduce memory load on the system
#   Increase physical memory or swap space
#   Check if swap backing store is full
#   Decrease Java heap size (-Xmx/-Xms)
#   Decrease number of Java threads
#   Decrease Java thread stack sizes (-Xss)
#   Set larger code cache with -XX:ReservedCodeCacheSize=
#   JVM is running with Unscaled Compressed Oops mode in which the Java heap is
#     placed in the first 4GB address space. The Java Heap base address is the
#     maximum limit for the native heap growth. Please use -XX:HeapBaseMinAddress
#     to set the Java Heap base and to place the Java Heap above 4GB virtual address.
# This output file may be truncated or incomplete.
#
#  Out of Memory Error (virtualSpaceNode.cpp:110), pid=9036, tid=31144
#
# JRE version: OpenJDK Runtime Environment Temurin-17.0.4.1+1 (17.0.4.1+1) (build 17.0.4.1+1)
# Java VM: OpenJDK 64-Bit Server VM Temurin-17.0.4.1+1 (17.0.4.1+1, mixed mode, tiered, compressed oops, compressed class ptrs, parallel gc, windows-amd64)
# No core dump will be written. Minidumps are not enabled by default on client versions of Windows
#

---------------  S U M M A R Y ------------

Command Line: --add-modules=ALL-SYSTEM --add-opens=java.base/java.util=ALL-UNNAMED --add-opens=java.base/java.lang=ALL-UNNAMED --add-opens=java.base/sun.nio.fs=ALL-UNNAMED -Declipse.application=org.eclipse.jdt.ls.core.id1 -Dosgi.bundles.defaultStartLevel=4 -Declipse.product=org.eclipse.jdt.ls.core.product -Djava.import.generatesMetadataFilesAtProjectRoot=false -Dfile.encoding=utf8 -DwatchParentProcess=false -XX:+UseParallelGC -XX:GCTimeRatio=4 -XX:AdaptiveSizePolicyWeight=90 -Dsun.zip.disableMemoryMapping=true -Xmx1G -Xms100m -Xlog:disable -javaagent:c:\Users\user\.vscode\extensions\redhat.java-1.11.0-win32-x64\lombok\lombok-1.18.24.jar -XX:+HeapDumpOnOutOfMemoryError -XX:HeapDumpPath=c:\Users\user\AppData\Roaming\Code\User\workspaceStorage\d3b671f8dc7c26fd06258ae229a5d4ff\redhat.java c:\Users\user\.vscode\extensions\redhat.java-1.11.0-win32-x64\server\plugins\org.eclipse.equinox.launcher_1.6.400.v20210924-0641.jar -configuration c:\Users\user\AppData\Roaming\Code\User\globalStorage\redhat.java\1.11.0\config_win -data c:\Users\user\AppData\Roaming\Code\User\workspaceStorage\d3b671f8dc7c26fd06258ae229a5d4ff\redhat.java\jdt_ws

Host: 11th Gen Intel(R) Core(TM) i3-1115G4 @ 3.00GHz, 4 cores, 7G,  Windows 10 , 64 bit Build 19041 (10.0.19041.1741)
Time: Tue Oct 25 13:21:45 2022 West Bank Gaza Daylight Time elapsed time: 2.709750 seconds (0d 0h 0m 2s)

---------------  T H R E A D  ---------------

Current thread (0x000001bd1b2349b0):  JavaThread "C1 CompilerThread0" daemon [_thread_in_vm, id=31144, stack(0x0000006457e00000,0x0000006457f00000)]


Current CompileTask:
C1:   2709 1776       3       com.sun.org.apache.xerces.internal.impl.XMLEntityScanner::scanChar (265 bytes)

Stack: [0x0000006457e00000,0x0000006457f00000]
Native frames: (J=compiled Java code, j=interpreted, Vv=VM code, C=native code)
V  [jvm.dll+0x67731a]
V  [jvm.dll+0x832284]
V  [jvm.dll+0x833a2e]
V  [jvm.dll+0x834093]
V  [jvm.dll+0x245775]
V  [jvm.dll+0x82e22b]
V  [jvm.dll+0x61bdf6]
V  [jvm.dll+0x61be5a]
V  [jvm.dll+0x61e67a]
V  [jvm.dll+0x61c796]
V  [jvm.dll+0x62d9da]
V  [jvm.dll+0x62680a]
V  [jvm.dll+0x1cc970]
V  [jvm.dll+0x1ccb5f]
V  [jvm.dll+0x13414e]
V  [jvm.dll+0x134476]
V  [jvm.dll+0x13390a]
V  [jvm.dll+0x1355d1]
V  [jvm.dll+0x227498]
V  [jvm.dll+0x2255e5]
V  [jvm.dll+0x7e7e9b]
V  [jvm.dll+0x7e240a]
V  [jvm.dll+0x6761a5]
C  [ucrtbase.dll+0x21bb2]
C  [KERNEL32.DLL+0x17034]
C  [ntdll.dll+0x52651]


---------------  P R O C E S S  ---------------

Threads class SMR info:
_java_thread_list=0x000001bd1d6e19b0, length=17, elements={
0x000001bd05480ad0, 0x000001bd1b1f1990, 0x000001bd1b1f3550, 0x000001bd1b2019e0,
0x000001bd1b2029a0, 0x000001bd1b205360, 0x000001bd1b231400, 0x000001bd1b234000,
0x000001bd1b2349b0, 0x000001bd1b24d020, 0x000001bd054e32f0, 0x000001bd1ceb2ea0,
0x000001bd1d6d0f30, 0x000001bd1e4f4250, 0x000001bd1e4f49c0, 0x000001bd1e436f90,
0x000001bd1d78d060
}

Java Threads: ( => current thread )
  0x000001bd05480ad0 JavaThread "main" [_thread_blocked, id=10028, stack(0x0000006457400000,0x0000006457500000)]
  0x000001bd1b1f1990 JavaThread "Reference Handler" daemon [_thread_blocked, id=20188, stack(0x0000006457700000,0x0000006457800000)]
  0x000001bd1b1f3550 JavaThread "Finalizer" daemon [_thread_blocked, id=30848, stack(0x0000006457800000,0x0000006457900000)]
  0x000001bd1b2019e0 JavaThread "Signal Dispatcher" daemon [_thread_blocked, id=17116, stack(0x0000006457900000,0x0000006457a00000)]
  0x000001bd1b2029a0 JavaThread "Attach Listener" daemon [_thread_blocked, id=28120, stack(0x0000006457a00000,0x0000006457b00000)]
  0x000001bd1b205360 JavaThread "Service Thread" daemon [_thread_blocked, id=22440, stack(0x0000006457b00000,0x0000006457c00000)]
  0x000001bd1b231400 JavaThread "Monitor Deflation Thread" daemon [_thread_blocked, id=30192, stack(0x0000006457c00000,0x0000006457d00000)]
  0x000001bd1b234000 JavaThread "C2 CompilerThread0" daemon [_thread_blocked, id=24044, stack(0x0000006457d00000,0x0000006457e00000)]
=>0x000001bd1b2349b0 JavaThread "C1 CompilerThread0" daemon [_thread_in_vm, id=31144, stack(0x0000006457e00000,0x0000006457f00000)]
  0x000001bd1b24d020 JavaThread "Sweeper thread" daemon [_thread_blocked, id=21116, stack(0x0000006457f00000,0x0000006458000000)]
  0x000001bd054e32f0 JavaThread "Common-Cleaner" daemon [_thread_blocked, id=23608, stack(0x0000006458000000,0x0000006458100000)]
  0x000001bd1ceb2ea0 JavaThread "Notification Thread" daemon [_thread_blocked, id=15408, stack(0x0000006458100000,0x0000006458200000)]
  0x000001bd1d6d0f30 JavaThread "Active Thread: Equinox Container: 075b8ee6-9359-438d-83f2-fab7a1153bde" [_thread_blocked, id=26128, stack(0x0000006458600000,0x0000006458700000)]
  0x000001bd1e4f4250 JavaThread "Framework Event Dispatcher: Equinox Container: 075b8ee6-9359-438d-83f2-fab7a1153bde" daemon [_thread_blocked, id=11804, stack(0x0000006458800000,0x0000006458900000)]
  0x000001bd1e4f49c0 JavaThread "Start Level: Equinox Container: 075b8ee6-9359-438d-83f2-fab7a1153bde" daemon [_thread_in_Java, id=912, stack(0x0000006458900000,0x0000006458a00000)]
  0x000001bd1e436f90 JavaThread "SCR Component Actor" daemon [_thread_blocked, id=30676, stack(0x0000006458a00000,0x0000006458b00000)]
  0x000001bd1d78d060 JavaThread "SCR Component Registry" daemon [_thread_blocked, id=27892, stack(0x0000006458b00000,0x0000006458c00000)]

Other Threads:
  0x000001bd1b1da970 VMThread "VM Thread" [stack: 0x0000006457600000,0x0000006457700000] [id=9976]
  0x000001bd1ceb3370 WatcherThread [stack: 0x0000006458200000,0x0000006458300000] [id=20772]
  0x000001bd05496800 GCTaskThread "GC Thread#0" [stack: 0x0000006457500000,0x0000006457600000] [id=28064]
  0x000001bd1d3872d0 GCTaskThread "GC Thread#1" [stack: 0x0000006458300000,0x0000006458400000] [id=29684]
  0x000001bd1d387990 GCTaskThread "GC Thread#2" [stack: 0x0000006458400000,0x0000006458500000] [id=20848]
  0x000001bd1d3c0060 GCTaskThread "GC Thread#3" [stack: 0x0000006458500000,0x0000006458600000] [id=29704]

Threads with active compile tasks:
C1 CompilerThread0     2736 1776       3       com.sun.org.apache.xerces.internal.impl.XMLEntityScanner::scanChar (265 bytes)

VM state: not at safepoint (normal execution)

VM Mutex/Monitor currently owned by a thread:  ([mutex/lock_event])
[0x000001bd0536cd30] Metaspace_lock - owner thread: 0x000001bd1b2349b0
[0x000001bd0547c810] MethodData_lock - owner thread: 0x000001bd1b2349b0

Heap address: 0x00000000c0000000, size: 1024 MB, Compressed Oops mode: 32-bit

CDS archive(s) not mapped
Compressed class space mapped at: 0x0000000100000000-0x0000000140000000, reserved size: 1073741824
Narrow klass base: 0x0000000000000000, Narrow klass shift: 3, Narrow klass range: 0x140000000

GC Precious Log:
 CPUs: 4 total, 4 available
 Memory: 7991M
 Large Page Support: Disabled
 NUMA Support: Disabled
 Compressed Oops: Enabled (32-bit)
 Alignments: Space 512K, Generation 512K, Heap 2M
 Heap Min Capacity: 100M
 Heap Initial Capacity: 100M
 Heap Max Capacity: 1G
 Pre-touch: Disabled
 Parallel Workers: 4

Heap:
 PSYoungGen      total 29696K, used 13774K [0x00000000eab00000, 0x00000000ecc00000, 0x0000000100000000)
  eden space 25600K, 37% used [0x00000000eab00000,0x00000000eb474250,0x00000000ec400000)
  from space 4096K, 99% used [0x00000000ec800000,0x00000000ecbff718,0x00000000ecc00000)
  to   space 4096K, 0% used [0x00000000ec400000,0x00000000ec400000,0x00000000ec800000)
 ParOldGen       total 68608K, used 1364K [0x00000000c0000000, 0x00000000c4300000, 0x00000000eab00000)
  object space 68608K, 1% used [0x00000000c0000000,0x00000000c0155370,0x00000000c4300000)
 Metaspace       used 16214K, committed 16448K, reserved 1064960K
  class space    used 1666K, committed 1792K, reserved 1048576K

Card table byte_map: [0x000001bd18ac0000,0x000001bd18cd0000] _byte_map_base: 0x000001bd184c0000

Marking Bits: (ParMarkBitMap*) 0x00007ffad5452cc0
 Begin Bits: [0x000001bd18e30000, 0x000001bd19e30000)
 End Bits:   [0x000001bd19e30000, 0x000001bd1ae30000)

Polling page: 0x000001bd05320000

Metaspace:

Usage:
  Non-class:     14.21 MB used.
      Class:      1.63 MB used.
       Both:     15.83 MB used.

Virtual space:
  Non-class space:       16.00 MB reserved,      14.31 MB ( 89%) committed,  2 nodes.
      Class space:        1.00 GB reserved,       1.75 MB ( <1%) committed,  1 nodes.
             Both:        1.02 GB reserved,      16.06 MB (  2%) committed. 

Chunk freelists:
   Non-Class:  1.33 MB
       Class:  2.25 MB
        Both:  3.58 MB

MaxMetaspaceSize: unlimited
CompressedClassSpaceSize: 1.00 GB
Initial GC threshold: 21.00 MB
Current GC threshold: 21.00 MB
CDS: off
MetaspaceReclaimPolicy: balanced
 - commit_granule_bytes: 65536.
 - commit_granule_words: 8192.
 - virtual_space_node_default_size: 1048576.
 - enlarge_chunks_in_place: 1.
 - new_chunks_are_fully_committed: 0.
 - uncommit_free_chunks: 1.
 - use_allocation_guard: 0.
 - handle_deallocations: 1.


Internal statistics:

num_allocs_failed_limit: 0.
num_arena_births: 96.
num_arena_deaths: 0.
num_vsnodes_births: 3.
num_vsnodes_deaths: 0.
num_space_committed: 257.
num_space_uncommitted: 0.
num_chunks_returned_to_freelist: 0.
num_chunks_taken_from_freelist: 361.
num_chunk_merges: 0.
num_chunk_splits: 243.
num_chunks_enlarged: 191.
num_purges: 0.
num_inconsistent_stats: 0.

CodeHeap 'non-profiled nmethods': size=120000Kb used=727Kb max_used=727Kb free=119272Kb
 bounds [0x000001bd113b0000, 0x000001bd11620000, 0x000001bd188e0000]
CodeHeap 'profiled nmethods': size=120000Kb used=3303Kb max_used=3303Kb free=116696Kb
 bounds [0x000001bd09e80000, 0x000001bd0a1c0000, 0x000001bd113b0000]
CodeHeap 'non-nmethods': size=5760Kb used=1177Kb max_used=1192Kb free=4582Kb
 bounds [0x000001bd098e0000, 0x000001bd09b50000, 0x000001bd09e80000]
 total_blobs=2236 nmethods=1778 adapters=372
 compilation: enabled
              stopped_count=0, restarted_count=0
 full_count=0

Compilation events (20 events):
Event: 2.691 Thread 0x000001bd1b2349b0 1768       3       com.sun.org.apache.xerces.internal.impl.XMLEntityScanner::skipSpaces (362 bytes)
Event: 2.692 Thread 0x000001bd1b2349b0 nmethod 1768 0x000001bd0a1b6c90 code [0x000001bd0a1b6f00, 0x000001bd0a1b7ae8]
Event: 2.692 Thread 0x000001bd1b2349b0 1769       3       com.sun.org.apache.xerces.internal.impl.XMLEntityScanner::skipChar (142 bytes)
Event: 2.692 Thread 0x000001bd1b2349b0 nmethod 1769 0x000001bd0a1b7f90 code [0x000001bd0a1b8160, 0x000001bd0a1b8478]
Event: 2.692 Thread 0x000001bd1b2349b0 1770       3       com.sun.org.apache.xerces.internal.utils.XMLSecurityManager::isOverLimit (10 bytes)
Event: 2.692 Thread 0x000001bd1b2349b0 nmethod 1770 0x000001bd0a1b8610 code [0x000001bd0a1b87c0, 0x000001bd0a1b8928]
Event: 2.692 Thread 0x000001bd1b2349b0 1771       1       org.eclipse.core.internal.registry.RegistryObject::getObjectId (5 bytes)
Event: 2.692 Thread 0x000001bd1b2349b0 nmethod 1771 0x000001bd11463a90 code [0x000001bd11463c20, 0x000001bd11463cf8]
Event: 2.692 Thread 0x000001bd1b234000 nmethod 1741 0x000001bd11463d90 code [0x000001bd11463f20, 0x000001bd11464178]
Event: 2.692 Thread 0x000001bd1b234000 1742       4       java.util.zip.ZipFile$Source::nextEntryPos (22 bytes)
Event: 2.693 Thread 0x000001bd1b234000 nmethod 1742 0x000001bd11464390 code [0x000001bd11464500, 0x000001bd11464638]
Event: 2.707 Thread 0x000001bd1b2349b0 1772       3       com.sun.org.apache.xerces.internal.util.XMLChar::isNameStart (22 bytes)
Event: 2.707 Thread 0x000001bd1b2349b0 nmethod 1772 0x000001bd0a1b8a10 code [0x000001bd0a1b8ba0, 0x000001bd0a1b8d58]
Event: 2.707 Thread 0x000001bd1b2349b0 1773       3       com.sun.org.apache.xerces.internal.utils.XMLLimitAnalyzer::getTotalValue (7 bytes)
Event: 2.708 Thread 0x000001bd1b2349b0 nmethod 1773 0x000001bd0a1b8e10 code [0x000001bd0a1b8fa0, 0x000001bd0a1b90d8]
Event: 2.708 Thread 0x000001bd1b2349b0 1774  s    3       java.util.Stack::peek (25 bytes)
Event: 2.708 Thread 0x000001bd1b2349b0 nmethod 1774 0x000001bd0a1b9190 code [0x000001bd0a1b9360, 0x000001bd0a1b97d8]
Event: 2.708 Thread 0x000001bd1b2349b0 1775       3       java.util.Vector::elementData (7 bytes)
Event: 2.708 Thread 0x000001bd1b2349b0 nmethod 1775 0x000001bd0a1b9910 code [0x000001bd0a1b9aa0, 0x000001bd0a1b9bd8]
Event: 2.708 Thread 0x000001bd1b2349b0 1776       3       com.sun.org.apache.xerces.internal.impl.XMLEntityScanner::scanChar (265 bytes)

GC Heap History (4 events):
Event: 1.702 GC heap before
{Heap before GC invocations=1 (full 0):
 PSYoungGen      total 29696K, used 25600K [0x00000000eab00000, 0x00000000ecc00000, 0x0000000100000000)
  eden space 25600K, 100% used [0x00000000eab00000,0x00000000ec400000,0x00000000ec400000)
  from space 4096K, 0% used [0x00000000ec800000,0x00000000ec800000,0x00000000ecc00000)
  to   space 4096K, 0% used [0x00000000ec400000,0x00000000ec400000,0x00000000ec800000)
 ParOldGen       total 68608K, used 0K [0x00000000c0000000, 0x00000000c4300000, 0x00000000eab00000)
  object space 68608K, 0% used [0x00000000c0000000,0x00000000c0000000,0x00000000c4300000)
 Metaspace       used 10803K, committed 11008K, reserved 1064960K
  class space    used 1083K, committed 1152K, reserved 1048576K
}
Event: 1.711 GC heap after
{Heap after GC invocations=1 (full 0):
 PSYoungGen      total 29696K, used 3288K [0x00000000eab00000, 0x00000000ecc00000, 0x0000000100000000)
  eden space 25600K, 0% used [0x00000000eab00000,0x00000000eab00000,0x00000000ec400000)
  from space 4096K, 80% used [0x00000000ec400000,0x00000000ec736218,0x00000000ec800000)
  to   space 4096K, 0% used [0x00000000ec800000,0x00000000ec800000,0x00000000ecc00000)
 ParOldGen       total 68608K, used 0K [0x00000000c0000000, 0x00000000c4300000, 0x00000000eab00000)
  object space 68608K, 0% used [0x00000000c0000000,0x00000000c0000000,0x00000000c4300000)
 Metaspace       used 10803K, committed 11008K, reserved 1064960K
  class space    used 1083K, committed 1152K, reserved 1048576K
}
Event: 2.408 GC heap before
{Heap before GC invocations=2 (full 0):
 PSYoungGen      total 29696K, used 28888K [0x00000000eab00000, 0x00000000ecc00000, 0x0000000100000000)
  eden space 25600K, 100% used [0x00000000eab00000,0x00000000ec400000,0x00000000ec400000)
  from space 4096K, 80% used [0x00000000ec400000,0x00000000ec736218,0x00000000ec800000)
  to   space 4096K, 0% used [0x00000000ec800000,0x00000000ec800000,0x00000000ecc00000)
 ParOldGen       total 68608K, used 0K [0x00000000c0000000, 0x00000000c4300000, 0x00000000eab00000)
  object space 68608K, 0% used [0x00000000c0000000,0x00000000c0000000,0x00000000c4300000)
 Metaspace       used 14811K, committed 15104K, reserved 1064960K
  class space    used 1505K, committed 1664K, reserved 1048576K
}
Event: 2.412 GC heap after
{Heap after GC invocations=2 (full 0):
 PSYoungGen      total 29696K, used 4093K [0x00000000eab00000, 0x00000000ecc00000, 0x0000000100000000)
  eden space 25600K, 0% used [0x00000000eab00000,0x00000000eab00000,0x00000000ec400000)
  from space 4096K, 99% used [0x00000000ec800000,0x00000000ecbff718,0x00000000ecc00000)
  to   space 4096K, 0% used [0x00000000ec400000,0x00000000ec400000,0x00000000ec800000)
 ParOldGen       total 68608K, used 1364K [0x00000000c0000000, 0x00000000c4300000, 0x00000000eab00000)
  object space 68608K, 1% used [0x00000000c0000000,0x00000000c0155370,0x00000000c4300000)
 Metaspace       used 14811K, committed 15104K, reserved 1064960K
  class space    used 1505K, committed 1664K, reserved 1048576K
}

Deoptimization events (20 events):
Event: 2.263 Thread 0x000001bd05480ad0 DEOPT PACKING pc=0x000001bd09f49143 sp=0x00000064574fe090
Event: 2.263 Thread 0x000001bd05480ad0 DEOPT UNPACKING pc=0x000001bd09936463 sp=0x00000064574fd5b0 mode 0
Event: 2.275 Thread 0x000001bd05480ad0 DEOPT PACKING pc=0x000001bd09f49143 sp=0x00000064574fe090
Event: 2.275 Thread 0x000001bd05480ad0 DEOPT UNPACKING pc=0x000001bd09936463 sp=0x00000064574fd5b0 mode 0
Event: 2.456 Thread 0x000001bd1e4f49c0 Uncommon trap: trap_request=0xffffff45 fr.pc=0x000001bd113e139c relative=0x000000000000015c
Event: 2.456 Thread 0x000001bd1e4f49c0 Uncommon trap: reason=unstable_if action=reinterpret pc=0x000001bd113e139c method=java.lang.invoke.VarHandle.checkExactAccessMode(Ljava/lang/invoke/VarHandle$AccessDescriptor;)V @ 4 c2
Event: 2.456 Thread 0x000001bd1e4f49c0 DEOPT PACKING pc=0x000001bd113e139c sp=0x00000064589fd580
Event: 2.456 Thread 0x000001bd1e4f49c0 DEOPT UNPACKING pc=0x000001bd09935923 sp=0x00000064589fd4c0 mode 2
Event: 2.473 Thread 0x000001bd1e4f49c0 Uncommon trap: trap_request=0xffffff45 fr.pc=0x000001bd11441628 relative=0x0000000000002088
Event: 2.473 Thread 0x000001bd1e4f49c0 Uncommon trap: reason=unstable_if action=reinterpret pc=0x000001bd11441628 method=java.io.WinNTFileSystem.normalize(Ljava/lang/String;II)Ljava/lang/String; @ 100 c2
Event: 2.473 Thread 0x000001bd1e4f49c0 DEOPT PACKING pc=0x000001bd11441628 sp=0x00000064589f8ef0
Event: 2.473 Thread 0x000001bd1e4f49c0 DEOPT UNPACKING pc=0x000001bd09935923 sp=0x00000064589f8e30 mode 2
Event: 2.473 Thread 0x000001bd1e4f49c0 Uncommon trap: trap_request=0xffffff45 fr.pc=0x000001bd11447f90 relative=0x0000000000001450
Event: 2.473 Thread 0x000001bd1e4f49c0 Uncommon trap: reason=unstable_if action=reinterpret pc=0x000001bd11447f90 method=java.io.WinNTFileSystem.normalize(Ljava/lang/String;II)Ljava/lang/String; @ 100 c2
Event: 2.473 Thread 0x000001bd1e4f49c0 DEOPT PACKING pc=0x000001bd11447f90 sp=0x00000064589f8e20
Event: 2.473 Thread 0x000001bd1e4f49c0 DEOPT UNPACKING pc=0x000001bd09935923 sp=0x00000064589f8e18 mode 2
Event: 2.625 Thread 0x000001bd1e4f49c0 Uncommon trap: trap_request=0xffffff45 fr.pc=0x000001bd11439364 relative=0x00000000000014a4
Event: 2.625 Thread 0x000001bd1e4f49c0 Uncommon trap: reason=unstable_if action=reinterpret pc=0x000001bd11439364 method=java.lang.String.<init>([BIILjava/nio/charset/Charset;)V @ 18 c2
Event: 2.625 Thread 0x000001bd1e4f49c0 DEOPT PACKING pc=0x000001bd11439364 sp=0x00000064589f86c0
Event: 2.625 Thread 0x000001bd1e4f49c0 DEOPT UNPACKING pc=0x000001bd09935923 sp=0x00000064589f8680 mode 2

Classes unloaded (0 events):
No events

Classes redefined (0 events):
No events

Internal exceptions (20 events):
Event: 1.187 Thread 0x000001bd05480ad0 Exception <a 'java/io/FileNotFoundException'{0x00000000eb734528}> (0x00000000eb734528) 
thrown [s\src\hotspot\share\prims\jni.cpp, line 516]
Event: 1.203 Thread 0x000001bd05480ad0 Exception <a 'java/io/FileNotFoundException'{0x00000000eb774470}> (0x00000000eb774470) 
thrown [s\src\hotspot\share\prims\jni.cpp, line 516]
Event: 1.371 Thread 0x000001bd05480ad0 Exception <a 'java/lang/ClassNotFoundException'{0x00000000ebf686f0}: sun/net/www/protocol/c/Handler> (0x00000000ebf686f0) 
thrown [s\src\hotspot\share\classfile\systemDictionary.cpp, line 256]
Event: 1.372 Thread 0x000001bd05480ad0 Exception <a 'java/lang/ClassNotFoundException'{0x00000000ebf69a80}: sun/net/www/protocol/c/Handler> (0x00000000ebf69a80) 
thrown [s\src\hotspot\share\classfile\systemDictionary.cpp, line 256]
Event: 1.372 Thread 0x000001bd05480ad0 Exception <a 'java/lang/ClassNotFoundException'{0x00000000ebf6ac90}: sun/net/www/protocol/c/Handler> (0x00000000ebf6ac90) 
thrown [s\src\hotspot\share\classfile\systemDictionary.cpp, line 256]
Event: 1.388 Thread 0x000001bd05480ad0 Exception <a 'java/io/FileNotFoundException'{0x00000000ebf91280}> (0x00000000ebf91280) 
thrown [s\src\hotspot\share\prims\jni.cpp, line 516]
Event: 1.414 Thread 0x000001bd05480ad0 Implicit null exception at 0x000001bd113e855b to 0x000001bd113e8eb4
Event: 1.414 Thread 0x000001bd05480ad0 Implicit null exception at 0x000001bd113fcc6c to 0x000001bd113fce50
Event: 1.414 Thread 0x000001bd05480ad0 Implicit null exception at 0x000001bd113fb8ec to 0x000001bd113fbacc
Event: 1.414 Thread 0x000001bd05480ad0 Implicit null exception at 0x000001bd113eb78f to 0x000001bd113eb805
Event: 1.495 Thread 0x000001bd05480ad0 Exception <a 'java/lang/NoSuchMethodError'{0x00000000ec25a8f0}: 'int java.lang.invoke.DirectMethodHandle$Holder.invokeStaticInit(java.lang.Object, java.lang.Object, java.lang.Object, java.lang.Object)'> (0x00000000ec25a8f0) 
thrown [s\src\hotspot\share\interpreter\linkResolver.cpp, line 759]
Event: 1.497 Thread 0x000001bd05480ad0 Exception <a 'java/lang/NoSuchMethodError'{0x00000000ec264f60}: 'java.lang.Object java.lang.invoke.DirectMethodHandle$Holder.invokeInterface(java.lang.Object, java.lang.Object)'> (0x00000000ec264f60) 
thrown [s\src\hotspot\share\interpreter\linkResolver.cpp, line 759]
Event: 1.497 Thread 0x000001bd05480ad0 Exception <a 'java/lang/IncompatibleClassChangeError'{0x00000000ec268758}: Found class java.lang.Object, but interface was expected> (0x00000000ec268758) 
thrown [s\src\hotspot\share\interpreter\linkResolver.cpp, line 826]
Event: 1.499 Thread 0x000001bd05480ad0 Exception <a 'java/lang/NoSuchMethodError'{0x00000000ec26cc50}: 'void java.lang.invoke.DirectMethodHandle$Holder.invokeStatic(java.lang.Object, java.lang.Object)'> (0x00000000ec26cc50) 
thrown [s\src\hotspot\share\interpreter\linkResolver.cpp, line 759]
Event: 1.502 Thread 0x000001bd05480ad0 Exception <a 'java/lang/NoSuchMethodError'{0x00000000ec270450}: 'void java.lang.invoke.DirectMethodHandle$Holder.invokeStaticInit(java.lang.Object, java.lang.Object)'> (0x00000000ec270450) 
thrown [s\src\hotspot\share\interpreter\linkResolver.cpp, line 759]
Event: 1.504 Thread 0x000001bd05480ad0 Exception <a 'java/lang/NoSuchMethodError'{0x00000000ec277868}: 'int java.lang.invoke.DirectMethodHandle$Holder.invokeStaticInit(java.lang.Object, java.lang.Object)'> (0x00000000ec277868) 
thrown [s\src\hotspot\share\interpreter\linkResolver.cpp, line 759]
Event: 1.664 Thread 0x000001bd05480ad0 Exception <a 'java/lang/NoSuchMethodError'{0x00000000ec3bcae0}: 'void java.lang.invoke.DirectMethodHandle$Holder.invokeSpecial(java.lang.Object, java.lang.Object, java.lang.Object)'> (0x00000000ec3bcae0) 
thrown [s\src\hotspot\share\interpreter\linkResolver.cpp, line 759]
Event: 2.132 Thread 0x000001bd05480ad0 Exception <a 'java/lang/NoSuchMethodError'{0x00000000eb7ae780}: 'java.lang.Object java.lang.invoke.DirectMethodHandle$Holder.newInvokeSpecial(java.lang.Object, int, java.lang.Object)'> (0x00000000eb7ae780) 
thrown [s\src\hotspot\share\interpreter\linkResolver.cpp, line 759]
Event: 2.286 Thread 0x000001bd05480ad0 Exception <a 'java/lang/UnsatisfiedLinkError'{0x00000000ebd2ebb0}: 'void org.eclipse.equinox.launcher.JNIBridge._update_splash()'> (0x00000000ebd2ebb0) 
thrown [s\src\hotspot\share\prims\nativeLookup.cpp, line 543]
Event: 2.336 Thread 0x000001bd1e4f49c0 Exception <a 'java/lang/NoSuchMethodError'{0x00000000ec01ce30}: 'java.lang.Object java.lang.invoke.DirectMethodHandle$Holder.invokeStaticInit(java.lang.Object)'> (0x00000000ec01ce30) 
thrown [s\src\hotspot\share\interpreter\linkResolver.cpp, line 759]

VM Operations (20 events):
Event: 1.126 Executing VM operation: Cleanup
Event: 1.126 Executing VM operation: Cleanup done
Event: 1.142 Executing VM operation: HandshakeAllThreads
Event: 1.142 Executing VM operation: HandshakeAllThreads done
Event: 1.361 Executing VM operation: HandshakeAllThreads
Event: 1.361 Executing VM operation: HandshakeAllThreads done
Event: 1.701 Executing VM operation: ParallelGCFailedAllocation
Event: 1.711 Executing VM operation: ParallelGCFailedAllocation done
Event: 2.091 Executing VM operation: HandshakeAllThreads
Event: 2.103 Executing VM operation: HandshakeAllThreads done
Event: 2.106 Executing VM operation: HandshakeAllThreads
Event: 2.106 Executing VM operation: HandshakeAllThreads done
Event: 2.117 Executing VM operation: HandshakeAllThreads
Event: 2.117 Executing VM operation: HandshakeAllThreads done
Event: 2.128 Executing VM operation: HandshakeAllThreads
Event: 2.128 Executing VM operation: HandshakeAllThreads done
Event: 2.348 Executing VM operation: HandshakeAllThreads
Event: 2.348 Executing VM operation: HandshakeAllThreads done
Event: 2.408 Executing VM operation: ParallelGCFailedAllocation
Event: 2.412 Executing VM operation: ParallelGCFailedAllocation done

Events (20 events):
Event: 2.633 loading class java/util/ResourceBundle done
Event: 2.633 loading class java/util/PropertyResourceBundle done
Event: 2.633 loading class java/util/ResourceBundle$1
Event: 2.633 loading class jdk/internal/access/JavaUtilResourceBundleAccess
Event: 2.633 loading class jdk/internal/access/JavaUtilResourceBundleAccess done
Event: 2.633 loading class java/util/ResourceBundle$1 done
Event: 2.633 loading class java/util/ResourceBundle$2
Event: 2.633 loading class java/util/ResourceBundle$2 done
Event: 2.633 loading class sun/util/PropertyResourceBundleCharset
Event: 2.633 loading class sun/util/PropertyResourceBundleCharset done
Event: 2.633 loading class sun/util/PropertyResourceBundleCharset$PropertiesFileDecoder
Event: 2.634 loading class sun/util/PropertyResourceBundleCharset$PropertiesFileDecoder done
Event: 2.639 loading class jdk/internal/reflect/UnsafeStaticObjectFieldAccessorImpl
Event: 2.639 loading class jdk/internal/reflect/UnsafeStaticObjectFieldAccessorImpl done
Event: 2.641 loading class java/lang/IllegalCallerException
Event: 2.641 loading class java/lang/IllegalCallerException done
Event: 2.647 loading class java/lang/StackWalker$Option
Event: 2.647 loading class java/lang/StackWalker$Option done
Event: 2.649 loading class org/xml/sax/SAXParseException
Event: 2.649 loading class org/xml/sax/SAXParseException done


Dynamic libraries:
0x00007ff7f6ec0000 - 0x00007ff7f6ece000 	c:\Users\user\.vscode\extensions\redhat.java-1.11.0-win32-x64\jre\17.0.4.1-win32-x86_64\bin\java.exe
0x00007ffb19db0000 - 0x00007ffb19fa7000 	C:\Windows\SYSTEM32\ntdll.dll
0x00007ffb17f60000 - 0x00007ffb1801d000 	C:\Windows\System32\KERNEL32.DLL
0x00007ffb17820000 - 0x00007ffb17aed000 	C:\Windows\System32\KERNELBASE.dll
0x00007ffb17af0000 - 0x00007ffb17bf0000 	C:\Windows\System32\ucrtbase.dll
0x00007ffb11350000 - 0x00007ffb11368000 	c:\Users\user\.vscode\extensions\redhat.java-1.11.0-win32-x64\jre\17.0.4.1-win32-x86_64\bin\jli.dll
0x00007ffb18260000 - 0x00007ffb18400000 	C:\Windows\System32\USER32.dll
0x00007ffb17d00000 - 0x00007ffb17d22000 	C:\Windows\System32\win32u.dll
0x00007ffb18230000 - 0x00007ffb1825a000 	C:\Windows\System32\GDI32.dll
0x00007ffb17bf0000 - 0x00007ffb17cfb000 	C:\Windows\System32\gdi32full.dll
0x00007ffb17630000 - 0x00007ffb176cd000 	C:\Windows\System32\msvcp_win.dll
0x00007ffb0ee70000 - 0x00007ffb0ee89000 	c:\Users\user\.vscode\extensions\redhat.java-1.11.0-win32-x64\jre\17.0.4.1-win32-x86_64\bin\VCRUNTIME140.dll
0x00007ffb04e60000 - 0x00007ffb050fa000 	C:\Windows\WinSxS\amd64_microsoft.windows.common-controls_6595b64144ccf1df_6.0.19041.1110_none_60b5254171f9507e\COMCTL32.dll
0x00007ffb18b90000 - 0x00007ffb18c2e000 	C:\Windows\System32\msvcrt.dll
0x00007ffb189b0000 - 0x00007ffb189e0000 	C:\Windows\System32\IMM32.DLL
0x000000006a7b0000 - 0x000000006a7bc000 	C:\Program Files (x86)\360\Total Security\safemon\SafeWrapper.dll
0x00007ffb17e30000 - 0x00007ffb17ede000 	C:\Windows\System32\ADVAPI32.dll
0x00007ffb188b0000 - 0x00007ffb1894c000 	C:\Windows\System32\sechost.dll
0x00007ffb184b0000 - 0x00007ffb185d5000 	C:\Windows\System32\RPCRT4.dll
0x00007ffaf9b10000 - 0x00007ffaf9ba2000 	C:\Program Files (x86)\360\Total Security\safemon\libzdtp64.dll
0x00007ffb19120000 - 0x00007ffb19864000 	C:\Windows\System32\SHELL32.dll
0x00007ffb18950000 - 0x00007ffb189a5000 	C:\Windows\System32\SHLWAPI.dll
0x00007ffb17080000 - 0x00007ffb1708a000 	C:\Windows\SYSTEM32\VERSION.dll
0x00007ffb12b90000 - 0x00007ffb12b9c000 	c:\Users\user\.vscode\extensions\redhat.java-1.11.0-win32-x64\jre\17.0.4.1-win32-x86_64\bin\vcruntime140_1.dll
0x00007ffaf3b60000 - 0x00007ffaf3bf1000 	c:\Users\user\.vscode\extensions\redhat.java-1.11.0-win32-x64\jre\17.0.4.1-win32-x86_64\bin\msvcp140.dll
0x00007ffad48d0000 - 0x00007ffad5516000 	c:\Users\user\.vscode\extensions\redhat.java-1.11.0-win32-x64\jre\17.0.4.1-win32-x86_64\bin\server\jvm.dll
0x00007ffb188a0000 - 0x00007ffb188a8000 	C:\Windows\System32\PSAPI.DLL
0x00007ffb03050000 - 0x00007ffb03059000 	C:\Windows\SYSTEM32\WSOCK32.dll
0x00007ffb19000000 - 0x00007ffb1906b000 	C:\Windows\System32\WS2_32.dll
0x00007ffafd130000 - 0x00007ffafd157000 	C:\Windows\SYSTEM32\WINMM.dll
0x00007ffb15cf0000 - 0x00007ffb15d02000 	C:\Windows\SYSTEM32\kernel.appcore.dll
0x00007ffb12b40000 - 0x00007ffb12b4a000 	c:\Users\user\.vscode\extensions\redhat.java-1.11.0-win32-x64\jre\17.0.4.1-win32-x86_64\bin\jimage.dll
0x00007ffb150e0000 - 0x00007ffb152c4000 	C:\Windows\SYSTEM32\DBGHELP.DLL
0x00007ffafbfa0000 - 0x00007ffafbfcc000 	C:\Windows\SYSTEM32\dbgcore.DLL
0x00007ffb176d0000 - 0x00007ffb17752000 	C:\Windows\System32\bcryptPrimitives.dll
0x00007ffb0f440000 - 0x00007ffb0f44e000 	c:\Users\user\.vscode\extensions\redhat.java-1.11.0-win32-x64\jre\17.0.4.1-win32-x86_64\bin\instrument.dll
0x00007ffb03080000 - 0x00007ffb030a5000 	c:\Users\user\.vscode\extensions\redhat.java-1.11.0-win32-x64\jre\17.0.4.1-win32-x86_64\bin\java.dll
0x00007ffb0ec70000 - 0x00007ffb0ec88000 	c:\Users\user\.vscode\extensions\redhat.java-1.11.0-win32-x64\jre\17.0.4.1-win32-x86_64\bin\zip.dll
0x00007ffb15540000 - 0x00007ffb15cd4000 	C:\Windows\SYSTEM32\windows.storage.dll
0x00007ffb18ca0000 - 0x00007ffb18ff4000 	C:\Windows\System32\combase.dll
0x00007ffb16ec0000 - 0x00007ffb16eec000 	C:\Windows\SYSTEM32\Wldp.dll
0x00007ffb19070000 - 0x00007ffb1911d000 	C:\Windows\System32\SHCORE.dll
0x00007ffb17410000 - 0x00007ffb1742f000 	C:\Windows\SYSTEM32\profapi.dll
0x00007ffb0d860000 - 0x00007ffb0d879000 	C:\Users\user\.vscode\extensions\redhat.java-1.11.0-win32-x64\jre\17.0.4.1-win32-x86_64\bin\net.dll
0x00007ffb11620000 - 0x00007ffb1172a000 	C:\Windows\SYSTEM32\WINHTTP.dll
0x00007ffb16c20000 - 0x00007ffb16c8a000 	C:\Windows\system32\mswsock.dll
0x00007ffb0b7d0000 - 0x00007ffb0b7e5000 	C:\Users\user\.vscode\extensions\redhat.java-1.11.0-win32-x64\jre\17.0.4.1-win32-x86_64\bin\nio.dll
0x00007ffb0f400000 - 0x00007ffb0f410000 	c:\Users\user\.vscode\extensions\redhat.java-1.11.0-win32-x64\jre\17.0.4.1-win32-x86_64\bin\verify.dll
0x00007ffafccb0000 - 0x00007ffafccee000 	C:\Users\user\AppData\Roaming\Code\User\globalStorage\redhat.java\1.11.0\config_win\org.eclipse.equinox.launcher\org.eclipse.equinox.launcher.win32.win32.x86_64_1.2.600.v20220720-1916\eclipse_11700.dll
0x00007ffb185e0000 - 0x00007ffb1870a000 	C:\Windows\System32\ole32.dll

dbghelp: loaded successfully - version: 4.0.5 - missing functions: none
symbol engine: initialized successfully - sym options: 0x614 - pdb path: .;c:\Users\user\.vscode\extensions\redhat.java-1.11.0-win32-x64\jre\17.0.4.1-win32-x86_64\bin;C:\Windows\SYSTEM32;C:\Windows\WinSxS\amd64_microsoft.windows.common-controls_6595b64144ccf1df_6.0.19041.1110_none_60b5254171f9507e;C:\Program Files (x86)\360\Total Security\safemon;c:\Users\user\.vscode\extensions\redhat.java-1.11.0-win32-x64\jre\17.0.4.1-win32-x86_64\bin\server;C:\Users\user\AppData\Roaming\Code\User\globalStorage\redhat.java\1.11.0\config_win\org.eclipse.equinox.launcher\org.eclipse.equinox.launcher.win32.win32.x86_64_1.2.600.v20220720-1916

VM Arguments:
jvm_args: --add-modules=ALL-SYSTEM --add-opens=java.base/java.util=ALL-UNNAMED --add-opens=java.base/java.lang=ALL-UNNAMED --add-opens=java.base/sun.nio.fs=ALL-UNNAMED -Declipse.application=org.eclipse.jdt.ls.core.id1 -Dosgi.bundles.defaultStartLevel=4 -Declipse.product=org.eclipse.jdt.ls.core.product -Djava.import.generatesMetadataFilesAtProjectRoot=false -Dfile.encoding=utf8 -DwatchParentProcess=false -XX:+UseParallelGC -XX:GCTimeRatio=4 -XX:AdaptiveSizePolicyWeight=90 -Dsun.zip.disableMemoryMapping=true -Xmx1G -Xms100m -Xlog:disable -javaagent:c:\Users\user\.vscode\extensions\redhat.java-1.11.0-win32-x64\lombok\lombok-1.18.24.jar -XX:+HeapDumpOnOutOfMemoryError -XX:HeapDumpPath=c:\Users\user\AppData\Roaming\Code\User\workspaceStorage\d3b671f8dc7c26fd06258ae229a5d4ff\redhat.java 
java_command: c:\Users\user\.vscode\extensions\redhat.java-1.11.0-win32-x64\server\plugins\org.eclipse.equinox.launcher_1.6.400.v20210924-0641.jar -configuration c:\Users\user\AppData\Roaming\Code\User\globalStorage\redhat.java\1.11.0\config_win -data c:\Users\user\AppData\Roaming\Code\User\workspaceStorage\d3b671f8dc7c26fd06258ae229a5d4ff\redhat.java\jdt_ws
java_class_path (initial): c:\Users\user\.vscode\extensions\redhat.java-1.11.0-win32-x64\server\plugins\org.eclipse.equinox.launcher_1.6.400.v20210924-0641.jar
Launcher Type: SUN_STANDARD

[Global flags]
    uintx AdaptiveSizePolicyWeight                 = 90                                        {product} {command line}
     intx CICompilerCount                          = 3                                         {product} {ergonomic}
    uintx GCTimeRatio                              = 4                                         {product} {command line}
     bool HeapDumpOnOutOfMemoryError               = true                                   {manageable} {command line}
    ccstr HeapDumpPath                             = c:\Users\user\AppData\Roaming\Code\User\workspaceStorage\d3b671f8dc7c26fd06258ae229a5d4ff\redhat.java         {manageable} {command line}
   size_t InitialHeapSize                          = 104857600                                 {product} {command line}
   size_t MaxHeapSize                              = 1073741824                                {product} {command line}
   size_t MaxNewSize                               = 357564416                                 {product} {ergonomic}
   size_t MinHeapDeltaBytes                        = 524288                                    {product} {ergonomic}
   size_t MinHeapSize                              = 104857600                                 {product} {command line}
   size_t NewSize                                  = 34603008                                  {product} {ergonomic}
    uintx NonNMethodCodeHeapSize                   = 5832780                                {pd product} {ergonomic}
    uintx NonProfiledCodeHeapSize                  = 122912730                              {pd product} {ergonomic}
   size_t OldSize                                  = 70254592                                  {product} {ergonomic}
    uintx ProfiledCodeHeapSize                     = 122912730                              {pd product} {ergonomic}
    uintx ReservedCodeCacheSize                    = 251658240                              {pd product} {ergonomic}
     bool SegmentedCodeCache                       = true                                      {product} {ergonomic}
   size_t SoftMaxHeapSize                          = 1073741824                             {manageable} {ergonomic}
     bool UseCompressedClassPointers               = true                           {product lp64_product} {ergonomic}
     bool UseCompressedOops                        = true                           {product lp64_product} {ergonomic}
     bool UseLargePagesIndividualAllocation        = false                                  {pd product} {ergonomic}
     bool UseParallelGC                            = true                                      {product} {command line}

Logging:
Log output configuration:
 #0: stdout all=off uptime,level,tags
 #1: stderr all=off uptime,level,tags

Environment Variables:
PATH=C:\Program Files (x86)\Common Files\Oracle\Java\javapath;C:\ProgramData\Oracle\Java\javapath;C:\Windows\system32;C:\Windows;C:\Windows\System32\Wbem;C:\Windows\System32\WindowsPowerShell\v1.0\;C:\Windows\System32\OpenSSH\;C:\Program Files (x86)\nodejs\;C:\Program Files\Git\cmd;C:\Users\user\AppData\Local\Programs\Python\Python310\Scripts;C:\Users\user\AppData\Local\Programs\Python\Python310\Scripts\;C:\Users\user\AppData\Local\Programs\Python\Python310\;C:\Program Files\MySQL\MySQL Shell 8.0\bin\;C:\Users\user\AppData\Local\Microsoft\WindowsApps;C:\Users\user\AppData\Local\Programs\Microsoft VS Code\bin;C:\Users\user\AppData\Local\GitHubDesktop\bin;C:\Users\user\AppData\Roaming\npm;C:\Users\user\AppData\Local\Programs\Python\Python310\Scripts;C:\Windows\System32;C:\Users\user\AppData\Local\Programs\Python\Python310;C:\Program Files\Java\jdk1.8.0_351\bin;C:\Program Files\Java\jdk1.8.0_351\bin;
USERNAME=user
OS=Windows_NT
PROCESSOR_IDENTIFIER=Intel64 Family 6 Model 140 Stepping 1, GenuineIntel
TMP=C:\Users\user\AppData\Local\Temp
TEMP=C:\Users\user\AppData\Local\Temp



---------------  S Y S T E M  ---------------

OS:
 Windows 10 , 64 bit Build 19041 (10.0.19041.1741)
OS uptime: 2 days 4:46 hours

CPU: total 4 (initial active 4) (2 cores per cpu, 2 threads per core) family 6 model 140 stepping 1 microcode 0x66, cx8, cmov, fxsr, ht, mmx, 3dnowpref, sse, sse2, sse3, ssse3, sse4.1, sse4.2, popcnt, lzcnt, tsc, tscinvbit, avx, avx2, aes, erms, clmul, bmi1, bmi2, adx, avx512f, avx512dq, avx512cd, avx512bw, avx512vl, sha, fma, vzeroupper, avx512_vpopcntdq, avx512_vpclmulqdq, avx512_vaes, avx512_vnni, clflush, clflushopt, clwb, avx512_vbmi2, avx512_vbmi

Memory: 4k page, system-wide physical 7991M (1906M free)
TotalPageFile size 20414M (AvailPageFile size 0M)
current process WorkingSet (physical memory assigned to process): 94M, peak: 94M
current process commit charge ("private bytes"): 197M, peak: 197M

vm_info: OpenJDK 64-Bit Server VM (17.0.4.1+1) for windows-amd64 JRE (17.0.4.1+1), built on Aug 17 2022 07:42:43 by "temurin" with MS VC++ 16.7 (VS2019)

END.
