#
# There is insufficient memory for the Java Runtime Environment to continue.
# Native memory allocation (mmap) failed to map 65536 bytes for Failed to commit metaspace.
# Possible reasons:
#   The system is out of physical RAM or swap space
#   The process is running with CompressedOops enabled, and the Java Heap may be blocking the growth of the native heap
# Possible solutions:
#   Reduce memory load on the system
#   Increase physical memory or swap space
#   Check if swap backing store is full
#   Decrease Java heap size (-Xmx/-Xms)
#   Decrease number of Java threads
#   Decrease Java thread stack sizes (-Xss)
#   Set larger code cache with -XX:ReservedCodeCacheSize=
#   JVM is running with Unscaled Compressed Oops mode in which the Java heap is
#     placed in the first 4GB address space. The Java Heap base address is the
#     maximum limit for the native heap growth. Please use -XX:HeapBaseMinAddress
#     to set the Java Heap base and to place the Java Heap above 4GB virtual address.
# This output file may be truncated or incomplete.
#
#  Out of Memory Error (virtualSpaceNode.cpp:110), pid=29384, tid=12988
#
# JRE version: OpenJDK Runtime Environment Temurin-17.0.4.1+1 (17.0.4.1+1) (build 17.0.4.1+1)
# Java VM: OpenJDK 64-Bit Server VM Temurin-17.0.4.1+1 (17.0.4.1+1, mixed mode, tiered, compressed oops, compressed class ptrs, parallel gc, windows-amd64)
# No core dump will be written. Minidumps are not enabled by default on client versions of Windows
#

---------------  S U M M A R Y ------------

Command Line: --add-modules=ALL-SYSTEM --add-opens=java.base/java.util=ALL-UNNAMED --add-opens=java.base/java.lang=ALL-UNNAMED --add-opens=java.base/sun.nio.fs=ALL-UNNAMED -Declipse.application=org.eclipse.jdt.ls.core.id1 -Dosgi.bundles.defaultStartLevel=4 -Declipse.product=org.eclipse.jdt.ls.core.product -Djava.import.generatesMetadataFilesAtProjectRoot=false -Dfile.encoding=utf8 -DwatchParentProcess=false -XX:+UseParallelGC -XX:GCTimeRatio=4 -XX:AdaptiveSizePolicyWeight=90 -Dsun.zip.disableMemoryMapping=true -Xmx1G -Xms100m -Xlog:disable -javaagent:c:\Users\user\.vscode\extensions\redhat.java-1.11.0-win32-x64\lombok\lombok-1.18.24.jar -XX:+HeapDumpOnOutOfMemoryError -XX:HeapDumpPath=c:\Users\user\AppData\Roaming\Code\User\workspaceStorage\d3b671f8dc7c26fd06258ae229a5d4ff\redhat.java c:\Users\user\.vscode\extensions\redhat.java-1.11.0-win32-x64\server\plugins\org.eclipse.equinox.launcher_1.6.400.v20210924-0641.jar -configuration c:\Users\user\AppData\Roaming\Code\User\globalStorage\redhat.java\1.11.0\config_win -data c:\Users\user\AppData\Roaming\Code\User\workspaceStorage\d3b671f8dc7c26fd06258ae229a5d4ff\redhat.java\jdt_ws

Host: 11th Gen Intel(R) Core(TM) i3-1115G4 @ 3.00GHz, 4 cores, 7G,  Windows 10 , 64 bit Build 19041 (10.0.19041.1741)
Time: Tue Oct 25 13:21:34 2022 West Bank Gaza Daylight Time elapsed time: 2.593473 seconds (0d 0h 0m 2s)

---------------  T H R E A D  ---------------

Current thread (0x00000215867e0390):  JavaThread "main" [_thread_in_vm, id=12988, stack(0x0000006462f00000,0x0000006463000000)]

Stack: [0x0000006462f00000,0x0000006463000000]
Native frames: (J=compiled Java code, j=interpreted, Vv=VM code, C=native code)
V  [jvm.dll+0x67731a]
V  [jvm.dll+0x832284]
V  [jvm.dll+0x833a2e]
V  [jvm.dll+0x834093]
V  [jvm.dll+0x245775]
V  [jvm.dll+0x82e22b]
V  [jvm.dll+0x61bdf6]
V  [jvm.dll+0x1c07be]
V  [jvm.dll+0x61e741]
V  [jvm.dll+0x61c796]
V  [jvm.dll+0x2431cc]
V  [jvm.dll+0x6cd7ed]
V  [jvm.dll+0x6ce21f]
V  [jvm.dll+0x370333]
V  [jvm.dll+0x3701a6]
V  [jvm.dll+0x3701a6]
V  [jvm.dll+0x36f512]
V  [jvm.dll+0x36f4b8]
V  [jvm.dll+0x37f2da]
C  0x000002158947af2e

Java frames: (J=compiled Java code, j=interpreted, Vv=VM code)
j  org.eclipse.osgi.internal.framework.EquinoxBundle$SystemBundle.createSystemModule(Lorg/eclipse/osgi/container/ModuleContainer;)Lorg/eclipse/osgi/container/Module;+0
j  org.eclipse.osgi.internal.framework.EquinoxBundle.<init>(Lorg/eclipse/osgi/container/ModuleContainer;Lorg/eclipse/osgi/internal/framework/EquinoxContainer;)V+23
j  org.eclipse.osgi.internal.framework.EquinoxBundle$SystemBundle.<init>(Lorg/eclipse/osgi/container/ModuleContainer;Lorg/eclipse/osgi/internal/framework/EquinoxContainer;)V+3
j  org.eclipse.osgi.internal.framework.EquinoxContainerAdaptor.createSystemModule()Lorg/eclipse/osgi/container/SystemModule;+15
j  org.eclipse.osgi.container.ModuleDatabase.load(Ljava/lang/String;Lorg/eclipse/osgi/container/ModuleRevisionBuilder;Ljava/lang/Object;JLjava/util/EnumSet;I)Lorg/eclipse/osgi/container/Module;+96
j  org.eclipse.osgi.container.ModuleDatabase$Persistence.readModule(Lorg/eclipse/osgi/container/ModuleRevisionBuilder;Lorg/eclipse/osgi/container/ModuleDatabase;Ljava/io/DataInputStream;Ljava/util/List;I)V+224
j  org.eclipse.osgi.container.ModuleDatabase$Persistence.load(Lorg/eclipse/osgi/container/ModuleDatabase;Ljava/io/DataInputStream;)V+211
j  org.eclipse.osgi.container.ModuleDatabase.load(Ljava/io/DataInputStream;)V+32
j  org.eclipse.osgi.storage.Storage.<init>(Lorg/eclipse/osgi/internal/framework/EquinoxContainer;[Ljava/lang/String;)V+719
j  org.eclipse.osgi.storage.Storage.createStorage(Lorg/eclipse/osgi/internal/framework/EquinoxContainer;)Lorg/eclipse/osgi/storage/Storage;+11
j  org.eclipse.osgi.internal.framework.EquinoxContainer.<init>(Ljava/util/Map;Lorg/osgi/framework/connect/ModuleConnector;)V+145
j  org.eclipse.osgi.launch.Equinox.<init>(Ljava/util/Map;Lorg/osgi/framework/connect/ModuleConnector;)V+10
j  org.eclipse.osgi.launch.Equinox.<init>(Ljava/util/Map;)V+3
j  org.eclipse.core.runtime.adaptor.EclipseStarter.startup([Ljava/lang/String;Ljava/lang/Runnable;)Lorg/osgi/framework/BundleContext;+28
j  org.eclipse.core.runtime.adaptor.EclipseStarter.run([Ljava/lang/String;Ljava/lang/Runnable;)Ljava/lang/Object;+21
v  ~StubRoutines::call_stub
j  jdk.internal.reflect.NativeMethodAccessorImpl.invoke0(Ljava/lang/reflect/Method;Ljava/lang/Object;[Ljava/lang/Object;)Ljava/lang/Object;+0 java.base@17.0.4.1
j  jdk.internal.reflect.NativeMethodAccessorImpl.invoke(Ljava/lang/Object;[Ljava/lang/Object;)Ljava/lang/Object;+133 java.base@17.0.4.1
j  jdk.internal.reflect.DelegatingMethodAccessorImpl.invoke(Ljava/lang/Object;[Ljava/lang/Object;)Ljava/lang/Object;+6 java.base@17.0.4.1
j  java.lang.reflect.Method.invoke(Ljava/lang/Object;[Ljava/lang/Object;)Ljava/lang/Object;+59 java.base@17.0.4.1
j  org.eclipse.equinox.launcher.Main.invokeFramework([Ljava/lang/String;[Ljava/net/URL;)V+201
j  org.eclipse.equinox.launcher.Main.basicRun([Ljava/lang/String;)V+159
j  org.eclipse.equinox.launcher.Main.run([Ljava/lang/String;)I+4
j  org.eclipse.equinox.launcher.Main.main([Ljava/lang/String;)V+10
v  ~StubRoutines::call_stub

---------------  P R O C E S S  ---------------

Threads class SMR info:
_java_thread_list=0x000002159c549490, length=13, elements={
0x00000215867e0390, 0x000002159a603320, 0x000002159a604ee0, 0x000002159a60f5d0,
0x000002159a610180, 0x000002159a612b40, 0x000002159a614500, 0x000002159a6151e0,
0x000002159a642b30, 0x000002159c03ac70, 0x000002159c0be240, 0x000002159c292220,
0x000002159c748a20
}

Java Threads: ( => current thread )
=>0x00000215867e0390 JavaThread "main" [_thread_in_vm, id=12988, stack(0x0000006462f00000,0x0000006463000000)]
  0x000002159a603320 JavaThread "Reference Handler" daemon [_thread_blocked, id=9316, stack(0x0000006463200000,0x0000006463300000)]
  0x000002159a604ee0 JavaThread "Finalizer" daemon [_thread_blocked, id=20724, stack(0x0000006463300000,0x0000006463400000)]
  0x000002159a60f5d0 JavaThread "Signal Dispatcher" daemon [_thread_blocked, id=20160, stack(0x0000006463400000,0x0000006463500000)]
  0x000002159a610180 JavaThread "Attach Listener" daemon [_thread_blocked, id=15272, stack(0x0000006463500000,0x0000006463600000)]
  0x000002159a612b40 JavaThread "Service Thread" daemon [_thread_blocked, id=10616, stack(0x0000006463600000,0x0000006463700000)]
  0x000002159a614500 JavaThread "Monitor Deflation Thread" daemon [_thread_blocked, id=18368, stack(0x0000006463700000,0x0000006463800000)]
  0x000002159a6151e0 JavaThread "C2 CompilerThread0" daemon [_thread_blocked, id=6896, stack(0x0000006463800000,0x0000006463900000)]
  0x000002159a642b30 JavaThread "C1 CompilerThread0" daemon [_thread_blocked, id=9400, stack(0x0000006463900000,0x0000006463a00000)]
  0x000002159c03ac70 JavaThread "Sweeper thread" daemon [_thread_blocked, id=2372, stack(0x0000006463a00000,0x0000006463b00000)]
  0x000002159c0be240 JavaThread "Common-Cleaner" daemon [_thread_blocked, id=31624, stack(0x0000006463b00000,0x0000006463c00000)]
  0x000002159c292220 JavaThread "Notification Thread" daemon [_thread_blocked, id=29872, stack(0x0000006463c00000,0x0000006463d00000)]
  0x000002159c748a20 JavaThread "C2 CompilerThread1" daemon [_thread_blocked, id=4036, stack(0x0000006464100000,0x0000006464200000)]

Other Threads:
  0x00000215868979b0 VMThread "VM Thread" [stack: 0x0000006463100000,0x0000006463200000] [id=26648]
  0x000002159c2926f0 WatcherThread [stack: 0x0000006463d00000,0x0000006463e00000] [id=7268]
  0x00000215867f5bd0 GCTaskThread "GC Thread#0" [stack: 0x0000006463000000,0x0000006463100000] [id=8888]
  0x000002159c54cc30 GCTaskThread "GC Thread#1" [stack: 0x0000006463e00000,0x0000006463f00000] [id=26232]
  0x000002159c562f30 GCTaskThread "GC Thread#2" [stack: 0x0000006463f00000,0x0000006464000000] [id=28936]
  0x000002159c2960c0 GCTaskThread "GC Thread#3" [stack: 0x0000006464000000,0x0000006464100000] [id=12512]

Threads with active compile tasks:

VM state: not at safepoint (normal execution)

VM Mutex/Monitor currently owned by a thread:  ([mutex/lock_event])
[0x00000215867dcd50] Metaspace_lock - owner thread: 0x00000215867e0390

Heap address: 0x00000000c0000000, size: 1024 MB, Compressed Oops mode: 32-bit

CDS archive(s) not mapped
Compressed class space mapped at: 0x0000000100000000-0x0000000140000000, reserved size: 1073741824
Narrow klass base: 0x0000000000000000, Narrow klass shift: 3, Narrow klass range: 0x140000000

GC Precious Log:
 CPUs: 4 total, 4 available
 Memory: 7991M
 Large Page Support: Disabled
 NUMA Support: Disabled
 Compressed Oops: Enabled (32-bit)
 Alignments: Space 512K, Generation 512K, Heap 2M
 Heap Min Capacity: 100M
 Heap Initial Capacity: 100M
 Heap Max Capacity: 1G
 Pre-touch: Disabled
 Parallel Workers: 4

Heap:
 PSYoungGen      total 29696K, used 10445K [0x00000000eab00000, 0x00000000ecc00000, 0x0000000100000000)
  eden space 25600K, 27% used [0x00000000eab00000,0x00000000eb1f7980,0x00000000ec400000)
  from space 4096K, 80% used [0x00000000ec400000,0x00000000ec73bb28,0x00000000ec800000)
  to   space 4096K, 0% used [0x00000000ec800000,0x00000000ec800000,0x00000000ecc00000)
 ParOldGen       total 68608K, used 0K [0x00000000c0000000, 0x00000000c4300000, 0x00000000eab00000)
  object space 68608K, 0% used [0x00000000c0000000,0x00000000c0000000,0x00000000c4300000)
 Metaspace       used 11736K, committed 11904K, reserved 1064960K
  class space    used 1153K, committed 1280K, reserved 1048576K

Card table byte_map: [0x0000021586180000,0x0000021586390000] _byte_map_base: 0x0000021585b80000

Marking Bits: (ParMarkBitMap*) 0x00007ffad5452cc0
 Begin Bits: [0x0000021598460000, 0x0000021599460000)
 End Bits:   [0x0000021599460000, 0x000002159a460000)

Polling page: 0x00000215846b0000

Metaspace:

Usage:
  Non-class:     10.33 MB used.
      Class:      1.13 MB used.
       Both:     11.46 MB used.

Virtual space:
  Non-class space:       16.00 MB reserved,      10.38 MB ( 65%) committed,  2 nodes.
      Class space:        1.00 GB reserved,       1.25 MB ( <1%) committed,  1 nodes.
             Both:        1.02 GB reserved,      11.62 MB (  1%) committed. 

Chunk freelists:
   Non-Class:  1.30 MB
       Class:  2.61 MB
        Both:  3.91 MB

MaxMetaspaceSize: unlimited
CompressedClassSpaceSize: 1.00 GB
Initial GC threshold: 21.00 MB
Current GC threshold: 21.00 MB
CDS: off
MetaspaceReclaimPolicy: balanced
 - commit_granule_bytes: 65536.
 - commit_granule_words: 8192.
 - virtual_space_node_default_size: 1048576.
 - enlarge_chunks_in_place: 1.
 - new_chunks_are_fully_committed: 0.
 - uncommit_free_chunks: 1.
 - use_allocation_guard: 0.
 - handle_deallocations: 1.


Internal statistics:

num_allocs_failed_limit: 0.
num_arena_births: 32.
num_arena_deaths: 0.
num_vsnodes_births: 3.
num_vsnodes_deaths: 0.
num_space_committed: 186.
num_space_uncommitted: 0.
num_chunks_returned_to_freelist: 0.
num_chunks_taken_from_freelist: 137.
num_chunk_merges: 0.
num_chunk_splits: 99.
num_chunks_enlarged: 86.
num_purges: 0.
num_inconsistent_stats: 0.

CodeHeap 'non-profiled nmethods': size=120000Kb used=429Kb max_used=429Kb free=119570Kb
 bounds [0x0000021590f30000, 0x00000215911a0000, 0x0000021598460000]
CodeHeap 'profiled nmethods': size=120000Kb used=1976Kb max_used=1976Kb free=118023Kb
 bounds [0x0000021589a00000, 0x0000021589c70000, 0x0000021590f30000]
CodeHeap 'non-nmethods': size=5760Kb used=1149Kb max_used=1176Kb free=4610Kb
 bounds [0x0000021589460000, 0x00000215896d0000, 0x0000021589a00000]
 total_blobs=1560 nmethods=1130 adapters=345
 compilation: enabled
              stopped_count=0, restarted_count=0
 full_count=0

Compilation events (20 events):
Event: 2.560 Thread 0x000002159a642b30 1124       3       org.objectweb.asm.SymbolTable$Entry::<init> (18 bytes)
Event: 2.560 Thread 0x000002159a642b30 nmethod 1124 0x0000021589beb710 code [0x0000021589beb8c0, 0x0000021589beba48]
Event: 2.560 Thread 0x000002159a642b30 1126       3       org.objectweb.asm.ClassReader::readInt (52 bytes)
Event: 2.560 Thread 0x000002159a642b30 nmethod 1126 0x0000021589bebb10 code [0x0000021589bebca0, 0x0000021589bebe78]
Event: 2.560 Thread 0x000002159a642b30 1125       3       org.objectweb.asm.SymbolTable::addConstantNameAndType (28 bytes)
Event: 2.560 Thread 0x000002159a642b30 nmethod 1125 0x0000021589bebf90 code [0x0000021589bec160, 0x0000021589bec498]
Event: 2.560 Thread 0x000002159a642b30 1127       3       org.objectweb.asm.SymbolTable::addConstantUtf8Reference (20 bytes)
Event: 2.560 Thread 0x000002159a6151e0 1128       4       java.lang.String::<init> (74 bytes)
Event: 2.560 Thread 0x000002159a642b30 nmethod 1127 0x0000021589bec690 code [0x0000021589bec860, 0x0000021589becb28]
Event: 2.560 Thread 0x000002159a642b30 1130       1       org.objectweb.asm.MethodWriter::hasAsmInstructions (5 bytes)
Event: 2.561 Thread 0x000002159a642b30 nmethod 1130 0x0000021590f99c90 code [0x0000021590f99e20, 0x0000021590f99ef8]
Event: 2.561 Thread 0x000002159a642b30 1131       3       lombok.patcher.scripts.MethodLevelPatchScript::patch (21 bytes)
Event: 2.561 Thread 0x000002159a642b30 nmethod 1131 0x0000021589becd10 code [0x0000021589becec0, 0x0000021589bed138]
Event: 2.561 Thread 0x000002159a6151e0 nmethod 1128 0x0000021590f99f90 code [0x0000021590f9a120, 0x0000021590f9a3f8]
Event: 2.562 Thread 0x000002159a6151e0 1129       4       java.lang.StringUTF16::compress (20 bytes)
Event: 2.562 Thread 0x000002159a6151e0 nmethod 1129 0x0000021590f9a510 code [0x0000021590f9a6a0, 0x0000021590f9a8f8]
Event: 2.563 Thread 0x000002159a642b30 1132       3       java.security.Provider$ServiceKey::equals (53 bytes)
Event: 2.563 Thread 0x000002159a642b30 nmethod 1132 0x0000021589bed210 code [0x0000021589bed3e0, 0x0000021589bed898]
Event: 2.563 Thread 0x000002159a642b30 1133       3       java.util.ArrayList::addAll (76 bytes)
Event: 2.564 Thread 0x000002159a642b30 nmethod 1133 0x0000021589beda10 code [0x0000021589bedbe0, 0x0000021589bee068]

GC Heap History (2 events):
Event: 2.094 GC heap before
{Heap before GC invocations=1 (full 0):
 PSYoungGen      total 29696K, used 25600K [0x00000000eab00000, 0x00000000ecc00000, 0x0000000100000000)
  eden space 25600K, 100% used [0x00000000eab00000,0x00000000ec400000,0x00000000ec400000)
  from space 4096K, 0% used [0x00000000ec800000,0x00000000ec800000,0x00000000ecc00000)
  to   space 4096K, 0% used [0x00000000ec400000,0x00000000ec400000,0x00000000ec800000)
 ParOldGen       total 68608K, used 0K [0x00000000c0000000, 0x00000000c4300000, 0x00000000eab00000)
  object space 68608K, 0% used [0x00000000c0000000,0x00000000c0000000,0x00000000c4300000)
 Metaspace       used 10779K, committed 10944K, reserved 1064960K
  class space    used 1082K, committed 1152K, reserved 1048576K
}
Event: 2.279 GC heap after
{Heap after GC invocations=1 (full 0):
 PSYoungGen      total 29696K, used 3310K [0x00000000eab00000, 0x00000000ecc00000, 0x0000000100000000)
  eden space 25600K, 0% used [0x00000000eab00000,0x00000000eab00000,0x00000000ec400000)
  from space 4096K, 80% used [0x00000000ec400000,0x00000000ec73bb28,0x00000000ec800000)
  to   space 4096K, 0% used [0x00000000ec800000,0x00000000ec800000,0x00000000ecc00000)
 ParOldGen       total 68608K, used 0K [0x00000000c0000000, 0x00000000c4300000, 0x00000000eab00000)
  object space 68608K, 0% used [0x00000000c0000000,0x00000000c0000000,0x00000000c4300000)
 Metaspace       used 10779K, committed 10944K, reserved 1064960K
  class space    used 1082K, committed 1152K, reserved 1048576K
}

Deoptimization events (20 events):
Event: 1.856 Thread 0x00000215867e0390 DEOPT PACKING pc=0x0000021590f7e0e4 sp=0x0000006462ffe180
Event: 1.856 Thread 0x00000215867e0390 DEOPT UNPACKING pc=0x00000215894b5923 sp=0x0000006462ffe018 mode 2
Event: 1.856 Thread 0x00000215867e0390 Uncommon trap: trap_request=0xffffff45 fr.pc=0x0000021590f6d0b4 relative=0x0000000000000274
Event: 1.856 Thread 0x00000215867e0390 Uncommon trap: reason=unstable_if action=reinterpret pc=0x0000021590f6d0b4 method=java.util.HashMap.hash(Ljava/lang/Object;)I @ 1 c2
Event: 1.856 Thread 0x00000215867e0390 DEOPT PACKING pc=0x0000021590f6d0b4 sp=0x0000006462ffe210
Event: 1.856 Thread 0x00000215867e0390 DEOPT UNPACKING pc=0x00000215894b5923 sp=0x0000006462ffe128 mode 2
Event: 1.856 Thread 0x00000215867e0390 Uncommon trap: trap_request=0xffffffde fr.pc=0x0000021590f5c728 relative=0x0000000000000548
Event: 1.856 Thread 0x00000215867e0390 Uncommon trap: reason=class_check action=maybe_recompile pc=0x0000021590f5c728 method=java.util.Collections$UnmodifiableCollection$1.<init>(Ljava/util/Collections$UnmodifiableCollection;)V @ 17 c2
Event: 1.856 Thread 0x00000215867e0390 DEOPT PACKING pc=0x0000021590f5c728 sp=0x0000006462ffe1d0
Event: 1.856 Thread 0x00000215867e0390 DEOPT UNPACKING pc=0x00000215894b5923 sp=0x0000006462ffe118 mode 2
Event: 1.856 Thread 0x00000215867e0390 Uncommon trap: trap_request=0xffffff45 fr.pc=0x0000021590f6ac14 relative=0x0000000000000094
Event: 1.856 Thread 0x00000215867e0390 Uncommon trap: reason=unstable_if action=reinterpret pc=0x0000021590f6ac14 method=java.util.HashMap.hash(Ljava/lang/Object;)I @ 1 c2
Event: 1.856 Thread 0x00000215867e0390 DEOPT PACKING pc=0x0000021590f6ac14 sp=0x0000006462ffe080
Event: 1.856 Thread 0x00000215867e0390 DEOPT UNPACKING pc=0x00000215894b5923 sp=0x0000006462ffe018 mode 2
Event: 2.075 Thread 0x00000215867e0390 DEOPT PACKING pc=0x0000021589a4a6d2 sp=0x0000006462ff9b60
Event: 2.075 Thread 0x00000215867e0390 DEOPT UNPACKING pc=0x00000215894b6463 sp=0x0000006462ff8fc0 mode 0
Event: 2.387 Thread 0x00000215867e0390 Uncommon trap: trap_request=0xffffff45 fr.pc=0x0000021590f63cdc relative=0x0000000000000bbc
Event: 2.387 Thread 0x00000215867e0390 Uncommon trap: reason=unstable_if action=reinterpret pc=0x0000021590f63cdc method=lombok.patcher.PatchScript.classMatches(Ljava/lang/String;Ljava/util/Collection;)Z @ 25 c2
Event: 2.387 Thread 0x00000215867e0390 DEOPT PACKING pc=0x0000021590f63cdc sp=0x0000006462ff8370
Event: 2.387 Thread 0x00000215867e0390 DEOPT UNPACKING pc=0x00000215894b5923 sp=0x0000006462ff82c8 mode 2

Classes unloaded (0 events):
No events

Classes redefined (0 events):
No events

Internal exceptions (20 events):
Event: 1.449 Thread 0x00000215867e0390 Exception <a 'java/io/FileNotFoundException'{0x00000000eb73d280}> (0x00000000eb73d280) 
thrown [s\src\hotspot\share\prims\jni.cpp, line 516]
Event: 1.449 Thread 0x00000215867e0390 Exception <a 'java/io/FileNotFoundException'{0x00000000eb73df40}> (0x00000000eb73df40) 
thrown [s\src\hotspot\share\prims\jni.cpp, line 516]
Event: 1.459 Thread 0x00000215867e0390 Implicit null exception at 0x0000021590f514f2 to 0x0000021590f51a68
Event: 1.459 Thread 0x00000215867e0390 Implicit null exception at 0x0000021590f520f2 to 0x0000021590f5267c
Event: 1.461 Thread 0x00000215867e0390 Exception <a 'java/io/FileNotFoundException'{0x00000000eb77ea50}> (0x00000000eb77ea50) 
thrown [s\src\hotspot\share\prims\jni.cpp, line 516]
Event: 1.825 Thread 0x00000215867e0390 Exception <a 'java/lang/ClassNotFoundException'{0x00000000ebf78e08}: sun/net/www/protocol/c/Handler> (0x00000000ebf78e08) 
thrown [s\src\hotspot\share\classfile\systemDictionary.cpp, line 256]
Event: 1.825 Thread 0x00000215867e0390 Exception <a 'java/lang/ClassNotFoundException'{0x00000000ebf7a198}: sun/net/www/protocol/c/Handler> (0x00000000ebf7a198) 
thrown [s\src\hotspot\share\classfile\systemDictionary.cpp, line 256]
Event: 1.826 Thread 0x00000215867e0390 Exception <a 'java/lang/ClassNotFoundException'{0x00000000ebf7b3a8}: sun/net/www/protocol/c/Handler> (0x00000000ebf7b3a8) 
thrown [s\src\hotspot\share\classfile\systemDictionary.cpp, line 256]
Event: 1.832 Thread 0x00000215867e0390 Exception <a 'java/io/FileNotFoundException'{0x00000000ebfa1998}> (0x00000000ebfa1998) 
thrown [s\src\hotspot\share\prims\jni.cpp, line 516]
Event: 1.856 Thread 0x00000215867e0390 Implicit null exception at 0x0000021590f81ffb to 0x0000021590f829c4
Event: 1.856 Thread 0x00000215867e0390 Implicit null exception at 0x0000021590f7deec to 0x0000021590f7e0cc
Event: 1.856 Thread 0x00000215867e0390 Implicit null exception at 0x0000021590f6ce8c to 0x0000021590f6d098
Event: 1.856 Thread 0x00000215867e0390 Implicit null exception at 0x0000021590f6ab8f to 0x0000021590f6ac05
Event: 1.935 Thread 0x00000215867e0390 Exception <a 'java/lang/NoSuchMethodError'{0x00000000ec26c0c8}: 'int java.lang.invoke.DirectMethodHandle$Holder.invokeStaticInit(java.lang.Object, java.lang.Object, java.lang.Object, java.lang.Object)'> (0x00000000ec26c0c8) 
thrown [s\src\hotspot\share\interpreter\linkResolver.cpp, line 759]
Event: 1.942 Thread 0x00000215867e0390 Exception <a 'java/lang/NoSuchMethodError'{0x00000000ec276738}: 'java.lang.Object java.lang.invoke.DirectMethodHandle$Holder.invokeInterface(java.lang.Object, java.lang.Object)'> (0x00000000ec276738) 
thrown [s\src\hotspot\share\interpreter\linkResolver.cpp, line 759]
Event: 1.942 Thread 0x00000215867e0390 Exception <a 'java/lang/IncompatibleClassChangeError'{0x00000000ec279f30}: Found class java.lang.Object, but interface was expected> (0x00000000ec279f30) 
thrown [s\src\hotspot\share\interpreter\linkResolver.cpp, line 826]
Event: 1.943 Thread 0x00000215867e0390 Exception <a 'java/lang/NoSuchMethodError'{0x00000000ec27e428}: 'void java.lang.invoke.DirectMethodHandle$Holder.invokeStatic(java.lang.Object, java.lang.Object)'> (0x00000000ec27e428) 
thrown [s\src\hotspot\share\interpreter\linkResolver.cpp, line 759]
Event: 1.944 Thread 0x00000215867e0390 Exception <a 'java/lang/NoSuchMethodError'{0x00000000ec281c28}: 'void java.lang.invoke.DirectMethodHandle$Holder.invokeStaticInit(java.lang.Object, java.lang.Object)'> (0x00000000ec281c28) 
thrown [s\src\hotspot\share\interpreter\linkResolver.cpp, line 759]
Event: 1.947 Thread 0x00000215867e0390 Exception <a 'java/lang/NoSuchMethodError'{0x00000000ec2892a0}: 'int java.lang.invoke.DirectMethodHandle$Holder.invokeStaticInit(java.lang.Object, java.lang.Object)'> (0x00000000ec2892a0) 
thrown [s\src\hotspot\share\interpreter\linkResolver.cpp, line 759]
Event: 2.089 Thread 0x00000215867e0390 Exception <a 'java/lang/NoSuchMethodError'{0x00000000ec3cd980}: 'void java.lang.invoke.DirectMethodHandle$Holder.invokeSpecial(java.lang.Object, java.lang.Object, java.lang.Object)'> (0x00000000ec3cd980) 
thrown [s\src\hotspot\share\interpreter\linkResolver.cpp, line 759]

VM Operations (12 events):
Event: 0.640 Executing VM operation: HandshakeAllThreads
Event: 0.693 Executing VM operation: HandshakeAllThreads done
Event: 1.310 Executing VM operation: HandshakeAllThreads
Event: 1.310 Executing VM operation: HandshakeAllThreads done
Event: 1.327 Executing VM operation: HandshakeAllThreads
Event: 1.327 Executing VM operation: HandshakeAllThreads done
Event: 1.787 Executing VM operation: HandshakeAllThreads
Event: 1.787 Executing VM operation: HandshakeAllThreads done
Event: 1.787 Executing VM operation: Cleanup
Event: 1.787 Executing VM operation: Cleanup done
Event: 2.094 Executing VM operation: ParallelGCFailedAllocation
Event: 2.279 Executing VM operation: ParallelGCFailedAllocation done

Events (20 events):
Event: 2.297 loading class java/util/regex/CharPredicates done
Event: 2.305 loading class java/util/concurrent/Semaphore$NonfairSync
Event: 2.305 loading class java/util/concurrent/Semaphore$Sync
Event: 2.305 loading class java/util/concurrent/Semaphore$Sync done
Event: 2.305 loading class java/util/concurrent/Semaphore$NonfairSync done
Event: 2.354 Thread 0x000002159c748a20 Thread added: 0x000002159c748a20
Event: 2.394 loading class java/lang/TypeNotPresentException
Event: 2.394 loading class java/lang/TypeNotPresentException done
Event: 2.563 loading class java/security/InvalidKeyException
Event: 2.563 loading class java/security/KeyException
Event: 2.563 loading class java/security/KeyException done
Event: 2.563 loading class java/security/InvalidKeyException done
Event: 2.563 loading class java/security/SignatureException
Event: 2.563 loading class java/security/SignatureException done
Event: 2.563 loading class java/security/cert/CertificateException
Event: 2.563 loading class java/security/cert/CertificateException done
Event: 2.563 loading class java/security/NoSuchAlgorithmException
Event: 2.563 loading class java/security/NoSuchAlgorithmException done
Event: 2.563 loading class java/security/NoSuchProviderException
Event: 2.563 loading class java/security/NoSuchProviderException done


Dynamic libraries:
0x00007ff7f6ec0000 - 0x00007ff7f6ece000 	c:\Users\user\.vscode\extensions\redhat.java-1.11.0-win32-x64\jre\17.0.4.1-win32-x86_64\bin\java.exe
0x00007ffb19db0000 - 0x00007ffb19fa7000 	C:\Windows\SYSTEM32\ntdll.dll
0x00007ffb17f60000 - 0x00007ffb1801d000 	C:\Windows\System32\KERNEL32.DLL
0x00007ffb17820000 - 0x00007ffb17aed000 	C:\Windows\System32\KERNELBASE.dll
0x00007ffb17af0000 - 0x00007ffb17bf0000 	C:\Windows\System32\ucrtbase.dll
0x00007ffb11350000 - 0x00007ffb11368000 	c:\Users\user\.vscode\extensions\redhat.java-1.11.0-win32-x64\jre\17.0.4.1-win32-x86_64\bin\jli.dll
0x00007ffb18260000 - 0x00007ffb18400000 	C:\Windows\System32\USER32.dll
0x00007ffb17d00000 - 0x00007ffb17d22000 	C:\Windows\System32\win32u.dll
0x00007ffb18230000 - 0x00007ffb1825a000 	C:\Windows\System32\GDI32.dll
0x00007ffb17bf0000 - 0x00007ffb17cfb000 	C:\Windows\System32\gdi32full.dll
0x00007ffb17630000 - 0x00007ffb176cd000 	C:\Windows\System32\msvcp_win.dll
0x00007ffb0ee70000 - 0x00007ffb0ee89000 	c:\Users\user\.vscode\extensions\redhat.java-1.11.0-win32-x64\jre\17.0.4.1-win32-x86_64\bin\VCRUNTIME140.dll
0x00007ffb04e60000 - 0x00007ffb050fa000 	C:\Windows\WinSxS\amd64_microsoft.windows.common-controls_6595b64144ccf1df_6.0.19041.1110_none_60b5254171f9507e\COMCTL32.dll
0x00007ffb18b90000 - 0x00007ffb18c2e000 	C:\Windows\System32\msvcrt.dll
0x00007ffb189b0000 - 0x00007ffb189e0000 	C:\Windows\System32\IMM32.DLL
0x000000006a7b0000 - 0x000000006a7bc000 	C:\Program Files (x86)\360\Total Security\safemon\SafeWrapper.dll
0x00007ffb17e30000 - 0x00007ffb17ede000 	C:\Windows\System32\ADVAPI32.dll
0x00007ffb188b0000 - 0x00007ffb1894c000 	C:\Windows\System32\sechost.dll
0x00007ffb184b0000 - 0x00007ffb185d5000 	C:\Windows\System32\RPCRT4.dll
0x00007ffaf9b10000 - 0x00007ffaf9ba2000 	C:\Program Files (x86)\360\Total Security\safemon\libzdtp64.dll
0x00007ffb19120000 - 0x00007ffb19864000 	C:\Windows\System32\SHELL32.dll
0x00007ffb18950000 - 0x00007ffb189a5000 	C:\Windows\System32\SHLWAPI.dll
0x00007ffb17080000 - 0x00007ffb1708a000 	C:\Windows\SYSTEM32\VERSION.dll
0x00007ffb12b90000 - 0x00007ffb12b9c000 	c:\Users\user\.vscode\extensions\redhat.java-1.11.0-win32-x64\jre\17.0.4.1-win32-x86_64\bin\vcruntime140_1.dll
0x00007ffaf7670000 - 0x00007ffaf7701000 	c:\Users\user\.vscode\extensions\redhat.java-1.11.0-win32-x64\jre\17.0.4.1-win32-x86_64\bin\msvcp140.dll
0x00007ffad48d0000 - 0x00007ffad5516000 	c:\Users\user\.vscode\extensions\redhat.java-1.11.0-win32-x64\jre\17.0.4.1-win32-x86_64\bin\server\jvm.dll
0x00007ffb188a0000 - 0x00007ffb188a8000 	C:\Windows\System32\PSAPI.DLL
0x00007ffb03050000 - 0x00007ffb03059000 	C:\Windows\SYSTEM32\WSOCK32.dll
0x00007ffb19000000 - 0x00007ffb1906b000 	C:\Windows\System32\WS2_32.dll
0x00007ffafd130000 - 0x00007ffafd157000 	C:\Windows\SYSTEM32\WINMM.dll
0x00007ffb15cf0000 - 0x00007ffb15d02000 	C:\Windows\SYSTEM32\kernel.appcore.dll
0x00007ffb12b40000 - 0x00007ffb12b4a000 	c:\Users\user\.vscode\extensions\redhat.java-1.11.0-win32-x64\jre\17.0.4.1-win32-x86_64\bin\jimage.dll
0x00007ffb150e0000 - 0x00007ffb152c4000 	C:\Windows\SYSTEM32\DBGHELP.DLL
0x00007ffafbfa0000 - 0x00007ffafbfcc000 	C:\Windows\SYSTEM32\dbgcore.DLL
0x00007ffb176d0000 - 0x00007ffb17752000 	C:\Windows\System32\bcryptPrimitives.dll
0x00007ffb0f440000 - 0x00007ffb0f44e000 	c:\Users\user\.vscode\extensions\redhat.java-1.11.0-win32-x64\jre\17.0.4.1-win32-x86_64\bin\instrument.dll
0x00007ffb0b7c0000 - 0x00007ffb0b7e5000 	c:\Users\user\.vscode\extensions\redhat.java-1.11.0-win32-x64\jre\17.0.4.1-win32-x86_64\bin\java.dll
0x00007ffb0ec70000 - 0x00007ffb0ec88000 	c:\Users\user\.vscode\extensions\redhat.java-1.11.0-win32-x64\jre\17.0.4.1-win32-x86_64\bin\zip.dll
0x00007ffb15540000 - 0x00007ffb15cd4000 	C:\Windows\SYSTEM32\windows.storage.dll
0x00007ffb18ca0000 - 0x00007ffb18ff4000 	C:\Windows\System32\combase.dll
0x00007ffb16ec0000 - 0x00007ffb16eec000 	C:\Windows\SYSTEM32\Wldp.dll
0x00007ffb19070000 - 0x00007ffb1911d000 	C:\Windows\System32\SHCORE.dll
0x00007ffb17410000 - 0x00007ffb1742f000 	C:\Windows\SYSTEM32\profapi.dll
0x00007ffb0d860000 - 0x00007ffb0d879000 	C:\Users\user\.vscode\extensions\redhat.java-1.11.0-win32-x64\jre\17.0.4.1-win32-x86_64\bin\net.dll
0x00007ffb11620000 - 0x00007ffb1172a000 	C:\Windows\SYSTEM32\WINHTTP.dll
0x00007ffb16c20000 - 0x00007ffb16c8a000 	C:\Windows\system32\mswsock.dll
0x00007ffb0a1f0000 - 0x00007ffb0a205000 	C:\Users\user\.vscode\extensions\redhat.java-1.11.0-win32-x64\jre\17.0.4.1-win32-x86_64\bin\nio.dll
0x00007ffb0f400000 - 0x00007ffb0f410000 	c:\Users\user\.vscode\extensions\redhat.java-1.11.0-win32-x64\jre\17.0.4.1-win32-x86_64\bin\verify.dll

dbghelp: loaded successfully - version: 4.0.5 - missing functions: none
symbol engine: initialized successfully - sym options: 0x614 - pdb path: .;c:\Users\user\.vscode\extensions\redhat.java-1.11.0-win32-x64\jre\17.0.4.1-win32-x86_64\bin;C:\Windows\SYSTEM32;C:\Windows\WinSxS\amd64_microsoft.windows.common-controls_6595b64144ccf1df_6.0.19041.1110_none_60b5254171f9507e;C:\Program Files (x86)\360\Total Security\safemon;c:\Users\user\.vscode\extensions\redhat.java-1.11.0-win32-x64\jre\17.0.4.1-win32-x86_64\bin\server

VM Arguments:
jvm_args: --add-modules=ALL-SYSTEM --add-opens=java.base/java.util=ALL-UNNAMED --add-opens=java.base/java.lang=ALL-UNNAMED --add-opens=java.base/sun.nio.fs=ALL-UNNAMED -Declipse.application=org.eclipse.jdt.ls.core.id1 -Dosgi.bundles.defaultStartLevel=4 -Declipse.product=org.eclipse.jdt.ls.core.product -Djava.import.generatesMetadataFilesAtProjectRoot=false -Dfile.encoding=utf8 -DwatchParentProcess=false -XX:+UseParallelGC -XX:GCTimeRatio=4 -XX:AdaptiveSizePolicyWeight=90 -Dsun.zip.disableMemoryMapping=true -Xmx1G -Xms100m -Xlog:disable -javaagent:c:\Users\user\.vscode\extensions\redhat.java-1.11.0-win32-x64\lombok\lombok-1.18.24.jar -XX:+HeapDumpOnOutOfMemoryError -XX:HeapDumpPath=c:\Users\user\AppData\Roaming\Code\User\workspaceStorage\d3b671f8dc7c26fd06258ae229a5d4ff\redhat.java 
java_command: c:\Users\user\.vscode\extensions\redhat.java-1.11.0-win32-x64\server\plugins\org.eclipse.equinox.launcher_1.6.400.v20210924-0641.jar -configuration c:\Users\user\AppData\Roaming\Code\User\globalStorage\redhat.java\1.11.0\config_win -data c:\Users\user\AppData\Roaming\Code\User\workspaceStorage\d3b671f8dc7c26fd06258ae229a5d4ff\redhat.java\jdt_ws
java_class_path (initial): c:\Users\user\.vscode\extensions\redhat.java-1.11.0-win32-x64\server\plugins\org.eclipse.equinox.launcher_1.6.400.v20210924-0641.jar
Launcher Type: SUN_STANDARD

[Global flags]
    uintx AdaptiveSizePolicyWeight                 = 90                                        {product} {command line}
     intx CICompilerCount                          = 3                                         {product} {ergonomic}
    uintx GCTimeRatio                              = 4                                         {product} {command line}
     bool HeapDumpOnOutOfMemoryError               = true                                   {manageable} {command line}
    ccstr HeapDumpPath                             = c:\Users\user\AppData\Roaming\Code\User\workspaceStorage\d3b671f8dc7c26fd06258ae229a5d4ff\redhat.java         {manageable} {command line}
   size_t InitialHeapSize                          = 104857600                                 {product} {command line}
   size_t MaxHeapSize                              = 1073741824                                {product} {command line}
   size_t MaxNewSize                               = 357564416                                 {product} {ergonomic}
   size_t MinHeapDeltaBytes                        = 524288                                    {product} {ergonomic}
   size_t MinHeapSize                              = 104857600                                 {product} {command line}
   size_t NewSize                                  = 34603008                                  {product} {ergonomic}
    uintx NonNMethodCodeHeapSize                   = 5832780                                {pd product} {ergonomic}
    uintx NonProfiledCodeHeapSize                  = 122912730                              {pd product} {ergonomic}
   size_t OldSize                                  = 70254592                                  {product} {ergonomic}
    uintx ProfiledCodeHeapSize                     = 122912730                              {pd product} {ergonomic}
    uintx ReservedCodeCacheSize                    = 251658240                              {pd product} {ergonomic}
     bool SegmentedCodeCache                       = true                                      {product} {ergonomic}
   size_t SoftMaxHeapSize                          = 1073741824                             {manageable} {ergonomic}
     bool UseCompressedClassPointers               = true                           {product lp64_product} {ergonomic}
     bool UseCompressedOops                        = true                           {product lp64_product} {ergonomic}
     bool UseLargePagesIndividualAllocation        = false                                  {pd product} {ergonomic}
     bool UseParallelGC                            = true                                      {product} {command line}

Logging:
Log output configuration:
 #0: stdout all=off uptime,level,tags
 #1: stderr all=off uptime,level,tags

Environment Variables:
PATH=C:\Program Files (x86)\Common Files\Oracle\Java\javapath;C:\ProgramData\Oracle\Java\javapath;C:\Windows\system32;C:\Windows;C:\Windows\System32\Wbem;C:\Windows\System32\WindowsPowerShell\v1.0\;C:\Windows\System32\OpenSSH\;C:\Program Files (x86)\nodejs\;C:\Program Files\Git\cmd;C:\Users\user\AppData\Local\Programs\Python\Python310\Scripts;C:\Users\user\AppData\Local\Programs\Python\Python310\Scripts\;C:\Users\user\AppData\Local\Programs\Python\Python310\;C:\Program Files\MySQL\MySQL Shell 8.0\bin\;C:\Users\user\AppData\Local\Microsoft\WindowsApps;C:\Users\user\AppData\Local\Programs\Microsoft VS Code\bin;C:\Users\user\AppData\Local\GitHubDesktop\bin;C:\Users\user\AppData\Roaming\npm;C:\Users\user\AppData\Local\Programs\Python\Python310\Scripts;C:\Windows\System32;C:\Users\user\AppData\Local\Programs\Python\Python310;C:\Program Files\Java\jdk1.8.0_351\bin;C:\Program Files\Java\jdk1.8.0_351\bin;
USERNAME=user
OS=Windows_NT
PROCESSOR_IDENTIFIER=Intel64 Family 6 Model 140 Stepping 1, GenuineIntel
TMP=C:\Users\user\AppData\Local\Temp
TEMP=C:\Users\user\AppData\Local\Temp



---------------  S Y S T E M  ---------------

OS:
 Windows 10 , 64 bit Build 19041 (10.0.19041.1741)
OS uptime: 2 days 4:45 hours

CPU: total 4 (initial active 4) (2 cores per cpu, 2 threads per core) family 6 model 140 stepping 1 microcode 0x66, cx8, cmov, fxsr, ht, mmx, 3dnowpref, sse, sse2, sse3, ssse3, sse4.1, sse4.2, popcnt, lzcnt, tsc, tscinvbit, avx, avx2, aes, erms, clmul, bmi1, bmi2, adx, avx512f, avx512dq, avx512cd, avx512bw, avx512vl, sha, fma, vzeroupper, avx512_vpopcntdq, avx512_vpclmulqdq, avx512_vaes, avx512_vnni, clflush, clflushopt, clwb, avx512_vbmi2, avx512_vbmi

Memory: 4k page, system-wide physical 7991M (1932M free)
TotalPageFile size 20414M (AvailPageFile size 7M)
current process WorkingSet (physical memory assigned to process): 78M, peak: 78M
current process commit charge ("private bytes"): 187M, peak: 187M

vm_info: OpenJDK 64-Bit Server VM (17.0.4.1+1) for windows-amd64 JRE (17.0.4.1+1), built on Aug 17 2022 07:42:43 by "temurin" with MS VC++ 16.7 (VS2019)

END.
