#
# There is insufficient memory for the Java Runtime Environment to continue.
# Native memory allocation (mmap) failed to map 65536 bytes for Failed to commit metaspace.
# Possible reasons:
#   The system is out of physical RAM or swap space
#   The process is running with CompressedOops enabled, and the Java Heap may be blocking the growth of the native heap
# Possible solutions:
#   Reduce memory load on the system
#   Increase physical memory or swap space
#   Check if swap backing store is full
#   Decrease Java heap size (-Xmx/-Xms)
#   Decrease number of Java threads
#   Decrease Java thread stack sizes (-Xss)
#   Set larger code cache with -XX:ReservedCodeCacheSize=
#   JVM is running with Unscaled Compressed Oops mode in which the Java heap is
#     placed in the first 4GB address space. The Java Heap base address is the
#     maximum limit for the native heap growth. Please use -XX:HeapBaseMinAddress
#     to set the Java Heap base and to place the Java Heap above 4GB virtual address.
# This output file may be truncated or incomplete.
#
#  Out of Memory Error (virtualSpaceNode.cpp:110), pid=17736, tid=15608
#
# JRE version: OpenJDK Runtime Environment Temurin-17.0.4.1+1 (17.0.4.1+1) (build 17.0.4.1+1)
# Java VM: OpenJDK 64-Bit Server VM Temurin-17.0.4.1+1 (17.0.4.1+1, mixed mode, tiered, compressed oops, compressed class ptrs, parallel gc, windows-amd64)
# No core dump will be written. Minidumps are not enabled by default on client versions of Windows
#

---------------  S U M M A R Y ------------

Command Line: --add-modules=ALL-SYSTEM --add-opens=java.base/java.util=ALL-UNNAMED --add-opens=java.base/java.lang=ALL-UNNAMED --add-opens=java.base/sun.nio.fs=ALL-UNNAMED -Declipse.application=org.eclipse.jdt.ls.core.id1 -Dosgi.bundles.defaultStartLevel=4 -Declipse.product=org.eclipse.jdt.ls.core.product -Djava.import.generatesMetadataFilesAtProjectRoot=false -Dfile.encoding=utf8 -DwatchParentProcess=false -XX:+UseParallelGC -XX:GCTimeRatio=4 -XX:AdaptiveSizePolicyWeight=90 -Dsun.zip.disableMemoryMapping=true -Xmx1G -Xms100m -Xlog:disable -javaagent:c:\Users\user\.vscode\extensions\redhat.java-1.11.0-win32-x64\lombok\lombok-1.18.24.jar c:\Users\user\.vscode\extensions\redhat.java-1.11.0-win32-x64\server\plugins\org.eclipse.equinox.launcher_1.6.400.v20210924-0641.jar -configuration c:\Users\user\AppData\Roaming\Code\User\globalStorage\redhat.java\1.11.0\config_ss_win -data c:\Users\user\AppData\Roaming\Code\User\workspaceStorage\d3b671f8dc7c26fd06258ae229a5d4ff\redhat.java\ss_ws

Host: 11th Gen Intel(R) Core(TM) i3-1115G4 @ 3.00GHz, 4 cores, 7G,  Windows 10 , 64 bit Build 19041 (10.0.19041.1741)
Time: Tue Oct 25 13:21:45 2022 West Bank Gaza Daylight Time elapsed time: 2.784121 seconds (0d 0h 0m 2s)

---------------  T H R E A D  ---------------

Current thread (0x000002c6445a37c0):  JavaThread "Start Level: Equinox Container: f81c5c36-9782-4dc5-aba9-a4fd00d1ced6" daemon [_thread_in_vm, id=15608, stack(0x000000f203a00000,0x000000f203b00000)]

Stack: [0x000000f203a00000,0x000000f203b00000]
Native frames: (J=compiled Java code, j=interpreted, Vv=VM code, C=native code)
V  [jvm.dll+0x67731a]
V  [jvm.dll+0x832284]
V  [jvm.dll+0x833a2e]
V  [jvm.dll+0x834093]
V  [jvm.dll+0x245775]
V  [jvm.dll+0x82e22b]
V  [jvm.dll+0x61bdf6]
V  [jvm.dll+0x1c07be]
V  [jvm.dll+0x61e741]
V  [jvm.dll+0x61c796]
V  [jvm.dll+0x23b260]
V  [jvm.dll+0x1eafbd]
V  [jvm.dll+0x1e09f1]
V  [jvm.dll+0x53c910]
V  [jvm.dll+0x7ad138]
V  [jvm.dll+0x7ad224]
V  [jvm.dll+0x40ccd5]
V  [jvm.dll+0x412ec8]
C  [java.dll+0x17ec]

Java frames: (J=compiled Java code, j=interpreted, Vv=VM code)
J 1047  java.lang.ClassLoader.defineClass1(Ljava/lang/ClassLoader;Ljava/lang/String;[BIILjava/security/ProtectionDomain;Ljava/lang/String;)Ljava/lang/Class; java.base@17.0.4.1 (0 bytes) @ 0x000002c638b5d95b [0x000002c638b5d8a0+0x00000000000000bb]
J 1641 c1 java.lang.ClassLoader.defineClass(Ljava/lang/String;[BIILjava/security/ProtectionDomain;)Ljava/lang/Class; java.base@17.0.4.1 (43 bytes) @ 0x000002c6318c4c54 [0x000002c6318c4900+0x0000000000000354]
j  org.eclipse.osgi.internal.loader.ModuleClassLoader.defineClass(Ljava/lang/String;[BLorg/eclipse/osgi/internal/loader/classpath/ClasspathEntry;)Lorg/eclipse/osgi/internal/loader/ModuleClassLoader$DefineClassResult;+42
J 1925 c1 org.eclipse.osgi.internal.loader.classpath.ClasspathManager.defineClass(Ljava/lang/String;[BLorg/eclipse/osgi/internal/loader/classpath/ClasspathEntry;Lorg/eclipse/osgi/storage/bundlefile/BundleEntry;Ljava/util/List;)Ljava/lang/Class; (636 bytes) @ 0x000002c631973f34 [0x000002c631972560+0x00000000000019d4]
J 1683 c1 org.eclipse.osgi.internal.loader.classpath.ClasspathManager.findClassImpl(Ljava/lang/String;Lorg/eclipse/osgi/internal/loader/classpath/ClasspathEntry;Ljava/util/List;)Ljava/lang/Class; (308 bytes) @ 0x000002c6318f24f4 [0x000002c6318ef740+0x0000000000002db4]
J 1909 c1 org.eclipse.osgi.internal.loader.classpath.ClasspathManager.findLocalClassImpl(Ljava/lang/String;[Lorg/eclipse/osgi/internal/loader/classpath/ClasspathEntry;Ljava/util/List;)Ljava/lang/Class; (55 bytes) @ 0x000002c63196c14c [0x000002c63196bfc0+0x000000000000018c]
J 1682 c1 org.eclipse.osgi.internal.loader.classpath.ClasspathManager.findLocalClassImpl(Ljava/lang/String;Ljava/util/List;)Ljava/lang/Class; (132 bytes) @ 0x000002c6318ee754 [0x000002c6318ee240+0x0000000000000514]
J 1771 c1 org.eclipse.osgi.internal.loader.classpath.ClasspathManager.findLocalClass(Ljava/lang/String;)Ljava/lang/Class; (210 bytes) @ 0x000002c63191bf3c [0x000002c63191b2a0+0x0000000000000c9c]
J 1675 c1 org.eclipse.osgi.internal.loader.BundleLoader.findLocalClass(Ljava/lang/String;)Ljava/lang/Class; (152 bytes) @ 0x000002c6318e346c [0x000002c6318e2c20+0x000000000000084c]
J 1606 c1 org.eclipse.osgi.internal.loader.BundleLoader.findClass0(Ljava/lang/String;ZZ)Ljava/lang/Class; (466 bytes) @ 0x000002c6318b3594 [0x000002c6318b0ea0+0x00000000000026f4]
J 1605 c1 org.eclipse.osgi.internal.loader.BundleLoader.findClass(Ljava/lang/String;)Ljava/lang/Class; (8 bytes) @ 0x000002c6318b059c [0x000002c6318b0520+0x000000000000007c]
J 1608 c1 org.eclipse.osgi.internal.loader.ModuleClassLoader.loadClass(Ljava/lang/String;Z)Ljava/lang/Class; (36 bytes) @ 0x000002c6318b733c [0x000002c6318b7120+0x000000000000021c]
J 783 c1 java.lang.ClassLoader.loadClass(Ljava/lang/String;)Ljava/lang/Class; java.base@17.0.4.1 (7 bytes) @ 0x000002c63171713c [0x000002c631717040+0x00000000000000fc]
v  ~StubRoutines::call_stub
j  org.eclipse.core.internal.resources.Workspace.startup(Lorg/eclipse/core/runtime/IProgressMonitor;)V+60
j  org.eclipse.core.internal.resources.Workspace.open(Lorg/eclipse/core/runtime/IProgressMonitor;)Lorg/eclipse/core/runtime/IStatus;+136
j  org.eclipse.core.resources.ResourcesPlugin$WorkspaceInitCustomizer.addingService(Lorg/osgi/framework/ServiceReference;)Lorg/eclipse/core/internal/resources/Workspace;+45
j  org.eclipse.core.resources.ResourcesPlugin$WorkspaceInitCustomizer.addingService(Lorg/osgi/framework/ServiceReference;)Ljava/lang/Object;+5
j  org.osgi.util.tracker.ServiceTracker$Tracked.customizerAdding(Lorg/osgi/framework/ServiceReference;Lorg/osgi/framework/ServiceEvent;)Ljava/lang/Object;+8
j  org.osgi.util.tracker.ServiceTracker$Tracked.customizerAdding(Ljava/lang/Object;Ljava/lang/Object;)Ljava/lang/Object;+9
j  org.osgi.util.tracker.AbstractTracked.trackAdding(Ljava/lang/Object;Ljava/lang/Object;)V+8
j  org.osgi.util.tracker.AbstractTracked.trackInitial()V+90
j  org.osgi.util.tracker.ServiceTracker.open(Z)V+198
j  org.osgi.util.tracker.ServiceTracker.open()V+2
j  org.eclipse.core.resources.ResourcesPlugin.start(Lorg/osgi/framework/BundleContext;)V+106
j  org.eclipse.osgi.internal.framework.BundleContextImpl$2.run()Ljava/lang/Void;+23
j  org.eclipse.osgi.internal.framework.BundleContextImpl$2.run()Ljava/lang/Object;+1
J 1201 c1 java.security.AccessController.executePrivileged(Ljava/security/PrivilegedExceptionAction;Ljava/security/AccessControlContext;Ljava/lang/Class;)Ljava/lang/Object; java.base@17.0.4.1 (65 bytes) @ 0x000002c6317ef734 [0x000002c6317ef5e0+0x0000000000000154]
j  java.security.AccessController.doPrivileged(Ljava/security/PrivilegedExceptionAction;)Ljava/lang/Object;+9 java.base@17.0.4.1
j  org.eclipse.osgi.internal.framework.BundleContextImpl.startActivator(Lorg/osgi/framework/BundleActivator;)V+9
j  org.eclipse.osgi.internal.framework.BundleContextImpl.start()V+134
j  org.eclipse.osgi.internal.framework.EquinoxBundle.startWorker0()V+35
j  org.eclipse.osgi.internal.framework.EquinoxBundle$EquinoxModule.startWorker()V+4
j  org.eclipse.osgi.container.Module.doStart([Lorg/eclipse/osgi/container/Module$StartOptions;)Lorg/eclipse/osgi/container/ModuleContainerAdaptor$ModuleEvent;+190
j  org.eclipse.osgi.container.Module.start([Lorg/eclipse/osgi/container/Module$StartOptions;)V+460
j  org.eclipse.osgi.framework.util.SecureAction.start(Lorg/eclipse/osgi/container/Module;[Lorg/eclipse/osgi/container/Module$StartOptions;)V+8
J 1677 c1 org.eclipse.osgi.internal.hooks.EclipseLazyStarter.postFindLocalClass(Ljava/lang/String;Ljava/lang/Class;Lorg/eclipse/osgi/internal/loader/classpath/ClasspathManager;)V (394 bytes) @ 0x000002c6318e785c [0x000002c6318e68e0+0x0000000000000f7c]
J 1771 c1 org.eclipse.osgi.internal.loader.classpath.ClasspathManager.findLocalClass(Ljava/lang/String;)Ljava/lang/Class; (210 bytes) @ 0x000002c63191c254 [0x000002c63191b2a0+0x0000000000000fb4]
J 1675 c1 org.eclipse.osgi.internal.loader.BundleLoader.findLocalClass(Ljava/lang/String;)Ljava/lang/Class; (152 bytes) @ 0x000002c6318e346c [0x000002c6318e2c20+0x000000000000084c]
J 1606 c1 org.eclipse.osgi.internal.loader.BundleLoader.findClass0(Ljava/lang/String;ZZ)Ljava/lang/Class; (466 bytes) @ 0x000002c6318b3594 [0x000002c6318b0ea0+0x00000000000026f4]
J 1605 c1 org.eclipse.osgi.internal.loader.BundleLoader.findClass(Ljava/lang/String;)Ljava/lang/Class; (8 bytes) @ 0x000002c6318b059c [0x000002c6318b0520+0x000000000000007c]
J 1608 c1 org.eclipse.osgi.internal.loader.ModuleClassLoader.loadClass(Ljava/lang/String;Z)Ljava/lang/Class; (36 bytes) @ 0x000002c6318b733c [0x000002c6318b7120+0x000000000000021c]
J 783 c1 java.lang.ClassLoader.loadClass(Ljava/lang/String;)Ljava/lang/Class; java.base@17.0.4.1 (7 bytes) @ 0x000002c63171713c [0x000002c631717040+0x00000000000000fc]
v  ~StubRoutines::call_stub
j  java.lang.Class.getDeclaredConstructors0(Z)[Ljava/lang/reflect/Constructor;+0 java.base@17.0.4.1
j  java.lang.Class.privateGetDeclaredConstructors(Z)[Ljava/lang/reflect/Constructor;+52 java.base@17.0.4.1
j  java.lang.Class.getConstructor0([Ljava/lang/Class;I)Ljava/lang/reflect/Constructor;+14 java.base@17.0.4.1
j  java.lang.Class.getConstructor([Ljava/lang/Class;)Ljava/lang/reflect/Constructor;+24 java.base@17.0.4.1
j  org.eclipse.osgi.internal.framework.BundleContextImpl.loadBundleActivator()Lorg/osgi/framework/BundleActivator;+105
j  org.eclipse.osgi.internal.framework.BundleContextImpl.start()V+18
j  org.eclipse.osgi.internal.framework.EquinoxBundle.startWorker0()V+35
j  org.eclipse.osgi.internal.framework.EquinoxBundle$EquinoxModule.startWorker()V+4
j  org.eclipse.osgi.container.Module.doStart([Lorg/eclipse/osgi/container/Module$StartOptions;)Lorg/eclipse/osgi/container/ModuleContainerAdaptor$ModuleEvent;+190
j  org.eclipse.osgi.container.Module.start([Lorg/eclipse/osgi/container/Module$StartOptions;)V+460
j  org.eclipse.osgi.container.ModuleContainer$ContainerStartLevel$2.run()V+71
j  org.eclipse.osgi.internal.framework.EquinoxContainerAdaptor$1$1.execute(Ljava/lang/Runnable;)V+1
j  org.eclipse.osgi.container.ModuleContainer$ContainerStartLevel.incStartLevel(ILjava/util/List;Z)V+192
j  org.eclipse.osgi.container.ModuleContainer$ContainerStartLevel.incStartLevel(ILjava/util/List;Ljava/util/List;Ljava/util/List;Ljava/util/List;)V+19
j  org.eclipse.osgi.container.ModuleContainer$ContainerStartLevel.doContainerStartLevel(Lorg/eclipse/osgi/container/Module;I[Lorg/osgi/framework/FrameworkListener;)V+349
j  org.eclipse.osgi.container.ModuleContainer$ContainerStartLevel.dispatchEvent(Lorg/eclipse/osgi/container/Module;[Lorg/osgi/framework/FrameworkListener;ILjava/lang/Integer;)V+32
j  org.eclipse.osgi.container.ModuleContainer$ContainerStartLevel.dispatchEvent(Ljava/lang/Object;Ljava/lang/Object;ILjava/lang/Object;)V+15
j  org.eclipse.osgi.framework.eventmgr.EventManager.dispatchEvent(Ljava/util/Set;Lorg/eclipse/osgi/framework/eventmgr/EventDispatcher;ILjava/lang/Object;)V+48
j  org.eclipse.osgi.framework.eventmgr.EventManager$EventThread.run()V+26
v  ~StubRoutines::call_stub

---------------  P R O C E S S  ---------------

Threads class SMR info:
_java_thread_list=0x000002c645415180, length=18, elements={
0x000002c62e3b3920, 0x000002c62e46b5c0, 0x000002c62e46c080, 0x000002c6421dbcd0,
0x000002c6421dc790, 0x000002c64220a010, 0x000002c64220b8e0, 0x000002c64220c4d0,
0x000002c64220cdd0, 0x000002c643c59710, 0x000002c643c73f20, 0x000002c643eae3b0,
0x000002c6447becf0, 0x000002c6445a2d40, 0x000002c6445a37c0, 0x000002c6447c4a00,
0x000002c64470cc30, 0x000002c6454f1550
}

Java Threads: ( => current thread )
  0x000002c62e3b3920 JavaThread "main" [_thread_blocked, id=1008, stack(0x000000f202500000,0x000000f202600000)]
  0x000002c62e46b5c0 JavaThread "Reference Handler" daemon [_thread_blocked, id=29608, stack(0x000000f202800000,0x000000f202900000)]
  0x000002c62e46c080 JavaThread "Finalizer" daemon [_thread_blocked, id=16224, stack(0x000000f202900000,0x000000f202a00000)]
  0x000002c6421dbcd0 JavaThread "Signal Dispatcher" daemon [_thread_blocked, id=16220, stack(0x000000f202a00000,0x000000f202b00000)]
  0x000002c6421dc790 JavaThread "Attach Listener" daemon [_thread_blocked, id=19940, stack(0x000000f202b00000,0x000000f202c00000)]
  0x000002c64220a010 JavaThread "Service Thread" daemon [_thread_blocked, id=26736, stack(0x000000f202c00000,0x000000f202d00000)]
  0x000002c64220b8e0 JavaThread "Monitor Deflation Thread" daemon [_thread_blocked, id=31012, stack(0x000000f202d00000,0x000000f202e00000)]
  0x000002c64220c4d0 JavaThread "C2 CompilerThread0" daemon [_thread_blocked, id=12316, stack(0x000000f202e00000,0x000000f202f00000)]
  0x000002c64220cdd0 JavaThread "C1 CompilerThread0" daemon [_thread_blocked, id=10408, stack(0x000000f202f00000,0x000000f203000000)]
  0x000002c643c59710 JavaThread "Sweeper thread" daemon [_thread_blocked, id=27536, stack(0x000000f203000000,0x000000f203100000)]
  0x000002c643c73f20 JavaThread "Common-Cleaner" daemon [_thread_blocked, id=30160, stack(0x000000f203100000,0x000000f203200000)]
  0x000002c643eae3b0 JavaThread "Notification Thread" daemon [_thread_blocked, id=30272, stack(0x000000f203200000,0x000000f203300000)]
  0x000002c6447becf0 JavaThread "Active Thread: Equinox Container: f81c5c36-9782-4dc5-aba9-a4fd00d1ced6" [_thread_blocked, id=13128, stack(0x000000f203800000,0x000000f203900000)]
  0x000002c6445a2d40 JavaThread "Framework Event Dispatcher: Equinox Container: f81c5c36-9782-4dc5-aba9-a4fd00d1ced6" daemon [_thread_blocked, id=28264, stack(0x000000f203900000,0x000000f203a00000)]
=>0x000002c6445a37c0 JavaThread "Start Level: Equinox Container: f81c5c36-9782-4dc5-aba9-a4fd00d1ced6" daemon [_thread_in_vm, id=15608, stack(0x000000f203a00000,0x000000f203b00000)]
  0x000002c6447c4a00 JavaThread "SCR Component Actor" daemon [_thread_blocked, id=11396, stack(0x000000f203b00000,0x000000f203c00000)]
  0x000002c64470cc30 JavaThread "SCR Component Registry" daemon [_thread_blocked, id=14948, stack(0x000000f203c00000,0x000000f203d00000)]
  0x000002c6454f1550 JavaThread "Worker-JM" [_thread_blocked, id=12036, stack(0x000000f203700000,0x000000f203800000)]

Other Threads:
  0x000002c6421bcb20 VMThread "VM Thread" [stack: 0x000000f202700000,0x000000f202800000] [id=31196]
  0x000002c643eaf810 WatcherThread [stack: 0x000000f203300000,0x000000f203400000] [id=15084]
  0x000002c62e3c8b00 GCTaskThread "GC Thread#0" [stack: 0x000000f202600000,0x000000f202700000] [id=13692]
  0x000002c64451c340 GCTaskThread "GC Thread#1" [stack: 0x000000f203400000,0x000000f203500000] [id=29972]
  0x000002c64451c8a0 GCTaskThread "GC Thread#2" [stack: 0x000000f203500000,0x000000f203600000] [id=26952]
  0x000002c64451b880 GCTaskThread "GC Thread#3" [stack: 0x000000f203600000,0x000000f203700000] [id=29592]

Threads with active compile tasks:

VM state: not at safepoint (normal execution)

VM Mutex/Monitor currently owned by a thread:  ([mutex/lock_event])
[0x000002c62e3b0440] Metaspace_lock - owner thread: 0x000002c6445a37c0

Heap address: 0x00000000c0000000, size: 1024 MB, Compressed Oops mode: 32-bit

CDS archive(s) not mapped
Compressed class space mapped at: 0x0000000100000000-0x0000000140000000, reserved size: 1073741824
Narrow klass base: 0x0000000000000000, Narrow klass shift: 3, Narrow klass range: 0x140000000

GC Precious Log:
 CPUs: 4 total, 4 available
 Memory: 7991M
 Large Page Support: Disabled
 NUMA Support: Disabled
 Compressed Oops: Enabled (32-bit)
 Alignments: Space 512K, Generation 512K, Heap 2M
 Heap Min Capacity: 100M
 Heap Initial Capacity: 100M
 Heap Max Capacity: 1G
 Pre-touch: Disabled
 Parallel Workers: 4

Heap:
 PSYoungGen      total 29696K, used 24845K [0x00000000eab00000, 0x00000000ecc00000, 0x0000000100000000)
  eden space 25600K, 81% used [0x00000000eab00000,0x00000000ebf43f88,0x00000000ec400000)
  from space 4096K, 99% used [0x00000000ec800000,0x00000000ecbff718,0x00000000ecc00000)
  to   space 4096K, 0% used [0x00000000ec400000,0x00000000ec400000,0x00000000ec800000)
 ParOldGen       total 68608K, used 704K [0x00000000c0000000, 0x00000000c4300000, 0x00000000eab00000)
  object space 68608K, 1% used [0x00000000c0000000,0x00000000c00b0350,0x00000000c4300000)
 Metaspace       used 19284K, committed 19648K, reserved 1073152K
  class space    used 1964K, committed 2112K, reserved 1048576K

Card table byte_map: [0x000002c62dd60000,0x000002c62df70000] _byte_map_base: 0x000002c62d760000

Marking Bits: (ParMarkBitMap*) 0x00007ffad5452cc0
 Begin Bits: [0x000002c640030000, 0x000002c641030000)
 End Bits:   [0x000002c641030000, 0x000002c642030000)

Polling page: 0x000002c62c390000

Metaspace:

Usage:
  Non-class:     16.91 MB used.
      Class:      1.92 MB used.
       Both:     18.83 MB used.

Virtual space:
  Non-class space:       24.00 MB reserved,      17.12 MB ( 71%) committed,  3 nodes.
      Class space:        1.00 GB reserved,       2.06 MB ( <1%) committed,  1 nodes.
             Both:        1.02 GB reserved,      19.19 MB (  2%) committed. 

Chunk freelists:
   Non-Class:  1.98 MB
       Class:  1.89 MB
        Both:  3.88 MB

MaxMetaspaceSize: unlimited
CompressedClassSpaceSize: 1.00 GB
Initial GC threshold: 21.00 MB
Current GC threshold: 21.00 MB
CDS: off
MetaspaceReclaimPolicy: balanced
 - commit_granule_bytes: 65536.
 - commit_granule_words: 8192.
 - virtual_space_node_default_size: 1048576.
 - enlarge_chunks_in_place: 1.
 - new_chunks_are_fully_committed: 0.
 - uncommit_free_chunks: 1.
 - use_allocation_guard: 0.
 - handle_deallocations: 1.


Internal statistics:

num_allocs_failed_limit: 0.
num_arena_births: 156.
num_arena_deaths: 0.
num_vsnodes_births: 4.
num_vsnodes_deaths: 0.
num_space_committed: 307.
num_space_uncommitted: 0.
num_chunks_returned_to_freelist: 0.
num_chunks_taken_from_freelist: 541.
num_chunk_merges: 0.
num_chunk_splits: 365.
num_chunks_enlarged: 271.
num_purges: 0.
num_inconsistent_stats: 0.

CodeHeap 'non-profiled nmethods': size=120000Kb used=800Kb max_used=800Kb free=119199Kb
 bounds [0x000002c638b00000, 0x000002c638d70000, 0x000002c640030000]
CodeHeap 'profiled nmethods': size=120000Kb used=3999Kb max_used=3999Kb free=116000Kb
 bounds [0x000002c6315d0000, 0x000002c6319c0000, 0x000002c638b00000]
CodeHeap 'non-nmethods': size=5760Kb used=1193Kb max_used=1210Kb free=4566Kb
 bounds [0x000002c631030000, 0x000002c6312a0000, 0x000002c6315d0000]
 total_blobs=2493 nmethods=2013 adapters=394
 compilation: enabled
              stopped_count=0, restarted_count=0
 full_count=0

Compilation events (20 events):
Event: 2.717 Thread 0x000002c64220cdd0 2005       3       java.lang.Class::getReflectionFactory (26 bytes)
Event: 2.717 Thread 0x000002c64220cdd0 nmethod 2005 0x000002c6319b0b10 code [0x000002c6319b0d40, 0x000002c6319b14f8]
Event: 2.719 Thread 0x000002c64220cdd0 2006       3       java.lang.invoke.MethodHandles$Lookup::in (283 bytes)
Event: 2.720 Thread 0x000002c64220cdd0 nmethod 2006 0x000002c6319b1810 code [0x000002c6319b1c40, 0x000002c6319b3708]
Event: 2.721 Thread 0x000002c64220cdd0 2007   !   3       java.util.Collections$SynchronizedMap::get (25 bytes)
Event: 2.721 Thread 0x000002c64220cdd0 nmethod 2007 0x000002c6319b4010 code [0x000002c6319b41c0, 0x000002c6319b4468]
Event: 2.722 Thread 0x000002c64220cdd0 2008       3       org.eclipse.core.internal.preferences.EclipsePreferences::checkRemoved (26 bytes)
Event: 2.722 Thread 0x000002c64220cdd0 nmethod 2008 0x000002c6319b4590 code [0x000002c6319b4760, 0x000002c6319b4a58]
Event: 2.722 Thread 0x000002c64220cdd0 2009       3       jdk.internal.org.objectweb.asm.ClassReader::readUtf (161 bytes)
Event: 2.723 Thread 0x000002c64220cdd0 nmethod 2009 0x000002c6319b4b90 code [0x000002c6319b4d60, 0x000002c6319b51c8]
Event: 2.729 Thread 0x000002c64220c4d0 2010       4       java.util.HashMap::<init> (8 bytes)
Event: 2.729 Thread 0x000002c64220c4d0 nmethod 2010 0x000002c638bc6490 code [0x000002c638bc6600, 0x000002c638bc66d8]
Event: 2.729 Thread 0x000002c64220c4d0 2011 %     4       java.util.Properties$LineReader::readLine @ 53 (584 bytes)
Event: 2.730 Thread 0x000002c64220cdd0 2012       3       java.util.WeakHashMap::getTable (9 bytes)
Event: 2.730 Thread 0x000002c64220cdd0 nmethod 2012 0x000002c6319b5490 code [0x000002c6319b5620, 0x000002c6319b5768]
Event: 2.743 Thread 0x000002c64220c4d0 nmethod 2011% 0x000002c638bc6810 code [0x000002c638bc6a00, 0x000002c638bc78c8]
Event: 2.752 Thread 0x000002c64220cdd0 2013       3       java.util.WeakHashMap::get (75 bytes)
Event: 2.752 Thread 0x000002c64220cdd0 nmethod 2013 0x000002c6319b5810 code [0x000002c6319b5a40, 0x000002c6319b62d8]
Event: 2.756 Thread 0x000002c64220cdd0 2014       3       java.util.WeakHashMap::put (160 bytes)
Event: 2.756 Thread 0x000002c64220cdd0 nmethod 2014 0x000002c6319b6690 code [0x000002c6319b6900, 0x000002c6319b7748]

GC Heap History (4 events):
Event: 1.443 GC heap before
{Heap before GC invocations=1 (full 0):
 PSYoungGen      total 29696K, used 25600K [0x00000000eab00000, 0x00000000ecc00000, 0x0000000100000000)
  eden space 25600K, 100% used [0x00000000eab00000,0x00000000ec400000,0x00000000ec400000)
  from space 4096K, 0% used [0x00000000ec800000,0x00000000ec800000,0x00000000ecc00000)
  to   space 4096K, 0% used [0x00000000ec400000,0x00000000ec400000,0x00000000ec800000)
 ParOldGen       total 68608K, used 0K [0x00000000c0000000, 0x00000000c4300000, 0x00000000eab00000)
  object space 68608K, 0% used [0x00000000c0000000,0x00000000c0000000,0x00000000c4300000)
 Metaspace       used 10863K, committed 11008K, reserved 1064960K
  class space    used 1089K, committed 1152K, reserved 1048576K
}
Event: 1.464 GC heap after
{Heap after GC invocations=1 (full 0):
 PSYoungGen      total 29696K, used 3240K [0x00000000eab00000, 0x00000000ecc00000, 0x0000000100000000)
  eden space 25600K, 0% used [0x00000000eab00000,0x00000000eab00000,0x00000000ec400000)
  from space 4096K, 79% used [0x00000000ec400000,0x00000000ec72a208,0x00000000ec800000)
  to   space 4096K, 0% used [0x00000000ec800000,0x00000000ec800000,0x00000000ecc00000)
 ParOldGen       total 68608K, used 0K [0x00000000c0000000, 0x00000000c4300000, 0x00000000eab00000)
  object space 68608K, 0% used [0x00000000c0000000,0x00000000c0000000,0x00000000c4300000)
 Metaspace       used 10863K, committed 11008K, reserved 1064960K
  class space    used 1089K, committed 1152K, reserved 1048576K
}
Event: 2.201 GC heap before
{Heap before GC invocations=2 (full 0):
 PSYoungGen      total 29696K, used 28840K [0x00000000eab00000, 0x00000000ecc00000, 0x0000000100000000)
  eden space 25600K, 100% used [0x00000000eab00000,0x00000000ec400000,0x00000000ec400000)
  from space 4096K, 79% used [0x00000000ec400000,0x00000000ec72a208,0x00000000ec800000)
  to   space 4096K, 0% used [0x00000000ec800000,0x00000000ec800000,0x00000000ecc00000)
 ParOldGen       total 68608K, used 0K [0x00000000c0000000, 0x00000000c4300000, 0x00000000eab00000)
  object space 68608K, 0% used [0x00000000c0000000,0x00000000c0000000,0x00000000c4300000)
 Metaspace       used 15207K, committed 15424K, reserved 1064960K
  class space    used 1552K, committed 1664K, reserved 1048576K
}
Event: 2.204 GC heap after
{Heap after GC invocations=2 (full 0):
 PSYoungGen      total 29696K, used 4093K [0x00000000eab00000, 0x00000000ecc00000, 0x0000000100000000)
  eden space 25600K, 0% used [0x00000000eab00000,0x00000000eab00000,0x00000000ec400000)
  from space 4096K, 99% used [0x00000000ec800000,0x00000000ecbff718,0x00000000ecc00000)
  to   space 4096K, 0% used [0x00000000ec400000,0x00000000ec400000,0x00000000ec800000)
 ParOldGen       total 68608K, used 704K [0x00000000c0000000, 0x00000000c4300000, 0x00000000eab00000)
  object space 68608K, 1% used [0x00000000c0000000,0x00000000c00b0350,0x00000000c4300000)
 Metaspace       used 15207K, committed 15424K, reserved 1064960K
  class space    used 1552K, committed 1664K, reserved 1048576K
}

Deoptimization events (20 events):
Event: 2.437 Thread 0x000002c6445a37c0 Uncommon trap: trap_request=0xffffffc6 fr.pc=0x000002c638bacf4c relative=0x0000000000000d0c
Event: 2.437 Thread 0x000002c6445a37c0 Uncommon trap: reason=bimorphic_or_optimized_type_check action=maybe_recompile pc=0x000002c638bacf4c method=java.io.DataInputStream.readInt()I @ 4 c2
Event: 2.437 Thread 0x000002c6445a37c0 DEOPT PACKING pc=0x000002c638bacf4c sp=0x000000f203af8660
Event: 2.437 Thread 0x000002c6445a37c0 DEOPT UNPACKING pc=0x000002c631085923 sp=0x000000f203af8610 mode 2
Event: 2.443 Thread 0x000002c6445a37c0 Uncommon trap: trap_request=0xffffff45 fr.pc=0x000002c638b40df4 relative=0x0000000000000074
Event: 2.443 Thread 0x000002c6445a37c0 Uncommon trap: reason=unstable_if action=reinterpret pc=0x000002c638b40df4 method=jdk.internal.misc.Unsafe.convEndian(ZJ)J @ 4 c2
Event: 2.443 Thread 0x000002c6445a37c0 DEOPT PACKING pc=0x000002c638b40df4 sp=0x000000f203af7440
Event: 2.443 Thread 0x000002c6445a37c0 DEOPT UNPACKING pc=0x000002c631085923 sp=0x000000f203af7368 mode 2
Event: 2.478 Thread 0x000002c6445a37c0 Uncommon trap: trap_request=0xffffff45 fr.pc=0x000002c638b176b0 relative=0x0000000000000390
Event: 2.478 Thread 0x000002c6445a37c0 Uncommon trap: reason=unstable_if action=reinterpret pc=0x000002c638b176b0 method=java.lang.StringLatin1.canEncode(I)Z @ 4 c2
Event: 2.478 Thread 0x000002c6445a37c0 DEOPT PACKING pc=0x000002c638b176b0 sp=0x000000f203af8a00
Event: 2.478 Thread 0x000002c6445a37c0 DEOPT UNPACKING pc=0x000002c631085923 sp=0x000000f203af8928 mode 2
Event: 2.478 Thread 0x000002c6445a37c0 Uncommon trap: trap_request=0xffffff45 fr.pc=0x000002c638b16d94 relative=0x0000000000000374
Event: 2.478 Thread 0x000002c6445a37c0 Uncommon trap: reason=unstable_if action=reinterpret pc=0x000002c638b16d94 method=java.lang.AbstractStringBuilder.isLatin1()Z @ 10 c2
Event: 2.478 Thread 0x000002c6445a37c0 DEOPT PACKING pc=0x000002c638b16d94 sp=0x000000f203af8a20
Event: 2.478 Thread 0x000002c6445a37c0 DEOPT UNPACKING pc=0x000002c631085923 sp=0x000000f203af89a0 mode 2
Event: 2.484 Thread 0x000002c6445a37c0 Uncommon trap: trap_request=0xffffff45 fr.pc=0x000002c638b2b5c8 relative=0x0000000000000048
Event: 2.484 Thread 0x000002c6445a37c0 Uncommon trap: reason=unstable_if action=reinterpret pc=0x000002c638b2b5c8 method=java.lang.CharacterData.of(I)Ljava/lang/CharacterData; @ 4 c2
Event: 2.484 Thread 0x000002c6445a37c0 DEOPT PACKING pc=0x000002c638b2b5c8 sp=0x000000f203af81d0
Event: 2.484 Thread 0x000002c6445a37c0 DEOPT UNPACKING pc=0x000002c631085923 sp=0x000000f203af8168 mode 2

Classes unloaded (0 events):
No events

Classes redefined (0 events):
No events

Internal exceptions (20 events):
Event: 1.357 Thread 0x000002c62e3b3920 Exception <a 'java/lang/NoSuchMethodError'{0x00000000ec251500}: 'void java.lang.invoke.DirectMethodHandle$Holder.invokeStaticInit(java.lang.Object, java.lang.Object)'> (0x00000000ec251500) 
thrown [s\src\hotspot\share\interpreter\linkResolver.cpp, line 759]
Event: 1.357 Thread 0x000002c62e3b3920 Exception <a 'java/lang/NoSuchMethodError'{0x00000000ec25a1b8}: 'int java.lang.invoke.DirectMethodHandle$Holder.invokeStaticInit(java.lang.Object, java.lang.Object)'> (0x00000000ec25a1b8) 
thrown [s\src\hotspot\share\interpreter\linkResolver.cpp, line 759]
Event: 1.435 Thread 0x000002c62e3b3920 Exception <a 'java/lang/NoSuchMethodError'{0x00000000ec37ec78}: 'void java.lang.invoke.DirectMethodHandle$Holder.invokeSpecial(java.lang.Object, java.lang.Object, java.lang.Object)'> (0x00000000ec37ec78) 
thrown [s\src\hotspot\share\interpreter\linkResolver.cpp, line 759]
Event: 1.755 Thread 0x000002c62e3b3920 Exception <a 'java/lang/NoSuchMethodError'{0x00000000eb657b68}: 'java.lang.Object java.lang.invoke.DirectMethodHandle$Holder.newInvokeSpecial(java.lang.Object, int, java.lang.Object)'> (0x00000000eb657b68) 
thrown [s\src\hotspot\share\interpreter\linkResolver.cpp, line 759]
Event: 2.033 Thread 0x000002c62e3b3920 Exception <a 'java/lang/UnsatisfiedLinkError'{0x00000000ebb85530}: 'void org.eclipse.equinox.launcher.JNIBridge._update_splash()'> (0x00000000ebb85530) 
thrown [s\src\hotspot\share\prims\nativeLookup.cpp, line 543]
Event: 2.077 Thread 0x000002c6445a37c0 Exception <a 'java/lang/NoSuchMethodError'{0x00000000ebe344f0}: 'java.lang.Object java.lang.invoke.DirectMethodHandle$Holder.invokeStaticInit(java.lang.Object)'> (0x00000000ebe344f0) 
thrown [s\src\hotspot\share\interpreter\linkResolver.cpp, line 759]
Event: 2.343 Thread 0x000002c6445a37c0 Exception <a 'java/io/FileNotFoundException'{0x00000000eb116e00}> (0x00000000eb116e00) 
thrown [s\src\hotspot\share\prims\jni.cpp, line 516]
Event: 2.353 Thread 0x000002c6445a37c0 Exception <a 'java/lang/NullPointerException'{0x00000000eb1683f0}> (0x00000000eb1683f0) 
thrown [s\src\hotspot\share\interpreter\linkResolver.cpp, line 1350]
Event: 2.353 Thread 0x000002c6445a37c0 Exception <a 'java/lang/NullPointerException'{0x00000000eb168c18}> (0x00000000eb168c18) 
thrown [s\src\hotspot\share\interpreter\linkResolver.cpp, line 1350]
Event: 2.518 Thread 0x000002c6445a37c0 Exception <a 'java/lang/NoSuchMethodError'{0x00000000eb8ac690}: 'void java.lang.invoke.DirectMethodHandle$Holder.invokeInterface(java.lang.Object, java.lang.Object, java.lang.Object)'> (0x00000000eb8ac690) 
thrown [s\src\hotspot\share\interpreter\linkResolver.cpp, line 759]
Event: 2.627 Thread 0x000002c6445a37c0 Exception <a 'java/lang/NoSuchMethodError'{0x00000000ebbcd0e8}: 'java.lang.Object java.lang.invoke.Invokers$Holder.invokeExact_MT(java.lang.Object, java.lang.Object, java.lang.Object, java.lang.Object, java.lang.Object, java.lang.Object)'> (0x00000000ebbcd0e8) 
thrown [s\src\hotspot\share\interpreter\linkResolver.cpp, line 759]
Event: 2.690 Thread 0x000002c6445a37c0 Exception <a 'java/lang/NoSuchMethodError'{0x00000000ebcaf748}: 'java.lang.Object java.lang.invoke.DirectMethodHandle$Holder.invokeStatic(java.lang.Object, java.lang.Object, int)'> (0x00000000ebcaf748) 
thrown [s\src\hotspot\share\interpreter\linkResolver.cpp, line 759]
Event: 2.690 Thread 0x000002c6445a37c0 Exception <a 'java/lang/NoSuchMethodError'{0x00000000ebcb42f8}: 'void java.lang.invoke.DirectMethodHandle$Holder.invokeStatic(java.lang.Object, java.lang.Object, int, java.lang.Object)'> (0x00000000ebcb42f8) 
thrown [s\src\hotspot\share\interpreter\linkResolver.cpp, line 759]
Event: 2.691 Thread 0x000002c6445a37c0 Exception <a 'java/lang/NoSuchMethodError'{0x00000000ebcbba28}: 'void java.lang.invoke.DelegatingMethodHandle$Holder.delegate(java.lang.Object, java.lang.Object, int, java.lang.Object)'> (0x00000000ebcbba28) 
thrown [s\src\hotspot\share\interpreter\linkResolver.cpp, line 759]
Event: 2.692 Thread 0x000002c6445a37c0 Exception <a 'java/lang/NoSuchMethodError'{0x00000000ebcbfe10}: 'int java.lang.invoke.DirectMethodHandle$Holder.invokeSpecial(java.lang.Object, java.lang.Object, java.lang.Object)'> (0x00000000ebcbfe10) 
thrown [s\src\hotspot\share\interpreter\linkResolver.cpp, line 759]
Event: 2.693 Thread 0x000002c6445a37c0 Exception <a 'java/lang/NoSuchMethodError'{0x00000000ebcd0400}: 'int java.lang.invoke.DirectMethodHandle$Holder.invokeStatic(java.lang.Object, java.lang.Object, int)'> (0x00000000ebcd0400) 
thrown [s\src\hotspot\share\interpreter\linkResolver.cpp, line 759]
Event: 2.694 Thread 0x000002c6445a37c0 Exception <a 'java/lang/NoSuchMethodError'{0x00000000ebcd4428}: 'int java.lang.invoke.DirectMethodHandle$Holder.invokeSpecial(java.lang.Object, java.lang.Object, java.lang.Object, int)'> (0x00000000ebcd4428) 
thrown [s\src\hotspot\share\interpreter\linkResolver.cpp, line 759]
Event: 2.695 Thread 0x000002c6445a37c0 Exception <a 'java/lang/NoSuchMethodError'{0x00000000ebcef0f0}: 'java.lang.Object java.lang.invoke.DirectMethodHandle$Holder.invokeStatic(java.lang.Object, java.lang.Object, java.lang.Object, java.lang.Object, int)'> (0x00000000ebcef0f0) 
thrown [s\src\hotspot\share\interpreter\linkResolver.cpp, line 759]
Event: 2.696 Thread 0x000002c6445a37c0 Exception <a 'java/lang/NoSuchMethodError'{0x00000000ebcfb0e8}: 'java.lang.Object java.lang.invoke.DelegatingMethodHandle$Holder.reinvoke_L(java.lang.Object, java.lang.Object, java.lang.Object, java.lang.Object, int, int)'> (0x00000000ebcfb0e8) 
thrown [s\src\hotspot\share\interpreter\linkResolver.cpp, line 759]
Event: 2.697 Thread 0x000002c6445a37c0 Exception <a 'java/lang/NoSuchMethodError'{0x00000000ebd12ea8}: 'java.lang.Object java.lang.invoke.Invokers$Holder.invokeExact_MT(java.lang.Object, java.lang.Object, java.lang.Object, java.lang.Object)'> (0x00000000ebd12ea8) 
thrown [s\src\hotspot\share\interpreter\linkResolver.cpp, line 759]

VM Operations (20 events):
Event: 1.694 Executing VM operation: HandshakeAllThreads
Event: 1.709 Executing VM operation: HandshakeAllThreads done
Event: 1.713 Executing VM operation: HandshakeAllThreads
Event: 1.713 Executing VM operation: HandshakeAllThreads done
Event: 1.718 Executing VM operation: HandshakeAllThreads
Event: 1.718 Executing VM operation: HandshakeAllThreads done
Event: 1.750 Executing VM operation: HandshakeAllThreads
Event: 1.750 Executing VM operation: HandshakeAllThreads done
Event: 2.093 Executing VM operation: HandshakeAllThreads
Event: 2.094 Executing VM operation: HandshakeAllThreads done
Event: 2.201 Executing VM operation: ParallelGCFailedAllocation
Event: 2.204 Executing VM operation: ParallelGCFailedAllocation done
Event: 2.437 Executing VM operation: HandshakeAllThreads
Event: 2.437 Executing VM operation: HandshakeAllThreads done
Event: 2.484 Executing VM operation: HandshakeAllThreads
Event: 2.484 Executing VM operation: HandshakeAllThreads done
Event: 2.487 Executing VM operation: HandshakeAllThreads
Event: 2.487 Executing VM operation: HandshakeAllThreads done
Event: 2.690 Executing VM operation: HandshakeAllThreads
Event: 2.690 Executing VM operation: HandshakeAllThreads done

Events (20 events):
Event: 2.689 loading class java/lang/invoke/MethodHandleImpl$2
Event: 2.689 loading class java/lang/invoke/MethodHandleImpl$2 done
Event: 2.689 loading class java/lang/invoke/MethodHandleImpl$ArrayAccessor
Event: 2.689 loading class java/lang/invoke/MethodHandleImpl$ArrayAccessor done
Event: 2.689 loading class java/lang/invoke/MethodHandleImpl$ArrayAccessor$1
Event: 2.689 loading class java/lang/invoke/MethodHandleImpl$ArrayAccessor$1 done
Event: 2.689 loading class java/lang/ClassValue$ClassValueMap
Event: 2.689 loading class java/lang/ClassValue$ClassValueMap done
Event: 2.693 loading class sun/invoke/util/ValueConversions$WrapperCache
Event: 2.693 loading class sun/invoke/util/ValueConversions$WrapperCache done
Event: 2.693 loading class sun/invoke/util/ValueConversions$1
Event: 2.693 loading class sun/invoke/util/ValueConversions$1 done
Event: 2.694 loading class java/lang/invoke/BoundMethodHandle$Species_LI
Event: 2.694 loading class java/lang/invoke/BoundMethodHandle$Species_LI done
Event: 2.694 loading class java/lang/invoke/ClassSpecializer$Factory$1Var
Event: 2.694 loading class java/lang/invoke/ClassSpecializer$Factory$1Var done
Event: 2.728 loading class java/lang/IllegalCallerException
Event: 2.728 loading class java/lang/IllegalCallerException done
Event: 2.730 loading class java/lang/StackWalker$Option
Event: 2.730 loading class java/lang/StackWalker$Option done


Dynamic libraries:
0x00007ff7f6ec0000 - 0x00007ff7f6ece000 	c:\Users\user\.vscode\extensions\redhat.java-1.11.0-win32-x64\jre\17.0.4.1-win32-x86_64\bin\java.exe
0x00007ffb19db0000 - 0x00007ffb19fa7000 	C:\Windows\SYSTEM32\ntdll.dll
0x00007ffb17f60000 - 0x00007ffb1801d000 	C:\Windows\System32\KERNEL32.DLL
0x00007ffb17820000 - 0x00007ffb17aed000 	C:\Windows\System32\KERNELBASE.dll
0x00007ffb17af0000 - 0x00007ffb17bf0000 	C:\Windows\System32\ucrtbase.dll
0x00007ffb11350000 - 0x00007ffb11368000 	c:\Users\user\.vscode\extensions\redhat.java-1.11.0-win32-x64\jre\17.0.4.1-win32-x86_64\bin\jli.dll
0x00007ffb18260000 - 0x00007ffb18400000 	C:\Windows\System32\USER32.dll
0x00007ffb17d00000 - 0x00007ffb17d22000 	C:\Windows\System32\win32u.dll
0x00007ffb18230000 - 0x00007ffb1825a000 	C:\Windows\System32\GDI32.dll
0x00007ffb17bf0000 - 0x00007ffb17cfb000 	C:\Windows\System32\gdi32full.dll
0x00007ffb17630000 - 0x00007ffb176cd000 	C:\Windows\System32\msvcp_win.dll
0x00007ffb0ee70000 - 0x00007ffb0ee89000 	c:\Users\user\.vscode\extensions\redhat.java-1.11.0-win32-x64\jre\17.0.4.1-win32-x86_64\bin\VCRUNTIME140.dll
0x00007ffb04e60000 - 0x00007ffb050fa000 	C:\Windows\WinSxS\amd64_microsoft.windows.common-controls_6595b64144ccf1df_6.0.19041.1110_none_60b5254171f9507e\COMCTL32.dll
0x00007ffb18b90000 - 0x00007ffb18c2e000 	C:\Windows\System32\msvcrt.dll
0x00007ffb189b0000 - 0x00007ffb189e0000 	C:\Windows\System32\IMM32.DLL
0x000000006a7b0000 - 0x000000006a7bc000 	C:\Program Files (x86)\360\Total Security\safemon\SafeWrapper.dll
0x00007ffb17e30000 - 0x00007ffb17ede000 	C:\Windows\System32\ADVAPI32.dll
0x00007ffb188b0000 - 0x00007ffb1894c000 	C:\Windows\System32\sechost.dll
0x00007ffb184b0000 - 0x00007ffb185d5000 	C:\Windows\System32\RPCRT4.dll
0x00007ffaf9b10000 - 0x00007ffaf9ba2000 	C:\Program Files (x86)\360\Total Security\safemon\libzdtp64.dll
0x00007ffb19120000 - 0x00007ffb19864000 	C:\Windows\System32\SHELL32.dll
0x00007ffb18950000 - 0x00007ffb189a5000 	C:\Windows\System32\SHLWAPI.dll
0x00007ffb17080000 - 0x00007ffb1708a000 	C:\Windows\SYSTEM32\VERSION.dll
0x00007ffb12b90000 - 0x00007ffb12b9c000 	c:\Users\user\.vscode\extensions\redhat.java-1.11.0-win32-x64\jre\17.0.4.1-win32-x86_64\bin\vcruntime140_1.dll
0x00007ffaf3b60000 - 0x00007ffaf3bf1000 	c:\Users\user\.vscode\extensions\redhat.java-1.11.0-win32-x64\jre\17.0.4.1-win32-x86_64\bin\msvcp140.dll
0x00007ffad48d0000 - 0x00007ffad5516000 	c:\Users\user\.vscode\extensions\redhat.java-1.11.0-win32-x64\jre\17.0.4.1-win32-x86_64\bin\server\jvm.dll
0x00007ffb188a0000 - 0x00007ffb188a8000 	C:\Windows\System32\PSAPI.DLL
0x00007ffb03050000 - 0x00007ffb03059000 	C:\Windows\SYSTEM32\WSOCK32.dll
0x00007ffb19000000 - 0x00007ffb1906b000 	C:\Windows\System32\WS2_32.dll
0x00007ffafd130000 - 0x00007ffafd157000 	C:\Windows\SYSTEM32\WINMM.dll
0x00007ffb15cf0000 - 0x00007ffb15d02000 	C:\Windows\SYSTEM32\kernel.appcore.dll
0x00007ffb12b40000 - 0x00007ffb12b4a000 	c:\Users\user\.vscode\extensions\redhat.java-1.11.0-win32-x64\jre\17.0.4.1-win32-x86_64\bin\jimage.dll
0x00007ffb150e0000 - 0x00007ffb152c4000 	C:\Windows\SYSTEM32\DBGHELP.DLL
0x00007ffafbfa0000 - 0x00007ffafbfcc000 	C:\Windows\SYSTEM32\dbgcore.DLL
0x00007ffb176d0000 - 0x00007ffb17752000 	C:\Windows\System32\bcryptPrimitives.dll
0x00007ffb0f440000 - 0x00007ffb0f44e000 	c:\Users\user\.vscode\extensions\redhat.java-1.11.0-win32-x64\jre\17.0.4.1-win32-x86_64\bin\instrument.dll
0x00007ffb03080000 - 0x00007ffb030a5000 	c:\Users\user\.vscode\extensions\redhat.java-1.11.0-win32-x64\jre\17.0.4.1-win32-x86_64\bin\java.dll
0x00007ffb0ec70000 - 0x00007ffb0ec88000 	c:\Users\user\.vscode\extensions\redhat.java-1.11.0-win32-x64\jre\17.0.4.1-win32-x86_64\bin\zip.dll
0x00007ffb15540000 - 0x00007ffb15cd4000 	C:\Windows\SYSTEM32\windows.storage.dll
0x00007ffb18ca0000 - 0x00007ffb18ff4000 	C:\Windows\System32\combase.dll
0x00007ffb16ec0000 - 0x00007ffb16eec000 	C:\Windows\SYSTEM32\Wldp.dll
0x00007ffb19070000 - 0x00007ffb1911d000 	C:\Windows\System32\SHCORE.dll
0x00007ffb17410000 - 0x00007ffb1742f000 	C:\Windows\SYSTEM32\profapi.dll
0x00007ffb0d860000 - 0x00007ffb0d879000 	C:\Users\user\.vscode\extensions\redhat.java-1.11.0-win32-x64\jre\17.0.4.1-win32-x86_64\bin\net.dll
0x00007ffb11620000 - 0x00007ffb1172a000 	C:\Windows\SYSTEM32\WINHTTP.dll
0x00007ffb16c20000 - 0x00007ffb16c8a000 	C:\Windows\system32\mswsock.dll
0x00007ffb0b7d0000 - 0x00007ffb0b7e5000 	C:\Users\user\.vscode\extensions\redhat.java-1.11.0-win32-x64\jre\17.0.4.1-win32-x86_64\bin\nio.dll
0x00007ffb0f400000 - 0x00007ffb0f410000 	c:\Users\user\.vscode\extensions\redhat.java-1.11.0-win32-x64\jre\17.0.4.1-win32-x86_64\bin\verify.dll
0x00007ffb02fc0000 - 0x00007ffb02ffe000 	C:\Users\user\AppData\Roaming\Code\User\globalStorage\redhat.java\1.11.0\config_ss_win\org.eclipse.equinox.launcher\org.eclipse.equinox.launcher.win32.win32.x86_64_1.2.600.v20220720-1916\eclipse_11700.dll
0x00007ffb185e0000 - 0x00007ffb1870a000 	C:\Windows\System32\ole32.dll

dbghelp: loaded successfully - version: 4.0.5 - missing functions: none
symbol engine: initialized successfully - sym options: 0x614 - pdb path: .;c:\Users\user\.vscode\extensions\redhat.java-1.11.0-win32-x64\jre\17.0.4.1-win32-x86_64\bin;C:\Windows\SYSTEM32;C:\Windows\WinSxS\amd64_microsoft.windows.common-controls_6595b64144ccf1df_6.0.19041.1110_none_60b5254171f9507e;C:\Program Files (x86)\360\Total Security\safemon;c:\Users\user\.vscode\extensions\redhat.java-1.11.0-win32-x64\jre\17.0.4.1-win32-x86_64\bin\server;C:\Users\user\AppData\Roaming\Code\User\globalStorage\redhat.java\1.11.0\config_ss_win\org.eclipse.equinox.launcher\org.eclipse.equinox.launcher.win32.win32.x86_64_1.2.600.v20220720-1916

VM Arguments:
jvm_args: --add-modules=ALL-SYSTEM --add-opens=java.base/java.util=ALL-UNNAMED --add-opens=java.base/java.lang=ALL-UNNAMED --add-opens=java.base/sun.nio.fs=ALL-UNNAMED -Declipse.application=org.eclipse.jdt.ls.core.id1 -Dosgi.bundles.defaultStartLevel=4 -Declipse.product=org.eclipse.jdt.ls.core.product -Djava.import.generatesMetadataFilesAtProjectRoot=false -Dfile.encoding=utf8 -DwatchParentProcess=false -XX:+UseParallelGC -XX:GCTimeRatio=4 -XX:AdaptiveSizePolicyWeight=90 -Dsun.zip.disableMemoryMapping=true -Xmx1G -Xms100m -Xlog:disable -javaagent:c:\Users\user\.vscode\extensions\redhat.java-1.11.0-win32-x64\lombok\lombok-1.18.24.jar 
java_command: c:\Users\user\.vscode\extensions\redhat.java-1.11.0-win32-x64\server\plugins\org.eclipse.equinox.launcher_1.6.400.v20210924-0641.jar -configuration c:\Users\user\AppData\Roaming\Code\User\globalStorage\redhat.java\1.11.0\config_ss_win -data c:\Users\user\AppData\Roaming\Code\User\workspaceStorage\d3b671f8dc7c26fd06258ae229a5d4ff\redhat.java\ss_ws
java_class_path (initial): c:\Users\user\.vscode\extensions\redhat.java-1.11.0-win32-x64\server\plugins\org.eclipse.equinox.launcher_1.6.400.v20210924-0641.jar
Launcher Type: SUN_STANDARD

[Global flags]
    uintx AdaptiveSizePolicyWeight                 = 90                                        {product} {command line}
     intx CICompilerCount                          = 3                                         {product} {ergonomic}
    uintx GCTimeRatio                              = 4                                         {product} {command line}
   size_t InitialHeapSize                          = 104857600                                 {product} {command line}
   size_t MaxHeapSize                              = 1073741824                                {product} {command line}
   size_t MaxNewSize                               = 357564416                                 {product} {ergonomic}
   size_t MinHeapDeltaBytes                        = 524288                                    {product} {ergonomic}
   size_t MinHeapSize                              = 104857600                                 {product} {command line}
   size_t NewSize                                  = 34603008                                  {product} {ergonomic}
    uintx NonNMethodCodeHeapSize                   = 5832780                                {pd product} {ergonomic}
    uintx NonProfiledCodeHeapSize                  = 122912730                              {pd product} {ergonomic}
   size_t OldSize                                  = 70254592                                  {product} {ergonomic}
    uintx ProfiledCodeHeapSize                     = 122912730                              {pd product} {ergonomic}
    uintx ReservedCodeCacheSize                    = 251658240                              {pd product} {ergonomic}
     bool SegmentedCodeCache                       = true                                      {product} {ergonomic}
   size_t SoftMaxHeapSize                          = 1073741824                             {manageable} {ergonomic}
     bool UseCompressedClassPointers               = true                           {product lp64_product} {ergonomic}
     bool UseCompressedOops                        = true                           {product lp64_product} {ergonomic}
     bool UseLargePagesIndividualAllocation        = false                                  {pd product} {ergonomic}
     bool UseParallelGC                            = true                                      {product} {command line}

Logging:
Log output configuration:
 #0: stdout all=off uptime,level,tags
 #1: stderr all=off uptime,level,tags

Environment Variables:
PATH=C:\Program Files (x86)\Common Files\Oracle\Java\javapath;C:\ProgramData\Oracle\Java\javapath;C:\Windows\system32;C:\Windows;C:\Windows\System32\Wbem;C:\Windows\System32\WindowsPowerShell\v1.0\;C:\Windows\System32\OpenSSH\;C:\Program Files (x86)\nodejs\;C:\Program Files\Git\cmd;C:\Users\user\AppData\Local\Programs\Python\Python310\Scripts;C:\Users\user\AppData\Local\Programs\Python\Python310\Scripts\;C:\Users\user\AppData\Local\Programs\Python\Python310\;C:\Program Files\MySQL\MySQL Shell 8.0\bin\;C:\Users\user\AppData\Local\Microsoft\WindowsApps;C:\Users\user\AppData\Local\Programs\Microsoft VS Code\bin;C:\Users\user\AppData\Local\GitHubDesktop\bin;C:\Users\user\AppData\Roaming\npm;C:\Users\user\AppData\Local\Programs\Python\Python310\Scripts;C:\Windows\System32;C:\Users\user\AppData\Local\Programs\Python\Python310;C:\Program Files\Java\jdk1.8.0_351\bin;C:\Program Files\Java\jdk1.8.0_351\bin;
USERNAME=user
OS=Windows_NT
PROCESSOR_IDENTIFIER=Intel64 Family 6 Model 140 Stepping 1, GenuineIntel
TMP=C:\Users\user\AppData\Local\Temp
TEMP=C:\Users\user\AppData\Local\Temp



---------------  S Y S T E M  ---------------

OS:
 Windows 10 , 64 bit Build 19041 (10.0.19041.1741)
OS uptime: 2 days 4:46 hours

CPU: total 4 (initial active 4) (2 cores per cpu, 2 threads per core) family 6 model 140 stepping 1 microcode 0x66, cx8, cmov, fxsr, ht, mmx, 3dnowpref, sse, sse2, sse3, ssse3, sse4.1, sse4.2, popcnt, lzcnt, tsc, tscinvbit, avx, avx2, aes, erms, clmul, bmi1, bmi2, adx, avx512f, avx512dq, avx512cd, avx512bw, avx512vl, sha, fma, vzeroupper, avx512_vpopcntdq, avx512_vpclmulqdq, avx512_vaes, avx512_vnni, clflush, clflushopt, clwb, avx512_vbmi2, avx512_vbmi

Memory: 4k page, system-wide physical 7991M (1906M free)
TotalPageFile size 20414M (AvailPageFile size 0M)
current process WorkingSet (physical memory assigned to process): 98M, peak: 98M
current process commit charge ("private bytes"): 201M, peak: 201M

vm_info: OpenJDK 64-Bit Server VM (17.0.4.1+1) for windows-amd64 JRE (17.0.4.1+1), built on Aug 17 2022 07:42:43 by "temurin" with MS VC++ 16.7 (VS2019)

END.
