#
# There is insufficient memory for the Java Runtime Environment to continue.
# Native memory allocation (malloc) failed to allocate 925056 bytes for Chunk::new
# Possible reasons:
#   The system is out of physical RAM or swap space
#   The process is running with CompressedOops enabled, and the Java Heap may be blocking the growth of the native heap
# Possible solutions:
#   Reduce memory load on the system
#   Increase physical memory or swap space
#   Check if swap backing store is full
#   Decrease Java heap size (-Xmx/-Xms)
#   Decrease number of Java threads
#   Decrease Java thread stack sizes (-Xss)
#   Set larger code cache with -XX:ReservedCodeCacheSize=
#   JVM is running with Unscaled Compressed Oops mode in which the Java heap is
#     placed in the first 4GB address space. The Java Heap base address is the
#     maximum limit for the native heap growth. Please use -XX:HeapBaseMinAddress
#     to set the Java Heap base and to place the Java Heap above 4GB virtual address.
# This output file may be truncated or incomplete.
#
#  Out of Memory Error (arena.cpp:189), pid=31512, tid=15204
#
# JRE version: OpenJDK Runtime Environment Temurin-17.0.4.1+1 (17.0.4.1+1) (build 17.0.4.1+1)
# Java VM: OpenJDK 64-Bit Server VM Temurin-17.0.4.1+1 (17.0.4.1+1, mixed mode, tiered, compressed oops, compressed class ptrs, parallel gc, windows-amd64)
# No core dump will be written. Minidumps are not enabled by default on client versions of Windows
#

---------------  S U M M A R Y ------------

Command Line: --add-modules=ALL-SYSTEM --add-opens=java.base/java.util=ALL-UNNAMED --add-opens=java.base/java.lang=ALL-UNNAMED --add-opens=java.base/sun.nio.fs=ALL-UNNAMED -Declipse.application=org.eclipse.jdt.ls.core.id1 -Dosgi.bundles.defaultStartLevel=4 -Declipse.product=org.eclipse.jdt.ls.core.product -Djava.import.generatesMetadataFilesAtProjectRoot=false -Dfile.encoding=utf8 -DwatchParentProcess=false -XX:+UseParallelGC -XX:GCTimeRatio=4 -XX:AdaptiveSizePolicyWeight=90 -Dsun.zip.disableMemoryMapping=true -Xmx1G -Xms100m -Xlog:disable -javaagent:c:\Users\user\.vscode\extensions\redhat.java-1.11.0-win32-x64\lombok\lombok-1.18.24.jar c:\Users\user\.vscode\extensions\redhat.java-1.11.0-win32-x64\server\plugins\org.eclipse.equinox.launcher_1.6.400.v20210924-0641.jar -configuration c:\Users\user\AppData\Roaming\Code\User\globalStorage\redhat.java\1.11.0\config_ss_win -data c:\Users\user\AppData\Roaming\Code\User\workspaceStorage\d3b671f8dc7c26fd06258ae229a5d4ff\redhat.java\ss_ws

Host: 11th Gen Intel(R) Core(TM) i3-1115G4 @ 3.00GHz, 4 cores, 7G,  Windows 10 , 64 bit Build 19041 (10.0.19041.1741)
Time: Tue Oct 25 13:21:42 2022 West Bank Gaza Daylight Time elapsed time: 3.796517 seconds (0d 0h 0m 3s)

---------------  T H R E A D  ---------------

Current thread (0x000002448f3d8ad0):  JavaThread "C2 CompilerThread1" daemon [_thread_in_native, id=15204, stack(0x000000d7a5a00000,0x000000d7a5b00000)]


Current CompileTask:
C2:   3796 2280       4       org.objectweb.asm.ClassReader::readMethod (1066 bytes)

Stack: [0x000000d7a5a00000,0x000000d7a5b00000]
Native frames: (J=compiled Java code, j=interpreted, Vv=VM code, C=native code)
V  [jvm.dll+0x67731a]
V  [jvm.dll+0x832284]
V  [jvm.dll+0x833a2e]
V  [jvm.dll+0x834093]
V  [jvm.dll+0x245775]
V  [jvm.dll+0xabd7b]
V  [jvm.dll+0xac30c]
V  [jvm.dll+0x2ac80f]
V  [jvm.dll+0x57dd77]
V  [jvm.dll+0x220892]
V  [jvm.dll+0x220c6f]
V  [jvm.dll+0x21a4d5]
V  [jvm.dll+0x21799b]
V  [jvm.dll+0x1a3f8d]
V  [jvm.dll+0x227498]
V  [jvm.dll+0x2255e5]
V  [jvm.dll+0x7e7e9b]
V  [jvm.dll+0x7e240a]
V  [jvm.dll+0x6761a5]
C  [ucrtbase.dll+0x21bb2]
C  [KERNEL32.DLL+0x17034]
C  [ntdll.dll+0x52651]


---------------  P R O C E S S  ---------------

Threads class SMR info:
_java_thread_list=0x000002448f4f2340, length=21, elements={
0x00000244f6441b20, 0x00000244fd18aa10, 0x00000244fd18c5d0, 0x00000244fd1ca130,
0x00000244fd1cace0, 0x00000244fd1cb890, 0x00000244fd1cd350, 0x00000244fd19dd70,
0x00000244fec1cc40, 0x00000244fec2ace0, 0x00000244f64a42b0, 0x00000244fee26bd0,
0x00000244ff6f4510, 0x00000244ff45b590, 0x000002448f0d0c60, 0x00000244ff3dfc80,
0x000002448f10f030, 0x000002448f24bcf0, 0x000002448f31b540, 0x000002448f31b070,
0x000002448f3d8ad0
}

Java Threads: ( => current thread )
  0x00000244f6441b20 JavaThread "main" [_thread_blocked, id=21444, stack(0x000000d7a3f00000,0x000000d7a4000000)]
  0x00000244fd18aa10 JavaThread "Reference Handler" daemon [_thread_blocked, id=3468, stack(0x000000d7a4300000,0x000000d7a4400000)]
  0x00000244fd18c5d0 JavaThread "Finalizer" daemon [_thread_blocked, id=27632, stack(0x000000d7a4400000,0x000000d7a4500000)]
  0x00000244fd1ca130 JavaThread "Signal Dispatcher" daemon [_thread_blocked, id=3832, stack(0x000000d7a4500000,0x000000d7a4600000)]
  0x00000244fd1cace0 JavaThread "Attach Listener" daemon [_thread_blocked, id=26172, stack(0x000000d7a4600000,0x000000d7a4700000)]
  0x00000244fd1cb890 JavaThread "Service Thread" daemon [_thread_blocked, id=28352, stack(0x000000d7a4700000,0x000000d7a4800000)]
  0x00000244fd1cd350 JavaThread "Monitor Deflation Thread" daemon [_thread_blocked, id=28200, stack(0x000000d7a4800000,0x000000d7a4900000)]
  0x00000244fd19dd70 JavaThread "C2 CompilerThread0" daemon [_thread_in_native, id=6508, stack(0x000000d7a4900000,0x000000d7a4a00000)]
  0x00000244fec1cc40 JavaThread "C1 CompilerThread0" daemon [_thread_blocked, id=30732, stack(0x000000d7a4a00000,0x000000d7a4b00000)]
  0x00000244fec2ace0 JavaThread "Sweeper thread" daemon [_thread_blocked, id=22732, stack(0x000000d7a4b00000,0x000000d7a4c00000)]
  0x00000244f64a42b0 JavaThread "Common-Cleaner" daemon [_thread_blocked, id=31148, stack(0x000000d7a4c00000,0x000000d7a4d00000)]
  0x00000244fee26bd0 JavaThread "Notification Thread" daemon [_thread_blocked, id=19312, stack(0x000000d7a4d00000,0x000000d7a4e00000)]
  0x00000244ff6f4510 JavaThread "Active Thread: Equinox Container: 2143cfba-39c9-41df-96da-8dc3a9033265" [_thread_blocked, id=31740, stack(0x000000d7a5300000,0x000000d7a5400000)]
  0x00000244ff45b590 JavaThread "Framework Event Dispatcher: Equinox Container: 2143cfba-39c9-41df-96da-8dc3a9033265" daemon [_thread_blocked, id=12932, stack(0x000000d7a5400000,0x000000d7a5500000)]
  0x000002448f0d0c60 JavaThread "Start Level: Equinox Container: 2143cfba-39c9-41df-96da-8dc3a9033265" daemon [_thread_in_Java, id=23212, stack(0x000000d7a5500000,0x000000d7a5600000)]
  0x00000244ff3dfc80 JavaThread "SCR Component Actor" daemon [_thread_blocked, id=14264, stack(0x000000d7a5600000,0x000000d7a5700000)]
  0x000002448f10f030 JavaThread "SCR Component Registry" daemon [_thread_blocked, id=24084, stack(0x000000d7a5200000,0x000000d7a5300000)]
  0x000002448f24bcf0 JavaThread "Worker-JM" [_thread_blocked, id=30564, stack(0x000000d7a5700000,0x000000d7a5800000)]
  0x000002448f31b540 JavaThread "Worker-0" [_thread_blocked, id=27104, stack(0x000000d7a5800000,0x000000d7a5900000)]
  0x000002448f31b070 JavaThread "Worker-1" [_thread_blocked, id=30256, stack(0x000000d7a5900000,0x000000d7a5a00000)]
=>0x000002448f3d8ad0 JavaThread "C2 CompilerThread1" daemon [_thread_in_native, id=15204, stack(0x000000d7a5a00000,0x000000d7a5b00000)]

Other Threads:
  0x00000244fd176510 VMThread "VM Thread" [stack: 0x000000d7a4200000,0x000000d7a4300000] [id=31584]
  0x00000244fee270a0 WatcherThread [stack: 0x000000d7a4e00000,0x000000d7a4f00000] [id=18140]
  0x00000244f6457850 GCTaskThread "GC Thread#0" [stack: 0x000000d7a4100000,0x000000d7a4200000] [id=15288]
  0x00000244fefc42a0 GCTaskThread "GC Thread#1" [stack: 0x000000d7a4f00000,0x000000d7a5000000] [id=8500]
  0x00000244ff737040 GCTaskThread "GC Thread#2" [stack: 0x000000d7a5000000,0x000000d7a5100000] [id=2096]
  0x00000244ff7372f0 GCTaskThread "GC Thread#3" [stack: 0x000000d7a5100000,0x000000d7a5200000] [id=10832]

Threads with active compile tasks:
C2 CompilerThread0     3822 2328 %     4       java.util.Properties$LineReader::readLine @ 224 (584 bytes)
C2 CompilerThread1     3822 2280       4       org.objectweb.asm.ClassReader::readMethod (1066 bytes)

VM state: not at safepoint (normal execution)

VM Mutex/Monitor currently owned by a thread: None

Heap address: 0x00000000c0000000, size: 1024 MB, Compressed Oops mode: 32-bit

CDS archive(s) not mapped
Compressed class space mapped at: 0x0000000100000000-0x0000000140000000, reserved size: 1073741824
Narrow klass base: 0x0000000000000000, Narrow klass shift: 3, Narrow klass range: 0x140000000

GC Precious Log:
 CPUs: 4 total, 4 available
 Memory: 7991M
 Large Page Support: Disabled
 NUMA Support: Disabled
 Compressed Oops: Enabled (32-bit)
 Alignments: Space 512K, Generation 512K, Heap 2M
 Heap Min Capacity: 100M
 Heap Initial Capacity: 100M
 Heap Max Capacity: 1G
 Pre-touch: Disabled
 Parallel Workers: 4

Heap:
 PSYoungGen      total 25600K, used 17620K [0x00000000eab00000, 0x00000000ec900000, 0x0000000100000000)
  eden space 25088K, 69% used [0x00000000eab00000,0x00000000ebbe9b28,0x00000000ec380000)
  from space 512K, 58% used [0x00000000ec880000,0x00000000ec8cb658,0x00000000ec900000)
  to   space 2048K, 0% used [0x00000000ec500000,0x00000000ec500000,0x00000000ec700000)
 ParOldGen       total 68608K, used 7225K [0x00000000c0000000, 0x00000000c4300000, 0x00000000eab00000)
  object space 68608K, 10% used [0x00000000c0000000,0x00000000c070e7e8,0x00000000c4300000)
 Metaspace       used 26279K, committed 26688K, reserved 1081344K
  class space    used 2528K, committed 2688K, reserved 1048576K

Card table byte_map: [0x00000244faa60000,0x00000244fac70000] _byte_map_base: 0x00000244fa460000

Marking Bits: (ParMarkBitMap*) 0x00007ffad5452cc0
 Begin Bits: [0x00000244fadd0000, 0x00000244fbdd0000)
 End Bits:   [0x00000244fbdd0000, 0x00000244fcdd0000)

Polling page: 0x00000244f63d0000

Metaspace:

Usage:
  Non-class:     23.19 MB used.
      Class:      2.47 MB used.
       Both:     25.66 MB used.

Virtual space:
  Non-class space:       32.00 MB reserved,      23.44 MB ( 73%) committed,  4 nodes.
      Class space:        1.00 GB reserved,       2.62 MB ( <1%) committed,  1 nodes.
             Both:        1.03 GB reserved,      26.06 MB (  2%) committed. 

Chunk freelists:
   Non-Class:  3.94 MB
       Class:  1.38 MB
        Both:  5.31 MB

MaxMetaspaceSize: unlimited
CompressedClassSpaceSize: 1.00 GB
Initial GC threshold: 21.00 MB
Current GC threshold: 35.56 MB
CDS: off
MetaspaceReclaimPolicy: balanced
 - commit_granule_bytes: 65536.
 - commit_granule_words: 8192.
 - virtual_space_node_default_size: 1048576.
 - enlarge_chunks_in_place: 1.
 - new_chunks_are_fully_committed: 0.
 - uncommit_free_chunks: 1.
 - use_allocation_guard: 0.
 - handle_deallocations: 1.


Internal statistics:

num_allocs_failed_limit: 7.
num_arena_births: 170.
num_arena_deaths: 14.
num_vsnodes_births: 5.
num_vsnodes_deaths: 0.
num_space_committed: 417.
num_space_uncommitted: 0.
num_chunks_returned_to_freelist: 21.
num_chunks_taken_from_freelist: 840.
num_chunk_merges: 11.
num_chunk_splits: 588.
num_chunks_enlarged: 436.
num_purges: 2.
num_inconsistent_stats: 0.

CodeHeap 'non-profiled nmethods': size=120000Kb used=913Kb max_used=913Kb free=119086Kb
 bounds [0x0000024487ad0000, 0x0000024487d40000, 0x000002448f000000]
CodeHeap 'profiled nmethods': size=120000Kb used=4727Kb max_used=4727Kb free=115273Kb
 bounds [0x00000244805a0000, 0x0000024480a40000, 0x0000024487ad0000]
CodeHeap 'non-nmethods': size=5760Kb used=1234Kb max_used=1251Kb free=4525Kb
 bounds [0x0000024480000000, 0x0000024480270000, 0x00000244805a0000]
 total_blobs=2858 nmethods=2323 adapters=449
 compilation: enabled
              stopped_count=0, restarted_count=0
 full_count=0

Compilation events (20 events):
Event: 3.782 Thread 0x00000244fec1cc40 nmethod 2303 0x0000024480a2eb10 code [0x0000024480a2ecc0, 0x0000024480a2eef8]
Event: 3.782 Thread 0x00000244fec1cc40 2304       3       org.eclipse.core.runtime.ListenerList$ListenerListIterator::<init> (10 bytes)
Event: 3.782 Thread 0x00000244fec1cc40 nmethod 2304 0x0000024480a2f010 code [0x0000024480a2f1a0, 0x0000024480a2f318]
Event: 3.782 Thread 0x00000244fec1cc40 2305   !   3       org.eclipse.core.internal.preferences.EclipsePreferences::internalPut (108 bytes)
Event: 3.782 Thread 0x00000244fec1cc40 nmethod 2305 0x0000024480a2f410 code [0x0000024480a2f700, 0x0000024480a30608]
Event: 3.782 Thread 0x00000244fec1cc40 2309       3       org.eclipse.core.runtime.preferences.IEclipsePreferences$PreferenceChangeEvent::<init> (41 bytes)
Event: 3.783 Thread 0x00000244fec1cc40 nmethod 2309 0x0000024480a30e10 code [0x0000024480a30fe0, 0x0000024480a31558]
Event: 3.783 Thread 0x00000244fec1cc40 2307       3       org.eclipse.core.internal.preferences.EclipsePreferences::firePreferenceEvent (75 bytes)
Event: 3.784 Thread 0x00000244fec1cc40 nmethod 2307 0x0000024480a31710 code [0x0000024480a31a20, 0x0000024480a32af8]
Event: 3.784 Thread 0x00000244fec1cc40 2310       3       org.eclipse.core.internal.preferences.EclipsePreferences::put (43 bytes)
Event: 3.784 Thread 0x00000244fec1cc40 nmethod 2310 0x0000024480a33110 code [0x0000024480a33340, 0x0000024480a33d78]
Event: 3.784 Thread 0x00000244fec1cc40 2311   !   3       org.eclipse.core.internal.preferences.EclipsePreferences::getChild (91 bytes)
Event: 3.784 Thread 0x00000244fec1cc40 nmethod 2311 0x0000024480a34090 code [0x0000024480a342a0, 0x0000024480a34b88]
Event: 3.784 Thread 0x00000244fec1cc40 2312       3       org.eclipse.core.internal.preferences.PreferencesService::getDefault (20 bytes)
Event: 3.784 Thread 0x00000244fec1cc40 nmethod 2312 0x0000024480a34d90 code [0x0000024480a34f60, 0x0000024480a353c8]
Event: 3.784 Thread 0x00000244fec1cc40 2313       3       org.eclipse.core.internal.preferences.PreferencesService::getRootNode (4 bytes)
Event: 3.785 Thread 0x00000244fec1cc40 nmethod 2313 0x0000024480a35590 code [0x0000024480a35720, 0x0000024480a35838]
Event: 3.785 Thread 0x00000244fec1cc40 2314       3       org.eclipse.core.internal.preferences.RootPreferences::node (7 bytes)
Event: 3.785 Thread 0x00000244fec1cc40 nmethod 2314 0x0000024480a35910 code [0x0000024480a35ac0, 0x0000024480a35c08]
Event: 3.785 Thread 0x00000244fec1cc40 2315       3       org.eclipse.core.internal.preferences.RootPreferences::getNode (162 bytes)

GC Heap History (14 events):
Event: 1.416 GC heap before
{Heap before GC invocations=1 (full 0):
 PSYoungGen      total 29696K, used 25600K [0x00000000eab00000, 0x00000000ecc00000, 0x0000000100000000)
  eden space 25600K, 100% used [0x00000000eab00000,0x00000000ec400000,0x00000000ec400000)
  from space 4096K, 0% used [0x00000000ec800000,0x00000000ec800000,0x00000000ecc00000)
  to   space 4096K, 0% used [0x00000000ec400000,0x00000000ec400000,0x00000000ec800000)
 ParOldGen       total 68608K, used 0K [0x00000000c0000000, 0x00000000c4300000, 0x00000000eab00000)
  object space 68608K, 0% used [0x00000000c0000000,0x00000000c0000000,0x00000000c4300000)
 Metaspace       used 10834K, committed 11008K, reserved 1064960K
  class space    used 1087K, committed 1152K, reserved 1048576K
}
Event: 1.448 GC heap after
{Heap after GC invocations=1 (full 0):
 PSYoungGen      total 29696K, used 3224K [0x00000000eab00000, 0x00000000ecc00000, 0x0000000100000000)
  eden space 25600K, 0% used [0x00000000eab00000,0x00000000eab00000,0x00000000ec400000)
  from space 4096K, 78% used [0x00000000ec400000,0x00000000ec726218,0x00000000ec800000)
  to   space 4096K, 0% used [0x00000000ec800000,0x00000000ec800000,0x00000000ecc00000)
 ParOldGen       total 68608K, used 0K [0x00000000c0000000, 0x00000000c4300000, 0x00000000eab00000)
  object space 68608K, 0% used [0x00000000c0000000,0x00000000c0000000,0x00000000c4300000)
 Metaspace       used 10834K, committed 11008K, reserved 1064960K
  class space    used 1087K, committed 1152K, reserved 1048576K
}
Event: 2.405 GC heap before
{Heap before GC invocations=2 (full 0):
 PSYoungGen      total 29696K, used 28824K [0x00000000eab00000, 0x00000000ecc00000, 0x0000000100000000)
  eden space 25600K, 100% used [0x00000000eab00000,0x00000000ec400000,0x00000000ec400000)
  from space 4096K, 78% used [0x00000000ec400000,0x00000000ec726218,0x00000000ec800000)
  to   space 4096K, 0% used [0x00000000ec800000,0x00000000ec800000,0x00000000ecc00000)
 ParOldGen       total 68608K, used 0K [0x00000000c0000000, 0x00000000c4300000, 0x00000000eab00000)
  object space 68608K, 0% used [0x00000000c0000000,0x00000000c0000000,0x00000000c4300000)
 Metaspace       used 15227K, committed 15424K, reserved 1064960K
  class space    used 1558K, committed 1664K, reserved 1048576K
}
Event: 2.409 GC heap after
{Heap after GC invocations=2 (full 0):
 PSYoungGen      total 29696K, used 4077K [0x00000000eab00000, 0x00000000ecc00000, 0x0000000100000000)
  eden space 25600K, 0% used [0x00000000eab00000,0x00000000eab00000,0x00000000ec400000)
  from space 4096K, 99% used [0x00000000ec800000,0x00000000ecbfb728,0x00000000ecc00000)
  to   space 4096K, 0% used [0x00000000ec400000,0x00000000ec400000,0x00000000ec800000)
 ParOldGen       total 68608K, used 704K [0x00000000c0000000, 0x00000000c4300000, 0x00000000eab00000)
  object space 68608K, 1% used [0x00000000c0000000,0x00000000c00b0370,0x00000000c4300000)
 Metaspace       used 15227K, committed 15424K, reserved 1064960K
  class space    used 1558K, committed 1664K, reserved 1048576K
}
Event: 3.093 GC heap before
{Heap before GC invocations=3 (full 0):
 PSYoungGen      total 29696K, used 29677K [0x00000000eab00000, 0x00000000ecc00000, 0x0000000100000000)
  eden space 25600K, 100% used [0x00000000eab00000,0x00000000ec400000,0x00000000ec400000)
  from space 4096K, 99% used [0x00000000ec800000,0x00000000ecbfb728,0x00000000ecc00000)
  to   space 4096K, 0% used [0x00000000ec400000,0x00000000ec400000,0x00000000ec800000)
 ParOldGen       total 68608K, used 704K [0x00000000c0000000, 0x00000000c4300000, 0x00000000eab00000)
  object space 68608K, 1% used [0x00000000c0000000,0x00000000c00b0370,0x00000000c4300000)
 Metaspace       used 20199K, committed 20544K, reserved 1073152K
  class space    used 2060K, committed 2176K, reserved 1048576K
}
Event: 3.097 GC heap after
{Heap after GC invocations=3 (full 0):
 PSYoungGen      total 29696K, used 4064K [0x00000000eab00000, 0x00000000ecc00000, 0x0000000100000000)
  eden space 25600K, 0% used [0x00000000eab00000,0x00000000eab00000,0x00000000ec400000)
  from space 4096K, 99% used [0x00000000ec400000,0x00000000ec7f8290,0x00000000ec800000)
  to   space 4096K, 0% used [0x00000000ec800000,0x00000000ec800000,0x00000000ecc00000)
 ParOldGen       total 68608K, used 3213K [0x00000000c0000000, 0x00000000c4300000, 0x00000000eab00000)
  object space 68608K, 4% used [0x00000000c0000000,0x00000000c03234f8,0x00000000c4300000)
 Metaspace       used 20199K, committed 20544K, reserved 1073152K
  class space    used 2060K, committed 2176K, reserved 1048576K
}
Event: 3.216 GC heap before
{Heap before GC invocations=4 (full 0):
 PSYoungGen      total 29696K, used 9380K [0x00000000eab00000, 0x00000000ecc00000, 0x0000000100000000)
  eden space 25600K, 20% used [0x00000000eab00000,0x00000000eb031158,0x00000000ec400000)
  from space 4096K, 99% used [0x00000000ec400000,0x00000000ec7f8290,0x00000000ec800000)
  to   space 4096K, 0% used [0x00000000ec800000,0x00000000ec800000,0x00000000ecc00000)
 ParOldGen       total 68608K, used 3213K [0x00000000c0000000, 0x00000000c4300000, 0x00000000eab00000)
  object space 68608K, 4% used [0x00000000c0000000,0x00000000c03234f8,0x00000000c4300000)
 Metaspace       used 21050K, committed 21568K, reserved 1073152K
  class space    used 2147K, committed 2368K, reserved 1048576K
}
Event: 3.219 GC heap after
{Heap after GC invocations=4 (full 0):
 PSYoungGen      total 29696K, used 4070K [0x00000000eab00000, 0x00000000ecc00000, 0x0000000100000000)
  eden space 25600K, 0% used [0x00000000eab00000,0x00000000eab00000,0x00000000ec400000)
  from space 4096K, 99% used [0x00000000ec800000,0x00000000ecbf9b50,0x00000000ecc00000)
  to   space 4096K, 0% used [0x00000000ec400000,0x00000000ec400000,0x00000000ec800000)
 ParOldGen       total 68608K, used 3419K [0x00000000c0000000, 0x00000000c4300000, 0x00000000eab00000)
  object space 68608K, 4% used [0x00000000c0000000,0x00000000c0356e90,0x00000000c4300000)
 Metaspace       used 21050K, committed 21568K, reserved 1073152K
  class space    used 2147K, committed 2368K, reserved 1048576K
}
Event: 3.264 GC heap before
{Heap before GC invocations=5 (full 0):
 PSYoungGen      total 29696K, used 6480K [0x00000000eab00000, 0x00000000ecc00000, 0x0000000100000000)
  eden space 25600K, 9% used [0x00000000eab00000,0x00000000ead5a848,0x00000000ec400000)
  from space 4096K, 99% used [0x00000000ec800000,0x00000000ecbf9b50,0x00000000ecc00000)
  to   space 4096K, 0% used [0x00000000ec400000,0x00000000ec400000,0x00000000ec800000)
 ParOldGen       total 68608K, used 3419K [0x00000000c0000000, 0x00000000c4300000, 0x00000000eab00000)
  object space 68608K, 4% used [0x00000000c0000000,0x00000000c0356e90,0x00000000c4300000)
 Metaspace       used 21400K, committed 21824K, reserved 1073152K
  class space    used 2177K, committed 2368K, reserved 1048576K
}
Event: 3.267 GC heap after
{Heap after GC invocations=5 (full 0):
 PSYoungGen      total 29696K, used 4069K [0x00000000eab00000, 0x00000000ecd00000, 0x0000000100000000)
  eden space 25600K, 0% used [0x00000000eab00000,0x00000000eab00000,0x00000000ec400000)
  from space 4096K, 99% used [0x00000000ec400000,0x00000000ec7f9540,0x00000000ec800000)
  to   space 4608K, 0% used [0x00000000ec880000,0x00000000ec880000,0x00000000ecd00000)
 ParOldGen       total 68608K, used 3451K [0x00000000c0000000, 0x00000000c4300000, 0x00000000eab00000)
  object space 68608K, 5% used [0x00000000c0000000,0x00000000c035ee90,0x00000000c4300000)
 Metaspace       used 21400K, committed 21824K, reserved 1073152K
  class space    used 2177K, committed 2368K, reserved 1048576K
}
Event: 3.267 GC heap before
{Heap before GC invocations=6 (full 1):
 PSYoungGen      total 29696K, used 4069K [0x00000000eab00000, 0x00000000ecd00000, 0x0000000100000000)
  eden space 25600K, 0% used [0x00000000eab00000,0x00000000eab00000,0x00000000ec400000)
  from space 4096K, 99% used [0x00000000ec400000,0x00000000ec7f9540,0x00000000ec800000)
  to   space 4608K, 0% used [0x00000000ec880000,0x00000000ec880000,0x00000000ecd00000)
 ParOldGen       total 68608K, used 3451K [0x00000000c0000000, 0x00000000c4300000, 0x00000000eab00000)
  object space 68608K, 5% used [0x00000000c0000000,0x00000000c035ee90,0x00000000c4300000)
 Metaspace       used 21400K, committed 21824K, reserved 1073152K
  class space    used 2177K, committed 2368K, reserved 1048576K
}
Event: 3.289 GC heap after
{Heap after GC invocations=6 (full 1):
 PSYoungGen      total 29696K, used 0K [0x00000000eab00000, 0x00000000ecd00000, 0x0000000100000000)
  eden space 25600K, 0% used [0x00000000eab00000,0x00000000eab00000,0x00000000ec400000)
  from space 4096K, 0% used [0x00000000ec400000,0x00000000ec400000,0x00000000ec800000)
  to   space 4608K, 0% used [0x00000000ec880000,0x00000000ec880000,0x00000000ecd00000)
 ParOldGen       total 68608K, used 7217K [0x00000000c0000000, 0x00000000c4300000, 0x00000000eab00000)
  object space 68608K, 10% used [0x00000000c0000000,0x00000000c070c7e8,0x00000000c4300000)
 Metaspace       used 21387K, committed 21824K, reserved 1073152K
  class space    used 2174K, committed 2368K, reserved 1048576K
}
Event: 3.601 GC heap before
{Heap before GC invocations=7 (full 1):
 PSYoungGen      total 29696K, used 25582K [0x00000000eab00000, 0x00000000ecd00000, 0x0000000100000000)
  eden space 25600K, 99% used [0x00000000eab00000,0x00000000ec3fbb20,0x00000000ec400000)
  from space 4096K, 0% used [0x00000000ec400000,0x00000000ec400000,0x00000000ec800000)
  to   space 4608K, 0% used [0x00000000ec880000,0x00000000ec880000,0x00000000ecd00000)
 ParOldGen       total 68608K, used 7217K [0x00000000c0000000, 0x00000000c4300000, 0x00000000eab00000)
  object space 68608K, 10% used [0x00000000c0000000,0x00000000c070c7e8,0x00000000c4300000)
 Metaspace       used 24924K, committed 25344K, reserved 1073152K
  class space    used 2446K, committed 2624K, reserved 1048576K
}
Event: 3.601 GC heap after
{Heap after GC invocations=7 (full 1):
 PSYoungGen      total 25600K, used 301K [0x00000000eab00000, 0x00000000ec900000, 0x0000000100000000)
  eden space 25088K, 0% used [0x00000000eab00000,0x00000000eab00000,0x00000000ec380000)
  from space 512K, 58% used [0x00000000ec880000,0x00000000ec8cb658,0x00000000ec900000)
  to   space 2048K, 0% used [0x00000000ec500000,0x00000000ec500000,0x00000000ec700000)
 ParOldGen       total 68608K, used 7225K [0x00000000c0000000, 0x00000000c4300000, 0x00000000eab00000)
  object space 68608K, 10% used [0x00000000c0000000,0x00000000c070e7e8,0x00000000c4300000)
 Metaspace       used 24924K, committed 25344K, reserved 1073152K
  class space    used 2446K, committed 2624K, reserved 1048576K
}

Deoptimization events (20 events):
Event: 2.730 Thread 0x000002448f0d0c60 Uncommon trap: trap_request=0xffffff45 fr.pc=0x0000024487b73bdc relative=0x000000000000005c
Event: 2.730 Thread 0x000002448f0d0c60 Uncommon trap: reason=unstable_if action=reinterpret pc=0x0000024487b73bdc method=java.lang.AbstractStringBuilder.isLatin1()Z @ 10 c2
Event: 2.730 Thread 0x000002448f0d0c60 DEOPT PACKING pc=0x0000024487b73bdc sp=0x000000d7a55f3fa0
Event: 2.730 Thread 0x000002448f0d0c60 DEOPT UNPACKING pc=0x0000024480055923 sp=0x000000d7a55f3f30 mode 2
Event: 2.735 Thread 0x000002448f0d0c60 Uncommon trap: trap_request=0xffffff45 fr.pc=0x0000024487af5448 relative=0x0000000000000048
Event: 2.735 Thread 0x000002448f0d0c60 Uncommon trap: reason=unstable_if action=reinterpret pc=0x0000024487af5448 method=java.lang.CharacterData.of(I)Ljava/lang/CharacterData; @ 4 c2
Event: 2.735 Thread 0x000002448f0d0c60 DEOPT PACKING pc=0x0000024487af5448 sp=0x000000d7a55f3770
Event: 2.735 Thread 0x000002448f0d0c60 DEOPT UNPACKING pc=0x0000024480055923 sp=0x000000d7a55f3708 mode 2
Event: 2.831 Thread 0x000002448f0d0c60 Uncommon trap: trap_request=0xffffff45 fr.pc=0x0000024487b02760 relative=0x0000000000000c20
Event: 2.831 Thread 0x000002448f0d0c60 Uncommon trap: reason=unstable_if action=reinterpret pc=0x0000024487b02760 method=lombok.patcher.PatchScript.classMatches(Ljava/lang/String;Ljava/util/Collection;)Z @ 25 c2
Event: 2.831 Thread 0x000002448f0d0c60 DEOPT PACKING pc=0x0000024487b02760 sp=0x000000d7a55f22e0
Event: 2.831 Thread 0x000002448f0d0c60 DEOPT UNPACKING pc=0x0000024480055923 sp=0x000000d7a55f22a0 mode 2
Event: 2.956 Thread 0x000002448f0d0c60 Uncommon trap: trap_request=0xffffff45 fr.pc=0x0000024487b8d6ac relative=0x0000000000000f6c
Event: 2.956 Thread 0x000002448f0d0c60 Uncommon trap: reason=unstable_if action=reinterpret pc=0x0000024487b8d6ac method=java.util.Properties.loadConvert([CIILjava/lang/StringBuilder;)Ljava/lang/String; @ 491 c2
Event: 2.956 Thread 0x000002448f0d0c60 DEOPT PACKING pc=0x0000024487b8d6ac sp=0x000000d7a55f30e0
Event: 2.956 Thread 0x000002448f0d0c60 DEOPT UNPACKING pc=0x0000024480055923 sp=0x000000d7a55f30d0 mode 2
Event: 3.099 Thread 0x000002448f0d0c60 Uncommon trap: trap_request=0xffffff45 fr.pc=0x0000024487b53a40 relative=0x0000000000000040
Event: 3.099 Thread 0x000002448f0d0c60 Uncommon trap: reason=unstable_if action=reinterpret pc=0x0000024487b53a40 method=sun.nio.fs.WindowsPathParser.isSlash(C)Z @ 9 c2
Event: 3.099 Thread 0x000002448f0d0c60 DEOPT PACKING pc=0x0000024487b53a40 sp=0x000000d7a55f4730
Event: 3.099 Thread 0x000002448f0d0c60 DEOPT UNPACKING pc=0x0000024480055923 sp=0x000000d7a55f46b8 mode 2

Classes unloaded (7 events):
Event: 3.270 Thread 0x00000244fd176510 Unloading class 0x0000000100213c00 'java/lang/invoke/LambdaForm$MH+0x0000000100213c00'
Event: 3.270 Thread 0x00000244fd176510 Unloading class 0x0000000100213800 'java/lang/invoke/LambdaForm$MH+0x0000000100213800'
Event: 3.270 Thread 0x00000244fd176510 Unloading class 0x0000000100213400 'java/lang/invoke/LambdaForm$MH+0x0000000100213400'
Event: 3.270 Thread 0x00000244fd176510 Unloading class 0x0000000100213000 'java/lang/invoke/LambdaForm$MH+0x0000000100213000'
Event: 3.270 Thread 0x00000244fd176510 Unloading class 0x0000000100212800 'java/lang/invoke/LambdaForm$BMH+0x0000000100212800'
Event: 3.270 Thread 0x00000244fd176510 Unloading class 0x0000000100212400 'java/lang/invoke/LambdaForm$DMH+0x0000000100212400'
Event: 3.270 Thread 0x00000244fd176510 Unloading class 0x0000000100200800 'java/lang/invoke/LambdaForm$DMH+0x0000000100200800'

Classes redefined (0 events):
No events

Internal exceptions (20 events):
Event: 1.910 Thread 0x00000244f6441b20 Exception <a 'java/lang/NoSuchMethodError'{0x00000000eb637168}: 'java.lang.Object java.lang.invoke.DirectMethodHandle$Holder.newInvokeSpecial(java.lang.Object, int, java.lang.Object)'> (0x00000000eb637168) 
thrown [s\src\hotspot\share\interpreter\linkResolver.cpp, line 759]
Event: 2.137 Thread 0x00000244f6441b20 Exception <a 'java/lang/UnsatisfiedLinkError'{0x00000000ebb637c8}: 'void org.eclipse.equinox.launcher.JNIBridge._update_splash()'> (0x00000000ebb637c8) 
thrown [s\src\hotspot\share\prims\nativeLookup.cpp, line 543]
Event: 2.246 Thread 0x000002448f0d0c60 Exception <a 'java/lang/NoSuchMethodError'{0x00000000ebdd1638}: 'java.lang.Object java.lang.invoke.DirectMethodHandle$Holder.invokeStaticInit(java.lang.Object)'> (0x00000000ebdd1638) 
thrown [s\src\hotspot\share\interpreter\linkResolver.cpp, line 759]
Event: 2.544 Thread 0x000002448f0d0c60 Exception <a 'java/io/FileNotFoundException'{0x00000000eb0e0998}> (0x00000000eb0e0998) 
thrown [s\src\hotspot\share\prims\jni.cpp, line 516]
Event: 2.554 Thread 0x000002448f0d0c60 Exception <a 'java/lang/NullPointerException'{0x00000000eb131f88}> (0x00000000eb131f88) 
thrown [s\src\hotspot\share\interpreter\linkResolver.cpp, line 1350]
Event: 2.554 Thread 0x000002448f0d0c60 Exception <a 'java/lang/NullPointerException'{0x00000000eb1327b0}> (0x00000000eb1327b0) 
thrown [s\src\hotspot\share\interpreter\linkResolver.cpp, line 1350]
Event: 2.774 Thread 0x000002448f0d0c60 Exception <a 'java/lang/NoSuchMethodError'{0x00000000eb9a7fa0}: 'void java.lang.invoke.DirectMethodHandle$Holder.invokeInterface(java.lang.Object, java.lang.Object, java.lang.Object)'> (0x00000000eb9a7fa0) 
thrown [s\src\hotspot\share\interpreter\linkResolver.cpp, line 759]
Event: 2.828 Thread 0x000002448f0d0c60 Exception <a 'java/lang/NoSuchMethodError'{0x00000000ebc59db0}: 'java.lang.Object java.lang.invoke.Invokers$Holder.invokeExact_MT(java.lang.Object, java.lang.Object, java.lang.Object, java.lang.Object, java.lang.Object, java.lang.Object)'> (0x00000000ebc59db0) 
thrown [s\src\hotspot\share\interpreter\linkResolver.cpp, line 759]
Event: 2.884 Thread 0x000002448f0d0c60 Exception <a 'java/lang/NoSuchMethodError'{0x00000000ebd43e08}: 'java.lang.Object java.lang.invoke.DirectMethodHandle$Holder.invokeStatic(java.lang.Object, java.lang.Object, int)'> (0x00000000ebd43e08) 
thrown [s\src\hotspot\share\interpreter\linkResolver.cpp, line 759]
Event: 2.885 Thread 0x000002448f0d0c60 Exception <a 'java/lang/NoSuchMethodError'{0x00000000ebd48c60}: 'void java.lang.invoke.DirectMethodHandle$Holder.invokeStatic(java.lang.Object, java.lang.Object, int, java.lang.Object)'> (0x00000000ebd48c60) 
thrown [s\src\hotspot\share\interpreter\linkResolver.cpp, line 759]
Event: 2.885 Thread 0x000002448f0d0c60 Exception <a 'java/lang/NoSuchMethodError'{0x00000000ebd50638}: 'void java.lang.invoke.DelegatingMethodHandle$Holder.delegate(java.lang.Object, java.lang.Object, int, java.lang.Object)'> (0x00000000ebd50638) 
thrown [s\src\hotspot\share\interpreter\linkResolver.cpp, line 759]
Event: 2.885 Thread 0x000002448f0d0c60 Exception <a 'java/lang/NoSuchMethodError'{0x00000000ebd54cc8}: 'int java.lang.invoke.DirectMethodHandle$Holder.invokeSpecial(java.lang.Object, java.lang.Object, java.lang.Object)'> (0x00000000ebd54cc8) 
thrown [s\src\hotspot\share\interpreter\linkResolver.cpp, line 759]
Event: 2.886 Thread 0x000002448f0d0c60 Exception <a 'java/lang/NoSuchMethodError'{0x00000000ebd91000}: 'int java.lang.invoke.DirectMethodHandle$Holder.invokeStatic(java.lang.Object, java.lang.Object, int)'> (0x00000000ebd91000) 
thrown [s\src\hotspot\share\interpreter\linkResolver.cpp, line 759]
Event: 2.887 Thread 0x000002448f0d0c60 Exception <a 'java/lang/NoSuchMethodError'{0x00000000ebd952d0}: 'int java.lang.invoke.DirectMethodHandle$Holder.invokeSpecial(java.lang.Object, java.lang.Object, java.lang.Object, int)'> (0x00000000ebd952d0) 
thrown [s\src\hotspot\share\interpreter\linkResolver.cpp, line 759]
Event: 2.888 Thread 0x000002448f0d0c60 Exception <a 'java/lang/NoSuchMethodError'{0x00000000ebdb0d70}: 'java.lang.Object java.lang.invoke.DirectMethodHandle$Holder.invokeStatic(java.lang.Object, java.lang.Object, java.lang.Object, java.lang.Object, int)'> (0x00000000ebdb0d70) 
thrown [s\src\hotspot\share\interpreter\linkResolver.cpp, line 759]
Event: 2.889 Thread 0x000002448f0d0c60 Exception <a 'java/lang/NoSuchMethodError'{0x00000000ebdbcd68}: 'java.lang.Object java.lang.invoke.DelegatingMethodHandle$Holder.reinvoke_L(java.lang.Object, java.lang.Object, java.lang.Object, java.lang.Object, int, int)'> (0x00000000ebdbcd68) 
thrown [s\src\hotspot\share\interpreter\linkResolver.cpp, line 759]
Event: 2.891 Thread 0x000002448f0d0c60 Exception <a 'java/lang/NoSuchMethodError'{0x00000000ebdd5188}: 'java.lang.Object java.lang.invoke.Invokers$Holder.invokeExact_MT(java.lang.Object, java.lang.Object, java.lang.Object, java.lang.Object)'> (0x00000000ebdd5188) 
thrown [s\src\hotspot\share\interpreter\linkResolver.cpp, line 759]
Event: 3.160 Thread 0x000002448f0d0c60 Exception <a 'java/lang/NoSuchMethodError'{0x00000000ead3e0f8}: 'int java.lang.invoke.DirectMethodHandle$Holder.invokeStaticInit(java.lang.Object, java.lang.Object, java.lang.Object)'> (0x00000000ead3e0f8) 
thrown [s\src\hotspot\share\interpreter\linkResolver.cpp, line 759]
Event: 3.168 Thread 0x000002448f0d0c60 Exception <a 'java/lang/IncompatibleClassChangeError'{0x00000000eadb67b8}: Found class java.lang.Object, but interface was expected> (0x00000000eadb67b8) 
thrown [s\src\hotspot\share\interpreter\linkResolver.cpp, line 826]
Event: 3.211 Thread 0x000002448f31b540 Exception <a 'java/io/FileNotFoundException'{0x00000000eadf5298}> (0x00000000eadf5298) 
thrown [s\src\hotspot\share\prims\jni.cpp, line 516]

VM Operations (20 events):
Event: 2.647 Executing VM operation: HandshakeAllThreads
Event: 2.647 Executing VM operation: HandshakeAllThreads done
Event: 2.735 Executing VM operation: HandshakeAllThreads
Event: 2.735 Executing VM operation: HandshakeAllThreads done
Event: 2.738 Executing VM operation: HandshakeAllThreads
Event: 2.738 Executing VM operation: HandshakeAllThreads done
Event: 2.843 Executing VM operation: HandshakeAllThreads
Event: 2.884 Executing VM operation: HandshakeAllThreads done
Event: 3.093 Executing VM operation: ParallelGCFailedAllocation
Event: 3.097 Executing VM operation: ParallelGCFailedAllocation done
Event: 3.193 Executing VM operation: HandshakeAllThreads
Event: 3.204 Executing VM operation: HandshakeAllThreads done
Event: 3.216 Executing VM operation: CollectForMetadataAllocation
Event: 3.216 Executing VM operation: CollectForMetadataAllocation done
Event: 3.216 Executing VM operation: ParallelGCSystemGC
Event: 3.219 Executing VM operation: ParallelGCSystemGC done
Event: 3.264 Executing VM operation: CollectForMetadataAllocation
Event: 3.289 Executing VM operation: CollectForMetadataAllocation done
Event: 3.601 Executing VM operation: ParallelGCFailedAllocation
Event: 3.602 Executing VM operation: ParallelGCFailedAllocation done

Events (20 events):
Event: 3.260 loading class java/io/StringReader done
Event: 3.263 loading class java/util/zip/GZIPOutputStream
Event: 3.264 loading class java/util/zip/DeflaterOutputStream
Event: 3.264 loading class java/util/zip/DeflaterOutputStream done
Event: 3.264 loading class java/util/zip/GZIPOutputStream done
Event: 3.291 loading class java/net/SocketTimeoutException
Event: 3.291 loading class java/io/InterruptedIOException
Event: 3.291 loading class java/io/InterruptedIOException done
Event: 3.291 loading class java/net/SocketTimeoutException done
Event: 3.291 loading class java/net/SocketException
Event: 3.291 loading class java/net/SocketException done
Event: 3.291 loading class java/net/UnknownHostException
Event: 3.291 loading class java/net/UnknownHostException done
Event: 3.291 loading class java/net/ProtocolException
Event: 3.291 loading class java/net/ProtocolException done
Event: 3.308 loading class java/io/FileWriter
Event: 3.308 loading class java/io/FileWriter done
Event: 3.308 loading class java/lang/NegativeArraySizeException
Event: 3.308 loading class java/lang/NegativeArraySizeException done
Event: 3.357 Thread 0x000002448f3d8ad0 Thread added: 0x000002448f3d8ad0


Dynamic libraries:
0x00007ff7f6ec0000 - 0x00007ff7f6ece000 	c:\Users\user\.vscode\extensions\redhat.java-1.11.0-win32-x64\jre\17.0.4.1-win32-x86_64\bin\java.exe
0x00007ffb19db0000 - 0x00007ffb19fa7000 	C:\Windows\SYSTEM32\ntdll.dll
0x00007ffb17f60000 - 0x00007ffb1801d000 	C:\Windows\System32\KERNEL32.DLL
0x00007ffb17820000 - 0x00007ffb17aed000 	C:\Windows\System32\KERNELBASE.dll
0x00007ffb17af0000 - 0x00007ffb17bf0000 	C:\Windows\System32\ucrtbase.dll
0x00007ffb11350000 - 0x00007ffb11368000 	c:\Users\user\.vscode\extensions\redhat.java-1.11.0-win32-x64\jre\17.0.4.1-win32-x86_64\bin\jli.dll
0x00007ffb18260000 - 0x00007ffb18400000 	C:\Windows\System32\USER32.dll
0x00007ffb17d00000 - 0x00007ffb17d22000 	C:\Windows\System32\win32u.dll
0x00007ffb18230000 - 0x00007ffb1825a000 	C:\Windows\System32\GDI32.dll
0x00007ffb17bf0000 - 0x00007ffb17cfb000 	C:\Windows\System32\gdi32full.dll
0x00007ffb17630000 - 0x00007ffb176cd000 	C:\Windows\System32\msvcp_win.dll
0x00007ffb0ee70000 - 0x00007ffb0ee89000 	c:\Users\user\.vscode\extensions\redhat.java-1.11.0-win32-x64\jre\17.0.4.1-win32-x86_64\bin\VCRUNTIME140.dll
0x00007ffb04e60000 - 0x00007ffb050fa000 	C:\Windows\WinSxS\amd64_microsoft.windows.common-controls_6595b64144ccf1df_6.0.19041.1110_none_60b5254171f9507e\COMCTL32.dll
0x00007ffb18b90000 - 0x00007ffb18c2e000 	C:\Windows\System32\msvcrt.dll
0x00007ffb189b0000 - 0x00007ffb189e0000 	C:\Windows\System32\IMM32.DLL
0x000000006a7b0000 - 0x000000006a7bc000 	C:\Program Files (x86)\360\Total Security\safemon\SafeWrapper.dll
0x00007ffb17e30000 - 0x00007ffb17ede000 	C:\Windows\System32\ADVAPI32.dll
0x00007ffb188b0000 - 0x00007ffb1894c000 	C:\Windows\System32\sechost.dll
0x00007ffb184b0000 - 0x00007ffb185d5000 	C:\Windows\System32\RPCRT4.dll
0x00007ffaf9b10000 - 0x00007ffaf9ba2000 	C:\Program Files (x86)\360\Total Security\safemon\libzdtp64.dll
0x00007ffb19120000 - 0x00007ffb19864000 	C:\Windows\System32\SHELL32.dll
0x00007ffb18950000 - 0x00007ffb189a5000 	C:\Windows\System32\SHLWAPI.dll
0x00007ffb17080000 - 0x00007ffb1708a000 	C:\Windows\SYSTEM32\VERSION.dll
0x00007ffb12b90000 - 0x00007ffb12b9c000 	c:\Users\user\.vscode\extensions\redhat.java-1.11.0-win32-x64\jre\17.0.4.1-win32-x86_64\bin\vcruntime140_1.dll
0x00007ffaf3b60000 - 0x00007ffaf3bf1000 	c:\Users\user\.vscode\extensions\redhat.java-1.11.0-win32-x64\jre\17.0.4.1-win32-x86_64\bin\msvcp140.dll
0x00007ffad48d0000 - 0x00007ffad5516000 	c:\Users\user\.vscode\extensions\redhat.java-1.11.0-win32-x64\jre\17.0.4.1-win32-x86_64\bin\server\jvm.dll
0x00007ffb188a0000 - 0x00007ffb188a8000 	C:\Windows\System32\PSAPI.DLL
0x00007ffb03050000 - 0x00007ffb03059000 	C:\Windows\SYSTEM32\WSOCK32.dll
0x00007ffb19000000 - 0x00007ffb1906b000 	C:\Windows\System32\WS2_32.dll
0x00007ffafd130000 - 0x00007ffafd157000 	C:\Windows\SYSTEM32\WINMM.dll
0x00007ffb15cf0000 - 0x00007ffb15d02000 	C:\Windows\SYSTEM32\kernel.appcore.dll
0x00007ffb12b40000 - 0x00007ffb12b4a000 	c:\Users\user\.vscode\extensions\redhat.java-1.11.0-win32-x64\jre\17.0.4.1-win32-x86_64\bin\jimage.dll
0x00007ffb150e0000 - 0x00007ffb152c4000 	C:\Windows\SYSTEM32\DBGHELP.DLL
0x00007ffafbfa0000 - 0x00007ffafbfcc000 	C:\Windows\SYSTEM32\dbgcore.DLL
0x00007ffb176d0000 - 0x00007ffb17752000 	C:\Windows\System32\bcryptPrimitives.dll
0x00007ffb0f440000 - 0x00007ffb0f44e000 	c:\Users\user\.vscode\extensions\redhat.java-1.11.0-win32-x64\jre\17.0.4.1-win32-x86_64\bin\instrument.dll
0x00007ffb03080000 - 0x00007ffb030a5000 	c:\Users\user\.vscode\extensions\redhat.java-1.11.0-win32-x64\jre\17.0.4.1-win32-x86_64\bin\java.dll
0x00007ffb0ec70000 - 0x00007ffb0ec88000 	c:\Users\user\.vscode\extensions\redhat.java-1.11.0-win32-x64\jre\17.0.4.1-win32-x86_64\bin\zip.dll
0x00007ffb15540000 - 0x00007ffb15cd4000 	C:\Windows\SYSTEM32\windows.storage.dll
0x00007ffb18ca0000 - 0x00007ffb18ff4000 	C:\Windows\System32\combase.dll
0x00007ffb16ec0000 - 0x00007ffb16eec000 	C:\Windows\SYSTEM32\Wldp.dll
0x00007ffb19070000 - 0x00007ffb1911d000 	C:\Windows\System32\SHCORE.dll
0x00007ffb17410000 - 0x00007ffb1742f000 	C:\Windows\SYSTEM32\profapi.dll
0x00007ffb0d860000 - 0x00007ffb0d879000 	C:\Users\user\.vscode\extensions\redhat.java-1.11.0-win32-x64\jre\17.0.4.1-win32-x86_64\bin\net.dll
0x00007ffb11620000 - 0x00007ffb1172a000 	C:\Windows\SYSTEM32\WINHTTP.dll
0x00007ffb16c20000 - 0x00007ffb16c8a000 	C:\Windows\system32\mswsock.dll
0x00007ffb0b7d0000 - 0x00007ffb0b7e5000 	C:\Users\user\.vscode\extensions\redhat.java-1.11.0-win32-x64\jre\17.0.4.1-win32-x86_64\bin\nio.dll
0x00007ffb0f400000 - 0x00007ffb0f410000 	c:\Users\user\.vscode\extensions\redhat.java-1.11.0-win32-x64\jre\17.0.4.1-win32-x86_64\bin\verify.dll
0x00007ffb02fc0000 - 0x00007ffb02ffe000 	C:\Users\user\AppData\Roaming\Code\User\globalStorage\redhat.java\1.11.0\config_ss_win\org.eclipse.equinox.launcher\org.eclipse.equinox.launcher.win32.win32.x86_64_1.2.600.v20220720-1916\eclipse_11700.dll
0x00007ffb185e0000 - 0x00007ffb1870a000 	C:\Windows\System32\ole32.dll

dbghelp: loaded successfully - version: 4.0.5 - missing functions: none
symbol engine: initialized successfully - sym options: 0x614 - pdb path: .;c:\Users\user\.vscode\extensions\redhat.java-1.11.0-win32-x64\jre\17.0.4.1-win32-x86_64\bin;C:\Windows\SYSTEM32;C:\Windows\WinSxS\amd64_microsoft.windows.common-controls_6595b64144ccf1df_6.0.19041.1110_none_60b5254171f9507e;C:\Program Files (x86)\360\Total Security\safemon;c:\Users\user\.vscode\extensions\redhat.java-1.11.0-win32-x64\jre\17.0.4.1-win32-x86_64\bin\server;C:\Users\user\AppData\Roaming\Code\User\globalStorage\redhat.java\1.11.0\config_ss_win\org.eclipse.equinox.launcher\org.eclipse.equinox.launcher.win32.win32.x86_64_1.2.600.v20220720-1916

VM Arguments:
jvm_args: --add-modules=ALL-SYSTEM --add-opens=java.base/java.util=ALL-UNNAMED --add-opens=java.base/java.lang=ALL-UNNAMED --add-opens=java.base/sun.nio.fs=ALL-UNNAMED -Declipse.application=org.eclipse.jdt.ls.core.id1 -Dosgi.bundles.defaultStartLevel=4 -Declipse.product=org.eclipse.jdt.ls.core.product -Djava.import.generatesMetadataFilesAtProjectRoot=false -Dfile.encoding=utf8 -DwatchParentProcess=false -XX:+UseParallelGC -XX:GCTimeRatio=4 -XX:AdaptiveSizePolicyWeight=90 -Dsun.zip.disableMemoryMapping=true -Xmx1G -Xms100m -Xlog:disable -javaagent:c:\Users\user\.vscode\extensions\redhat.java-1.11.0-win32-x64\lombok\lombok-1.18.24.jar 
java_command: c:\Users\user\.vscode\extensions\redhat.java-1.11.0-win32-x64\server\plugins\org.eclipse.equinox.launcher_1.6.400.v20210924-0641.jar -configuration c:\Users\user\AppData\Roaming\Code\User\globalStorage\redhat.java\1.11.0\config_ss_win -data c:\Users\user\AppData\Roaming\Code\User\workspaceStorage\d3b671f8dc7c26fd06258ae229a5d4ff\redhat.java\ss_ws
java_class_path (initial): c:\Users\user\.vscode\extensions\redhat.java-1.11.0-win32-x64\server\plugins\org.eclipse.equinox.launcher_1.6.400.v20210924-0641.jar
Launcher Type: SUN_STANDARD

[Global flags]
    uintx AdaptiveSizePolicyWeight                 = 90                                        {product} {command line}
     intx CICompilerCount                          = 3                                         {product} {ergonomic}
    uintx GCTimeRatio                              = 4                                         {product} {command line}
   size_t InitialHeapSize                          = 104857600                                 {product} {command line}
   size_t MaxHeapSize                              = 1073741824                                {product} {command line}
   size_t MaxNewSize                               = 357564416                                 {product} {ergonomic}
   size_t MinHeapDeltaBytes                        = 524288                                    {product} {ergonomic}
   size_t MinHeapSize                              = 104857600                                 {product} {command line}
   size_t NewSize                                  = 34603008                                  {product} {ergonomic}
    uintx NonNMethodCodeHeapSize                   = 5832780                                {pd product} {ergonomic}
    uintx NonProfiledCodeHeapSize                  = 122912730                              {pd product} {ergonomic}
   size_t OldSize                                  = 70254592                                  {product} {ergonomic}
    uintx ProfiledCodeHeapSize                     = 122912730                              {pd product} {ergonomic}
    uintx ReservedCodeCacheSize                    = 251658240                              {pd product} {ergonomic}
     bool SegmentedCodeCache                       = true                                      {product} {ergonomic}
   size_t SoftMaxHeapSize                          = 1073741824                             {manageable} {ergonomic}
     bool UseCompressedClassPointers               = true                           {product lp64_product} {ergonomic}
     bool UseCompressedOops                        = true                           {product lp64_product} {ergonomic}
     bool UseLargePagesIndividualAllocation        = false                                  {pd product} {ergonomic}
     bool UseParallelGC                            = true                                      {product} {command line}

Logging:
Log output configuration:
 #0: stdout all=off uptime,level,tags
 #1: stderr all=off uptime,level,tags

Environment Variables:
PATH=C:\Program Files (x86)\Common Files\Oracle\Java\javapath;C:\ProgramData\Oracle\Java\javapath;C:\Windows\system32;C:\Windows;C:\Windows\System32\Wbem;C:\Windows\System32\WindowsPowerShell\v1.0\;C:\Windows\System32\OpenSSH\;C:\Program Files (x86)\nodejs\;C:\Program Files\Git\cmd;C:\Users\user\AppData\Local\Programs\Python\Python310\Scripts;C:\Users\user\AppData\Local\Programs\Python\Python310\Scripts\;C:\Users\user\AppData\Local\Programs\Python\Python310\;C:\Program Files\MySQL\MySQL Shell 8.0\bin\;C:\Users\user\AppData\Local\Microsoft\WindowsApps;C:\Users\user\AppData\Local\Programs\Microsoft VS Code\bin;C:\Users\user\AppData\Local\GitHubDesktop\bin;C:\Users\user\AppData\Roaming\npm;C:\Users\user\AppData\Local\Programs\Python\Python310\Scripts;C:\Windows\System32;C:\Users\user\AppData\Local\Programs\Python\Python310;C:\Program Files\Java\jdk1.8.0_351\bin;C:\Program Files\Java\jdk1.8.0_351\bin;
USERNAME=user
OS=Windows_NT
PROCESSOR_IDENTIFIER=Intel64 Family 6 Model 140 Stepping 1, GenuineIntel
TMP=C:\Users\user\AppData\Local\Temp
TEMP=C:\Users\user\AppData\Local\Temp



---------------  S Y S T E M  ---------------

OS:
 Windows 10 , 64 bit Build 19041 (10.0.19041.1741)
OS uptime: 2 days 4:46 hours

CPU: total 4 (initial active 4) (2 cores per cpu, 2 threads per core) family 6 model 140 stepping 1 microcode 0x66, cx8, cmov, fxsr, ht, mmx, 3dnowpref, sse, sse2, sse3, ssse3, sse4.1, sse4.2, popcnt, lzcnt, tsc, tscinvbit, avx, avx2, aes, erms, clmul, bmi1, bmi2, adx, avx512f, avx512dq, avx512cd, avx512bw, avx512vl, sha, fma, vzeroupper, avx512_vpopcntdq, avx512_vpclmulqdq, avx512_vaes, avx512_vnni, clflush, clflushopt, clwb, avx512_vbmi2, avx512_vbmi

Memory: 4k page, system-wide physical 7991M (1905M free)
TotalPageFile size 20414M (AvailPageFile size 0M)
current process WorkingSet (physical memory assigned to process): 124M, peak: 124M
current process commit charge ("private bytes"): 219M, peak: 219M

vm_info: OpenJDK 64-Bit Server VM (17.0.4.1+1) for windows-amd64 JRE (17.0.4.1+1), built on Aug 17 2022 07:42:43 by "temurin" with MS VC++ 16.7 (VS2019)

END.
