#
# There is insufficient memory for the Java Runtime Environment to continue.
# Native memory allocation (mmap) failed to map 65536 bytes for Failed to commit metaspace.
# Possible reasons:
#   The system is out of physical RAM or swap space
#   The process is running with CompressedOops enabled, and the Java Heap may be blocking the growth of the native heap
# Possible solutions:
#   Reduce memory load on the system
#   Increase physical memory or swap space
#   Check if swap backing store is full
#   Decrease Java heap size (-Xmx/-Xms)
#   Decrease number of Java threads
#   Decrease Java thread stack sizes (-Xss)
#   Set larger code cache with -XX:ReservedCodeCacheSize=
#   JVM is running with Unscaled Compressed Oops mode in which the Java heap is
#     placed in the first 4GB address space. The Java Heap base address is the
#     maximum limit for the native heap growth. Please use -XX:HeapBaseMinAddress
#     to set the Java Heap base and to place the Java Heap above 4GB virtual address.
# This output file may be truncated or incomplete.
#
#  Out of Memory Error (virtualSpaceNode.cpp:110), pid=18364, tid=2764
#
# JRE version: OpenJDK Runtime Environment Temurin-17.0.4.1+1 (17.0.4.1+1) (build 17.0.4.1+1)
# Java VM: OpenJDK 64-Bit Server VM Temurin-17.0.4.1+1 (17.0.4.1+1, mixed mode, tiered, compressed oops, compressed class ptrs, parallel gc, windows-amd64)
# No core dump will be written. Minidumps are not enabled by default on client versions of Windows
#

---------------  S U M M A R Y ------------

Command Line: --add-modules=ALL-SYSTEM --add-opens=java.base/java.util=ALL-UNNAMED --add-opens=java.base/java.lang=ALL-UNNAMED --add-opens=java.base/sun.nio.fs=ALL-UNNAMED -Declipse.application=org.eclipse.jdt.ls.core.id1 -Dosgi.bundles.defaultStartLevel=4 -Declipse.product=org.eclipse.jdt.ls.core.product -Djava.import.generatesMetadataFilesAtProjectRoot=false -Dfile.encoding=utf8 -DwatchParentProcess=false -XX:+UseParallelGC -XX:GCTimeRatio=4 -XX:AdaptiveSizePolicyWeight=90 -Dsun.zip.disableMemoryMapping=true -Xmx1G -Xms100m -Xlog:disable -javaagent:c:\Users\user\.vscode\extensions\redhat.java-1.11.0-win32-x64\lombok\lombok-1.18.24.jar -XX:+HeapDumpOnOutOfMemoryError -XX:HeapDumpPath=c:\Users\user\AppData\Roaming\Code\User\workspaceStorage\6855cba610e9a025c34a62e00011eca0\redhat.java c:\Users\user\.vscode\extensions\redhat.java-1.11.0-win32-x64\server\plugins\org.eclipse.equinox.launcher_1.6.400.v20210924-0641.jar -configuration c:\Users\user\AppData\Roaming\Code\User\globalStorage\redhat.java\1.11.0\config_win -data c:\Users\user\AppData\Roaming\Code\User\workspaceStorage\6855cba610e9a025c34a62e00011eca0\redhat.java\jdt_ws

Host: 11th Gen Intel(R) Core(TM) i3-1115G4 @ 3.00GHz, 4 cores, 7G,  Windows 10 , 64 bit Build 19041 (10.0.19041.1741)
Time: Tue Oct 25 13:21:38 2022 West Bank Gaza Daylight Time elapsed time: 3.491117 seconds (0d 0h 0m 3s)

---------------  T H R E A D  ---------------

Current thread (0x0000022735143100):  JavaThread "C1 CompilerThread0" daemon [_thread_in_vm, id=2764, stack(0x000000cbba000000,0x000000cbba100000)]


Current CompileTask:
C1:   3491 2146       3       java.lang.invoke.LambdaForm$BasicType::basicTypeSlots (8 bytes)

Stack: [0x000000cbba000000,0x000000cbba100000]
Native frames: (J=compiled Java code, j=interpreted, Vv=VM code, C=native code)
V  [jvm.dll+0x67731a]
V  [jvm.dll+0x832284]
V  [jvm.dll+0x833a2e]
V  [jvm.dll+0x834093]
V  [jvm.dll+0x245775]
V  [jvm.dll+0x82e22b]
V  [jvm.dll+0x61bdf6]
V  [jvm.dll+0x61be5a]
V  [jvm.dll+0x61e67a]
V  [jvm.dll+0x61c796]
V  [jvm.dll+0x62d9da]
V  [jvm.dll+0x62680a]
V  [jvm.dll+0x1cc970]
V  [jvm.dll+0x1ccb5f]
V  [jvm.dll+0x13414e]
V  [jvm.dll+0x134476]
V  [jvm.dll+0x13390a]
V  [jvm.dll+0x1355d1]
V  [jvm.dll+0x227498]
V  [jvm.dll+0x2255e5]
V  [jvm.dll+0x7e7e9b]
V  [jvm.dll+0x7e240a]
V  [jvm.dll+0x6761a5]
C  [ucrtbase.dll+0x21bb2]
C  [KERNEL32.DLL+0x17034]
C  [ntdll.dll+0x52651]


---------------  P R O C E S S  ---------------

Threads class SMR info:
_java_thread_list=0x00000227377f04c0, length=18, elements={
0x00000227212e0e70, 0x0000022735101810, 0x00000227351037d0, 0x000002273510fff0,
0x0000022735110ba0, 0x0000022735113560, 0x0000022735113f10, 0x0000022735142750,
0x0000022735143100, 0x000002272139a5a0, 0x0000022736b81ed0, 0x0000022736d6cec0,
0x0000022737633f90, 0x0000022737670930, 0x000002273777a070, 0x0000022737787a70,
0x0000022737556430, 0x0000022737ac69b0
}

Java Threads: ( => current thread )
  0x00000227212e0e70 JavaThread "main" [_thread_blocked, id=28484, stack(0x000000cbb9600000,0x000000cbb9700000)]
  0x0000022735101810 JavaThread "Reference Handler" daemon [_thread_blocked, id=28916, stack(0x000000cbb9900000,0x000000cbb9a00000)]
  0x00000227351037d0 JavaThread "Finalizer" daemon [_thread_blocked, id=29192, stack(0x000000cbb9a00000,0x000000cbb9b00000)]
  0x000002273510fff0 JavaThread "Signal Dispatcher" daemon [_thread_blocked, id=10136, stack(0x000000cbb9b00000,0x000000cbb9c00000)]
  0x0000022735110ba0 JavaThread "Attach Listener" daemon [_thread_blocked, id=10904, stack(0x000000cbb9c00000,0x000000cbb9d00000)]
  0x0000022735113560 JavaThread "Service Thread" daemon [_thread_blocked, id=30100, stack(0x000000cbb9d00000,0x000000cbb9e00000)]
  0x0000022735113f10 JavaThread "Monitor Deflation Thread" daemon [_thread_blocked, id=3192, stack(0x000000cbb9e00000,0x000000cbb9f00000)]
  0x0000022735142750 JavaThread "C2 CompilerThread0" daemon [_thread_blocked, id=31260, stack(0x000000cbb9f00000,0x000000cbba000000)]
=>0x0000022735143100 JavaThread "C1 CompilerThread0" daemon [_thread_in_vm, id=2764, stack(0x000000cbba000000,0x000000cbba100000)]
  0x000002272139a5a0 JavaThread "Sweeper thread" daemon [_thread_blocked, id=14608, stack(0x000000cbba100000,0x000000cbba200000)]
  0x0000022736b81ed0 JavaThread "Common-Cleaner" daemon [_thread_blocked, id=12532, stack(0x000000cbba200000,0x000000cbba300000)]
  0x0000022736d6cec0 JavaThread "Notification Thread" daemon [_thread_blocked, id=27956, stack(0x000000cbba300000,0x000000cbba400000)]
  0x0000022737633f90 JavaThread "Active Thread: Equinox Container: ff59f7d7-aec4-4a0a-afe2-d79ec5529421" [_thread_blocked, id=28756, stack(0x000000cbba900000,0x000000cbbaa00000)]
  0x0000022737670930 JavaThread "Framework Event Dispatcher: Equinox Container: ff59f7d7-aec4-4a0a-afe2-d79ec5529421" daemon [_thread_blocked, id=17996, stack(0x000000cbbaa00000,0x000000cbbab00000)]
  0x000002273777a070 JavaThread "Start Level: Equinox Container: ff59f7d7-aec4-4a0a-afe2-d79ec5529421" daemon [_thread_in_vm, id=19360, stack(0x000000cbbab00000,0x000000cbbac00000)]
  0x0000022737787a70 JavaThread "SCR Component Actor" daemon [_thread_blocked, id=31668, stack(0x000000cbbac00000,0x000000cbbad00000)]
  0x0000022737556430 JavaThread "SCR Component Registry" daemon [_thread_blocked, id=30600, stack(0x000000cbbad00000,0x000000cbbae00000)]
  0x0000022737ac69b0 JavaThread "Bundle File Closer" daemon [_thread_blocked, id=23088, stack(0x000000cbba800000,0x000000cbba900000)]

Other Threads:
  0x00000227350eb6b0 VMThread "VM Thread" [stack: 0x000000cbb9800000,0x000000cbb9900000] [id=14560]
  0x0000022736d59f50 WatcherThread [stack: 0x000000cbba400000,0x000000cbba500000] [id=14796]
  0x00000227212f66b0 GCTaskThread "GC Thread#0" [stack: 0x000000cbb9700000,0x000000cbb9800000] [id=17204]
  0x0000022737702a30 GCTaskThread "GC Thread#1" [stack: 0x000000cbba500000,0x000000cbba600000] [id=12700]
  0x00000227371527b0 GCTaskThread "GC Thread#2" [stack: 0x000000cbba600000,0x000000cbba700000] [id=19704]
  0x0000022737152a60 GCTaskThread "GC Thread#3" [stack: 0x000000cbba700000,0x000000cbba800000] [id=13132]

Threads with active compile tasks:
C1 CompilerThread0     3516 2146       3       java.lang.invoke.LambdaForm$BasicType::basicTypeSlots (8 bytes)

VM state: not at safepoint (normal execution)

VM Mutex/Monitor currently owned by a thread:  ([mutex/lock_event])
[0x00000227212dc8b0] Metaspace_lock - owner thread: 0x0000022735143100
[0x00000227212deac0] MethodData_lock - owner thread: 0x0000022735143100

Heap address: 0x00000000c0000000, size: 1024 MB, Compressed Oops mode: 32-bit

CDS archive(s) not mapped
Compressed class space mapped at: 0x0000000100000000-0x0000000140000000, reserved size: 1073741824
Narrow klass base: 0x0000000000000000, Narrow klass shift: 3, Narrow klass range: 0x140000000

GC Precious Log:
 CPUs: 4 total, 4 available
 Memory: 7991M
 Large Page Support: Disabled
 NUMA Support: Disabled
 Compressed Oops: Enabled (32-bit)
 Alignments: Space 512K, Generation 512K, Heap 2M
 Heap Min Capacity: 100M
 Heap Initial Capacity: 100M
 Heap Max Capacity: 1G
 Pre-touch: Disabled
 Parallel Workers: 4

Heap:
 PSYoungGen      total 29696K, used 23695K [0x00000000eab00000, 0x00000000ecc00000, 0x0000000100000000)
  eden space 25600K, 76% used [0x00000000eab00000,0x00000000ebe28458,0x00000000ec400000)
  from space 4096K, 99% used [0x00000000ec800000,0x00000000ecbfba58,0x00000000ecc00000)
  to   space 4096K, 0% used [0x00000000ec400000,0x00000000ec400000,0x00000000ec800000)
 ParOldGen       total 68608K, used 1366K [0x00000000c0000000, 0x00000000c4300000, 0x00000000eab00000)
  object space 68608K, 1% used [0x00000000c0000000,0x00000000c0155830,0x00000000c4300000)
 Metaspace       used 16971K, committed 17280K, reserved 1064960K
  class space    used 1717K, committed 1856K, reserved 1048576K

Card table byte_map: [0x0000022720c80000,0x0000022720e90000] _byte_map_base: 0x0000022720680000

Marking Bits: (ParMarkBitMap*) 0x00007ffad5452cc0
 Begin Bits: [0x0000022732f60000, 0x0000022733f60000)
 End Bits:   [0x0000022733f60000, 0x0000022734f60000)

Polling page: 0x000002271f1a0000

Metaspace:

Usage:
  Non-class:     14.90 MB used.
      Class:      1.68 MB used.
       Both:     16.57 MB used.

Virtual space:
  Non-class space:       16.00 MB reserved,      15.06 MB ( 94%) committed,  2 nodes.
      Class space:        1.00 GB reserved,       1.81 MB ( <1%) committed,  1 nodes.
             Both:        1.02 GB reserved,      16.88 MB (  2%) committed. 

Chunk freelists:
   Non-Class:  864.00 KB
       Class:  2.19 MB
        Both:  3.03 MB

MaxMetaspaceSize: unlimited
CompressedClassSpaceSize: 1.00 GB
Initial GC threshold: 21.00 MB
Current GC threshold: 21.00 MB
CDS: off
MetaspaceReclaimPolicy: balanced
 - commit_granule_bytes: 65536.
 - commit_granule_words: 8192.
 - virtual_space_node_default_size: 1048576.
 - enlarge_chunks_in_place: 1.
 - new_chunks_are_fully_committed: 0.
 - uncommit_free_chunks: 1.
 - use_allocation_guard: 0.
 - handle_deallocations: 1.


Internal statistics:

num_allocs_failed_limit: 0.
num_arena_births: 100.
num_arena_deaths: 0.
num_vsnodes_births: 3.
num_vsnodes_deaths: 0.
num_space_committed: 270.
num_space_uncommitted: 0.
num_chunks_returned_to_freelist: 0.
num_chunks_taken_from_freelist: 401.
num_chunk_merges: 0.
num_chunk_splits: 269.
num_chunks_enlarged: 201.
num_purges: 0.
num_inconsistent_stats: 0.

CodeHeap 'non-profiled nmethods': size=120000Kb used=830Kb max_used=830Kb free=119169Kb
 bounds [0x000002272ba30000, 0x000002272bca0000, 0x0000022732f60000]
CodeHeap 'profiled nmethods': size=120000Kb used=4363Kb max_used=4363Kb free=115636Kb
 bounds [0x0000022724500000, 0x0000022724950000, 0x000002272ba30000]
CodeHeap 'non-nmethods': size=5760Kb used=1178Kb max_used=1196Kb free=4582Kb
 bounds [0x0000022723f60000, 0x00000227241d0000, 0x0000022724500000]
 total_blobs=2603 nmethods=2144 adapters=373
 compilation: enabled
              stopped_count=0, restarted_count=0
 full_count=0

Compilation events (20 events):
Event: 3.476 Thread 0x0000022735143100 nmethod 2134 0x000002272493c790 code [0x000002272493ca20, 0x000002272493d708]
Event: 3.476 Thread 0x0000022735143100 2135   !   3       org.eclipse.osgi.storage.bundlefile.CloseableBundleFile::incrementReference (38 bytes)
Event: 3.477 Thread 0x0000022735143100 nmethod 2135 0x000002272493dc10 code [0x000002272493de40, 0x000002272493e778]
Event: 3.479 Thread 0x0000022735142750 2137       4       java.lang.StringLatin1::compareTo (52 bytes)
Event: 3.480 Thread 0x0000022735143100 2138       3       java.util.TreeMap::setColor (10 bytes)
Event: 3.480 Thread 0x0000022735143100 nmethod 2138 0x000002272493ea90 code [0x000002272493ec20, 0x000002272493ed58]
Event: 3.480 Thread 0x0000022735143100 2140       3       java.lang.AbstractStringBuilder::append (60 bytes)
Event: 3.480 Thread 0x0000022735143100 nmethod 2140 0x000002272493ee10 code [0x000002272493efe0, 0x000002272493f318]
Event: 3.480 Thread 0x0000022735143100 2139       3       java.util.TreeMap::leftOf (13 bytes)
Event: 3.480 Thread 0x0000022735143100 nmethod 2139 0x000002272493f490 code [0x000002272493f620, 0x000002272493f798]
Event: 3.482 Thread 0x0000022735142750 nmethod 2137 0x000002272baff110 code [0x000002272baff280, 0x000002272baff438]
Event: 3.483 Thread 0x0000022735143100 2141       3       org.eclipse.osgi.framework.util.CaseInsensitiveDictionaryMap::get (15 bytes)
Event: 3.483 Thread 0x0000022735143100 nmethod 2141 0x000002272493f890 code [0x000002272493fa80, 0x00000227249401a8]
Event: 3.484 Thread 0x0000022735143100 2142       1       org.eclipse.osgi.internal.loader.sources.NullPackageSource::isNullSource (2 bytes)
Event: 3.484 Thread 0x0000022735143100 nmethod 2142 0x000002272baff510 code [0x000002272baff6a0, 0x000002272baff778]
Event: 3.486 Thread 0x0000022735143100 2143   !   3       java.util.concurrent.ConcurrentHashMap::putVal (433 bytes)
Event: 3.487 Thread 0x0000022735143100 nmethod 2143 0x0000022724940390 code [0x00000227249406e0, 0x0000022724942048]
Event: 3.488 Thread 0x0000022735143100 2144       3       java.lang.reflect.Executable::<init> (5 bytes)
Event: 3.489 Thread 0x0000022735143100 nmethod 2144 0x0000022724942a10 code [0x0000022724942bc0, 0x0000022724942d78]
Event: 3.490 Thread 0x0000022735143100 2146       3       java.lang.invoke.LambdaForm$BasicType::basicTypeSlots (8 bytes)

GC Heap History (4 events):
Event: 1.706 GC heap before
{Heap before GC invocations=1 (full 0):
 PSYoungGen      total 29696K, used 25600K [0x00000000eab00000, 0x00000000ecc00000, 0x0000000100000000)
  eden space 25600K, 100% used [0x00000000eab00000,0x00000000ec400000,0x00000000ec400000)
  from space 4096K, 0% used [0x00000000ec800000,0x00000000ec800000,0x00000000ecc00000)
  to   space 4096K, 0% used [0x00000000ec400000,0x00000000ec400000,0x00000000ec800000)
 ParOldGen       total 68608K, used 0K [0x00000000c0000000, 0x00000000c4300000, 0x00000000eab00000)
  object space 68608K, 0% used [0x00000000c0000000,0x00000000c0000000,0x00000000c4300000)
 Metaspace       used 10808K, committed 11008K, reserved 1064960K
  class space    used 1083K, committed 1152K, reserved 1048576K
}
Event: 1.739 GC heap after
{Heap after GC invocations=1 (full 0):
 PSYoungGen      total 29696K, used 3288K [0x00000000eab00000, 0x00000000ecc00000, 0x0000000100000000)
  eden space 25600K, 0% used [0x00000000eab00000,0x00000000eab00000,0x00000000ec400000)
  from space 4096K, 80% used [0x00000000ec400000,0x00000000ec736218,0x00000000ec800000)
  to   space 4096K, 0% used [0x00000000ec800000,0x00000000ec800000,0x00000000ecc00000)
 ParOldGen       total 68608K, used 0K [0x00000000c0000000, 0x00000000c4300000, 0x00000000eab00000)
  object space 68608K, 0% used [0x00000000c0000000,0x00000000c0000000,0x00000000c4300000)
 Metaspace       used 10808K, committed 11008K, reserved 1064960K
  class space    used 1083K, committed 1152K, reserved 1048576K
}
Event: 2.805 GC heap before
{Heap before GC invocations=2 (full 0):
 PSYoungGen      total 29696K, used 28888K [0x00000000eab00000, 0x00000000ecc00000, 0x0000000100000000)
  eden space 25600K, 100% used [0x00000000eab00000,0x00000000ec400000,0x00000000ec400000)
  from space 4096K, 80% used [0x00000000ec400000,0x00000000ec736218,0x00000000ec800000)
  to   space 4096K, 0% used [0x00000000ec800000,0x00000000ec800000,0x00000000ecc00000)
 ParOldGen       total 68608K, used 0K [0x00000000c0000000, 0x00000000c4300000, 0x00000000eab00000)
  object space 68608K, 0% used [0x00000000c0000000,0x00000000c0000000,0x00000000c4300000)
 Metaspace       used 14846K, committed 15168K, reserved 1064960K
  class space    used 1513K, committed 1664K, reserved 1048576K
}
Event: 2.810 GC heap after
{Heap after GC invocations=2 (full 0):
 PSYoungGen      total 29696K, used 4078K [0x00000000eab00000, 0x00000000ecc00000, 0x0000000100000000)
  eden space 25600K, 0% used [0x00000000eab00000,0x00000000eab00000,0x00000000ec400000)
  from space 4096K, 99% used [0x00000000ec800000,0x00000000ecbfba58,0x00000000ecc00000)
  to   space 4096K, 0% used [0x00000000ec400000,0x00000000ec400000,0x00000000ec800000)
 ParOldGen       total 68608K, used 1366K [0x00000000c0000000, 0x00000000c4300000, 0x00000000eab00000)
  object space 68608K, 1% used [0x00000000c0000000,0x00000000c0155830,0x00000000c4300000)
 Metaspace       used 14846K, committed 15168K, reserved 1064960K
  class space    used 1513K, committed 1664K, reserved 1048576K
}

Deoptimization events (20 events):
Event: 3.197 Thread 0x000002273777a070 DEOPT PACKING pc=0x000002272487acae sp=0x000000cbbabf8930
Event: 3.197 Thread 0x000002273777a070 DEOPT UNPACKING pc=0x0000022723fb6463 sp=0x000000cbbabf7df0 mode 0
Event: 3.201 Thread 0x000002273777a070 Uncommon trap: trap_request=0xffffff45 fr.pc=0x000002272baeedb8 relative=0x00000000000002f8
Event: 3.201 Thread 0x000002273777a070 Uncommon trap: reason=unstable_if action=reinterpret pc=0x000002272baeedb8 method=com.sun.org.apache.xerces.internal.impl.XMLEntityScanner.scanLiteral(ILcom/sun/org/apache/xerces/internal/xni/XMLString;Z)I @ 189 c2
Event: 3.201 Thread 0x000002273777a070 DEOPT PACKING pc=0x000002272baeedb8 sp=0x000000cbbabf8720
Event: 3.201 Thread 0x000002273777a070 DEOPT UNPACKING pc=0x0000022723fb5923 sp=0x000000cbbabf86b0 mode 2
Event: 3.269 Thread 0x000002273777a070 DEOPT PACKING pc=0x0000022724823a9e sp=0x000000cbbabf8a70
Event: 3.269 Thread 0x000002273777a070 DEOPT UNPACKING pc=0x0000022723fb6463 sp=0x000000cbbabf7f68 mode 0
Event: 3.301 Thread 0x000002273777a070 Uncommon trap: trap_request=0xffffff45 fr.pc=0x000002272baf61e4 relative=0x0000000000000304
Event: 3.301 Thread 0x000002273777a070 Uncommon trap: reason=unstable_if action=reinterpret pc=0x000002272baf61e4 method=com.sun.org.apache.xerces.internal.impl.XMLEntityScanner.skipSpaces()Z @ 88 c2
Event: 3.301 Thread 0x000002273777a070 DEOPT PACKING pc=0x000002272baf61e4 sp=0x000000cbbabf8b10
Event: 3.301 Thread 0x000002273777a070 DEOPT UNPACKING pc=0x0000022723fb5923 sp=0x000000cbbabf8aa8 mode 2
Event: 3.302 Thread 0x000002273777a070 Uncommon trap: trap_request=0xffffff45 fr.pc=0x000002272baf73d8 relative=0x00000000000000b8
Event: 3.302 Thread 0x000002273777a070 Uncommon trap: reason=unstable_if action=reinterpret pc=0x000002272baf73d8 method=com.sun.org.apache.xerces.internal.impl.XMLEntityScanner.peekChar()I @ 51 c2
Event: 3.302 Thread 0x000002273777a070 DEOPT PACKING pc=0x000002272baf73d8 sp=0x000000cbbabf8a60
Event: 3.302 Thread 0x000002273777a070 DEOPT UNPACKING pc=0x0000022723fb5923 sp=0x000000cbbabf89e8 mode 2
Event: 3.411 Thread 0x000002273777a070 Uncommon trap: trap_request=0xffffff45 fr.pc=0x000002272bada08c relative=0x0000000000000b6c
Event: 3.411 Thread 0x000002273777a070 Uncommon trap: reason=unstable_if action=reinterpret pc=0x000002272bada08c method=java.util.concurrent.ConcurrentHashMap.putVal(Ljava/lang/Object;Ljava/lang/Object;Z)Ljava/lang/Object; @ 148 c2
Event: 3.411 Thread 0x000002273777a070 DEOPT PACKING pc=0x000002272bada08c sp=0x000000cbbabfbe10
Event: 3.411 Thread 0x000002273777a070 DEOPT UNPACKING pc=0x0000022723fb5923 sp=0x000000cbbabfbd90 mode 2

Classes unloaded (0 events):
No events

Classes redefined (0 events):
No events

Internal exceptions (20 events):
Event: 1.423 Thread 0x00000227212e0e70 Exception <a 'java/lang/ClassNotFoundException'{0x00000000ebf6d328}: sun/net/www/protocol/c/Handler> (0x00000000ebf6d328) 
thrown [s\src\hotspot\share\classfile\systemDictionary.cpp, line 256]
Event: 1.423 Thread 0x00000227212e0e70 Exception <a 'java/lang/ClassNotFoundException'{0x00000000ebf6e518}: sun/net/www/protocol/c/Handler> (0x00000000ebf6e518) 
thrown [s\src\hotspot\share\classfile\systemDictionary.cpp, line 256]
Event: 1.430 Thread 0x00000227212e0e70 Exception <a 'java/io/FileNotFoundException'{0x00000000ebf94b08}> (0x00000000ebf94b08) 
thrown [s\src\hotspot\share\prims\jni.cpp, line 516]
Event: 1.457 Thread 0x00000227212e0e70 Implicit null exception at 0x000002272ba766db to 0x000002272ba770f4
Event: 1.457 Thread 0x00000227212e0e70 Implicit null exception at 0x000002272ba872f1 to 0x000002272ba874d0
Event: 1.458 Thread 0x00000227212e0e70 Implicit null exception at 0x000002272ba7a4f1 to 0x000002272ba7a6dc
Event: 1.458 Thread 0x00000227212e0e70 Implicit null exception at 0x000002272ba7040f to 0x000002272ba70485
Event: 1.525 Thread 0x00000227212e0e70 Exception <a 'java/lang/NoSuchMethodError'{0x00000000ec2606c0}: 'int java.lang.invoke.DirectMethodHandle$Holder.invokeStaticInit(java.lang.Object, java.lang.Object, java.lang.Object, java.lang.Object)'> (0x00000000ec2606c0) 
thrown [s\src\hotspot\share\interpreter\linkResolver.cpp, line 759]
Event: 1.526 Thread 0x00000227212e0e70 Exception <a 'java/lang/NoSuchMethodError'{0x00000000ec26ad30}: 'java.lang.Object java.lang.invoke.DirectMethodHandle$Holder.invokeInterface(java.lang.Object, java.lang.Object)'> (0x00000000ec26ad30) 
thrown [s\src\hotspot\share\interpreter\linkResolver.cpp, line 759]
Event: 1.527 Thread 0x00000227212e0e70 Exception <a 'java/lang/IncompatibleClassChangeError'{0x00000000ec26e528}: Found class java.lang.Object, but interface was expected> (0x00000000ec26e528) 
thrown [s\src\hotspot\share\interpreter\linkResolver.cpp, line 826]
Event: 1.563 Thread 0x00000227212e0e70 Exception <a 'java/lang/NoSuchMethodError'{0x00000000ec272a20}: 'void java.lang.invoke.DirectMethodHandle$Holder.invokeStatic(java.lang.Object, java.lang.Object)'> (0x00000000ec272a20) 
thrown [s\src\hotspot\share\interpreter\linkResolver.cpp, line 759]
Event: 1.563 Thread 0x00000227212e0e70 Exception <a 'java/lang/NoSuchMethodError'{0x00000000ec276220}: 'void java.lang.invoke.DirectMethodHandle$Holder.invokeStaticInit(java.lang.Object, java.lang.Object)'> (0x00000000ec276220) 
thrown [s\src\hotspot\share\interpreter\linkResolver.cpp, line 759]
Event: 1.565 Thread 0x00000227212e0e70 Exception <a 'java/lang/NoSuchMethodError'{0x00000000ec27d638}: 'int java.lang.invoke.DirectMethodHandle$Holder.invokeStaticInit(java.lang.Object, java.lang.Object)'> (0x00000000ec27d638) 
thrown [s\src\hotspot\share\interpreter\linkResolver.cpp, line 759]
Event: 1.698 Thread 0x00000227212e0e70 Exception <a 'java/lang/NoSuchMethodError'{0x00000000ec3c10b8}: 'void java.lang.invoke.DirectMethodHandle$Holder.invokeSpecial(java.lang.Object, java.lang.Object, java.lang.Object)'> (0x00000000ec3c10b8) 
thrown [s\src\hotspot\share\interpreter\linkResolver.cpp, line 759]
Event: 2.291 Thread 0x00000227212e0e70 Exception <a 'java/lang/NoSuchMethodError'{0x00000000eb78fe98}: 'java.lang.Object java.lang.invoke.DirectMethodHandle$Holder.newInvokeSpecial(java.lang.Object, int, java.lang.Object)'> (0x00000000eb78fe98) 
thrown [s\src\hotspot\share\interpreter\linkResolver.cpp, line 759]
Event: 2.582 Thread 0x00000227212e0e70 Exception <a 'java/lang/UnsatisfiedLinkError'{0x00000000ebd0ed50}: 'void org.eclipse.equinox.launcher.JNIBridge._update_splash()'> (0x00000000ebd0ed50) 
thrown [s\src\hotspot\share\prims\nativeLookup.cpp, line 543]
Event: 2.637 Thread 0x000002273777a070 Exception <a 'java/lang/NoSuchMethodError'{0x00000000ebfa69a0}: 'java.lang.Object java.lang.invoke.DirectMethodHandle$Holder.invokeStaticInit(java.lang.Object)'> (0x00000000ebfa69a0) 
thrown [s\src\hotspot\share\interpreter\linkResolver.cpp, line 759]
Event: 3.477 Thread 0x000002273777a070 Exception <a 'java/io/FileNotFoundException'{0x00000000ebd3cd08}> (0x00000000ebd3cd08) 
thrown [s\src\hotspot\share\prims\jni.cpp, line 516]
Event: 3.483 Thread 0x000002273777a070 Exception <a 'java/lang/NullPointerException'{0x00000000ebd85708}> (0x00000000ebd85708) 
thrown [s\src\hotspot\share\interpreter\linkResolver.cpp, line 1350]
Event: 3.483 Thread 0x000002273777a070 Exception <a 'java/lang/NullPointerException'{0x00000000ebd85f30}> (0x00000000ebd85f30) 
thrown [s\src\hotspot\share\interpreter\linkResolver.cpp, line 1350]

VM Operations (20 events):
Event: 0.993 Executing VM operation: HandshakeAllThreads
Event: 0.993 Executing VM operation: HandshakeAllThreads done
Event: 1.375 Executing VM operation: HandshakeAllThreads
Event: 1.375 Executing VM operation: HandshakeAllThreads done
Event: 1.375 Executing VM operation: Cleanup
Event: 1.376 Executing VM operation: Cleanup done
Event: 1.706 Executing VM operation: ParallelGCFailedAllocation
Event: 1.739 Executing VM operation: ParallelGCFailedAllocation done
Event: 2.264 Executing VM operation: HandshakeAllThreads
Event: 2.267 Executing VM operation: HandshakeAllThreads done
Event: 2.267 Executing VM operation: HandshakeAllThreads
Event: 2.267 Executing VM operation: HandshakeAllThreads done
Event: 2.272 Executing VM operation: HandshakeAllThreads
Event: 2.272 Executing VM operation: HandshakeAllThreads done
Event: 2.285 Executing VM operation: HandshakeAllThreads
Event: 2.285 Executing VM operation: HandshakeAllThreads done
Event: 2.672 Executing VM operation: HandshakeAllThreads
Event: 2.672 Executing VM operation: HandshakeAllThreads done
Event: 2.805 Executing VM operation: ParallelGCFailedAllocation
Event: 2.810 Executing VM operation: ParallelGCFailedAllocation done

Events (20 events):
Event: 2.921 loading class java/lang/StackWalker$Option
Event: 2.921 loading class java/lang/StackWalker$Option done
Event: 2.923 loading class org/xml/sax/SAXParseException
Event: 2.923 loading class org/xml/sax/SAXParseException done
Event: 3.077 Thread 0x00000227376df540 Thread exited: 0x00000227376df540
Event: 3.324 loading class java/util/AbstractMap$SimpleImmutableEntry
Event: 3.324 loading class java/util/AbstractMap$SimpleImmutableEntry done
Event: 3.324 Thread 0x0000022737ac69b0 Thread added: 0x0000022737ac69b0
Event: 3.409 loading class java/util/TreeMap$Values
Event: 3.409 loading class java/util/TreeMap$Values done
Event: 3.409 loading class java/util/TreeMap$ValueIterator
Event: 3.409 loading class java/util/TreeMap$ValueIterator done
Event: 3.478 loading class java/util/function/IntFunction
Event: 3.478 loading class java/util/function/IntFunction done
Event: 3.483 loading class java/util/ImmutableCollections$Map1
Event: 3.483 loading class java/util/ImmutableCollections$Map1 done
Event: 3.483 loading class java/util/AbstractMap$1
Event: 3.483 loading class java/util/AbstractMap$1 done
Event: 3.483 loading class java/util/AbstractMap$1$1
Event: 3.483 loading class java/util/AbstractMap$1$1 done


Dynamic libraries:
0x00007ff7f6ec0000 - 0x00007ff7f6ece000 	c:\Users\user\.vscode\extensions\redhat.java-1.11.0-win32-x64\jre\17.0.4.1-win32-x86_64\bin\java.exe
0x00007ffb19db0000 - 0x00007ffb19fa7000 	C:\Windows\SYSTEM32\ntdll.dll
0x00007ffb17f60000 - 0x00007ffb1801d000 	C:\Windows\System32\KERNEL32.DLL
0x00007ffb17820000 - 0x00007ffb17aed000 	C:\Windows\System32\KERNELBASE.dll
0x00007ffb17af0000 - 0x00007ffb17bf0000 	C:\Windows\System32\ucrtbase.dll
0x00007ffb11350000 - 0x00007ffb11368000 	c:\Users\user\.vscode\extensions\redhat.java-1.11.0-win32-x64\jre\17.0.4.1-win32-x86_64\bin\jli.dll
0x00007ffb18260000 - 0x00007ffb18400000 	C:\Windows\System32\USER32.dll
0x00007ffb17d00000 - 0x00007ffb17d22000 	C:\Windows\System32\win32u.dll
0x00007ffb18230000 - 0x00007ffb1825a000 	C:\Windows\System32\GDI32.dll
0x00007ffb17bf0000 - 0x00007ffb17cfb000 	C:\Windows\System32\gdi32full.dll
0x00007ffb17630000 - 0x00007ffb176cd000 	C:\Windows\System32\msvcp_win.dll
0x00007ffb0ee70000 - 0x00007ffb0ee89000 	c:\Users\user\.vscode\extensions\redhat.java-1.11.0-win32-x64\jre\17.0.4.1-win32-x86_64\bin\VCRUNTIME140.dll
0x00007ffb04e60000 - 0x00007ffb050fa000 	C:\Windows\WinSxS\amd64_microsoft.windows.common-controls_6595b64144ccf1df_6.0.19041.1110_none_60b5254171f9507e\COMCTL32.dll
0x00007ffb18b90000 - 0x00007ffb18c2e000 	C:\Windows\System32\msvcrt.dll
0x00007ffb189b0000 - 0x00007ffb189e0000 	C:\Windows\System32\IMM32.DLL
0x000000006a7b0000 - 0x000000006a7bc000 	C:\Program Files (x86)\360\Total Security\safemon\SafeWrapper.dll
0x00007ffb17e30000 - 0x00007ffb17ede000 	C:\Windows\System32\ADVAPI32.dll
0x00007ffb188b0000 - 0x00007ffb1894c000 	C:\Windows\System32\sechost.dll
0x00007ffb184b0000 - 0x00007ffb185d5000 	C:\Windows\System32\RPCRT4.dll
0x00007ffaf9b10000 - 0x00007ffaf9ba2000 	C:\Program Files (x86)\360\Total Security\safemon\libzdtp64.dll
0x00007ffb19120000 - 0x00007ffb19864000 	C:\Windows\System32\SHELL32.dll
0x00007ffb18950000 - 0x00007ffb189a5000 	C:\Windows\System32\SHLWAPI.dll
0x00007ffb17080000 - 0x00007ffb1708a000 	C:\Windows\SYSTEM32\VERSION.dll
0x00007ffb12b90000 - 0x00007ffb12b9c000 	c:\Users\user\.vscode\extensions\redhat.java-1.11.0-win32-x64\jre\17.0.4.1-win32-x86_64\bin\vcruntime140_1.dll
0x00007ffaf3b60000 - 0x00007ffaf3bf1000 	c:\Users\user\.vscode\extensions\redhat.java-1.11.0-win32-x64\jre\17.0.4.1-win32-x86_64\bin\msvcp140.dll
0x00007ffad48d0000 - 0x00007ffad5516000 	c:\Users\user\.vscode\extensions\redhat.java-1.11.0-win32-x64\jre\17.0.4.1-win32-x86_64\bin\server\jvm.dll
0x00007ffb188a0000 - 0x00007ffb188a8000 	C:\Windows\System32\PSAPI.DLL
0x00007ffb03050000 - 0x00007ffb03059000 	C:\Windows\SYSTEM32\WSOCK32.dll
0x00007ffb19000000 - 0x00007ffb1906b000 	C:\Windows\System32\WS2_32.dll
0x00007ffafd130000 - 0x00007ffafd157000 	C:\Windows\SYSTEM32\WINMM.dll
0x00007ffb15cf0000 - 0x00007ffb15d02000 	C:\Windows\SYSTEM32\kernel.appcore.dll
0x00007ffb12b40000 - 0x00007ffb12b4a000 	c:\Users\user\.vscode\extensions\redhat.java-1.11.0-win32-x64\jre\17.0.4.1-win32-x86_64\bin\jimage.dll
0x00007ffb150e0000 - 0x00007ffb152c4000 	C:\Windows\SYSTEM32\DBGHELP.DLL
0x00007ffafbfa0000 - 0x00007ffafbfcc000 	C:\Windows\SYSTEM32\dbgcore.DLL
0x00007ffb176d0000 - 0x00007ffb17752000 	C:\Windows\System32\bcryptPrimitives.dll
0x00007ffb0f440000 - 0x00007ffb0f44e000 	c:\Users\user\.vscode\extensions\redhat.java-1.11.0-win32-x64\jre\17.0.4.1-win32-x86_64\bin\instrument.dll
0x00007ffb02fd0000 - 0x00007ffb02ff5000 	c:\Users\user\.vscode\extensions\redhat.java-1.11.0-win32-x64\jre\17.0.4.1-win32-x86_64\bin\java.dll
0x00007ffb0d860000 - 0x00007ffb0d878000 	c:\Users\user\.vscode\extensions\redhat.java-1.11.0-win32-x64\jre\17.0.4.1-win32-x86_64\bin\zip.dll
0x00007ffb15540000 - 0x00007ffb15cd4000 	C:\Windows\SYSTEM32\windows.storage.dll
0x00007ffb18ca0000 - 0x00007ffb18ff4000 	C:\Windows\System32\combase.dll
0x00007ffb16ec0000 - 0x00007ffb16eec000 	C:\Windows\SYSTEM32\Wldp.dll
0x00007ffb19070000 - 0x00007ffb1911d000 	C:\Windows\System32\SHCORE.dll
0x00007ffb17410000 - 0x00007ffb1742f000 	C:\Windows\SYSTEM32\profapi.dll
0x00007ffb0ec70000 - 0x00007ffb0ec89000 	C:\Users\user\.vscode\extensions\redhat.java-1.11.0-win32-x64\jre\17.0.4.1-win32-x86_64\bin\net.dll
0x00007ffb11620000 - 0x00007ffb1172a000 	C:\Windows\SYSTEM32\WINHTTP.dll
0x00007ffb16c20000 - 0x00007ffb16c8a000 	C:\Windows\system32\mswsock.dll
0x00007ffb0b7d0000 - 0x00007ffb0b7e5000 	C:\Users\user\.vscode\extensions\redhat.java-1.11.0-win32-x64\jre\17.0.4.1-win32-x86_64\bin\nio.dll
0x00007ffb0f400000 - 0x00007ffb0f410000 	c:\Users\user\.vscode\extensions\redhat.java-1.11.0-win32-x64\jre\17.0.4.1-win32-x86_64\bin\verify.dll
0x00007ffafccb0000 - 0x00007ffafccee000 	C:\Users\user\AppData\Roaming\Code\User\globalStorage\redhat.java\1.11.0\config_win\org.eclipse.equinox.launcher\org.eclipse.equinox.launcher.win32.win32.x86_64_1.2.600.v20220720-1916\eclipse_11700.dll
0x00007ffb185e0000 - 0x00007ffb1870a000 	C:\Windows\System32\ole32.dll

dbghelp: loaded successfully - version: 4.0.5 - missing functions: none
symbol engine: initialized successfully - sym options: 0x614 - pdb path: .;c:\Users\user\.vscode\extensions\redhat.java-1.11.0-win32-x64\jre\17.0.4.1-win32-x86_64\bin;C:\Windows\SYSTEM32;C:\Windows\WinSxS\amd64_microsoft.windows.common-controls_6595b64144ccf1df_6.0.19041.1110_none_60b5254171f9507e;C:\Program Files (x86)\360\Total Security\safemon;c:\Users\user\.vscode\extensions\redhat.java-1.11.0-win32-x64\jre\17.0.4.1-win32-x86_64\bin\server;C:\Users\user\AppData\Roaming\Code\User\globalStorage\redhat.java\1.11.0\config_win\org.eclipse.equinox.launcher\org.eclipse.equinox.launcher.win32.win32.x86_64_1.2.600.v20220720-1916

VM Arguments:
jvm_args: --add-modules=ALL-SYSTEM --add-opens=java.base/java.util=ALL-UNNAMED --add-opens=java.base/java.lang=ALL-UNNAMED --add-opens=java.base/sun.nio.fs=ALL-UNNAMED -Declipse.application=org.eclipse.jdt.ls.core.id1 -Dosgi.bundles.defaultStartLevel=4 -Declipse.product=org.eclipse.jdt.ls.core.product -Djava.import.generatesMetadataFilesAtProjectRoot=false -Dfile.encoding=utf8 -DwatchParentProcess=false -XX:+UseParallelGC -XX:GCTimeRatio=4 -XX:AdaptiveSizePolicyWeight=90 -Dsun.zip.disableMemoryMapping=true -Xmx1G -Xms100m -Xlog:disable -javaagent:c:\Users\user\.vscode\extensions\redhat.java-1.11.0-win32-x64\lombok\lombok-1.18.24.jar -XX:+HeapDumpOnOutOfMemoryError -XX:HeapDumpPath=c:\Users\user\AppData\Roaming\Code\User\workspaceStorage\6855cba610e9a025c34a62e00011eca0\redhat.java 
java_command: c:\Users\user\.vscode\extensions\redhat.java-1.11.0-win32-x64\server\plugins\org.eclipse.equinox.launcher_1.6.400.v20210924-0641.jar -configuration c:\Users\user\AppData\Roaming\Code\User\globalStorage\redhat.java\1.11.0\config_win -data c:\Users\user\AppData\Roaming\Code\User\workspaceStorage\6855cba610e9a025c34a62e00011eca0\redhat.java\jdt_ws
java_class_path (initial): c:\Users\user\.vscode\extensions\redhat.java-1.11.0-win32-x64\server\plugins\org.eclipse.equinox.launcher_1.6.400.v20210924-0641.jar
Launcher Type: SUN_STANDARD

[Global flags]
    uintx AdaptiveSizePolicyWeight                 = 90                                        {product} {command line}
     intx CICompilerCount                          = 3                                         {product} {ergonomic}
    uintx GCTimeRatio                              = 4                                         {product} {command line}
     bool HeapDumpOnOutOfMemoryError               = true                                   {manageable} {command line}
    ccstr HeapDumpPath                             = c:\Users\user\AppData\Roaming\Code\User\workspaceStorage\6855cba610e9a025c34a62e00011eca0\redhat.java         {manageable} {command line}
   size_t InitialHeapSize                          = 104857600                                 {product} {command line}
   size_t MaxHeapSize                              = 1073741824                                {product} {command line}
   size_t MaxNewSize                               = 357564416                                 {product} {ergonomic}
   size_t MinHeapDeltaBytes                        = 524288                                    {product} {ergonomic}
   size_t MinHeapSize                              = 104857600                                 {product} {command line}
   size_t NewSize                                  = 34603008                                  {product} {ergonomic}
    uintx NonNMethodCodeHeapSize                   = 5832780                                {pd product} {ergonomic}
    uintx NonProfiledCodeHeapSize                  = 122912730                              {pd product} {ergonomic}
   size_t OldSize                                  = 70254592                                  {product} {ergonomic}
    uintx ProfiledCodeHeapSize                     = 122912730                              {pd product} {ergonomic}
    uintx ReservedCodeCacheSize                    = 251658240                              {pd product} {ergonomic}
     bool SegmentedCodeCache                       = true                                      {product} {ergonomic}
   size_t SoftMaxHeapSize                          = 1073741824                             {manageable} {ergonomic}
     bool UseCompressedClassPointers               = true                           {product lp64_product} {ergonomic}
     bool UseCompressedOops                        = true                           {product lp64_product} {ergonomic}
     bool UseLargePagesIndividualAllocation        = false                                  {pd product} {ergonomic}
     bool UseParallelGC                            = true                                      {product} {command line}

Logging:
Log output configuration:
 #0: stdout all=off uptime,level,tags
 #1: stderr all=off uptime,level,tags

Environment Variables:
PATH=C:\Program Files (x86)\Common Files\Oracle\Java\javapath;C:\ProgramData\Oracle\Java\javapath;C:\Windows\system32;C:\Windows;C:\Windows\System32\Wbem;C:\Windows\System32\WindowsPowerShell\v1.0\;C:\Windows\System32\OpenSSH\;C:\Program Files (x86)\nodejs\;C:\Program Files\Git\cmd;C:\Users\user\AppData\Local\Programs\Python\Python310\Scripts;C:\Users\user\AppData\Local\Programs\Python\Python310\Scripts\;C:\Users\user\AppData\Local\Programs\Python\Python310\;C:\Program Files\MySQL\MySQL Shell 8.0\bin\;C:\Users\user\AppData\Local\Microsoft\WindowsApps;C:\Users\user\AppData\Local\Programs\Microsoft VS Code\bin;C:\Users\user\AppData\Local\GitHubDesktop\bin;C:\Users\user\AppData\Roaming\npm;C:\Users\user\AppData\Local\Programs\Python\Python310\Scripts;C:\Windows\System32;C:\Users\user\AppData\Local\Programs\Python\Python310;C:\Program Files\Java\jdk1.8.0_351\bin;C:\Program Files\Java\jdk1.8.0_351\bin;
USERNAME=user
OS=Windows_NT
PROCESSOR_IDENTIFIER=Intel64 Family 6 Model 140 Stepping 1, GenuineIntel
TMP=C:\Users\user\AppData\Local\Temp
TEMP=C:\Users\user\AppData\Local\Temp



---------------  S Y S T E M  ---------------

OS:
 Windows 10 , 64 bit Build 19041 (10.0.19041.1741)
OS uptime: 2 days 4:46 hours

CPU: total 4 (initial active 4) (2 cores per cpu, 2 threads per core) family 6 model 140 stepping 1 microcode 0x66, cx8, cmov, fxsr, ht, mmx, 3dnowpref, sse, sse2, sse3, ssse3, sse4.1, sse4.2, popcnt, lzcnt, tsc, tscinvbit, avx, avx2, aes, erms, clmul, bmi1, bmi2, adx, avx512f, avx512dq, avx512cd, avx512bw, avx512vl, sha, fma, vzeroupper, avx512_vpopcntdq, avx512_vpclmulqdq, avx512_vaes, avx512_vnni, clflush, clflushopt, clwb, avx512_vbmi2, avx512_vbmi

Memory: 4k page, system-wide physical 7991M (1875M free)
TotalPageFile size 20414M (AvailPageFile size 0M)
current process WorkingSet (physical memory assigned to process): 97M, peak: 97M
current process commit charge ("private bytes"): 200M, peak: 200M

vm_info: OpenJDK 64-Bit Server VM (17.0.4.1+1) for windows-amd64 JRE (17.0.4.1+1), built on Aug 17 2022 07:42:43 by "temurin" with MS VC++ 16.7 (VS2019)

END.
