#
# There is insufficient memory for the Java Runtime Environment to continue.
# Native memory allocation (mmap) failed to map 65536 bytes for Failed to commit metaspace.
# Possible reasons:
#   The system is out of physical RAM or swap space
#   The process is running with CompressedOops enabled, and the Java Heap may be blocking the growth of the native heap
# Possible solutions:
#   Reduce memory load on the system
#   Increase physical memory or swap space
#   Check if swap backing store is full
#   Decrease Java heap size (-Xmx/-Xms)
#   Decrease number of Java threads
#   Decrease Java thread stack sizes (-Xss)
#   Set larger code cache with -XX:ReservedCodeCacheSize=
#   JVM is running with Unscaled Compressed Oops mode in which the Java heap is
#     placed in the first 4GB address space. The Java Heap base address is the
#     maximum limit for the native heap growth. Please use -XX:HeapBaseMinAddress
#     to set the Java Heap base and to place the Java Heap above 4GB virtual address.
# This output file may be truncated or incomplete.
#
#  Out of Memory Error (virtualSpaceNode.cpp:110), pid=26700, tid=1476
#
# JRE version: OpenJDK Runtime Environment Temurin-17.0.4.1+1 (17.0.4.1+1) (build 17.0.4.1+1)
# Java VM: OpenJDK 64-Bit Server VM Temurin-17.0.4.1+1 (17.0.4.1+1, mixed mode, tiered, compressed oops, compressed class ptrs, parallel gc, windows-amd64)
# No core dump will be written. Minidumps are not enabled by default on client versions of Windows
#

---------------  S U M M A R Y ------------

Command Line: --add-modules=ALL-SYSTEM --add-opens=java.base/java.util=ALL-UNNAMED --add-opens=java.base/java.lang=ALL-UNNAMED --add-opens=java.base/sun.nio.fs=ALL-UNNAMED -Declipse.application=org.eclipse.jdt.ls.core.id1 -Dosgi.bundles.defaultStartLevel=4 -Declipse.product=org.eclipse.jdt.ls.core.product -Djava.import.generatesMetadataFilesAtProjectRoot=false -Dfile.encoding=utf8 -DwatchParentProcess=false -XX:+UseParallelGC -XX:GCTimeRatio=4 -XX:AdaptiveSizePolicyWeight=90 -Dsun.zip.disableMemoryMapping=true -Xmx1G -Xms100m -Xlog:disable -javaagent:c:\Users\user\.vscode\extensions\redhat.java-1.11.0-win32-x64\lombok\lombok-1.18.24.jar c:\Users\user\.vscode\extensions\redhat.java-1.11.0-win32-x64\server\plugins\org.eclipse.equinox.launcher_1.6.400.v20210924-0641.jar -configuration c:\Users\user\AppData\Roaming\Code\User\globalStorage\redhat.java\1.11.0\config_ss_win -data c:\Users\user\AppData\Roaming\Code\User\workspaceStorage\6855cba610e9a025c34a62e00011eca0\redhat.java\ss_ws

Host: 11th Gen Intel(R) Core(TM) i3-1115G4 @ 3.00GHz, 4 cores, 7G,  Windows 10 , 64 bit Build 19041 (10.0.19041.1741)
Time: Tue Oct 25 13:21:45 2022 West Bank Gaza Daylight Time elapsed time: 2.747405 seconds (0d 0h 0m 2s)

---------------  T H R E A D  ---------------

Current thread (0x000001dc28976010):  JavaThread "Start Level: Equinox Container: a3368441-33da-4883-bc69-c0d93903a4b9" daemon [_thread_in_vm, id=1476, stack(0x0000005232900000,0x0000005232a00000)]

Stack: [0x0000005232900000,0x0000005232a00000]
Native frames: (J=compiled Java code, j=interpreted, Vv=VM code, C=native code)
V  [jvm.dll+0x67731a]
V  [jvm.dll+0x832284]
V  [jvm.dll+0x833a2e]
V  [jvm.dll+0x834093]
V  [jvm.dll+0x245775]
V  [jvm.dll+0x82e22b]
V  [jvm.dll+0x61bdf6]
V  [jvm.dll+0x1c07be]
V  [jvm.dll+0x61e741]
V  [jvm.dll+0x61c796]
V  [jvm.dll+0x2431cc]
V  [jvm.dll+0x6cd7ed]
V  [jvm.dll+0x6ce21f]
V  [jvm.dll+0x370333]
V  [jvm.dll+0x36f512]
V  [jvm.dll+0x36f4b8]
V  [jvm.dll+0x37f2da]
C  0x000001dc1462af2e

Java frames: (J=compiled Java code, j=interpreted, Vv=VM code)
j  org.eclipse.core.resources.ResourcesPlugin$WorkspaceInitCustomizer.addingService(Lorg/osgi/framework/ServiceReference;)Lorg/eclipse/core/internal/resources/Workspace;+30
j  org.eclipse.core.resources.ResourcesPlugin$WorkspaceInitCustomizer.addingService(Lorg/osgi/framework/ServiceReference;)Ljava/lang/Object;+5
j  org.osgi.util.tracker.ServiceTracker$Tracked.customizerAdding(Lorg/osgi/framework/ServiceReference;Lorg/osgi/framework/ServiceEvent;)Ljava/lang/Object;+8
j  org.osgi.util.tracker.ServiceTracker$Tracked.customizerAdding(Ljava/lang/Object;Ljava/lang/Object;)Ljava/lang/Object;+9
j  org.osgi.util.tracker.AbstractTracked.trackAdding(Ljava/lang/Object;Ljava/lang/Object;)V+8
j  org.osgi.util.tracker.AbstractTracked.trackInitial()V+90
j  org.osgi.util.tracker.ServiceTracker.open(Z)V+198
j  org.osgi.util.tracker.ServiceTracker.open()V+2
j  org.eclipse.core.resources.ResourcesPlugin.start(Lorg/osgi/framework/BundleContext;)V+106
j  org.eclipse.osgi.internal.framework.BundleContextImpl$2.run()Ljava/lang/Void;+23
j  org.eclipse.osgi.internal.framework.BundleContextImpl$2.run()Ljava/lang/Object;+1
J 1190 c1 java.security.AccessController.executePrivileged(Ljava/security/PrivilegedExceptionAction;Ljava/security/AccessControlContext;Ljava/lang/Class;)Ljava/lang/Object; java.base@17.0.4.1 (65 bytes) @ 0x000001dc14dc16b4 [0x000001dc14dc1560+0x0000000000000154]
j  java.security.AccessController.doPrivileged(Ljava/security/PrivilegedExceptionAction;)Ljava/lang/Object;+9 java.base@17.0.4.1
j  org.eclipse.osgi.internal.framework.BundleContextImpl.startActivator(Lorg/osgi/framework/BundleActivator;)V+9
j  org.eclipse.osgi.internal.framework.BundleContextImpl.start()V+134
j  org.eclipse.osgi.internal.framework.EquinoxBundle.startWorker0()V+35
j  org.eclipse.osgi.internal.framework.EquinoxBundle$EquinoxModule.startWorker()V+4
j  org.eclipse.osgi.container.Module.doStart([Lorg/eclipse/osgi/container/Module$StartOptions;)Lorg/eclipse/osgi/container/ModuleContainerAdaptor$ModuleEvent;+190
j  org.eclipse.osgi.container.Module.start([Lorg/eclipse/osgi/container/Module$StartOptions;)V+460
j  org.eclipse.osgi.framework.util.SecureAction.start(Lorg/eclipse/osgi/container/Module;[Lorg/eclipse/osgi/container/Module$StartOptions;)V+8
J 1748 c1 org.eclipse.osgi.internal.hooks.EclipseLazyStarter.postFindLocalClass(Ljava/lang/String;Ljava/lang/Class;Lorg/eclipse/osgi/internal/loader/classpath/ClasspathManager;)V (394 bytes) @ 0x000001dc14eedb5c [0x000001dc14eecbe0+0x0000000000000f7c]
J 1658 c1 org.eclipse.osgi.internal.loader.classpath.ClasspathManager.findLocalClass(Ljava/lang/String;)Ljava/lang/Class; (210 bytes) @ 0x000001dc14eb3054 [0x000001dc14eb20a0+0x0000000000000fb4]
J 1656 c1 org.eclipse.osgi.internal.loader.BundleLoader.findLocalClass(Ljava/lang/String;)Ljava/lang/Class; (152 bytes) @ 0x000001dc14eb01ec [0x000001dc14eaf9a0+0x000000000000084c]
J 1627 c1 org.eclipse.osgi.internal.loader.BundleLoader.findClass0(Ljava/lang/String;ZZ)Ljava/lang/Class; (466 bytes) @ 0x000001dc14e95604 [0x000001dc14e92f20+0x00000000000026e4]
J 1586 c1 org.eclipse.osgi.internal.loader.BundleLoader.findClass(Ljava/lang/String;)Ljava/lang/Class; (8 bytes) @ 0x000001dc14e8341c [0x000001dc14e833a0+0x000000000000007c]
J 1588 c1 org.eclipse.osgi.internal.loader.ModuleClassLoader.loadClass(Ljava/lang/String;Z)Ljava/lang/Class; (36 bytes) @ 0x000001dc14e8473c [0x000001dc14e84520+0x000000000000021c]
J 790 c1 java.lang.ClassLoader.loadClass(Ljava/lang/String;)Ljava/lang/Class; java.base@17.0.4.1 (7 bytes) @ 0x000001dc14cf2fbc [0x000001dc14cf2ec0+0x00000000000000fc]
v  ~StubRoutines::call_stub
j  java.lang.Class.getDeclaredConstructors0(Z)[Ljava/lang/reflect/Constructor;+0 java.base@17.0.4.1
j  java.lang.Class.privateGetDeclaredConstructors(Z)[Ljava/lang/reflect/Constructor;+52 java.base@17.0.4.1
j  java.lang.Class.getConstructor0([Ljava/lang/Class;I)Ljava/lang/reflect/Constructor;+14 java.base@17.0.4.1
j  java.lang.Class.getConstructor([Ljava/lang/Class;)Ljava/lang/reflect/Constructor;+24 java.base@17.0.4.1
j  org.eclipse.osgi.internal.framework.BundleContextImpl.loadBundleActivator()Lorg/osgi/framework/BundleActivator;+105
j  org.eclipse.osgi.internal.framework.BundleContextImpl.start()V+18
j  org.eclipse.osgi.internal.framework.EquinoxBundle.startWorker0()V+35
j  org.eclipse.osgi.internal.framework.EquinoxBundle$EquinoxModule.startWorker()V+4
j  org.eclipse.osgi.container.Module.doStart([Lorg/eclipse/osgi/container/Module$StartOptions;)Lorg/eclipse/osgi/container/ModuleContainerAdaptor$ModuleEvent;+190
j  org.eclipse.osgi.container.Module.start([Lorg/eclipse/osgi/container/Module$StartOptions;)V+460
j  org.eclipse.osgi.container.ModuleContainer$ContainerStartLevel$2.run()V+71
j  org.eclipse.osgi.internal.framework.EquinoxContainerAdaptor$1$1.execute(Ljava/lang/Runnable;)V+1
j  org.eclipse.osgi.container.ModuleContainer$ContainerStartLevel.incStartLevel(ILjava/util/List;Z)V+192
j  org.eclipse.osgi.container.ModuleContainer$ContainerStartLevel.incStartLevel(ILjava/util/List;Ljava/util/List;Ljava/util/List;Ljava/util/List;)V+19
j  org.eclipse.osgi.container.ModuleContainer$ContainerStartLevel.doContainerStartLevel(Lorg/eclipse/osgi/container/Module;I[Lorg/osgi/framework/FrameworkListener;)V+349
j  org.eclipse.osgi.container.ModuleContainer$ContainerStartLevel.dispatchEvent(Lorg/eclipse/osgi/container/Module;[Lorg/osgi/framework/FrameworkListener;ILjava/lang/Integer;)V+32
j  org.eclipse.osgi.container.ModuleContainer$ContainerStartLevel.dispatchEvent(Ljava/lang/Object;Ljava/lang/Object;ILjava/lang/Object;)V+15
j  org.eclipse.osgi.framework.eventmgr.EventManager.dispatchEvent(Ljava/util/Set;Lorg/eclipse/osgi/framework/eventmgr/EventDispatcher;ILjava/lang/Object;)V+48
j  org.eclipse.osgi.framework.eventmgr.EventManager$EventThread.run()V+26
v  ~StubRoutines::call_stub

---------------  P R O C E S S  ---------------

Threads class SMR info:
_java_thread_list=0x000001dc289073b0, length=18, elements={
0x000001dc11992120, 0x000001dc257b2d40, 0x000001dc257b4810, 0x000001dc257c0c70,
0x000001dc257c1820, 0x000001dc257c23d0, 0x000001dc257c5da0, 0x000001dc257c6b30,
0x000001dc257f4410, 0x000001dc27238ed0, 0x000001dc2731d050, 0x000001dc274f4150,
0x000001dc27ac2f70, 0x000001dc27c16090, 0x000001dc28976010, 0x000001dc27d7e9a0,
0x000001dc2882fa10, 0x000001dc2887df40
}

Java Threads: ( => current thread )
  0x000001dc11992120 JavaThread "main" [_thread_blocked, id=15332, stack(0x0000005231400000,0x0000005231500000)]
  0x000001dc257b2d40 JavaThread "Reference Handler" daemon [_thread_blocked, id=13912, stack(0x0000005231700000,0x0000005231800000)]
  0x000001dc257b4810 JavaThread "Finalizer" daemon [_thread_blocked, id=31712, stack(0x0000005231800000,0x0000005231900000)]
  0x000001dc257c0c70 JavaThread "Signal Dispatcher" daemon [_thread_blocked, id=27764, stack(0x0000005231900000,0x0000005231a00000)]
  0x000001dc257c1820 JavaThread "Attach Listener" daemon [_thread_blocked, id=14884, stack(0x0000005231a00000,0x0000005231b00000)]
  0x000001dc257c23d0 JavaThread "Service Thread" daemon [_thread_blocked, id=27652, stack(0x0000005231b00000,0x0000005231c00000)]
  0x000001dc257c5da0 JavaThread "Monitor Deflation Thread" daemon [_thread_blocked, id=31280, stack(0x0000005231c00000,0x0000005231d00000)]
  0x000001dc257c6b30 JavaThread "C2 CompilerThread0" daemon [_thread_blocked, id=26060, stack(0x0000005231d00000,0x0000005231e00000)]
  0x000001dc257f4410 JavaThread "C1 CompilerThread0" daemon [_thread_blocked, id=31256, stack(0x0000005231e00000,0x0000005231f00000)]
  0x000001dc27238ed0 JavaThread "Sweeper thread" daemon [_thread_blocked, id=11112, stack(0x0000005231f00000,0x0000005232000000)]
  0x000001dc2731d050 JavaThread "Common-Cleaner" daemon [_thread_blocked, id=26092, stack(0x0000005232000000,0x0000005232100000)]
  0x000001dc274f4150 JavaThread "Notification Thread" daemon [_thread_blocked, id=2060, stack(0x0000005232100000,0x0000005232200000)]
  0x000001dc27ac2f70 JavaThread "Active Thread: Equinox Container: a3368441-33da-4883-bc69-c0d93903a4b9" [_thread_blocked, id=15308, stack(0x0000005232700000,0x0000005232800000)]
  0x000001dc27c16090 JavaThread "Framework Event Dispatcher: Equinox Container: a3368441-33da-4883-bc69-c0d93903a4b9" daemon [_thread_blocked, id=3052, stack(0x0000005232800000,0x0000005232900000)]
=>0x000001dc28976010 JavaThread "Start Level: Equinox Container: a3368441-33da-4883-bc69-c0d93903a4b9" daemon [_thread_in_vm, id=1476, stack(0x0000005232900000,0x0000005232a00000)]
  0x000001dc27d7e9a0 JavaThread "SCR Component Actor" daemon [_thread_blocked, id=20068, stack(0x0000005232a00000,0x0000005232b00000)]
  0x000001dc2882fa10 JavaThread "SCR Component Registry" daemon [_thread_blocked, id=31020, stack(0x0000005232b00000,0x0000005232c00000)]
  0x000001dc2887df40 JavaThread "Worker-JM" [_thread_blocked, id=12756, stack(0x0000005232600000,0x0000005232700000)]

Other Threads:
  0x000001dc11a1aaf0 VMThread "VM Thread" [stack: 0x0000005231600000,0x0000005231700000] [id=6528]
  0x000001dc274827f0 WatcherThread [stack: 0x0000005232200000,0x0000005232300000] [id=17596]
  0x000001dc119a7d60 GCTaskThread "GC Thread#0" [stack: 0x0000005231500000,0x0000005231600000] [id=28988]
  0x000001dc279f73f0 GCTaskThread "GC Thread#1" [stack: 0x0000005232300000,0x0000005232400000] [id=30980]
  0x000001dc27872140 GCTaskThread "GC Thread#2" [stack: 0x0000005232400000,0x0000005232500000] [id=7384]
  0x000001dc278723f0 GCTaskThread "GC Thread#3" [stack: 0x0000005232500000,0x0000005232600000] [id=29000]

Threads with active compile tasks:

VM state: not at safepoint (normal execution)

VM Mutex/Monitor currently owned by a thread:  ([mutex/lock_event])
[0x000001dc0f6c9d10] Metaspace_lock - owner thread: 0x000001dc28976010

Heap address: 0x00000000c0000000, size: 1024 MB, Compressed Oops mode: 32-bit

CDS archive(s) not mapped
Compressed class space mapped at: 0x0000000100000000-0x0000000140000000, reserved size: 1073741824
Narrow klass base: 0x0000000000000000, Narrow klass shift: 3, Narrow klass range: 0x140000000

GC Precious Log:
 CPUs: 4 total, 4 available
 Memory: 7991M
 Large Page Support: Disabled
 NUMA Support: Disabled
 Compressed Oops: Enabled (32-bit)
 Alignments: Space 512K, Generation 512K, Heap 2M
 Heap Min Capacity: 100M
 Heap Initial Capacity: 100M
 Heap Max Capacity: 1G
 Pre-touch: Disabled
 Parallel Workers: 4

Heap:
 PSYoungGen      total 29696K, used 19800K [0x00000000eab00000, 0x00000000ecc00000, 0x0000000100000000)
  eden space 25600K, 61% used [0x00000000eab00000,0x00000000eba580b8,0x00000000ec400000)
  from space 4096K, 99% used [0x00000000ec800000,0x00000000ecbfe218,0x00000000ecc00000)
  to   space 4096K, 0% used [0x00000000ec400000,0x00000000ec400000,0x00000000ec800000)
 ParOldGen       total 68608K, used 680K [0x00000000c0000000, 0x00000000c4300000, 0x00000000eab00000)
  object space 68608K, 0% used [0x00000000c0000000,0x00000000c00aa010,0x00000000c4300000)
 Metaspace       used 18419K, committed 18816K, reserved 1073152K
  class space    used 1873K, committed 2048K, reserved 1048576K

Card table byte_map: [0x000001dc11330000,0x000001dc11540000] _byte_map_base: 0x000001dc10d30000

Marking Bits: (ParMarkBitMap*) 0x00007ffad5452cc0
 Begin Bits: [0x000001dc23610000, 0x000001dc24610000)
 End Bits:   [0x000001dc24610000, 0x000001dc25610000)

Polling page: 0x000001dc0f8d0000

Metaspace:

Usage:
  Non-class:     16.16 MB used.
      Class:      1.83 MB used.
       Both:     17.99 MB used.

Virtual space:
  Non-class space:       24.00 MB reserved,      16.38 MB ( 68%) committed,  3 nodes.
      Class space:        1.00 GB reserved,       2.00 MB ( <1%) committed,  1 nodes.
             Both:        1.02 GB reserved,      18.38 MB (  2%) committed. 

Chunk freelists:
   Non-Class:  3.53 MB
       Class:  1.97 MB
        Both:  5.50 MB

MaxMetaspaceSize: unlimited
CompressedClassSpaceSize: 1.00 GB
Initial GC threshold: 21.00 MB
Current GC threshold: 21.00 MB
CDS: off
MetaspaceReclaimPolicy: balanced
 - commit_granule_bytes: 65536.
 - commit_granule_words: 8192.
 - virtual_space_node_default_size: 1048576.
 - enlarge_chunks_in_place: 1.
 - new_chunks_are_fully_committed: 0.
 - uncommit_free_chunks: 1.
 - use_allocation_guard: 0.
 - handle_deallocations: 1.


Internal statistics:

num_allocs_failed_limit: 0.
num_arena_births: 114.
num_arena_deaths: 0.
num_vsnodes_births: 4.
num_vsnodes_deaths: 0.
num_space_committed: 294.
num_space_uncommitted: 0.
num_chunks_returned_to_freelist: 0.
num_chunks_taken_from_freelist: 470.
num_chunk_merges: 0.
num_chunk_splits: 312.
num_chunks_enlarged: 236.
num_purges: 0.
num_inconsistent_stats: 0.

CodeHeap 'non-profiled nmethods': size=120000Kb used=751Kb max_used=751Kb free=119248Kb
 bounds [0x000001dc1c0e0000, 0x000001dc1c350000, 0x000001dc23610000]
CodeHeap 'profiled nmethods': size=120000Kb used=3712Kb max_used=3712Kb free=116288Kb
 bounds [0x000001dc14bb0000, 0x000001dc14f50000, 0x000001dc1c0e0000]
CodeHeap 'non-nmethods': size=5760Kb used=1192Kb max_used=1206Kb free=4567Kb
 bounds [0x000001dc14610000, 0x000001dc14880000, 0x000001dc14bb0000]
 total_blobs=2391 nmethods=1914 adapters=391
 compilation: enabled
              stopped_count=0, restarted_count=0
 full_count=0

Compilation events (20 events):
Event: 2.726 Thread 0x000001dc257f4410 1905       3       org.eclipse.osgi.internal.loader.BundleLoader::isTriggerSet (8 bytes)
Event: 2.726 Thread 0x000001dc257f4410 nmethod 1905 0x000001dc14f4ab90 code [0x000001dc14f4ad20, 0x000001dc14f4aef8]
Event: 2.726 Thread 0x000001dc257f4410 1906       3       org.eclipse.osgi.internal.weaving.WovenClassImpl::<init> (80 bytes)
Event: 2.727 Thread 0x000001dc257f4410 nmethod 1906 0x000001dc14f4b010 code [0x000001dc14f4b200, 0x000001dc14f4b8a8]
Event: 2.727 Thread 0x000001dc257f4410 1907   !   3       org.eclipse.osgi.internal.weaving.WovenClassImpl::callHooks (409 bytes)
Event: 2.728 Thread 0x000001dc257f4410 nmethod 1907 0x000001dc14f4bb90 code [0x000001dc14f4bf60, 0x000001dc14f4db58]
Event: 2.729 Thread 0x000001dc257f4410 1908   !   3       org.eclipse.osgi.internal.loader.ModuleClassLoader::lockClassName (140 bytes)
Event: 2.729 Thread 0x000001dc257f4410 nmethod 1908 0x000001dc14f4e590 code [0x000001dc14f4e860, 0x000001dc14f4f778]
Event: 2.729 Thread 0x000001dc257f4410 1909       3       org.eclipse.osgi.internal.loader.ModuleClassLoader::toString (80 bytes)
Event: 2.730 Thread 0x000001dc257f4410 nmethod 1909 0x000001dc1c197d10 code [0x000001dc1c1980a0, 0x000001dc1c199398]
Event: 2.730 Thread 0x000001dc257f4410 1914       3       java.lang.AbstractStringBuilder::<init> (63 bytes)
Event: 2.730 Thread 0x000001dc257f4410 nmethod 1914 0x000001dc1c199a10 code [0x000001dc1c199c00, 0x000001dc1c19a138]
Event: 2.730 Thread 0x000001dc257f4410 1910   !   3       org.eclipse.osgi.internal.loader.ModuleClassLoader::unlockClassName (34 bytes)
Event: 2.731 Thread 0x000001dc257f4410 nmethod 1910 0x000001dc1c19a310 code [0x000001dc1c19a4c0, 0x000001dc1c19a7b8]
Event: 2.731 Thread 0x000001dc257f4410 1911       3       org.eclipse.osgi.internal.loader.ModuleClassLoader$DefineClassResult::<init> (15 bytes)
Event: 2.731 Thread 0x000001dc257f4410 nmethod 1911 0x000001dc1c19a990 code [0x000001dc1c19ab20, 0x000001dc1c19acb8]
Event: 2.731 Thread 0x000001dc257f4410 1912       3       org.eclipse.osgi.internal.weaving.WeavingHookConfigurator::recordClassDefine (65 bytes)
Event: 2.731 Thread 0x000001dc257f4410 nmethod 1912 0x000001dc1c19ad90 code [0x000001dc1c19afa0, 0x000001dc1c19b668]
Event: 2.731 Thread 0x000001dc257f4410 1913       3       org.eclipse.osgi.internal.weaving.WovenClassImpl::setWeavingCompleted (53 bytes)
Event: 2.731 Thread 0x000001dc257f4410 nmethod 1913 0x000001dc1c19b890 code [0x000001dc1c19ba40, 0x000001dc1c19bce8]

GC Heap History (4 events):
Event: 1.461 GC heap before
{Heap before GC invocations=1 (full 0):
 PSYoungGen      total 29696K, used 25600K [0x00000000eab00000, 0x00000000ecc00000, 0x0000000100000000)
  eden space 25600K, 100% used [0x00000000eab00000,0x00000000ec400000,0x00000000ec400000)
  from space 4096K, 0% used [0x00000000ec800000,0x00000000ec800000,0x00000000ecc00000)
  to   space 4096K, 0% used [0x00000000ec400000,0x00000000ec400000,0x00000000ec800000)
 ParOldGen       total 68608K, used 0K [0x00000000c0000000, 0x00000000c4300000, 0x00000000eab00000)
  object space 68608K, 0% used [0x00000000c0000000,0x00000000c0000000,0x00000000c4300000)
 Metaspace       used 10846K, committed 11008K, reserved 1064960K
  class space    used 1087K, committed 1152K, reserved 1048576K
}
Event: 1.486 GC heap after
{Heap after GC invocations=1 (full 0):
 PSYoungGen      total 29696K, used 3240K [0x00000000eab00000, 0x00000000ecc00000, 0x0000000100000000)
  eden space 25600K, 0% used [0x00000000eab00000,0x00000000eab00000,0x00000000ec400000)
  from space 4096K, 79% used [0x00000000ec400000,0x00000000ec72a208,0x00000000ec800000)
  to   space 4096K, 0% used [0x00000000ec800000,0x00000000ec800000,0x00000000ecc00000)
 ParOldGen       total 68608K, used 0K [0x00000000c0000000, 0x00000000c4300000, 0x00000000eab00000)
  object space 68608K, 0% used [0x00000000c0000000,0x00000000c0000000,0x00000000c4300000)
 Metaspace       used 10846K, committed 11008K, reserved 1064960K
  class space    used 1087K, committed 1152K, reserved 1048576K
}
Event: 2.154 GC heap before
{Heap before GC invocations=2 (full 0):
 PSYoungGen      total 29696K, used 28840K [0x00000000eab00000, 0x00000000ecc00000, 0x0000000100000000)
  eden space 25600K, 100% used [0x00000000eab00000,0x00000000ec400000,0x00000000ec400000)
  from space 4096K, 79% used [0x00000000ec400000,0x00000000ec72a208,0x00000000ec800000)
  to   space 4096K, 0% used [0x00000000ec800000,0x00000000ec800000,0x00000000ecc00000)
 ParOldGen       total 68608K, used 0K [0x00000000c0000000, 0x00000000c4300000, 0x00000000eab00000)
  object space 68608K, 0% used [0x00000000c0000000,0x00000000c0000000,0x00000000c4300000)
 Metaspace       used 15190K, committed 15424K, reserved 1064960K
  class space    used 1552K, committed 1664K, reserved 1048576K
}
Event: 2.158 GC heap after
{Heap after GC invocations=2 (full 0):
 PSYoungGen      total 29696K, used 4088K [0x00000000eab00000, 0x00000000ecc00000, 0x0000000100000000)
  eden space 25600K, 0% used [0x00000000eab00000,0x00000000eab00000,0x00000000ec400000)
  from space 4096K, 99% used [0x00000000ec800000,0x00000000ecbfe218,0x00000000ecc00000)
  to   space 4096K, 0% used [0x00000000ec400000,0x00000000ec400000,0x00000000ec800000)
 ParOldGen       total 68608K, used 680K [0x00000000c0000000, 0x00000000c4300000, 0x00000000eab00000)
  object space 68608K, 0% used [0x00000000c0000000,0x00000000c00aa010,0x00000000c4300000)
 Metaspace       used 15190K, committed 15424K, reserved 1064960K
  class space    used 1552K, committed 1664K, reserved 1048576K
}

Deoptimization events (20 events):
Event: 2.580 Thread 0x000001dc28976010 Uncommon trap: trap_request=0xffffffc6 fr.pc=0x000001dc1c1869cc relative=0x0000000000000d0c
Event: 2.580 Thread 0x000001dc28976010 Uncommon trap: reason=bimorphic_or_optimized_type_check action=maybe_recompile pc=0x000001dc1c1869cc method=java.io.DataInputStream.readInt()I @ 4 c2
Event: 2.580 Thread 0x000001dc28976010 DEOPT PACKING pc=0x000001dc1c1869cc sp=0x00000052329f8580
Event: 2.580 Thread 0x000001dc28976010 DEOPT UNPACKING pc=0x000001dc14665923 sp=0x00000052329f8530 mode 2
Event: 2.596 Thread 0x000001dc28976010 Uncommon trap: trap_request=0xffffff45 fr.pc=0x000001dc1c12e0f4 relative=0x0000000000000074
Event: 2.596 Thread 0x000001dc28976010 Uncommon trap: reason=unstable_if action=reinterpret pc=0x000001dc1c12e0f4 method=jdk.internal.misc.Unsafe.convEndian(ZJ)J @ 4 c2
Event: 2.596 Thread 0x000001dc28976010 DEOPT PACKING pc=0x000001dc1c12e0f4 sp=0x00000052329f7360
Event: 2.596 Thread 0x000001dc28976010 DEOPT UNPACKING pc=0x000001dc14665923 sp=0x00000052329f7288 mode 2
Event: 2.631 Thread 0x000001dc28976010 Uncommon trap: trap_request=0xffffff45 fr.pc=0x000001dc1c0f86b0 relative=0x0000000000000390
Event: 2.631 Thread 0x000001dc28976010 Uncommon trap: reason=unstable_if action=reinterpret pc=0x000001dc1c0f86b0 method=java.lang.StringLatin1.canEncode(I)Z @ 4 c2
Event: 2.631 Thread 0x000001dc28976010 DEOPT PACKING pc=0x000001dc1c0f86b0 sp=0x00000052329f8920
Event: 2.631 Thread 0x000001dc28976010 DEOPT UNPACKING pc=0x000001dc14665923 sp=0x00000052329f8848 mode 2
Event: 2.631 Thread 0x000001dc28976010 Uncommon trap: trap_request=0xffffff45 fr.pc=0x000001dc1c0f6e94 relative=0x0000000000000374
Event: 2.631 Thread 0x000001dc28976010 Uncommon trap: reason=unstable_if action=reinterpret pc=0x000001dc1c0f6e94 method=java.lang.AbstractStringBuilder.isLatin1()Z @ 10 c2
Event: 2.631 Thread 0x000001dc28976010 DEOPT PACKING pc=0x000001dc1c0f6e94 sp=0x00000052329f8940
Event: 2.631 Thread 0x000001dc28976010 DEOPT UNPACKING pc=0x000001dc14665923 sp=0x00000052329f88c0 mode 2
Event: 2.636 Thread 0x000001dc28976010 Uncommon trap: trap_request=0xffffff45 fr.pc=0x000001dc1c106148 relative=0x0000000000000048
Event: 2.636 Thread 0x000001dc28976010 Uncommon trap: reason=unstable_if action=reinterpret pc=0x000001dc1c106148 method=java.lang.CharacterData.of(I)Ljava/lang/CharacterData; @ 4 c2
Event: 2.636 Thread 0x000001dc28976010 DEOPT PACKING pc=0x000001dc1c106148 sp=0x00000052329f80f0
Event: 2.636 Thread 0x000001dc28976010 DEOPT UNPACKING pc=0x000001dc14665923 sp=0x00000052329f8088 mode 2

Classes unloaded (0 events):
No events

Classes redefined (0 events):
No events

Internal exceptions (20 events):
Event: 1.197 Thread 0x000001dc11992120 Exception <a 'java/lang/ClassNotFoundException'{0x00000000ebf57d08}: sun/net/www/protocol/c/Handler> (0x00000000ebf57d08) 
thrown [s\src\hotspot\share\classfile\systemDictionary.cpp, line 256]
Event: 1.205 Thread 0x000001dc11992120 Exception <a 'java/io/FileNotFoundException'{0x00000000ebf76950}> (0x00000000ebf76950) 
thrown [s\src\hotspot\share\prims\jni.cpp, line 516]
Event: 1.252 Thread 0x000001dc11992120 Implicit null exception at 0x000001dc1c115adb to 0x000001dc1c116440
Event: 1.252 Thread 0x000001dc11992120 Implicit null exception at 0x000001dc1c129dec to 0x000001dc1c129fcc
Event: 1.252 Thread 0x000001dc11992120 Implicit null exception at 0x000001dc1c119d8c to 0x000001dc1c119fa4
Event: 1.252 Thread 0x000001dc11992120 Implicit null exception at 0x000001dc1c11850f to 0x000001dc1c118585
Event: 1.359 Thread 0x000001dc11992120 Exception <a 'java/lang/NoSuchMethodError'{0x00000000ec23f658}: 'int java.lang.invoke.DirectMethodHandle$Holder.invokeStaticInit(java.lang.Object, java.lang.Object, java.lang.Object, java.lang.Object)'> (0x00000000ec23f658) 
thrown [s\src\hotspot\share\interpreter\linkResolver.cpp, line 759]
Event: 1.360 Thread 0x000001dc11992120 Exception <a 'java/lang/NoSuchMethodError'{0x00000000ec249cc8}: 'java.lang.Object java.lang.invoke.DirectMethodHandle$Holder.invokeInterface(java.lang.Object, java.lang.Object)'> (0x00000000ec249cc8) 
thrown [s\src\hotspot\share\interpreter\linkResolver.cpp, line 759]
Event: 1.360 Thread 0x000001dc11992120 Exception <a 'java/lang/IncompatibleClassChangeError'{0x00000000ec24d4c0}: Found class java.lang.Object, but interface was expected> (0x00000000ec24d4c0) 
thrown [s\src\hotspot\share\interpreter\linkResolver.cpp, line 826]
Event: 1.361 Thread 0x000001dc11992120 Exception <a 'java/lang/NoSuchMethodError'{0x00000000ec2519b8}: 'void java.lang.invoke.DirectMethodHandle$Holder.invokeStatic(java.lang.Object, java.lang.Object)'> (0x00000000ec2519b8) 
thrown [s\src\hotspot\share\interpreter\linkResolver.cpp, line 759]
Event: 1.361 Thread 0x000001dc11992120 Exception <a 'java/lang/NoSuchMethodError'{0x00000000ec2551b8}: 'void java.lang.invoke.DirectMethodHandle$Holder.invokeStaticInit(java.lang.Object, java.lang.Object)'> (0x00000000ec2551b8) 
thrown [s\src\hotspot\share\interpreter\linkResolver.cpp, line 759]
Event: 1.362 Thread 0x000001dc11992120 Exception <a 'java/lang/NoSuchMethodError'{0x00000000ec25c830}: 'int java.lang.invoke.DirectMethodHandle$Holder.invokeStaticInit(java.lang.Object, java.lang.Object)'> (0x00000000ec25c830) 
thrown [s\src\hotspot\share\interpreter\linkResolver.cpp, line 759]
Event: 1.441 Thread 0x000001dc11992120 Exception <a 'java/lang/NoSuchMethodError'{0x00000000ec3839b8}: 'void java.lang.invoke.DirectMethodHandle$Holder.invokeSpecial(java.lang.Object, java.lang.Object, java.lang.Object)'> (0x00000000ec3839b8) 
thrown [s\src\hotspot\share\interpreter\linkResolver.cpp, line 759]
Event: 1.755 Thread 0x000001dc11992120 Exception <a 'java/lang/NoSuchMethodError'{0x00000000eb65df30}: 'java.lang.Object java.lang.invoke.DirectMethodHandle$Holder.newInvokeSpecial(java.lang.Object, int, java.lang.Object)'> (0x00000000eb65df30) 
thrown [s\src\hotspot\share\interpreter\linkResolver.cpp, line 759]
Event: 2.006 Thread 0x000001dc11992120 Exception <a 'java/lang/UnsatisfiedLinkError'{0x00000000ebb8a2b0}: 'void org.eclipse.equinox.launcher.JNIBridge._update_splash()'> (0x00000000ebb8a2b0) 
thrown [s\src\hotspot\share\prims\nativeLookup.cpp, line 543]
Event: 2.039 Thread 0x000001dc28976010 Exception <a 'java/lang/NoSuchMethodError'{0x00000000ebdf4a98}: 'java.lang.Object java.lang.invoke.DirectMethodHandle$Holder.invokeStaticInit(java.lang.Object)'> (0x00000000ebdf4a98) 
thrown [s\src\hotspot\share\interpreter\linkResolver.cpp, line 759]
Event: 2.479 Thread 0x000001dc28976010 Exception <a 'java/io/FileNotFoundException'{0x00000000eb115170}> (0x00000000eb115170) 
thrown [s\src\hotspot\share\prims\jni.cpp, line 516]
Event: 2.490 Thread 0x000001dc28976010 Exception <a 'java/lang/NullPointerException'{0x00000000eb166ab0}> (0x00000000eb166ab0) 
thrown [s\src\hotspot\share\interpreter\linkResolver.cpp, line 1350]
Event: 2.490 Thread 0x000001dc28976010 Exception <a 'java/lang/NullPointerException'{0x00000000eb1672d8}> (0x00000000eb1672d8) 
thrown [s\src\hotspot\share\interpreter\linkResolver.cpp, line 1350]
Event: 2.700 Thread 0x000001dc28976010 Exception <a 'java/lang/NoSuchMethodError'{0x00000000eb8b3790}: 'void java.lang.invoke.DirectMethodHandle$Holder.invokeInterface(java.lang.Object, java.lang.Object, java.lang.Object)'> (0x00000000eb8b3790) 
thrown [s\src\hotspot\share\interpreter\linkResolver.cpp, line 759]

VM Operations (20 events):
Event: 1.461 Executing VM operation: ParallelGCFailedAllocation
Event: 1.486 Executing VM operation: ParallelGCFailedAllocation done
Event: 1.710 Executing VM operation: HandshakeAllThreads
Event: 1.732 Executing VM operation: HandshakeAllThreads done
Event: 1.733 Executing VM operation: HandshakeAllThreads
Event: 1.733 Executing VM operation: HandshakeAllThreads done
Event: 1.740 Executing VM operation: HandshakeAllThreads
Event: 1.740 Executing VM operation: HandshakeAllThreads done
Event: 1.751 Executing VM operation: HandshakeAllThreads
Event: 1.751 Executing VM operation: HandshakeAllThreads done
Event: 2.052 Executing VM operation: HandshakeAllThreads
Event: 2.053 Executing VM operation: HandshakeAllThreads done
Event: 2.154 Executing VM operation: ParallelGCFailedAllocation
Event: 2.158 Executing VM operation: ParallelGCFailedAllocation done
Event: 2.580 Executing VM operation: HandshakeAllThreads
Event: 2.580 Executing VM operation: HandshakeAllThreads done
Event: 2.636 Executing VM operation: HandshakeAllThreads
Event: 2.636 Executing VM operation: HandshakeAllThreads done
Event: 2.654 Executing VM operation: HandshakeAllThreads
Event: 2.655 Executing VM operation: HandshakeAllThreads done

Events (20 events):
Event: 2.654 loading class java/text/DigitList done
Event: 2.654 loading class java/math/RoundingMode
Event: 2.654 loading class java/math/RoundingMode done
Event: 2.656 loading class java/util/Formatter
Event: 2.660 loading class java/util/Formatter done
Event: 2.664 loading class java/util/Formatter$FixedString
Event: 2.672 loading class java/util/Formatter$FormatString
Event: 2.672 loading class java/util/Formatter$FormatString done
Event: 2.672 loading class java/util/Formatter$FixedString done
Event: 2.672 loading class java/util/Formatter$Conversion
Event: 2.672 loading class java/util/Formatter$Conversion done
Event: 2.672 loading class java/util/Formatter$FormatSpecifier
Event: 2.673 loading class java/util/Formatter$FormatSpecifier done
Event: 2.673 loading class java/util/Formatter$Flags
Event: 2.673 loading class java/util/Formatter$Flags done
Event: 2.673 loading class java/util/Formattable
Event: 2.673 loading class java/util/Formattable done
Event: 2.707 Thread 0x000001dc2887df40 Thread added: 0x000001dc2887df40
Event: 2.708 loading class java/net/URISyntaxException
Event: 2.708 loading class java/net/URISyntaxException done


Dynamic libraries:
0x00007ff7f6ec0000 - 0x00007ff7f6ece000 	c:\Users\user\.vscode\extensions\redhat.java-1.11.0-win32-x64\jre\17.0.4.1-win32-x86_64\bin\java.exe
0x00007ffb19db0000 - 0x00007ffb19fa7000 	C:\Windows\SYSTEM32\ntdll.dll
0x00007ffb17f60000 - 0x00007ffb1801d000 	C:\Windows\System32\KERNEL32.DLL
0x00007ffb17820000 - 0x00007ffb17aed000 	C:\Windows\System32\KERNELBASE.dll
0x00007ffb17af0000 - 0x00007ffb17bf0000 	C:\Windows\System32\ucrtbase.dll
0x00007ffb11350000 - 0x00007ffb11368000 	c:\Users\user\.vscode\extensions\redhat.java-1.11.0-win32-x64\jre\17.0.4.1-win32-x86_64\bin\jli.dll
0x00007ffb18260000 - 0x00007ffb18400000 	C:\Windows\System32\USER32.dll
0x00007ffb17d00000 - 0x00007ffb17d22000 	C:\Windows\System32\win32u.dll
0x00007ffb18230000 - 0x00007ffb1825a000 	C:\Windows\System32\GDI32.dll
0x00007ffb17bf0000 - 0x00007ffb17cfb000 	C:\Windows\System32\gdi32full.dll
0x00007ffb17630000 - 0x00007ffb176cd000 	C:\Windows\System32\msvcp_win.dll
0x00007ffb0ee70000 - 0x00007ffb0ee89000 	c:\Users\user\.vscode\extensions\redhat.java-1.11.0-win32-x64\jre\17.0.4.1-win32-x86_64\bin\VCRUNTIME140.dll
0x00007ffb04e60000 - 0x00007ffb050fa000 	C:\Windows\WinSxS\amd64_microsoft.windows.common-controls_6595b64144ccf1df_6.0.19041.1110_none_60b5254171f9507e\COMCTL32.dll
0x00007ffb18b90000 - 0x00007ffb18c2e000 	C:\Windows\System32\msvcrt.dll
0x00007ffb189b0000 - 0x00007ffb189e0000 	C:\Windows\System32\IMM32.DLL
0x000000006a7b0000 - 0x000000006a7bc000 	C:\Program Files (x86)\360\Total Security\safemon\SafeWrapper.dll
0x00007ffb17e30000 - 0x00007ffb17ede000 	C:\Windows\System32\ADVAPI32.dll
0x00007ffb188b0000 - 0x00007ffb1894c000 	C:\Windows\System32\sechost.dll
0x00007ffb184b0000 - 0x00007ffb185d5000 	C:\Windows\System32\RPCRT4.dll
0x00007ffaf9b10000 - 0x00007ffaf9ba2000 	C:\Program Files (x86)\360\Total Security\safemon\libzdtp64.dll
0x00007ffb19120000 - 0x00007ffb19864000 	C:\Windows\System32\SHELL32.dll
0x00007ffb18950000 - 0x00007ffb189a5000 	C:\Windows\System32\SHLWAPI.dll
0x00007ffb17080000 - 0x00007ffb1708a000 	C:\Windows\SYSTEM32\VERSION.dll
0x00007ffb12b90000 - 0x00007ffb12b9c000 	c:\Users\user\.vscode\extensions\redhat.java-1.11.0-win32-x64\jre\17.0.4.1-win32-x86_64\bin\vcruntime140_1.dll
0x00007ffaf3b60000 - 0x00007ffaf3bf1000 	c:\Users\user\.vscode\extensions\redhat.java-1.11.0-win32-x64\jre\17.0.4.1-win32-x86_64\bin\msvcp140.dll
0x00007ffad48d0000 - 0x00007ffad5516000 	c:\Users\user\.vscode\extensions\redhat.java-1.11.0-win32-x64\jre\17.0.4.1-win32-x86_64\bin\server\jvm.dll
0x00007ffb188a0000 - 0x00007ffb188a8000 	C:\Windows\System32\PSAPI.DLL
0x00007ffb03050000 - 0x00007ffb03059000 	C:\Windows\SYSTEM32\WSOCK32.dll
0x00007ffb19000000 - 0x00007ffb1906b000 	C:\Windows\System32\WS2_32.dll
0x00007ffafd130000 - 0x00007ffafd157000 	C:\Windows\SYSTEM32\WINMM.dll
0x00007ffb15cf0000 - 0x00007ffb15d02000 	C:\Windows\SYSTEM32\kernel.appcore.dll
0x00007ffb12b40000 - 0x00007ffb12b4a000 	c:\Users\user\.vscode\extensions\redhat.java-1.11.0-win32-x64\jre\17.0.4.1-win32-x86_64\bin\jimage.dll
0x00007ffb150e0000 - 0x00007ffb152c4000 	C:\Windows\SYSTEM32\DBGHELP.DLL
0x00007ffafbfa0000 - 0x00007ffafbfcc000 	C:\Windows\SYSTEM32\dbgcore.DLL
0x00007ffb176d0000 - 0x00007ffb17752000 	C:\Windows\System32\bcryptPrimitives.dll
0x00007ffb0f440000 - 0x00007ffb0f44e000 	c:\Users\user\.vscode\extensions\redhat.java-1.11.0-win32-x64\jre\17.0.4.1-win32-x86_64\bin\instrument.dll
0x00007ffb03080000 - 0x00007ffb030a5000 	c:\Users\user\.vscode\extensions\redhat.java-1.11.0-win32-x64\jre\17.0.4.1-win32-x86_64\bin\java.dll
0x00007ffb0ec70000 - 0x00007ffb0ec88000 	c:\Users\user\.vscode\extensions\redhat.java-1.11.0-win32-x64\jre\17.0.4.1-win32-x86_64\bin\zip.dll
0x00007ffb15540000 - 0x00007ffb15cd4000 	C:\Windows\SYSTEM32\windows.storage.dll
0x00007ffb18ca0000 - 0x00007ffb18ff4000 	C:\Windows\System32\combase.dll
0x00007ffb16ec0000 - 0x00007ffb16eec000 	C:\Windows\SYSTEM32\Wldp.dll
0x00007ffb19070000 - 0x00007ffb1911d000 	C:\Windows\System32\SHCORE.dll
0x00007ffb17410000 - 0x00007ffb1742f000 	C:\Windows\SYSTEM32\profapi.dll
0x00007ffb0d860000 - 0x00007ffb0d879000 	C:\Users\user\.vscode\extensions\redhat.java-1.11.0-win32-x64\jre\17.0.4.1-win32-x86_64\bin\net.dll
0x00007ffb11620000 - 0x00007ffb1172a000 	C:\Windows\SYSTEM32\WINHTTP.dll
0x00007ffb16c20000 - 0x00007ffb16c8a000 	C:\Windows\system32\mswsock.dll
0x00007ffb0b7d0000 - 0x00007ffb0b7e5000 	C:\Users\user\.vscode\extensions\redhat.java-1.11.0-win32-x64\jre\17.0.4.1-win32-x86_64\bin\nio.dll
0x00007ffb0f400000 - 0x00007ffb0f410000 	c:\Users\user\.vscode\extensions\redhat.java-1.11.0-win32-x64\jre\17.0.4.1-win32-x86_64\bin\verify.dll
0x00007ffb02fc0000 - 0x00007ffb02ffe000 	C:\Users\user\AppData\Roaming\Code\User\globalStorage\redhat.java\1.11.0\config_ss_win\org.eclipse.equinox.launcher\org.eclipse.equinox.launcher.win32.win32.x86_64_1.2.600.v20220720-1916\eclipse_11700.dll
0x00007ffb185e0000 - 0x00007ffb1870a000 	C:\Windows\System32\ole32.dll

dbghelp: loaded successfully - version: 4.0.5 - missing functions: none
symbol engine: initialized successfully - sym options: 0x614 - pdb path: .;c:\Users\user\.vscode\extensions\redhat.java-1.11.0-win32-x64\jre\17.0.4.1-win32-x86_64\bin;C:\Windows\SYSTEM32;C:\Windows\WinSxS\amd64_microsoft.windows.common-controls_6595b64144ccf1df_6.0.19041.1110_none_60b5254171f9507e;C:\Program Files (x86)\360\Total Security\safemon;c:\Users\user\.vscode\extensions\redhat.java-1.11.0-win32-x64\jre\17.0.4.1-win32-x86_64\bin\server;C:\Users\user\AppData\Roaming\Code\User\globalStorage\redhat.java\1.11.0\config_ss_win\org.eclipse.equinox.launcher\org.eclipse.equinox.launcher.win32.win32.x86_64_1.2.600.v20220720-1916

VM Arguments:
jvm_args: --add-modules=ALL-SYSTEM --add-opens=java.base/java.util=ALL-UNNAMED --add-opens=java.base/java.lang=ALL-UNNAMED --add-opens=java.base/sun.nio.fs=ALL-UNNAMED -Declipse.application=org.eclipse.jdt.ls.core.id1 -Dosgi.bundles.defaultStartLevel=4 -Declipse.product=org.eclipse.jdt.ls.core.product -Djava.import.generatesMetadataFilesAtProjectRoot=false -Dfile.encoding=utf8 -DwatchParentProcess=false -XX:+UseParallelGC -XX:GCTimeRatio=4 -XX:AdaptiveSizePolicyWeight=90 -Dsun.zip.disableMemoryMapping=true -Xmx1G -Xms100m -Xlog:disable -javaagent:c:\Users\user\.vscode\extensions\redhat.java-1.11.0-win32-x64\lombok\lombok-1.18.24.jar 
java_command: c:\Users\user\.vscode\extensions\redhat.java-1.11.0-win32-x64\server\plugins\org.eclipse.equinox.launcher_1.6.400.v20210924-0641.jar -configuration c:\Users\user\AppData\Roaming\Code\User\globalStorage\redhat.java\1.11.0\config_ss_win -data c:\Users\user\AppData\Roaming\Code\User\workspaceStorage\6855cba610e9a025c34a62e00011eca0\redhat.java\ss_ws
java_class_path (initial): c:\Users\user\.vscode\extensions\redhat.java-1.11.0-win32-x64\server\plugins\org.eclipse.equinox.launcher_1.6.400.v20210924-0641.jar
Launcher Type: SUN_STANDARD

[Global flags]
    uintx AdaptiveSizePolicyWeight                 = 90                                        {product} {command line}
     intx CICompilerCount                          = 3                                         {product} {ergonomic}
    uintx GCTimeRatio                              = 4                                         {product} {command line}
   size_t InitialHeapSize                          = 104857600                                 {product} {command line}
   size_t MaxHeapSize                              = 1073741824                                {product} {command line}
   size_t MaxNewSize                               = 357564416                                 {product} {ergonomic}
   size_t MinHeapDeltaBytes                        = 524288                                    {product} {ergonomic}
   size_t MinHeapSize                              = 104857600                                 {product} {command line}
   size_t NewSize                                  = 34603008                                  {product} {ergonomic}
    uintx NonNMethodCodeHeapSize                   = 5832780                                {pd product} {ergonomic}
    uintx NonProfiledCodeHeapSize                  = 122912730                              {pd product} {ergonomic}
   size_t OldSize                                  = 70254592                                  {product} {ergonomic}
    uintx ProfiledCodeHeapSize                     = 122912730                              {pd product} {ergonomic}
    uintx ReservedCodeCacheSize                    = 251658240                              {pd product} {ergonomic}
     bool SegmentedCodeCache                       = true                                      {product} {ergonomic}
   size_t SoftMaxHeapSize                          = 1073741824                             {manageable} {ergonomic}
     bool UseCompressedClassPointers               = true                           {product lp64_product} {ergonomic}
     bool UseCompressedOops                        = true                           {product lp64_product} {ergonomic}
     bool UseLargePagesIndividualAllocation        = false                                  {pd product} {ergonomic}
     bool UseParallelGC                            = true                                      {product} {command line}

Logging:
Log output configuration:
 #0: stdout all=off uptime,level,tags
 #1: stderr all=off uptime,level,tags

Environment Variables:
PATH=C:\Program Files (x86)\Common Files\Oracle\Java\javapath;C:\ProgramData\Oracle\Java\javapath;C:\Windows\system32;C:\Windows;C:\Windows\System32\Wbem;C:\Windows\System32\WindowsPowerShell\v1.0\;C:\Windows\System32\OpenSSH\;C:\Program Files (x86)\nodejs\;C:\Program Files\Git\cmd;C:\Users\user\AppData\Local\Programs\Python\Python310\Scripts;C:\Users\user\AppData\Local\Programs\Python\Python310\Scripts\;C:\Users\user\AppData\Local\Programs\Python\Python310\;C:\Program Files\MySQL\MySQL Shell 8.0\bin\;C:\Users\user\AppData\Local\Microsoft\WindowsApps;C:\Users\user\AppData\Local\Programs\Microsoft VS Code\bin;C:\Users\user\AppData\Local\GitHubDesktop\bin;C:\Users\user\AppData\Roaming\npm;C:\Users\user\AppData\Local\Programs\Python\Python310\Scripts;C:\Windows\System32;C:\Users\user\AppData\Local\Programs\Python\Python310;C:\Program Files\Java\jdk1.8.0_351\bin;C:\Program Files\Java\jdk1.8.0_351\bin;
USERNAME=user
OS=Windows_NT
PROCESSOR_IDENTIFIER=Intel64 Family 6 Model 140 Stepping 1, GenuineIntel
TMP=C:\Users\user\AppData\Local\Temp
TEMP=C:\Users\user\AppData\Local\Temp



---------------  S Y S T E M  ---------------

OS:
 Windows 10 , 64 bit Build 19041 (10.0.19041.1741)
OS uptime: 2 days 4:46 hours

CPU: total 4 (initial active 4) (2 cores per cpu, 2 threads per core) family 6 model 140 stepping 1 microcode 0x66, cx8, cmov, fxsr, ht, mmx, 3dnowpref, sse, sse2, sse3, ssse3, sse4.1, sse4.2, popcnt, lzcnt, tsc, tscinvbit, avx, avx2, aes, erms, clmul, bmi1, bmi2, adx, avx512f, avx512dq, avx512cd, avx512bw, avx512vl, sha, fma, vzeroupper, avx512_vpopcntdq, avx512_vpclmulqdq, avx512_vaes, avx512_vnni, clflush, clflushopt, clwb, avx512_vbmi2, avx512_vbmi

Memory: 4k page, system-wide physical 7991M (1906M free)
TotalPageFile size 20414M (AvailPageFile size 0M)
current process WorkingSet (physical memory assigned to process): 95M, peak: 95M
current process commit charge ("private bytes"): 198M, peak: 198M

vm_info: OpenJDK 64-Bit Server VM (17.0.4.1+1) for windows-amd64 JRE (17.0.4.1+1), built on Aug 17 2022 07:42:43 by "temurin" with MS VC++ 16.7 (VS2019)

END.
