#
# There is insufficient memory for the Java Runtime Environment to continue.
# Native memory allocation (mmap) failed to map 65536 bytes for Failed to commit metaspace.
# Possible reasons:
#   The system is out of physical RAM or swap space
#   The process is running with CompressedOops enabled, and the Java Heap may be blocking the growth of the native heap
# Possible solutions:
#   Reduce memory load on the system
#   Increase physical memory or swap space
#   Check if swap backing store is full
#   Decrease Java heap size (-Xmx/-Xms)
#   Decrease number of Java threads
#   Decrease Java thread stack sizes (-Xss)
#   Set larger code cache with -XX:ReservedCodeCacheSize=
#   JVM is running with Unscaled Compressed Oops mode in which the Java heap is
#     placed in the first 4GB address space. The Java Heap base address is the
#     maximum limit for the native heap growth. Please use -XX:HeapBaseMinAddress
#     to set the Java Heap base and to place the Java Heap above 4GB virtual address.
# This output file may be truncated or incomplete.
#
#  Out of Memory Error (virtualSpaceNode.cpp:110), pid=31308, tid=8936
#
# JRE version: OpenJDK Runtime Environment Temurin-17.0.4.1+1 (17.0.4.1+1) (build 17.0.4.1+1)
# Java VM: OpenJDK 64-Bit Server VM Temurin-17.0.4.1+1 (17.0.4.1+1, mixed mode, tiered, compressed oops, compressed class ptrs, parallel gc, windows-amd64)
# No core dump will be written. Minidumps are not enabled by default on client versions of Windows
#

---------------  S U M M A R Y ------------

Command Line: --add-modules=ALL-SYSTEM --add-opens=java.base/java.util=ALL-UNNAMED --add-opens=java.base/java.lang=ALL-UNNAMED --add-opens=java.base/sun.nio.fs=ALL-UNNAMED -Declipse.application=org.eclipse.jdt.ls.core.id1 -Dosgi.bundles.defaultStartLevel=4 -Declipse.product=org.eclipse.jdt.ls.core.product -Djava.import.generatesMetadataFilesAtProjectRoot=false -Dfile.encoding=utf8 -DwatchParentProcess=false -XX:+UseParallelGC -XX:GCTimeRatio=4 -XX:AdaptiveSizePolicyWeight=90 -Dsun.zip.disableMemoryMapping=true -Xmx1G -Xms100m -Xlog:disable -javaagent:c:\Users\user\.vscode\extensions\redhat.java-1.11.0-win32-x64\lombok\lombok-1.18.24.jar c:\Users\user\.vscode\extensions\redhat.java-1.11.0-win32-x64\server\plugins\org.eclipse.equinox.launcher_1.6.400.v20210924-0641.jar -configuration c:\Users\user\AppData\Roaming\Code\User\globalStorage\redhat.java\1.11.0\config_ss_win -data c:\Users\user\AppData\Roaming\Code\User\workspaceStorage\6855cba610e9a025c34a62e00011eca0\redhat.java\ss_ws

Host: 11th Gen Intel(R) Core(TM) i3-1115G4 @ 3.00GHz, 4 cores, 7G,  Windows 10 , 64 bit Build 19041 (10.0.19041.1741)
Time: Tue Oct 25 13:21:34 2022 West Bank Gaza Daylight Time elapsed time: 3.580849 seconds (0d 0h 0m 3s)

---------------  T H R E A D  ---------------

Current thread (0x00000220fc0604f0):  JavaThread "Start Level: Equinox Container: 9be79251-28e7-4b3e-9e35-a6081b07b763" daemon [_thread_in_vm, id=8936, stack(0x000000ace0b00000,0x000000ace0c00000)]

Stack: [0x000000ace0b00000,0x000000ace0c00000]
Native frames: (J=compiled Java code, j=interpreted, Vv=VM code, C=native code)
V  [jvm.dll+0x67731a]
V  [jvm.dll+0x832284]
V  [jvm.dll+0x833a2e]
V  [jvm.dll+0x834093]
V  [jvm.dll+0x245775]
V  [jvm.dll+0x82e22b]
V  [jvm.dll+0x61bdf6]
V  [jvm.dll+0x1c07be]
V  [jvm.dll+0x61e741]
V  [jvm.dll+0x61c796]
V  [jvm.dll+0x239e0f]
V  [jvm.dll+0x6265a5]
V  [jvm.dll+0x1ea5db]
V  [jvm.dll+0x1eab15]
V  [jvm.dll+0x1eb54f]
V  [jvm.dll+0x1e09f1]
V  [jvm.dll+0x53c910]
V  [jvm.dll+0x7ad138]
V  [jvm.dll+0x7ad224]
V  [jvm.dll+0x40ccd5]
V  [jvm.dll+0x412ec8]
C  [java.dll+0x17ec]

Java frames: (J=compiled Java code, j=interpreted, Vv=VM code)
J 1046  java.lang.ClassLoader.defineClass1(Ljava/lang/ClassLoader;Ljava/lang/String;[BIILjava/security/ProtectionDomain;Ljava/lang/String;)Ljava/lang/Class; java.base@17.0.4.1 (0 bytes) @ 0x00000220ef77bcdb [0x00000220ef77bc20+0x00000000000000bb]
J 1630 c1 java.lang.ClassLoader.defineClass(Ljava/lang/String;[BIILjava/security/ProtectionDomain;)Ljava/lang/Class; java.base@17.0.4.1 (43 bytes) @ 0x00000220e84cea54 [0x00000220e84ce700+0x0000000000000354]
j  org.eclipse.osgi.internal.loader.ModuleClassLoader.defineClass(Ljava/lang/String;[BLorg/eclipse/osgi/internal/loader/classpath/ClasspathEntry;)Lorg/eclipse/osgi/internal/loader/ModuleClassLoader$DefineClassResult;+42
j  org.eclipse.osgi.internal.loader.classpath.ClasspathManager.defineClass(Ljava/lang/String;[BLorg/eclipse/osgi/internal/loader/classpath/ClasspathEntry;Lorg/eclipse/osgi/storage/bundlefile/BundleEntry;Ljava/util/List;)Ljava/lang/Class;+424
j  org.eclipse.osgi.internal.loader.classpath.ClasspathManager.findClassImpl(Ljava/lang/String;Lorg/eclipse/osgi/internal/loader/classpath/ClasspathEntry;Ljava/util/List;)Ljava/lang/Class;+269
J 1669 c1 org.eclipse.osgi.internal.loader.classpath.ClasspathManager.findLocalClassImpl(Ljava/lang/String;[Lorg/eclipse/osgi/internal/loader/classpath/ClasspathEntry;Ljava/util/List;)Ljava/lang/Class; (55 bytes) @ 0x00000220e84ed64c [0x00000220e84ed4c0+0x000000000000018c]
j  org.eclipse.osgi.internal.loader.classpath.ClasspathManager.findLocalClassImpl(Ljava/lang/String;Ljava/util/List;)Ljava/lang/Class;+69
J 1662 c1 org.eclipse.osgi.internal.loader.classpath.ClasspathManager.findLocalClass(Ljava/lang/String;)Ljava/lang/Class; (210 bytes) @ 0x00000220e84e7dbc [0x00000220e84e7120+0x0000000000000c9c]
J 1660 c1 org.eclipse.osgi.internal.loader.BundleLoader.findLocalClass(Ljava/lang/String;)Ljava/lang/Class; (152 bytes) @ 0x00000220e84e526c [0x00000220e84e4a20+0x000000000000084c]
J 1635 c1 org.eclipse.osgi.internal.loader.BundleLoader.findClass0(Ljava/lang/String;ZZ)Ljava/lang/Class; (466 bytes) @ 0x00000220e84d4504 [0x00000220e84d1e20+0x00000000000026e4]
J 1594 c1 org.eclipse.osgi.internal.loader.BundleLoader.findClass(Ljava/lang/String;)Ljava/lang/Class; (8 bytes) @ 0x00000220e84c0f9c [0x00000220e84c0f20+0x000000000000007c]
J 1596 c1 org.eclipse.osgi.internal.loader.ModuleClassLoader.loadClass(Ljava/lang/String;Z)Ljava/lang/Class; (36 bytes) @ 0x00000220e84c22bc [0x00000220e84c20a0+0x000000000000021c]
J 786 c1 java.lang.ClassLoader.loadClass(Ljava/lang/String;)Ljava/lang/Class; java.base@17.0.4.1 (7 bytes) @ 0x00000220e832bbbc [0x00000220e832bac0+0x00000000000000fc]
v  ~StubRoutines::call_stub
j  org.eclipse.core.internal.runtime.PlatformActivator.start(Lorg/osgi/framework/BundleContext;)V+4
j  org.eclipse.osgi.internal.framework.BundleContextImpl$2.run()Ljava/lang/Void;+23
j  org.eclipse.osgi.internal.framework.BundleContextImpl$2.run()Ljava/lang/Object;+1
J 1198 c1 java.security.AccessController.executePrivileged(Ljava/security/PrivilegedExceptionAction;Ljava/security/AccessControlContext;Ljava/lang/Class;)Ljava/lang/Object; java.base@17.0.4.1 (65 bytes) @ 0x00000220e8400234 [0x00000220e84000e0+0x0000000000000154]
j  java.security.AccessController.doPrivileged(Ljava/security/PrivilegedExceptionAction;)Ljava/lang/Object;+9 java.base@17.0.4.1
j  org.eclipse.osgi.internal.framework.BundleContextImpl.startActivator(Lorg/osgi/framework/BundleActivator;)V+9
j  org.eclipse.osgi.internal.framework.BundleContextImpl.start()V+134
j  org.eclipse.osgi.internal.framework.EquinoxBundle.startWorker0()V+35
j  org.eclipse.osgi.internal.framework.EquinoxBundle$EquinoxModule.startWorker()V+4
j  org.eclipse.osgi.container.Module.doStart([Lorg/eclipse/osgi/container/Module$StartOptions;)Lorg/eclipse/osgi/container/ModuleContainerAdaptor$ModuleEvent;+190
j  org.eclipse.osgi.container.Module.start([Lorg/eclipse/osgi/container/Module$StartOptions;)V+460
j  org.eclipse.osgi.container.ModuleContainer$ContainerStartLevel$2.run()V+71
j  org.eclipse.osgi.internal.framework.EquinoxContainerAdaptor$1$1.execute(Ljava/lang/Runnable;)V+1
j  org.eclipse.osgi.container.ModuleContainer$ContainerStartLevel.incStartLevel(ILjava/util/List;Z)V+192
j  org.eclipse.osgi.container.ModuleContainer$ContainerStartLevel.incStartLevel(ILjava/util/List;Ljava/util/List;Ljava/util/List;Ljava/util/List;)V+19
j  org.eclipse.osgi.container.ModuleContainer$ContainerStartLevel.doContainerStartLevel(Lorg/eclipse/osgi/container/Module;I[Lorg/osgi/framework/FrameworkListener;)V+349
j  org.eclipse.osgi.container.ModuleContainer$ContainerStartLevel.dispatchEvent(Lorg/eclipse/osgi/container/Module;[Lorg/osgi/framework/FrameworkListener;ILjava/lang/Integer;)V+32
j  org.eclipse.osgi.container.ModuleContainer$ContainerStartLevel.dispatchEvent(Ljava/lang/Object;Ljava/lang/Object;ILjava/lang/Object;)V+15
j  org.eclipse.osgi.framework.eventmgr.EventManager.dispatchEvent(Ljava/util/Set;Lorg/eclipse/osgi/framework/eventmgr/EventDispatcher;ILjava/lang/Object;)V+48
j  org.eclipse.osgi.framework.eventmgr.EventManager$EventThread.run()V+26
v  ~StubRoutines::call_stub

---------------  P R O C E S S  ---------------

Threads class SMR info:
_java_thread_list=0x00000220fb3ba4b0, length=17, elements={
0x00000220e4fd2120, 0x00000220f8df2bc0, 0x00000220f8df4780, 0x00000220f8e00d40,
0x00000220f8e018f0, 0x00000220f8e024a0, 0x00000220f8e05e70, 0x00000220f8e06c00,
0x00000220f8e34410, 0x00000220f8e359c0, 0x00000220fa8c3970, 0x00000220faab8790,
0x00000220fb17cee0, 0x00000220fc056e90, 0x00000220fc0604f0, 0x00000220fc0609c0,
0x00000220fc060020
}

Java Threads: ( => current thread )
  0x00000220e4fd2120 JavaThread "main" [_thread_blocked, id=31616, stack(0x000000acdf600000,0x000000acdf700000)]
  0x00000220f8df2bc0 JavaThread "Reference Handler" daemon [_thread_blocked, id=15336, stack(0x000000acdf900000,0x000000acdfa00000)]
  0x00000220f8df4780 JavaThread "Finalizer" daemon [_thread_blocked, id=4356, stack(0x000000acdfa00000,0x000000acdfb00000)]
  0x00000220f8e00d40 JavaThread "Signal Dispatcher" daemon [_thread_blocked, id=18908, stack(0x000000acdfb00000,0x000000acdfc00000)]
  0x00000220f8e018f0 JavaThread "Attach Listener" daemon [_thread_blocked, id=16728, stack(0x000000acdfc00000,0x000000acdfd00000)]
  0x00000220f8e024a0 JavaThread "Service Thread" daemon [_thread_blocked, id=17484, stack(0x000000acdfd00000,0x000000acdfe00000)]
  0x00000220f8e05e70 JavaThread "Monitor Deflation Thread" daemon [_thread_blocked, id=19428, stack(0x000000acdfe00000,0x000000acdff00000)]
  0x00000220f8e06c00 JavaThread "C2 CompilerThread0" daemon [_thread_blocked, id=8444, stack(0x000000acdff00000,0x000000ace0000000)]
  0x00000220f8e34410 JavaThread "C1 CompilerThread0" daemon [_thread_blocked, id=22760, stack(0x000000ace0000000,0x000000ace0100000)]
  0x00000220f8e359c0 JavaThread "Sweeper thread" daemon [_thread_blocked, id=25992, stack(0x000000ace0100000,0x000000ace0200000)]
  0x00000220fa8c3970 JavaThread "Common-Cleaner" daemon [_thread_blocked, id=27656, stack(0x000000ace0200000,0x000000ace0300000)]
  0x00000220faab8790 JavaThread "Notification Thread" daemon [_thread_blocked, id=8452, stack(0x000000ace0300000,0x000000ace0400000)]
  0x00000220fb17cee0 JavaThread "Active Thread: Equinox Container: 9be79251-28e7-4b3e-9e35-a6081b07b763" [_thread_blocked, id=30168, stack(0x000000ace0900000,0x000000ace0a00000)]
  0x00000220fc056e90 JavaThread "Framework Event Dispatcher: Equinox Container: 9be79251-28e7-4b3e-9e35-a6081b07b763" daemon [_thread_blocked, id=29040, stack(0x000000ace0a00000,0x000000ace0b00000)]
=>0x00000220fc0604f0 JavaThread "Start Level: Equinox Container: 9be79251-28e7-4b3e-9e35-a6081b07b763" daemon [_thread_in_vm, id=8936, stack(0x000000ace0b00000,0x000000ace0c00000)]
  0x00000220fc0609c0 JavaThread "SCR Component Actor" daemon [_thread_blocked, id=3704, stack(0x000000ace0800000,0x000000ace0900000)]
  0x00000220fc060020 JavaThread "SCR Component Registry" daemon [_thread_blocked, id=11744, stack(0x000000ace0c00000,0x000000ace0d00000)]

Other Threads:
  0x00000220f8ddcaf0 VMThread "VM Thread" [stack: 0x000000acdf800000,0x000000acdf900000] [id=19856]
  0x00000220faab7f80 WatcherThread [stack: 0x000000ace0400000,0x000000ace0500000] [id=9436]
  0x00000220e4fe7d60 GCTaskThread "GC Thread#0" [stack: 0x000000acdf700000,0x000000acdf800000] [id=13884]
  0x00000220facb7690 GCTaskThread "GC Thread#1" [stack: 0x000000ace0500000,0x000000ace0600000] [id=12348]
  0x00000220faff7e60 GCTaskThread "GC Thread#2" [stack: 0x000000ace0600000,0x000000ace0700000] [id=27788]
  0x00000220faff8110 GCTaskThread "GC Thread#3" [stack: 0x000000ace0700000,0x000000ace0800000] [id=16596]

Threads with active compile tasks:

VM state: not at safepoint (normal execution)

VM Mutex/Monitor currently owned by a thread:  ([mutex/lock_event])
[0x00000220e2e49ad0] Metaspace_lock - owner thread: 0x00000220fc0604f0

Heap address: 0x00000000c0000000, size: 1024 MB, Compressed Oops mode: 32-bit

CDS archive(s) not mapped
Compressed class space mapped at: 0x0000000100000000-0x0000000140000000, reserved size: 1073741824
Narrow klass base: 0x0000000000000000, Narrow klass shift: 3, Narrow klass range: 0x140000000

GC Precious Log:
 CPUs: 4 total, 4 available
 Memory: 7991M
 Large Page Support: Disabled
 NUMA Support: Disabled
 Compressed Oops: Enabled (32-bit)
 Alignments: Space 512K, Generation 512K, Heap 2M
 Heap Min Capacity: 100M
 Heap Initial Capacity: 100M
 Heap Max Capacity: 1G
 Pre-touch: Disabled
 Parallel Workers: 4

Heap:
 PSYoungGen      total 29696K, used 11982K [0x00000000eab00000, 0x00000000ecc00000, 0x0000000100000000)
  eden space 25600K, 30% used [0x00000000eab00000,0x00000000eb2b8408,0x00000000ec400000)
  from space 4096K, 99% used [0x00000000ec800000,0x00000000ecbfb708,0x00000000ecc00000)
  to   space 4096K, 0% used [0x00000000ec400000,0x00000000ec400000,0x00000000ec800000)
 ParOldGen       total 68608K, used 712K [0x00000000c0000000, 0x00000000c4300000, 0x00000000eab00000)
  object space 68608K, 1% used [0x00000000c0000000,0x00000000c00b2350,0x00000000c4300000)
 Metaspace       used 16488K, committed 16704K, reserved 1064960K
  class space    used 1699K, committed 1792K, reserved 1048576K

Card table byte_map: [0x00000220e4980000,0x00000220e4b90000] _byte_map_base: 0x00000220e4380000

Marking Bits: (ParMarkBitMap*) 0x00007ffad5452cc0
 Begin Bits: [0x00000220f6c50000, 0x00000220f7c50000)
 End Bits:   [0x00000220f7c50000, 0x00000220f8c50000)

Polling page: 0x00000220e2fb0000

Metaspace:

Usage:
  Non-class:     14.44 MB used.
      Class:      1.66 MB used.
       Both:     16.10 MB used.

Virtual space:
  Non-class space:       16.00 MB reserved,      14.56 MB ( 91%) committed,  2 nodes.
      Class space:        1.00 GB reserved,       1.75 MB ( <1%) committed,  1 nodes.
             Both:        1.02 GB reserved,      16.31 MB (  2%) committed. 

Chunk freelists:
   Non-Class:  1.23 MB
       Class:  2.19 MB
        Both:  3.42 MB

MaxMetaspaceSize: unlimited
CompressedClassSpaceSize: 1.00 GB
Initial GC threshold: 21.00 MB
Current GC threshold: 21.00 MB
CDS: off
MetaspaceReclaimPolicy: balanced
 - commit_granule_bytes: 65536.
 - commit_granule_words: 8192.
 - virtual_space_node_default_size: 1048576.
 - enlarge_chunks_in_place: 1.
 - new_chunks_are_fully_committed: 0.
 - uncommit_free_chunks: 1.
 - use_allocation_guard: 0.
 - handle_deallocations: 1.


Internal statistics:

num_allocs_failed_limit: 0.
num_arena_births: 102.
num_arena_deaths: 0.
num_vsnodes_births: 3.
num_vsnodes_deaths: 0.
num_space_committed: 261.
num_space_uncommitted: 0.
num_chunks_returned_to_freelist: 0.
num_chunks_taken_from_freelist: 394.
num_chunk_merges: 0.
num_chunk_splits: 266.
num_chunks_enlarged: 203.
num_purges: 0.
num_inconsistent_stats: 0.

CodeHeap 'non-profiled nmethods': size=120000Kb used=681Kb max_used=681Kb free=119318Kb
 bounds [0x00000220ef720000, 0x00000220ef990000, 0x00000220f6c50000]
CodeHeap 'profiled nmethods': size=120000Kb used=3179Kb max_used=3179Kb free=116821Kb
 bounds [0x00000220e81f0000, 0x00000220e8510000, 0x00000220ef720000]
CodeHeap 'non-nmethods': size=5760Kb used=1178Kb max_used=1197Kb free=4581Kb
 bounds [0x00000220e7c50000, 0x00000220e7ec0000, 0x00000220e81f0000]
 total_blobs=2191 nmethods=1731 adapters=374
 compilation: enabled
              stopped_count=0, restarted_count=0
 full_count=0

Compilation events (20 events):
Event: 3.573 Thread 0x00000220f8e34410 1725       1       org.apache.felix.scr.impl.metadata.ReferenceMetadata::getName (5 bytes)
Event: 3.573 Thread 0x00000220f8e34410 nmethod 1725 0x00000220ef7c9190 code [0x00000220ef7c9320, 0x00000220ef7c93f8]
Event: 3.573 Thread 0x00000220f8e34410 1726       1       org.osgi.framework.BundleEvent::getBundle (5 bytes)
Event: 3.573 Thread 0x00000220f8e34410 nmethod 1726 0x00000220ef7c9490 code [0x00000220ef7c9620, 0x00000220ef7c96f8]
Event: 3.573 Thread 0x00000220f8e34410 1727       3       jdk.internal.misc.Unsafe::weakCompareAndSetInt (11 bytes)
Event: 3.573 Thread 0x00000220f8e34410 nmethod 1727 0x00000220e8507790 code [0x00000220e8507920, 0x00000220e8507a58]
Event: 3.573 Thread 0x00000220f8e34410 1728       3       java.net.URLStreamHandler::setURL (159 bytes)
Event: 3.575 Thread 0x00000220f8e34410 nmethod 1728 0x00000220e8507b10 code [0x00000220e8507ea0, 0x00000220e8509408]
Event: 3.575 Thread 0x00000220f8e34410 1730       3       org.eclipse.osgi.framework.eventmgr.CopyOnWriteIdentityMap$Snapshot$EntrySet::iterator (12 bytes)
Event: 3.575 Thread 0x00000220f8e34410 nmethod 1730 0x00000220e8509c90 code [0x00000220e8509e40, 0x00000220e850a118]
Event: 3.575 Thread 0x00000220f8e34410 1731       3       org.eclipse.osgi.framework.eventmgr.CopyOnWriteIdentityMap$Snapshot$EntryIterator::<init> (11 bytes)
Event: 3.576 Thread 0x00000220f8e34410 nmethod 1731 0x00000220e850a290 code [0x00000220e850a440, 0x00000220e850a678]
Event: 3.576 Thread 0x00000220f8e34410 1732       3       org.eclipse.osgi.framework.eventmgr.CopyOnWriteIdentityMap$Snapshot$SnapshotIterator::<init> (24 bytes)
Event: 3.576 Thread 0x00000220f8e34410 nmethod 1732 0x00000220e850a790 code [0x00000220e850a920, 0x00000220e850aad8]
Event: 3.576 Thread 0x00000220f8e34410 1733       1       org.osgi.framework.BundleEvent::getType (5 bytes)
Event: 3.576 Thread 0x00000220f8e34410 nmethod 1733 0x00000220ef7c9b90 code [0x00000220ef7c9d20, 0x00000220ef7c9df8]
Event: 3.577 Thread 0x00000220f8e06c00 1734       4       java.util.zip.ZipFile$Source::zipCoderForPos (39 bytes)
Event: 3.577 Thread 0x00000220f8e06c00 nmethod 1734 0x00000220ef7c9e90 code [0x00000220ef7ca000, 0x00000220ef7ca0b8]
Event: 3.578 Thread 0x00000220f8e34410 1735       1       org.eclipse.osgi.container.ModuleWire::getRequirement (5 bytes)
Event: 3.578 Thread 0x00000220f8e34410 nmethod 1735 0x00000220ef7ca190 code [0x00000220ef7ca320, 0x00000220ef7ca3f8]

GC Heap History (4 events):
Event: 1.771 GC heap before
{Heap before GC invocations=1 (full 0):
 PSYoungGen      total 29696K, used 25600K [0x00000000eab00000, 0x00000000ecc00000, 0x0000000100000000)
  eden space 25600K, 100% used [0x00000000eab00000,0x00000000ec400000,0x00000000ec400000)
  from space 4096K, 0% used [0x00000000ec800000,0x00000000ec800000,0x00000000ecc00000)
  to   space 4096K, 0% used [0x00000000ec400000,0x00000000ec400000,0x00000000ec800000)
 ParOldGen       total 68608K, used 0K [0x00000000c0000000, 0x00000000c4300000, 0x00000000eab00000)
  object space 68608K, 0% used [0x00000000c0000000,0x00000000c0000000,0x00000000c4300000)
 Metaspace       used 10842K, committed 11008K, reserved 1064960K
  class space    used 1088K, committed 1152K, reserved 1048576K
}
Event: 1.832 GC heap after
{Heap after GC invocations=1 (full 0):
 PSYoungGen      total 29696K, used 3240K [0x00000000eab00000, 0x00000000ecc00000, 0x0000000100000000)
  eden space 25600K, 0% used [0x00000000eab00000,0x00000000eab00000,0x00000000ec400000)
  from space 4096K, 79% used [0x00000000ec400000,0x00000000ec72a208,0x00000000ec800000)
  to   space 4096K, 0% used [0x00000000ec800000,0x00000000ec800000,0x00000000ecc00000)
 ParOldGen       total 68608K, used 0K [0x00000000c0000000, 0x00000000c4300000, 0x00000000eab00000)
  object space 68608K, 0% used [0x00000000c0000000,0x00000000c0000000,0x00000000c4300000)
 Metaspace       used 10842K, committed 11008K, reserved 1064960K
  class space    used 1088K, committed 1152K, reserved 1048576K
}
Event: 3.168 GC heap before
{Heap before GC invocations=2 (full 0):
 PSYoungGen      total 29696K, used 28840K [0x00000000eab00000, 0x00000000ecc00000, 0x0000000100000000)
  eden space 25600K, 100% used [0x00000000eab00000,0x00000000ec400000,0x00000000ec400000)
  from space 4096K, 79% used [0x00000000ec400000,0x00000000ec72a208,0x00000000ec800000)
  to   space 4096K, 0% used [0x00000000ec800000,0x00000000ec800000,0x00000000ecc00000)
 ParOldGen       total 68608K, used 0K [0x00000000c0000000, 0x00000000c4300000, 0x00000000eab00000)
  object space 68608K, 0% used [0x00000000c0000000,0x00000000c0000000,0x00000000c4300000)
 Metaspace       used 15183K, committed 15424K, reserved 1064960K
  class space    used 1551K, committed 1664K, reserved 1048576K
}
Event: 3.172 GC heap after
{Heap after GC invocations=2 (full 0):
 PSYoungGen      total 29696K, used 4077K [0x00000000eab00000, 0x00000000ecc00000, 0x0000000100000000)
  eden space 25600K, 0% used [0x00000000eab00000,0x00000000eab00000,0x00000000ec400000)
  from space 4096K, 99% used [0x00000000ec800000,0x00000000ecbfb708,0x00000000ecc00000)
  to   space 4096K, 0% used [0x00000000ec400000,0x00000000ec400000,0x00000000ec800000)
 ParOldGen       total 68608K, used 712K [0x00000000c0000000, 0x00000000c4300000, 0x00000000eab00000)
  object space 68608K, 1% used [0x00000000c0000000,0x00000000c00b2350,0x00000000c4300000)
 Metaspace       used 15183K, committed 15424K, reserved 1064960K
  class space    used 1551K, committed 1664K, reserved 1048576K
}

Deoptimization events (20 events):
Event: 3.520 Thread 0x00000220fc0604f0 Uncommon trap: trap_request=0xffffffde fr.pc=0x00000220ef77d5e0 relative=0x0000000000001460
Event: 3.520 Thread 0x00000220fc0604f0 Uncommon trap: reason=class_check action=maybe_recompile pc=0x00000220ef77d5e0 method=java.io.DataInputStream.readUnsignedShort()I @ 4 c2
Event: 3.520 Thread 0x00000220fc0604f0 DEOPT PACKING pc=0x00000220ef77d5e0 sp=0x000000ace0bfb920
Event: 3.520 Thread 0x00000220fc0604f0 DEOPT UNPACKING pc=0x00000220e7ca5923 sp=0x000000ace0bfb8a8 mode 2
Event: 3.520 Thread 0x00000220fc0604f0 Uncommon trap: trap_request=0xffffffde fr.pc=0x00000220ef780fb4 relative=0x0000000000000294
Event: 3.520 Thread 0x00000220fc0604f0 Uncommon trap: reason=class_check action=maybe_recompile pc=0x00000220ef780fb4 method=java.io.DataInputStream.readByte()B @ 4 c2
Event: 3.520 Thread 0x00000220fc0604f0 DEOPT PACKING pc=0x00000220ef780fb4 sp=0x000000ace0bfba70
Event: 3.520 Thread 0x00000220fc0604f0 DEOPT UNPACKING pc=0x00000220e7ca5923 sp=0x000000ace0bfba28 mode 2
Event: 3.520 Thread 0x00000220fc0604f0 Uncommon trap: trap_request=0xffffffde fr.pc=0x00000220ef780fb4 relative=0x0000000000000294
Event: 3.520 Thread 0x00000220fc0604f0 Uncommon trap: reason=class_check action=maybe_recompile pc=0x00000220ef780fb4 method=java.io.DataInputStream.readByte()B @ 4 c2
Event: 3.520 Thread 0x00000220fc0604f0 DEOPT PACKING pc=0x00000220ef780fb4 sp=0x000000ace0bfba70
Event: 3.520 Thread 0x00000220fc0604f0 DEOPT UNPACKING pc=0x00000220e7ca5923 sp=0x000000ace0bfba28 mode 2
Event: 3.520 Thread 0x00000220fc0604f0 Uncommon trap: trap_request=0xffffffde fr.pc=0x00000220ef77d5e0 relative=0x0000000000001460
Event: 3.520 Thread 0x00000220fc0604f0 Uncommon trap: reason=class_check action=maybe_recompile pc=0x00000220ef77d5e0 method=java.io.DataInputStream.readUnsignedShort()I @ 4 c2
Event: 3.520 Thread 0x00000220fc0604f0 DEOPT PACKING pc=0x00000220ef77d5e0 sp=0x000000ace0bfb920
Event: 3.520 Thread 0x00000220fc0604f0 DEOPT UNPACKING pc=0x00000220e7ca5923 sp=0x000000ace0bfb8a8 mode 2
Event: 3.520 Thread 0x00000220fc0604f0 Uncommon trap: trap_request=0xffffffde fr.pc=0x00000220ef77d5e0 relative=0x0000000000001460
Event: 3.520 Thread 0x00000220fc0604f0 Uncommon trap: reason=class_check action=maybe_recompile pc=0x00000220ef77d5e0 method=java.io.DataInputStream.readUnsignedShort()I @ 4 c2
Event: 3.520 Thread 0x00000220fc0604f0 DEOPT PACKING pc=0x00000220ef77d5e0 sp=0x000000ace0bfb920
Event: 3.520 Thread 0x00000220fc0604f0 DEOPT UNPACKING pc=0x00000220e7ca5923 sp=0x000000ace0bfb8a8 mode 2

Classes unloaded (0 events):
No events

Classes redefined (0 events):
No events

Internal exceptions (20 events):
Event: 1.414 Thread 0x00000220e4fd2120 Exception <a 'java/lang/ClassNotFoundException'{0x00000000ebf64548}: sun/net/www/protocol/c/Handler> (0x00000000ebf64548) 
thrown [s\src\hotspot\share\classfile\systemDictionary.cpp, line 256]
Event: 1.414 Thread 0x00000220e4fd2120 Exception <a 'java/lang/ClassNotFoundException'{0x00000000ebf658d8}: sun/net/www/protocol/c/Handler> (0x00000000ebf658d8) 
thrown [s\src\hotspot\share\classfile\systemDictionary.cpp, line 256]
Event: 1.414 Thread 0x00000220e4fd2120 Exception <a 'java/lang/ClassNotFoundException'{0x00000000ebf66ac8}: sun/net/www/protocol/c/Handler> (0x00000000ebf66ac8) 
thrown [s\src\hotspot\share\classfile\systemDictionary.cpp, line 256]
Event: 1.421 Thread 0x00000220e4fd2120 Exception <a 'java/io/FileNotFoundException'{0x00000000ebf85710}> (0x00000000ebf85710) 
thrown [s\src\hotspot\share\prims\jni.cpp, line 516]
Event: 1.479 Thread 0x00000220e4fd2120 Implicit null exception at 0x00000220ef7574bb to 0x00000220ef757df8
Event: 1.480 Thread 0x00000220e4fd2120 Implicit null exception at 0x00000220ef76b86c to 0x00000220ef76ba4c
Event: 1.480 Thread 0x00000220e4fd2120 Implicit null exception at 0x00000220ef75a98c to 0x00000220ef75abbc
Event: 1.539 Thread 0x00000220e4fd2120 Exception <a 'java/lang/NoSuchMethodError'{0x00000000ec250310}: 'int java.lang.invoke.DirectMethodHandle$Holder.invokeStaticInit(java.lang.Object, java.lang.Object, java.lang.Object, java.lang.Object)'> (0x00000000ec250310) 
thrown [s\src\hotspot\share\interpreter\linkResolver.cpp, line 759]
Event: 1.540 Thread 0x00000220e4fd2120 Exception <a 'java/lang/NoSuchMethodError'{0x00000000ec25a980}: 'java.lang.Object java.lang.invoke.DirectMethodHandle$Holder.invokeInterface(java.lang.Object, java.lang.Object)'> (0x00000000ec25a980) 
thrown [s\src\hotspot\share\interpreter\linkResolver.cpp, line 759]
Event: 1.541 Thread 0x00000220e4fd2120 Exception <a 'java/lang/IncompatibleClassChangeError'{0x00000000ec25e178}: Found class java.lang.Object, but interface was expected> (0x00000000ec25e178) 
thrown [s\src\hotspot\share\interpreter\linkResolver.cpp, line 826]
Event: 1.542 Thread 0x00000220e4fd2120 Exception <a 'java/lang/NoSuchMethodError'{0x00000000ec262670}: 'void java.lang.invoke.DirectMethodHandle$Holder.invokeStatic(java.lang.Object, java.lang.Object)'> (0x00000000ec262670) 
thrown [s\src\hotspot\share\interpreter\linkResolver.cpp, line 759]
Event: 1.542 Thread 0x00000220e4fd2120 Exception <a 'java/lang/NoSuchMethodError'{0x00000000ec265e70}: 'void java.lang.invoke.DirectMethodHandle$Holder.invokeStaticInit(java.lang.Object, java.lang.Object)'> (0x00000000ec265e70) 
thrown [s\src\hotspot\share\interpreter\linkResolver.cpp, line 759]
Event: 1.545 Thread 0x00000220e4fd2120 Exception <a 'java/lang/NoSuchMethodError'{0x00000000ec26d2a8}: 'int java.lang.invoke.DirectMethodHandle$Holder.invokeStaticInit(java.lang.Object, java.lang.Object)'> (0x00000000ec26d2a8) 
thrown [s\src\hotspot\share\interpreter\linkResolver.cpp, line 759]
Event: 1.759 Thread 0x00000220e4fd2120 Exception <a 'java/lang/NoSuchMethodError'{0x00000000ec394bf8}: 'void java.lang.invoke.DirectMethodHandle$Holder.invokeSpecial(java.lang.Object, java.lang.Object, java.lang.Object)'> (0x00000000ec394bf8) 
thrown [s\src\hotspot\share\interpreter\linkResolver.cpp, line 759]
Event: 2.414 Thread 0x00000220e4fd2120 Exception <a 'java/lang/NoSuchMethodError'{0x00000000eb66a270}: 'java.lang.Object java.lang.invoke.DirectMethodHandle$Holder.newInvokeSpecial(java.lang.Object, int, java.lang.Object)'> (0x00000000eb66a270) 
thrown [s\src\hotspot\share\interpreter\linkResolver.cpp, line 759]
Event: 2.754 Thread 0x00000220e4fd2120 Exception <a 'java/lang/UnsatisfiedLinkError'{0x00000000ebb994c8}: 'void org.eclipse.equinox.launcher.JNIBridge._update_splash()'> (0x00000000ebb994c8) 
thrown [s\src\hotspot\share\prims\nativeLookup.cpp, line 543]
Event: 2.964 Thread 0x00000220fc0604f0 Exception <a 'java/lang/NoSuchMethodError'{0x00000000ebe04c30}: 'java.lang.Object java.lang.invoke.DirectMethodHandle$Holder.invokeStaticInit(java.lang.Object)'> (0x00000000ebe04c30) 
thrown [s\src\hotspot\share\interpreter\linkResolver.cpp, line 759]
Event: 3.515 Thread 0x00000220fc0604f0 Exception <a 'java/io/FileNotFoundException'{0x00000000eb122250}> (0x00000000eb122250) 
thrown [s\src\hotspot\share\prims\jni.cpp, line 516]
Event: 3.523 Thread 0x00000220fc0604f0 Exception <a 'java/lang/NullPointerException'{0x00000000eb1742b8}> (0x00000000eb1742b8) 
thrown [s\src\hotspot\share\interpreter\linkResolver.cpp, line 1350]
Event: 3.524 Thread 0x00000220fc0604f0 Exception <a 'java/lang/NullPointerException'{0x00000000eb174ae0}> (0x00000000eb174ae0) 
thrown [s\src\hotspot\share\interpreter\linkResolver.cpp, line 1350]

VM Operations (20 events):
Event: 1.401 Executing VM operation: HandshakeAllThreads
Event: 1.401 Executing VM operation: HandshakeAllThreads done
Event: 1.401 Executing VM operation: Cleanup
Event: 1.401 Executing VM operation: Cleanup done
Event: 1.771 Executing VM operation: ParallelGCFailedAllocation
Event: 1.832 Executing VM operation: ParallelGCFailedAllocation done
Event: 2.220 Executing VM operation: HandshakeAllThreads
Event: 2.363 Executing VM operation: HandshakeAllThreads done
Event: 2.368 Executing VM operation: HandshakeAllThreads
Event: 2.368 Executing VM operation: HandshakeAllThreads done
Event: 2.373 Executing VM operation: HandshakeAllThreads
Event: 2.373 Executing VM operation: HandshakeAllThreads done
Event: 2.410 Executing VM operation: HandshakeAllThreads
Event: 2.410 Executing VM operation: HandshakeAllThreads done
Event: 3.025 Executing VM operation: HandshakeAllThreads
Event: 3.055 Executing VM operation: HandshakeAllThreads done
Event: 3.055 Executing VM operation: Cleanup
Event: 3.055 Executing VM operation: Cleanup done
Event: 3.168 Executing VM operation: ParallelGCFailedAllocation
Event: 3.172 Executing VM operation: ParallelGCFailedAllocation done

Events (20 events):
Event: 3.283 loading class java/util/concurrent/locks/ReentrantLock$FairSync
Event: 3.283 loading class java/util/concurrent/locks/ReentrantLock$FairSync done
Event: 3.312 loading class java/util/Collections$ReverseComparator
Event: 3.313 loading class java/util/Collections$ReverseComparator done
Event: 3.391 loading class javax/xml/parsers/ParserConfigurationException
Event: 3.391 loading class javax/xml/parsers/ParserConfigurationException done
Event: 3.430 loading class java/lang/CloneNotSupportedException
Event: 3.430 loading class java/lang/CloneNotSupportedException done
Event: 3.451 loading class java/util/TreeMap$Values
Event: 3.451 loading class java/util/TreeMap$Values done
Event: 3.451 loading class java/util/TreeMap$ValueIterator
Event: 3.451 loading class java/util/TreeMap$ValueIterator done
Event: 3.516 loading class java/util/function/IntFunction
Event: 3.516 loading class java/util/function/IntFunction done
Event: 3.523 loading class java/util/ImmutableCollections$Map1
Event: 3.523 loading class java/util/ImmutableCollections$Map1 done
Event: 3.524 loading class java/util/AbstractMap$1
Event: 3.524 loading class java/util/AbstractMap$1 done
Event: 3.524 loading class java/util/AbstractMap$1$1
Event: 3.524 loading class java/util/AbstractMap$1$1 done


Dynamic libraries:
0x00007ff7f6ec0000 - 0x00007ff7f6ece000 	c:\Users\user\.vscode\extensions\redhat.java-1.11.0-win32-x64\jre\17.0.4.1-win32-x86_64\bin\java.exe
0x00007ffb19db0000 - 0x00007ffb19fa7000 	C:\Windows\SYSTEM32\ntdll.dll
0x00007ffb17f60000 - 0x00007ffb1801d000 	C:\Windows\System32\KERNEL32.DLL
0x00007ffb17820000 - 0x00007ffb17aed000 	C:\Windows\System32\KERNELBASE.dll
0x00007ffb17af0000 - 0x00007ffb17bf0000 	C:\Windows\System32\ucrtbase.dll
0x00007ffb11350000 - 0x00007ffb11368000 	c:\Users\user\.vscode\extensions\redhat.java-1.11.0-win32-x64\jre\17.0.4.1-win32-x86_64\bin\jli.dll
0x00007ffb18260000 - 0x00007ffb18400000 	C:\Windows\System32\USER32.dll
0x00007ffb17d00000 - 0x00007ffb17d22000 	C:\Windows\System32\win32u.dll
0x00007ffb18230000 - 0x00007ffb1825a000 	C:\Windows\System32\GDI32.dll
0x00007ffb17bf0000 - 0x00007ffb17cfb000 	C:\Windows\System32\gdi32full.dll
0x00007ffb17630000 - 0x00007ffb176cd000 	C:\Windows\System32\msvcp_win.dll
0x00007ffb0ee70000 - 0x00007ffb0ee89000 	c:\Users\user\.vscode\extensions\redhat.java-1.11.0-win32-x64\jre\17.0.4.1-win32-x86_64\bin\VCRUNTIME140.dll
0x00007ffb04e60000 - 0x00007ffb050fa000 	C:\Windows\WinSxS\amd64_microsoft.windows.common-controls_6595b64144ccf1df_6.0.19041.1110_none_60b5254171f9507e\COMCTL32.dll
0x00007ffb18b90000 - 0x00007ffb18c2e000 	C:\Windows\System32\msvcrt.dll
0x00007ffb189b0000 - 0x00007ffb189e0000 	C:\Windows\System32\IMM32.DLL
0x000000006a7b0000 - 0x000000006a7bc000 	C:\Program Files (x86)\360\Total Security\safemon\SafeWrapper.dll
0x00007ffb17e30000 - 0x00007ffb17ede000 	C:\Windows\System32\ADVAPI32.dll
0x00007ffb188b0000 - 0x00007ffb1894c000 	C:\Windows\System32\sechost.dll
0x00007ffb184b0000 - 0x00007ffb185d5000 	C:\Windows\System32\RPCRT4.dll
0x00007ffaf9b10000 - 0x00007ffaf9ba2000 	C:\Program Files (x86)\360\Total Security\safemon\libzdtp64.dll
0x00007ffb19120000 - 0x00007ffb19864000 	C:\Windows\System32\SHELL32.dll
0x00007ffb18950000 - 0x00007ffb189a5000 	C:\Windows\System32\SHLWAPI.dll
0x00007ffb17080000 - 0x00007ffb1708a000 	C:\Windows\SYSTEM32\VERSION.dll
0x00007ffb12b90000 - 0x00007ffb12b9c000 	c:\Users\user\.vscode\extensions\redhat.java-1.11.0-win32-x64\jre\17.0.4.1-win32-x86_64\bin\vcruntime140_1.dll
0x00007ffaf7670000 - 0x00007ffaf7701000 	c:\Users\user\.vscode\extensions\redhat.java-1.11.0-win32-x64\jre\17.0.4.1-win32-x86_64\bin\msvcp140.dll
0x00007ffad48d0000 - 0x00007ffad5516000 	c:\Users\user\.vscode\extensions\redhat.java-1.11.0-win32-x64\jre\17.0.4.1-win32-x86_64\bin\server\jvm.dll
0x00007ffb188a0000 - 0x00007ffb188a8000 	C:\Windows\System32\PSAPI.DLL
0x00007ffb03050000 - 0x00007ffb03059000 	C:\Windows\SYSTEM32\WSOCK32.dll
0x00007ffb19000000 - 0x00007ffb1906b000 	C:\Windows\System32\WS2_32.dll
0x00007ffafd130000 - 0x00007ffafd157000 	C:\Windows\SYSTEM32\WINMM.dll
0x00007ffb15cf0000 - 0x00007ffb15d02000 	C:\Windows\SYSTEM32\kernel.appcore.dll
0x00007ffb12b40000 - 0x00007ffb12b4a000 	c:\Users\user\.vscode\extensions\redhat.java-1.11.0-win32-x64\jre\17.0.4.1-win32-x86_64\bin\jimage.dll
0x00007ffb150e0000 - 0x00007ffb152c4000 	C:\Windows\SYSTEM32\DBGHELP.DLL
0x00007ffafbfa0000 - 0x00007ffafbfcc000 	C:\Windows\SYSTEM32\dbgcore.DLL
0x00007ffb176d0000 - 0x00007ffb17752000 	C:\Windows\System32\bcryptPrimitives.dll
0x00007ffb0f440000 - 0x00007ffb0f44e000 	c:\Users\user\.vscode\extensions\redhat.java-1.11.0-win32-x64\jre\17.0.4.1-win32-x86_64\bin\instrument.dll
0x00007ffb0b7c0000 - 0x00007ffb0b7e5000 	c:\Users\user\.vscode\extensions\redhat.java-1.11.0-win32-x64\jre\17.0.4.1-win32-x86_64\bin\java.dll
0x00007ffb0ec70000 - 0x00007ffb0ec88000 	c:\Users\user\.vscode\extensions\redhat.java-1.11.0-win32-x64\jre\17.0.4.1-win32-x86_64\bin\zip.dll
0x00007ffb15540000 - 0x00007ffb15cd4000 	C:\Windows\SYSTEM32\windows.storage.dll
0x00007ffb18ca0000 - 0x00007ffb18ff4000 	C:\Windows\System32\combase.dll
0x00007ffb16ec0000 - 0x00007ffb16eec000 	C:\Windows\SYSTEM32\Wldp.dll
0x00007ffb19070000 - 0x00007ffb1911d000 	C:\Windows\System32\SHCORE.dll
0x00007ffb17410000 - 0x00007ffb1742f000 	C:\Windows\SYSTEM32\profapi.dll
0x00007ffb0d860000 - 0x00007ffb0d879000 	C:\Users\user\.vscode\extensions\redhat.java-1.11.0-win32-x64\jre\17.0.4.1-win32-x86_64\bin\net.dll
0x00007ffb11620000 - 0x00007ffb1172a000 	C:\Windows\SYSTEM32\WINHTTP.dll
0x00007ffb16c20000 - 0x00007ffb16c8a000 	C:\Windows\system32\mswsock.dll
0x00007ffb0a1f0000 - 0x00007ffb0a205000 	C:\Users\user\.vscode\extensions\redhat.java-1.11.0-win32-x64\jre\17.0.4.1-win32-x86_64\bin\nio.dll
0x00007ffb0f400000 - 0x00007ffb0f410000 	c:\Users\user\.vscode\extensions\redhat.java-1.11.0-win32-x64\jre\17.0.4.1-win32-x86_64\bin\verify.dll
0x00007ffb03120000 - 0x00007ffb0315e000 	C:\Users\user\AppData\Roaming\Code\User\globalStorage\redhat.java\1.11.0\config_ss_win\org.eclipse.equinox.launcher\org.eclipse.equinox.launcher.win32.win32.x86_64_1.2.600.v20220720-1916\eclipse_11700.dll
0x00007ffb185e0000 - 0x00007ffb1870a000 	C:\Windows\System32\ole32.dll

dbghelp: loaded successfully - version: 4.0.5 - missing functions: none
symbol engine: initialized successfully - sym options: 0x614 - pdb path: .;c:\Users\user\.vscode\extensions\redhat.java-1.11.0-win32-x64\jre\17.0.4.1-win32-x86_64\bin;C:\Windows\SYSTEM32;C:\Windows\WinSxS\amd64_microsoft.windows.common-controls_6595b64144ccf1df_6.0.19041.1110_none_60b5254171f9507e;C:\Program Files (x86)\360\Total Security\safemon;c:\Users\user\.vscode\extensions\redhat.java-1.11.0-win32-x64\jre\17.0.4.1-win32-x86_64\bin\server;C:\Users\user\AppData\Roaming\Code\User\globalStorage\redhat.java\1.11.0\config_ss_win\org.eclipse.equinox.launcher\org.eclipse.equinox.launcher.win32.win32.x86_64_1.2.600.v20220720-1916

VM Arguments:
jvm_args: --add-modules=ALL-SYSTEM --add-opens=java.base/java.util=ALL-UNNAMED --add-opens=java.base/java.lang=ALL-UNNAMED --add-opens=java.base/sun.nio.fs=ALL-UNNAMED -Declipse.application=org.eclipse.jdt.ls.core.id1 -Dosgi.bundles.defaultStartLevel=4 -Declipse.product=org.eclipse.jdt.ls.core.product -Djava.import.generatesMetadataFilesAtProjectRoot=false -Dfile.encoding=utf8 -DwatchParentProcess=false -XX:+UseParallelGC -XX:GCTimeRatio=4 -XX:AdaptiveSizePolicyWeight=90 -Dsun.zip.disableMemoryMapping=true -Xmx1G -Xms100m -Xlog:disable -javaagent:c:\Users\user\.vscode\extensions\redhat.java-1.11.0-win32-x64\lombok\lombok-1.18.24.jar 
java_command: c:\Users\user\.vscode\extensions\redhat.java-1.11.0-win32-x64\server\plugins\org.eclipse.equinox.launcher_1.6.400.v20210924-0641.jar -configuration c:\Users\user\AppData\Roaming\Code\User\globalStorage\redhat.java\1.11.0\config_ss_win -data c:\Users\user\AppData\Roaming\Code\User\workspaceStorage\6855cba610e9a025c34a62e00011eca0\redhat.java\ss_ws
java_class_path (initial): c:\Users\user\.vscode\extensions\redhat.java-1.11.0-win32-x64\server\plugins\org.eclipse.equinox.launcher_1.6.400.v20210924-0641.jar
Launcher Type: SUN_STANDARD

[Global flags]
    uintx AdaptiveSizePolicyWeight                 = 90                                        {product} {command line}
     intx CICompilerCount                          = 3                                         {product} {ergonomic}
    uintx GCTimeRatio                              = 4                                         {product} {command line}
   size_t InitialHeapSize                          = 104857600                                 {product} {command line}
   size_t MaxHeapSize                              = 1073741824                                {product} {command line}
   size_t MaxNewSize                               = 357564416                                 {product} {ergonomic}
   size_t MinHeapDeltaBytes                        = 524288                                    {product} {ergonomic}
   size_t MinHeapSize                              = 104857600                                 {product} {command line}
   size_t NewSize                                  = 34603008                                  {product} {ergonomic}
    uintx NonNMethodCodeHeapSize                   = 5832780                                {pd product} {ergonomic}
    uintx NonProfiledCodeHeapSize                  = 122912730                              {pd product} {ergonomic}
   size_t OldSize                                  = 70254592                                  {product} {ergonomic}
    uintx ProfiledCodeHeapSize                     = 122912730                              {pd product} {ergonomic}
    uintx ReservedCodeCacheSize                    = 251658240                              {pd product} {ergonomic}
     bool SegmentedCodeCache                       = true                                      {product} {ergonomic}
   size_t SoftMaxHeapSize                          = 1073741824                             {manageable} {ergonomic}
     bool UseCompressedClassPointers               = true                           {product lp64_product} {ergonomic}
     bool UseCompressedOops                        = true                           {product lp64_product} {ergonomic}
     bool UseLargePagesIndividualAllocation        = false                                  {pd product} {ergonomic}
     bool UseParallelGC                            = true                                      {product} {command line}

Logging:
Log output configuration:
 #0: stdout all=off uptime,level,tags
 #1: stderr all=off uptime,level,tags

Environment Variables:
PATH=C:\Program Files (x86)\Common Files\Oracle\Java\javapath;C:\ProgramData\Oracle\Java\javapath;C:\Windows\system32;C:\Windows;C:\Windows\System32\Wbem;C:\Windows\System32\WindowsPowerShell\v1.0\;C:\Windows\System32\OpenSSH\;C:\Program Files (x86)\nodejs\;C:\Program Files\Git\cmd;C:\Users\user\AppData\Local\Programs\Python\Python310\Scripts;C:\Users\user\AppData\Local\Programs\Python\Python310\Scripts\;C:\Users\user\AppData\Local\Programs\Python\Python310\;C:\Program Files\MySQL\MySQL Shell 8.0\bin\;C:\Users\user\AppData\Local\Microsoft\WindowsApps;C:\Users\user\AppData\Local\Programs\Microsoft VS Code\bin;C:\Users\user\AppData\Local\GitHubDesktop\bin;C:\Users\user\AppData\Roaming\npm;C:\Users\user\AppData\Local\Programs\Python\Python310\Scripts;C:\Windows\System32;C:\Users\user\AppData\Local\Programs\Python\Python310;C:\Program Files\Java\jdk1.8.0_351\bin;C:\Program Files\Java\jdk1.8.0_351\bin;
USERNAME=user
OS=Windows_NT
PROCESSOR_IDENTIFIER=Intel64 Family 6 Model 140 Stepping 1, GenuineIntel
TMP=C:\Users\user\AppData\Local\Temp
TEMP=C:\Users\user\AppData\Local\Temp



---------------  S Y S T E M  ---------------

OS:
 Windows 10 , 64 bit Build 19041 (10.0.19041.1741)
OS uptime: 2 days 4:45 hours

CPU: total 4 (initial active 4) (2 cores per cpu, 2 threads per core) family 6 model 140 stepping 1 microcode 0x66, cx8, cmov, fxsr, ht, mmx, 3dnowpref, sse, sse2, sse3, ssse3, sse4.1, sse4.2, popcnt, lzcnt, tsc, tscinvbit, avx, avx2, aes, erms, clmul, bmi1, bmi2, adx, avx512f, avx512dq, avx512cd, avx512bw, avx512vl, sha, fma, vzeroupper, avx512_vpopcntdq, avx512_vpclmulqdq, avx512_vaes, avx512_vnni, clflush, clflushopt, clwb, avx512_vbmi2, avx512_vbmi

Memory: 4k page, system-wide physical 7991M (1932M free)
TotalPageFile size 20414M (AvailPageFile size 6M)
current process WorkingSet (physical memory assigned to process): 92M, peak: 92M
current process commit charge ("private bytes"): 195M, peak: 195M

vm_info: OpenJDK 64-Bit Server VM (17.0.4.1+1) for windows-amd64 JRE (17.0.4.1+1), built on Aug 17 2022 07:42:43 by "temurin" with MS VC++ 16.7 (VS2019)

END.
